2021-08-24 14:01:29,867[INFO] (MainThread) 160190870|4813764824|808947|SO808948|2000002703968854:4813764824|cancelled|2021-08-24T13:42:59.000-04:00|True 
2021-08-25 00:01:23,597[INFO] (MainThread) 160190870|4815214557|809628|SO809629|4815214557|cancelled|2021-08-24T22:17:15.000-04:00|True 
2021-08-25 00:02:42,380[INFO] (MainThread) 25523702|4813548838|808858|SO808859|2000002702652561:4813548838|cancelled|2021-08-24T11:32:36.000-04:00|True 
2021-08-25 11:01:25,891[INFO] (MainThread) 160190870|4814153936|809187|SO809188|2000002704074893:4814153936|cancelled|2021-08-25T11:17:39.000-04:00|True 
2021-08-25 13:01:35,664[INFO] (MainThread) 160190870|4816103377|809898|SO809899|4816103377|cancelled|2021-08-25T13:01:38.000-04:00|True 
2021-08-26 15:03:05,750[INFO] (MainThread) 25523702|4817477071|810607|SO810608|2000002704952443:4817477071|cancelled|2021-08-26T14:54:57.000-04:00|True 
2021-08-27 00:03:00,092[INFO] (MainThread) 25523702|4820369366|811842|SO811843|2000002705700050:4820369366|cancelled|2021-08-26T22:08:20.000-04:00|True 
2021-08-27 00:03:02,590[INFO] (MainThread) 25523702|4820524219|811910|SO811911|4820524219|cancelled|2021-08-26T23:32:36.000-04:00|True 
2021-08-27 12:02:07,384[INFO] (MainThread) 25523702|4811035640|807796|SO807797|4811035640|cancelled|2021-08-27T12:43:45.000-04:00|True 
2021-08-29 00:01:33,313[INFO] (MainThread) 160190870|4822024907|812559|SO812560|4822024907|cancelled|2021-08-27T16:48:45.000-04:00|True 
2021-08-29 00:01:35,781[INFO] (MainThread) 160190870|4822097340|812599|SO812600|4822097340|cancelled|2021-08-27T17:23:34.000-04:00|True 
2021-08-29 00:02:48,281[INFO] (MainThread) 25523702|4823057165|813034|SO813035|4823057165|cancelled|2021-08-28T09:19:21.000-04:00|True 
2021-08-29 00:02:50,782[INFO] (MainThread) 25523702|4823494616|813153|SO813154|2000002706530388:4823494616|cancelled|2021-08-28T13:27:16.000-04:00|True 
2021-08-29 00:02:56,717[INFO] (MainThread) 25523702|4824236314|813459|SO813460|2000002706722735:4824236314|cancelled|2021-08-28T20:22:31.000-04:00|True 
2021-08-30 00:01:17,460[INFO] (MainThread) 160190870|4822420544|812750|SO812751|4822420544|cancelled|2021-08-27T20:10:36.000-04:00|True 
2021-08-30 00:01:25,207[INFO] (MainThread) 160190870|4822847604|812988|SO812989|4822847604|cancelled|2021-08-28T02:23:42.000-04:00|True 
2021-08-30 14:02:49,361[INFO] (MainThread) 25523702|4827703875|814876|SO814877|2000002707653756:4827703875|cancelled|2021-08-30T14:50:53.000-04:00|True 
2021-08-30 17:01:11,367[INFO] (MainThread) 160190870|4820677229|812011|SO812012|4820677229|cancelled|2021-08-30T16:12:56.000-04:00|True 
2021-08-30 19:03:02,243[INFO] (MainThread) 25523702|4828549259|815266|SO815267|4828549259|cancelled|2021-08-30T19:46:24.000-04:00|True 
2021-08-31 00:01:17,718[INFO] (MainThread) 160190870|4825516135|814023|SO814024|4825516135|cancelled|2021-08-29T16:46:36.000-04:00|True 
2021-08-31 00:01:31,197[INFO] (MainThread) 160190870|4828434326|815227|SO815228|4828434326|cancelled|2021-08-30T19:17:58.000-04:00|True 
2021-08-31 00:02:50,349[INFO] (MainThread) 25523702|4829189740|815587|SO815588|4829189740|cancelled|2021-08-31T00:56:15.000-04:00|True 
2021-08-31 01:00:08,875[INFO] (MainThread) 160190870|4817644142|810657|SO810658|4817644142|cancelled|2021-08-31T01:05:20.000-04:00|True 
2021-08-31 10:00:12,753[INFO] (MainThread) 160190870|4818452318|811003|SO811004|4818452318|cancelled|2021-08-31T10:31:25.000-04:00|True 
2021-08-31 14:01:53,238[INFO] (MainThread) 160190870|4827742943|814884|SO814885|4827742943|cancelled|2021-08-31T14:43:01.000-04:00|True 
2021-08-31 14:02:01,339[INFO] (MainThread) 160190870|4828788690|815397|SO815398|4828788690|cancelled|2021-08-31T14:06:07.000-04:00|True 
2021-08-31 16:01:37,258[INFO] (MainThread) 160190870|4828050773|815046|SO815047|4828050773|cancelled|2021-08-31T16:30:05.000-04:00|True 
2021-08-31 22:02:45,085[INFO] (MainThread) 25523702|4824862131|813696|SO813697|2000002706893672:4824862131|cancelled|2021-08-31T22:23:38.000-04:00|True 
2021-09-01 00:01:36,589[INFO] (MainThread) 160190870|4830537830|816008|SO816009|4830537830|cancelled|2021-08-31T20:25:16.000-04:00|True 
2021-09-01 00:02:56,898[INFO] (MainThread) 25523702|4831525860|816457|SO816458|4831525860|cancelled|2021-08-31T22:59:47.000-04:00|True 
2021-09-01 09:02:32,517[INFO] (MainThread) 25523702|4825493244|814041|SO814042|4825493244|cancelled|2021-09-01T09:47:08.000-04:00|True 
2021-09-01 13:01:21,058[INFO] (MainThread) 160190870|4828062809|815057|SO815058|4828062809|cancelled|2021-09-01T13:26:00.000-04:00|True 
2021-09-01 14:01:29,714[INFO] (MainThread) 25523702|4830665722|816072|SO816073|2000002708413113:4830665722|cancelled|2021-09-01T14:19:11.000-04:00|True 
2021-09-01 16:02:01,711[INFO] (MainThread) 25523702|4822307274|812715|SO812716|2000002706187565:4822307274|cancelled|2021-09-01T16:13:57.000-04:00|True 
2021-09-01 17:00:47,954[INFO] (MainThread) 160190870|4822862947|812998|SO812999|4822862947|cancelled|2021-09-01T17:59:35.000-04:00|True 
2021-09-02 00:01:17,283[INFO] (MainThread) 160190870|4830808338|816135|SO816136|2000002708464971:4830808338|cancelled|2021-08-31T23:17:57.000-04:00|True 
2021-09-02 00:01:19,845[INFO] (MainThread) 160190870|4830827391|816141|SO816142|2000002708472197:4830827391|cancelled|2021-08-31T16:28:24.000-04:00|True 
2021-09-02 00:01:24,138[INFO] (MainThread) 160190870|4831490229|816426|SO816427|2000002708648450:4831490229|cancelled|2021-09-01T12:39:35.000-04:00|True 
2021-09-02 00:01:35,563[INFO] (MainThread) 160190870|4833245120|817120|SO817121|2000002709114744:4833245120|cancelled|2021-09-01T13:45:04.000-04:00|True 
2021-09-02 00:01:39,863[INFO] (MainThread) 160190870|4834002186|817451|SO817452|4834002186|cancelled|2021-09-01T18:16:30.000-04:00|True 
2021-09-02 09:02:52,653[INFO] (MainThread) 25523702|4831869875|816588|SO816589|4831869875|cancelled|2021-09-02T09:48:31.000-04:00|True 
2021-09-02 18:01:21,566[INFO] (MainThread) 160190870|4830648327|816062|SO816063|4830648327|cancelled|2021-09-02T18:17:13.000-04:00|True 
2021-09-02 18:02:24,215[INFO] (MainThread) 25523702|4826483504|814465|SO814466|4826483504|cancelled|2021-09-02T19:01:05.000-04:00|True 
2021-09-02 18:03:03,899[INFO] (MainThread) 25523702|4834112988|817545|SO817546|4834112988|cancelled|2021-09-02T18:56:14.000-04:00|True 
2021-09-02 22:00:56,995[INFO] (MainThread) 160190870|4828118822|815085|SO815086|4828118822|cancelled|2021-09-02T22:41:05.000-04:00|True 
2021-09-03 01:00:36,148[INFO] (MainThread) 160190870|4827526656|814796|SO814797|4827526656|cancelled|2021-09-03T01:17:20.000-04:00|True 
2021-09-03 01:00:49,372[INFO] (MainThread) 160190870|4828416422|815218|SO815219|4828416422|cancelled|2021-09-03T00:34:16.000-04:00|True 
2021-09-04 00:01:23,689[INFO] (MainThread) 160190870|4835767713|818048|SO818049|4835767713|cancelled|2021-09-02T12:00:01.000-04:00|True 
2021-09-04 00:01:35,362[INFO] (MainThread) 160190870|4837200667|818594|SO818595|4837200667|cancelled|2021-09-02T21:18:34.000-04:00|True 
2021-09-04 00:01:37,867[INFO] (MainThread) 160190870|4837519526|818711|SO818712|4837519526|cancelled|2021-09-02T23:41:13.000-04:00|True 
2021-09-04 01:00:36,349[INFO] (MainThread) 160190870|4829001052|815469|SO815470|2000002707994856:4829001052|cancelled|2021-09-04T01:31:28.000-04:00|True 
2021-09-04 01:02:51,858[INFO] (MainThread) 25523702|4839850263|819658|SO819659|4839850263|cancelled|2021-09-04T01:58:17.000-04:00|True 
2021-09-04 02:03:03,607[INFO] (MainThread) 25523702|4839878763|819673|SO819674|4839878763|cancelled|2021-09-04T02:32:22.000-04:00|True 
2021-09-04 08:00:09,251[INFO] (MainThread) 160190870|4826145047|814261|SO814262|4826145047|cancelled|2021-09-04T08:40:32.000-04:00|True 
2021-09-04 10:03:00,977[INFO] (MainThread) 25523702|4840140574|819736|SO819737|4840140574|cancelled|2021-09-04T10:56:24.000-04:00|True 
2021-09-04 10:03:03,503[INFO] (MainThread) 25523702|4840275513|819769|SO819770|2000002711024779:4840275513|cancelled|2021-09-04T10:53:55.000-04:00|True 
2021-09-04 13:01:50,943[INFO] (MainThread) 25523702|4828023699|815033|SO815034|2000002707735983:4828023699|cancelled|2021-09-04T13:52:59.000-04:00|True 
2021-09-05 01:01:22,214[INFO] (MainThread) 160190870|4841124886|820125|SO820126|4841124886|cancelled|2021-09-04T18:45:20.000-04:00|True 
2021-09-05 01:02:41,649[INFO] (MainThread) 25523702|4840840813|820001|SO820002|4840840813|cancelled|2021-09-04T16:00:25.000-04:00|True 
2021-09-05 13:00:39,368[INFO] (MainThread) 160190870|4832079497|816713|SO816714|2000002708819204:4832079497|cancelled|2021-09-05T13:55:39.000-04:00|True 
2021-09-05 13:01:30,817[INFO] (MainThread) 160190870|4842149689|820610|SO820611|2000002711539884:4842149689|cancelled|2021-09-05T12:51:15.000-04:00|True 
2021-09-06 00:01:16,625[INFO] (MainThread) 160190870|4843246904|821035|SO821036|2000002711848036:4843246904|cancelled|2021-09-05T22:09:19.000-04:00|True 
2021-09-06 00:02:28,342[INFO] (MainThread) 25523702|4843434446|821138|SO821139|4843434446|cancelled|2021-09-06T00:27:45.000-04:00|True 
2021-09-06 13:01:12,113[INFO] (MainThread) 160190870|4842334682|820679|SO820680|4842334682|cancelled|2021-09-06T13:48:32.000-04:00|True 
2021-09-06 14:02:45,287[INFO] (MainThread) 25523702|4845366599|821673|SO821674|4845366599|cancelled|2021-09-06T14:11:38.000-04:00|True 
2021-09-06 18:02:43,666[INFO] (MainThread) 25523702|4843225517|821027|SO821028|4843225517|cancelled|2021-09-06T18:48:15.000-04:00|True 
2021-09-06 23:01:27,195[INFO] (MainThread) 160190870|4842785580|820874|SO820875|4842785580|cancelled|2021-09-06T23:04:15.000-04:00|True 
2021-09-07 00:02:51,737[INFO] (MainThread) 25523702|4846166824|822048|SO822049|4846166824|cancelled|2021-09-06T19:10:31.000-04:00|True 
2021-09-07 11:01:57,000[INFO] (MainThread) 25523702|4838305094|818920|SO818921|2000002710479578:4838305094|cancelled|2021-09-07T11:49:18.000-04:00|True 
2021-09-07 12:01:07,292[INFO] (MainThread) 160190870|4841600096|820419|SO820420|2000002711391148:4841600096|cancelled|2021-09-07T12:27:24.000-04:00|True 
2021-09-07 14:00:58,165[INFO] (MainThread) 160190870|4839619154|819524|SO819525|4839619154|cancelled|2021-09-07T14:53:46.000-04:00|True 
2021-09-07 14:02:40,198[INFO] (MainThread) 25523702|4842463875|820748|SO820749|4842463875|cancelled|2021-09-07T14:59:49.000-04:00|True 
2021-09-07 17:02:00,108[INFO] (MainThread) 25523702|4838708639|819096|SO819097|4838708639|cancelled|2021-09-07T17:36:06.000-04:00|True 
2021-09-08 01:01:16,572[INFO] (MainThread) 160190870|4846852718|822415|SO822416|4846852718|cancelled|2021-09-07T19:08:25.000-04:00|True 
2021-09-08 01:01:29,868[INFO] (MainThread) 160190870|4848427128|823061|SO823062|4848427128|cancelled|2021-09-07T17:17:20.000-04:00|True 
2021-09-08 01:01:34,182[INFO] (MainThread) 160190870|4848838460|823250|SO823251|2000002713252278:4848838460|cancelled|2021-09-07T19:47:15.000-04:00|True 
2021-09-08 12:03:09,200[INFO] (MainThread) 25523702|4846836742|822401|SO822402|2000002712679378:4846836742|cancelled|2021-09-08T13:00:15.000-04:00|True 
2021-09-08 13:00:13,285[INFO] (MainThread) 160190870|4837895313|818828|SO818829|4837895313|cancelled|2021-09-08T13:59:09.000-04:00|True 
2021-09-08 14:03:01,665[INFO] (MainThread) 25523702|4846824379|822393|SO822394|4846824379|cancelled|2021-09-08T14:51:43.000-04:00|True 
2021-09-08 16:02:53,578[INFO] (MainThread) 25523702|4846083847|822001|SO822002|4846083847|cancelled|2021-09-08T16:31:28.000-04:00|True 
2021-09-08 16:03:01,429[INFO] (MainThread) 25523702|4846555466|822238|SO822239|4846555466|cancelled|2021-09-08T16:53:33.000-04:00|True 
2021-09-09 01:00:15,943[INFO] (MainThread) 160190870|4840874885|820015|SO820016|4840874885|cancelled|2021-09-09T01:01:57.000-04:00|True 
2021-09-09 01:00:22,072[INFO] (MainThread) 160190870|4841450161|820282|SO820283|2000002711346014:4841450161|cancelled|2021-09-09T01:11:55.000-04:00|True 
2021-09-09 01:02:57,512[INFO] (MainThread) 25523702|4846241698|822071|SO822072|4846241698|cancelled|2021-09-08T22:44:36.000-04:00|True 
2021-09-09 01:03:10,887[INFO] (MainThread) 25523702|4846855681|822418|SO822419|4846855681|cancelled|2021-09-09T01:12:19.000-04:00|True 
2021-09-09 09:00:51,313[INFO] (MainThread) 160190870|4843399019|821103|SO821104|4843399019|cancelled|2021-09-09T08:04:38.000-04:00|True 
2021-09-10 00:01:21,117[INFO] (MainThread) 25523702|4846861495|822428|SO822429|4846861495|cancelled|2021-09-09T00:10:33.000-04:00|True 
2021-09-10 00:01:27,365[INFO] (MainThread) 25523702|4847004616|822486|SO822487|4847004616|cancelled|2021-09-08T13:22:44.000-04:00|True 
2021-09-10 00:01:39,147[INFO] (MainThread) 25523702|4849065820|823347|SO823348|4849065820|cancelled|2021-09-08T15:27:28.000-04:00|True 
2021-09-10 01:00:09,925[INFO] (MainThread) 160190870|4841386162|820239|SO820240|4841386162|cancelled|2021-09-10T01:14:10.000-04:00|True 
2021-09-10 01:01:35,595[INFO] (MainThread) 160190870|4849045080|823338|SO823339|4849045080|cancelled|2021-09-09T11:47:53.000-04:00|True 
2021-09-11 00:03:00,359[INFO] (MainThread) 25523702|4849451739|823524|SO823525|4849451739|cancelled|2021-09-08T16:31:46.000-04:00|True 
2021-09-11 00:03:04,714[INFO] (MainThread) 25523702|4850671090|823898|SO823899|4850671090|cancelled|2021-09-10T10:51:05.000-04:00|True 
2021-09-12 00:01:23,548[INFO] (MainThread) 160190870|4852911435|824812|SO824813|4852911435|cancelled|2021-09-09T13:14:23.000-04:00|True 
2021-09-12 00:02:34,757[INFO] (MainThread) 25523702|4851374069|824242|SO824243|4851374069|cancelled|2021-09-09T01:17:57.000-04:00|True 
2021-09-12 00:02:42,743[INFO] (MainThread) 25523702|4852082583|824538|SO824539|2000002714156019:4852082583|cancelled|2021-09-08T23:12:37.000-04:00|True 
2021-09-12 00:02:45,332[INFO] (MainThread) 25523702|4852117775|824563|SO824564|4852117775|cancelled|2021-09-08T23:52:56.000-04:00|True 
2021-09-12 00:02:49,718[INFO] (MainThread) 25523702|4852256892|824656|SO824657|2000002714219417:4852256892,4852256891,4852259698|cancelled|2021-09-09T08:58:31.000-04:00|True 
2021-09-12 00:03:06,615[INFO] (MainThread) 25523702|4854690092|825613|SO825614|4854690092|cancelled|2021-09-09T23:12:14.000-04:00|True 
2021-09-12 00:03:09,169[INFO] (MainThread) 25523702|4854811321|825690|SO825691|4854811321|cancelled|2021-09-10T10:37:16.000-04:00|True 
2021-09-12 00:03:11,835[INFO] (MainThread) 25523702|4855196864|825807|SO825808|4855196864|cancelled|2021-09-10T09:23:06.000-04:00|True 
2021-09-13 00:01:09,127[INFO] (MainThread) 160190870|4856279394|826305|SO826306|4856279394|cancelled|2021-09-11T11:47:42.000-04:00|True 
2021-09-13 00:01:29,391[INFO] (MainThread) 160190870|4859920283|827710|SO827711|2000002716356820:4859920283|cancelled|2021-09-12T16:14:25.000-04:00|True 
2021-09-13 00:01:31,899[INFO] (MainThread) 160190870|4860072166|827760|SO827761|4860072166|cancelled|2021-09-12T17:37:19.000-04:00|True 
2021-09-13 00:02:41,975[INFO] (MainThread) 25523702|4857069256|826687|SO826688|4857069256|cancelled|2021-09-11T00:03:39.000-04:00|True 
2021-09-14 00:01:24,935[INFO] (MainThread) 160190870|4862797932|829032|SO829033|4862797932|cancelled|2021-09-13T21:51:14.000-04:00|True 
2021-09-14 00:01:27,545[INFO] (MainThread) 160190870|4863290742|829294|SO829295|4863290742|cancelled|2021-09-13T20:35:11.000-04:00|True 
2021-09-14 00:02:44,452[INFO] (MainThread) 25523702|4858842932|827351|SO827352|2000002716051278:4858842932|cancelled|2021-09-13T21:21:58.000-04:00|True 
2021-09-14 00:02:56,123[INFO] (MainThread) 25523702|4860023172|827740|SO827741|4860023172|cancelled|2021-09-13T16:36:26.000-04:00|True 
2021-09-14 00:03:02,293[INFO] (MainThread) 25523702|4860692967|827953|SO827954|2000002716580686:4860692967|cancelled|2021-09-12T22:13:47.000-04:00|True 
2021-09-14 00:03:04,866[INFO] (MainThread) 25523702|4860740929|827978|SO827979|4860740929|cancelled|2021-09-13T13:12:55.000-04:00|True 
2021-09-14 17:02:32,752[INFO] (MainThread) 25523702|4857069798|826689|SO826690|4857069798|cancelled|2021-09-14T17:58:49.000-04:00|True 
2021-09-14 18:02:33,960[INFO] (MainThread) 25523702|4857137302|826741|SO826742|4857137302|cancelled|2021-09-14T18:32:28.000-04:00|True 
2021-09-14 20:01:35,619[INFO] (MainThread) 160190870|4862782213|829023|SO829024|4862782213|cancelled|2021-09-14T20:46:14.000-04:00|True 
2021-09-15 00:01:42,103[INFO] (MainThread) 160190870|4865926874|830571|SO830572|4865926874|cancelled|2021-09-14T21:52:54.000-04:00|True 
2021-09-15 09:01:21,087[INFO] (MainThread) 160190870|4862532163|828883|SO828884|2000002717108266:4862532163|cancelled|2021-09-15T09:24:40.000-04:00|True 
2021-09-15 15:01:33,584[INFO] (MainThread) 160190870|4863674682|829537|SO829538|4863674682|cancelled|2021-09-15T15:40:32.000-04:00|True 
2021-09-17 00:01:35,474[INFO] (MainThread) 160190870|4868355698|831524|SO831525|4868355698|cancelled|2021-09-15T16:40:29.000-04:00|True 
2021-09-17 00:01:43,784[INFO] (MainThread) 160190870|4869320271|831846|SO831847|2000002719059174:4869320271|cancelled|2021-09-15T23:27:20.000-04:00|True 
2021-09-17 00:01:52,129[INFO] (MainThread) 160190870|4869977630|831977|SO831978|4869977630|cancelled|2021-09-16T10:31:23.000-04:00|True 
2021-09-17 00:03:03,228[INFO] (MainThread) 25523702|4864351614|829809|SO829810|4864351614|cancelled|2021-09-14T14:51:43.000-04:00|True 
2021-09-17 00:03:05,983[INFO] (MainThread) 25523702|4864715863|829944|SO829945|2000002717732426:4864715863|cancelled|2021-09-14T11:52:56.000-04:00|True 
2021-09-17 00:03:18,059[INFO] (MainThread) 25523702|4865113590|830150|SO830151|2000002717840317:4865113590|cancelled|2021-09-14T15:34:58.000-04:00|True 
2021-09-17 00:03:22,580[INFO] (MainThread) 25523702|4865209417|830203|SO830204|4865209417|cancelled|2021-09-15T11:06:38.000-04:00|True 
2021-09-17 00:03:25,205[INFO] (MainThread) 25523702|4865301683|830246|SO830247|2000002717894686:4865301683|cancelled|2021-09-14T16:05:02.000-04:00|True 
2021-09-17 00:03:33,430[INFO] (MainThread) 25523702|4866210811|830681|SO830682|2000002718149009:4866210811|cancelled|2021-09-14T21:48:32.000-04:00|True 
2021-09-18 00:03:01,376[INFO] (MainThread) 25523702|4866476585|830819|SO830820|2000002718226250:4866476585|cancelled|2021-09-15T09:51:59.000-04:00|True 
2021-09-18 00:03:05,825[INFO] (MainThread) 25523702|4866565430|830872|SO830873|2000002718269077:4866565430|cancelled|2021-09-15T09:57:51.000-04:00|True 
2021-09-18 00:03:08,451[INFO] (MainThread) 25523702|4866616882|830903|SO830904|4866616882|cancelled|2021-09-17T21:34:18.000-04:00|True 
2021-09-18 00:03:11,100[INFO] (MainThread) 25523702|4866658712|830925|SO830926|4866658712|cancelled|2021-09-15T13:54:41.000-04:00|True 
2021-09-19 00:01:36,970[INFO] (MainThread) 160190870|4872303402|832839|SO832840|2000002719916728:4872303402|cancelled|2021-09-17T09:30:51.000-04:00|True 
2021-09-19 00:03:13,734[INFO] (MainThread) 25523702|4870747892|832203|SO832204|4870747892|cancelled|2021-09-16T17:34:47.000-04:00|True 
2021-09-20 00:02:36,065[INFO] (MainThread) 25523702|4872642027|832998|SO832999|4872642027|cancelled|2021-09-19T12:26:16.000-04:00|True 
2021-09-20 00:02:55,128[INFO] (MainThread) 25523702|4874196605|833875|SO833876|4874196605|cancelled|2021-09-18T05:34:45.000-04:00|True 
2021-09-20 00:03:08,873[INFO] (MainThread) 25523702|4876460468|834813|SO834814|4876460468|cancelled|2021-09-19T17:43:18.000-04:00|True 
2021-09-20 18:03:14,386[INFO] (MainThread) 25523702|4875334074|834377|SO834378|4875334074|cancelled|2021-09-20T18:58:17.000-04:00|True 
2021-09-21 00:03:07,072[INFO] (MainThread) 25523702|4879412050|836272|SO836273|2000002722006713:4879412050|cancelled|2021-09-20T22:48:09.000-04:00|True 
2021-09-21 15:01:04,417[INFO] (MainThread) 160190870|4872832680|833106|SO833107|2000002719069019:4872832680|cancelled|2021-09-21T15:04:51.000-04:00|True 
2021-09-22 01:01:19,427[INFO] (MainThread) 160190870|4877644025|835439|SO835440|2000002721437031:4877644025|cancelled|2021-09-21T16:50:19.000-04:00|True 
2021-09-22 01:01:31,475[INFO] (MainThread) 160190870|4879171967|836138|SO836139|4879171967|cancelled|2021-09-20T15:10:29.000-04:00|True 
2021-09-22 01:01:34,087[INFO] (MainThread) 160190870|4879694278|836408|SO836409|4879694278|cancelled|2021-09-21T22:35:49.000-04:00|True 
2021-09-22 09:02:45,428[INFO] (MainThread) 25523702|4876777272|834956|SO834957|4876777272|cancelled|2021-09-22T09:09:43.000-04:00|True 
2021-09-22 11:03:32,033[INFO] (MainThread) 25523702|4882852259|837904|SO837905|2000002722723493:4882852259|cancelled|2021-09-22T11:51:57.000-04:00|True 
2021-09-22 11:03:36,706[INFO] (MainThread) 25523702|4883163010|838035|SO838036|2000002723125032:4883163010|cancelled|2021-09-22T11:53:20.000-04:00|True 
2021-09-22 14:03:16,923[INFO] (MainThread) 25523702|4879712958|836423|SO836424|4879712958|cancelled|2021-09-22T14:12:57.000-04:00|True 
2021-09-22 17:02:36,082[INFO] (MainThread) 25523702|4875417353|834415|SO834416|4875417353|cancelled|2021-09-22T17:16:48.000-04:00|True 
2021-09-23 00:01:24,880[INFO] (MainThread) 160190870|4881435034|837107|SO837108|4881435034|cancelled|2021-09-22T19:16:24.000-04:00|True 
2021-09-23 00:01:31,223[INFO] (MainThread) 160190870|4881833447|837329|SO837330|4881833447|cancelled|2021-09-21T14:20:30.000-04:00|True 
2021-09-23 00:01:35,847[INFO] (MainThread) 160190870|4881929722|837391|SO837392|4881929722|cancelled|2021-09-21T16:59:51.000-04:00|True 
2021-09-23 00:01:44,242[INFO] (MainThread) 160190870|4882597395|837791|SO837792|4882597395|cancelled|2021-09-22T19:51:14.000-04:00|True 
2021-09-23 00:03:17,399[INFO] (MainThread) 25523702|4884984464|838906|SO838907|4884984464|cancelled|2021-09-22T17:07:58.000-04:00|True 
2021-09-24 01:01:09,440[INFO] (MainThread) 160190870|4880323705|836707|SO836708|4880323705|cancelled|2021-09-24T00:59:07.000-04:00|True 
2021-09-24 01:01:46,167[INFO] (MainThread) 160190870|4883122931|838015|SO838016|2000002723112741:4883122931|cancelled|2021-09-23T17:11:27.000-04:00|True 
2021-09-24 01:03:08,349[INFO] (MainThread) 25523702|4885873066|839328|SO839329|4885873066|cancelled|2021-09-22T23:31:41.000-04:00|True 
2021-09-24 01:03:16,716[INFO] (MainThread) 25523702|4887688525|840066|SO840067|4887688525|cancelled|2021-09-23T18:26:34.000-04:00|True 
2021-09-24 11:03:21,026[INFO] (MainThread) 25523702|4887531749|839987|SO839988|4887531749|cancelled|2021-09-24T11:14:29.000-04:00|True 
2021-09-25 00:01:35,176[INFO] (MainThread) 160190870|4883377145|838222|SO838223|4883377145|cancelled|2021-09-23T14:25:57.000-04:00|True 
2021-09-25 00:01:45,392[INFO] (MainThread) 160190870|4884540105|838653|SO838654|4884540105|cancelled|2021-09-22T17:00:10.000-04:00|True 
2021-09-25 00:03:22,594[INFO] (MainThread) 25523702|4890435300|841279|SO841280|4890435300|cancelled|2021-09-24T23:22:10.000-04:00|True 
2021-09-25 12:00:34,307[INFO] (MainThread) 160190870|4878981726|836062|SO836063|4878981726|cancelled|2021-09-25T12:36:04.000-04:00|True 
2021-09-25 12:03:25,848[INFO] (MainThread) 25523702|4889181089|840794|SO840795|4889181089|cancelled|2021-09-25T12:27:51.000-04:00|True 
2021-09-26 00:01:20,832[INFO] (MainThread) 160190870|4883319528|838763|SO838764|4883319528|cancelled|2021-09-25T12:43:15.000-04:00|True 
2021-09-26 00:01:27,421[INFO] (MainThread) 160190870|4885278829|839059|SO839060|2000002723715644:4885278829|cancelled|2021-09-23T20:20:29.000-04:00|True 
2021-09-26 00:01:34,013[INFO] (MainThread) 160190870|4885540616|839174|SO839175|4885540616|cancelled|2021-09-23T14:26:29.000-04:00|True 
2021-09-26 00:01:48,318[INFO] (MainThread) 160190870|4886910625|839683|SO839684|2000002720888609:4886910625|cancelled|2021-09-23T12:52:06.000-04:00|True 
2021-09-26 00:03:16,302[INFO] (MainThread) 25523702|4891316914|841602|SO841603|4891316914|cancelled|2021-09-25T14:24:36.000-04:00|True 
2021-09-26 21:03:19,604[INFO] (MainThread) 25523702|4893707912|842551|SO842552|4893707912|cancelled|2021-09-26T21:54:15.000-04:00|True 
2021-09-27 00:01:26,739[INFO] (MainThread) 160190870|4888622924|840478|SO840479|4888622924|cancelled|2021-09-24T07:49:02.000-04:00|True 
2021-09-27 00:01:31,346[INFO] (MainThread) 160190870|4888828821|840523|SO840524|2000002724750707:4888828821,4888828820|cancelled|2021-09-24T09:44:27.000-04:00|True 
2021-09-27 00:01:36,010[INFO] (MainThread) 160190870|4889137653|840603|SO840604|4889137653|cancelled|2021-09-24T11:47:15.000-04:00|True 
2021-09-27 11:03:28,203[INFO] (MainThread) 25523702|4894568142|842824|SO842825|4894568142|cancelled|2021-09-27T11:24:38.000-04:00|True 
2021-09-27 12:01:42,489[INFO] (MainThread) 25523702|4894796186|842928|SO842929|4894796186|cancelled|2021-09-27T12:30:29.000-04:00|True 
2021-09-27 14:02:59,553[INFO] (MainThread) 25523702|4890146552|841117|SO841118|4890146552|cancelled|2021-09-27T14:05:35.000-04:00|True 
2021-09-27 14:03:34,417[INFO] (MainThread) 25523702|4895126073|843066|SO843067|2000002726562325:4895126073|cancelled|2021-09-27T14:17:58.000-04:00|True 
2021-09-28 00:01:17,367[INFO] (MainThread) 160190870|4890628542|841411|SO841412|4890628542|cancelled|2021-09-25T05:53:10.000-04:00|True 
2021-09-28 00:01:27,589[INFO] (MainThread) 160190870|4891971397|841858|SO841859|4891971397|cancelled|2021-09-27T17:02:13.000-04:00|True 
2021-09-28 00:01:35,744[INFO] (MainThread) 160190870|4892882447|842160|SO842161|4892882447|cancelled|2021-09-26T14:57:46.000-04:00|True 
2021-09-28 00:01:40,289[INFO] (MainThread) 160190870|4893614887|842528|SO842529|2000002726124432:4893614887|cancelled|2021-09-26T21:14:57.000-04:00|True 
2021-09-28 00:01:44,751[INFO] (MainThread) 160190870|4893838352|842595|SO842596|4893838352|cancelled|2021-09-26T23:36:21.000-04:00|True 
2021-09-28 11:03:05,333[INFO] (MainThread) 25523702|4897373401|844006|SO844007|4897373401|cancelled|2021-09-28T11:31:54.000-04:00|True 
2021-09-28 12:01:40,414[INFO] (MainThread) 160190870|4892386328|842006|SO842007|2000002725770306:4892386328|cancelled|2021-09-28T12:48:04.000-04:00|True 
2021-09-28 18:01:26,565[INFO] (MainThread) 25523702|4898498783|844523|SO844524|4898498783|cancelled|2021-09-28T18:30:19.000-04:00|True 
2021-09-28 20:00:16,702[INFO] (MainThread) 160190870|4885967219|839388|SO839389|4885967219|cancelled|2021-09-28T20:47:09.000-04:00|True 
2021-09-28 20:01:29,655[INFO] (MainThread) 160190870|4890349235|841198|SO841199|4890349235|cancelled|2021-09-28T20:43:07.000-04:00|True 
2021-09-28 22:01:58,787[INFO] (MainThread) 25523702|4897793114|844155|SO844156|4897793114|cancelled|2021-09-28T22:19:50.000-04:00|True 
2021-09-28 23:03:15,581[INFO] (MainThread) 25523702|4899177604|844839|SO844840|4899177604|cancelled|2021-09-28T23:51:47.000-04:00|True 
2021-09-29 01:01:08,144[INFO] (MainThread) 160190870|4892164140|841943|SO841944|4892164140|cancelled|2021-09-28T20:53:56.000-04:00|True 
2021-09-29 01:01:27,291[INFO] (MainThread) 160190870|4893894085|842636|SO842637|4893894085|cancelled|2021-09-28T20:38:23.000-04:00|True 
2021-09-29 01:01:31,738[INFO] (MainThread) 160190870|4895004112|843007|SO843008|4895004112|cancelled|2021-09-28T21:13:04.000-04:00|True 
2021-09-29 01:01:39,718[INFO] (MainThread) 160190870|4896639137|843828|SO843829|4896639137|cancelled|2021-09-28T02:48:44.000-04:00|True 
2021-09-29 05:02:58,592[INFO] (MainThread) 25523702|4899365573|844986|SO844987|4899365573|cancelled|2021-09-29T04:49:09.000-04:00|True 
2021-09-29 13:02:56,973[INFO] (MainThread) 25523702|4897824332|844179|SO844180|2000002727341064:4897824332|cancelled|2021-09-29T13:29:31.000-04:00|True 
2021-09-29 13:03:18,012[INFO] (MainThread) 25523702|4900391157|845307|SO845308|4900391157|cancelled|2021-09-29T13:54:43.000-04:00|True 
2021-09-29 17:02:49,193[INFO] (MainThread) 25523702|4897780443|844150|SO844151|4897780443|cancelled|2021-09-29T17:22:49.000-04:00|True 
2021-09-29 19:00:50,860[INFO] (MainThread) 160190870|4890169301|841131|SO841132|4890169301|cancelled|2021-09-29T19:41:07.000-04:00|True 
2021-09-29 21:01:34,783[INFO] (MainThread) 160190870|4893504750|842476|SO842477|4893504750|cancelled|2021-09-29T21:14:39.000-04:00|True 
2021-09-30 00:01:09,443[INFO] (MainThread) 160190870|4896429933|843695|SO843696|4896429933|cancelled|2021-09-29T22:51:08.000-04:00|True 
2021-09-30 00:01:19,461[INFO] (MainThread) 160190870|4898199517|844373|SO844374|4898199517|cancelled|2021-09-29T11:07:11.000-04:00|True 
2021-09-30 00:01:31,204[INFO] (MainThread) 160190870|4899468098|844998|SO844999|2000002727816470:4899468098|cancelled|2021-09-29T07:53:44.000-04:00|True 
2021-09-30 00:01:37,513[INFO] (MainThread) 160190870|4901203123|845709|SO845710|2000002728670262:4901203123|cancelled|2021-09-29T19:36:54.000-04:00|True 
2021-09-30 00:01:40,103[INFO] (MainThread) 160190870|4901348552|845792|SO845793|4901348552|cancelled|2021-09-29T20:36:47.000-04:00|True 
2021-09-30 00:01:42,708[INFO] (MainThread) 160190870|4901375637|845803|SO845804|4901375637|cancelled|2021-09-29T21:13:57.000-04:00|True 
2021-09-30 00:03:15,731[INFO] (MainThread) 25523702|4901444188|845824|SO845825|4901444188|cancelled|2021-09-29T21:11:40.000-04:00|True 
2021-09-30 00:03:18,348[INFO] (MainThread) 25523702|4901737700|845958|SO845959|4901737700|cancelled|2021-09-30T00:02:42.000-04:00|True 
2021-09-30 13:01:04,766[INFO] (MainThread) 160190870|4893917718|842672|SO842673|4893917718|cancelled|2021-09-30T13:18:27.000-04:00|True 
2021-09-30 15:00:28,952[INFO] (MainThread) 160190870|4891689042|841765|SO841766|4891689042|cancelled|2021-09-30T14:06:54.000-04:00|True 
2021-09-30 18:01:37,227[INFO] (MainThread) 160190870|4898952093|844713|SO844714|4898952093|cancelled|2021-09-30T18:19:22.000-04:00|True 
2021-10-01 00:01:38,010[INFO] (MainThread) 160190870|4901739613|845956|SO845957|4901739613|cancelled|2021-09-30T00:03:39.000-04:00|True 
2021-10-01 00:03:19,209[INFO] (MainThread) 25523702|4902192447|846087|SO846088|4902192447|cancelled|2021-09-30T09:52:24.000-04:00|True 
2021-10-01 11:03:16,317[INFO] (MainThread) 25523702|4901698997|845928|SO845929|4901698997|cancelled|2021-10-01T12:00:31.000-04:00|True 
2021-10-01 13:01:37,331[INFO] (MainThread) 160190870|4901084262|845653|SO845654|4901084262|cancelled|2021-10-01T13:52:39.000-04:00|True 
2021-10-03 00:02:44,844[INFO] (MainThread) 25523702|4903281717|846459|SO846460|4903281717|cancelled|2021-10-01T13:08:10.000-04:00|True 
2021-10-03 00:02:49,328[INFO] (MainThread) 25523702|4903621543|846635|SO846636|4903621543|cancelled|2021-09-30T18:56:30.000-04:00|True 
2021-10-03 00:02:51,979[INFO] (MainThread) 25523702|4904132762|846806|SO846807|4904132762|cancelled|2021-10-01T00:22:41.000-04:00|True 
2021-10-03 00:02:54,569[INFO] (MainThread) 25523702|4904483583|847005|SO847006|4904483583|cancelled|2021-10-01T05:16:57.000-04:00|True 
2021-10-03 00:02:57,191[INFO] (MainThread) 25523702|4904488264|847008|SO847009|4904488264|cancelled|2021-10-01T05:42:21.000-04:00|True 
2021-10-03 00:02:59,778[INFO] (MainThread) 25523702|4904647601|847024|SO847025|4904647601|cancelled|2021-10-01T08:31:27.000-04:00|True 
2021-10-03 00:03:09,857[INFO] (MainThread) 25523702|4905973356|847523|SO847524|4905973356|cancelled|2021-10-01T22:03:42.000-04:00|True 
2021-10-04 00:01:26,631[INFO] (MainThread) 25523702|4908491224|848509|SO848510|4908491224|cancelled|2021-10-02T23:04:27.000-04:00|True 
2021-10-04 10:03:03,480[INFO] (MainThread) 25523702|4907473882|848129|SO848130|4907473882|cancelled|2021-10-04T10:21:26.000-04:00|True 
2021-10-04 11:02:06,614[INFO] (MainThread) 160190870|4905237911|847183|SO847184|4905237911|cancelled|2021-10-04T11:53:31.000-04:00|True 
2021-10-04 13:01:02,205[INFO] (MainThread) 160190870|4901754543|845964|SO845965|4901754543|cancelled|2021-10-04T13:38:11.000-04:00|True 
2021-10-04 15:03:14,553[INFO] (MainThread) 25523702|4905793501|847437|SO847438|4905793501|cancelled|2021-10-04T15:20:40.000-04:00|True 
2021-10-04 17:01:33,126[INFO] (MainThread) 160190870|4904086605|846794|SO846795|4904086605|cancelled|2021-10-04T16:26:05.000-04:00|True 
2021-10-05 00:01:30,204[INFO] (MainThread) 160190870|4905949046|847508|SO847509|4905949046|cancelled|2021-10-01T17:07:23.000-04:00|True 
2021-10-05 00:01:40,173[INFO] (MainThread) 160190870|4906499986|847771|SO847772|4906499986|cancelled|2021-10-01T21:59:33.000-04:00|True 
2021-10-06 01:01:00,850[INFO] (MainThread) 160190870|4906739915|847911|SO847912|2000002730676919:4906739915|cancelled|2021-10-02T02:01:30.000-04:00|True 
2021-10-06 01:01:23,990[INFO] (MainThread) 160190870|4909862865|848965|SO848966|4909862865|cancelled|2021-10-04T11:35:29.000-04:00|True 
2021-10-06 01:01:30,359[INFO] (MainThread) 160190870|4910501810|849275|SO849276|4910501810|cancelled|2021-10-03T23:49:32.000-04:00|True 
2021-10-06 01:01:38,618[INFO] (MainThread) 160190870|4911239324|849436|SO849437|2000002731991298:4911239324|cancelled|2021-10-04T18:33:05.000-04:00|True 
2021-10-06 01:01:41,256[INFO] (MainThread) 160190870|4911884422|849665|SO849666|4911884422|cancelled|2021-10-04T16:58:09.000-04:00|True 
2021-10-06 01:01:43,876[INFO] (MainThread) 160190870|4912461643|849886|SO849887|4912461643|cancelled|2021-10-04T18:34:24.000-04:00|True 
2021-10-06 01:03:04,328[INFO] (MainThread) 25523702|4915844058|851211|SO851212|4915844058|cancelled|2021-10-05T19:15:16.000-04:00|True 
2021-10-06 01:03:08,752[INFO] (MainThread) 25523702|4916488085|851394|SO851395|4916488085|cancelled|2021-10-05T23:06:46.000-04:00|True 
2021-10-06 09:01:06,058[INFO] (MainThread) 160190870|4906669174|847856|SO847857|2000002730655363:4906669174|cancelled|2021-10-06T09:38:53.000-04:00|True 
2021-10-06 11:03:01,428[INFO] (MainThread) 25523702|4912601121|849946|SO849947|4912601121|cancelled|2021-10-06T11:47:53.000-04:00|True 
2021-10-06 14:01:46,633[INFO] (MainThread) 25523702|4918134998|851990|SO851991|2000002734001639:4918134998|cancelled|2021-10-06T14:39:24.000-04:00|True 
2021-10-06 15:03:05,119[INFO] (MainThread) 25523702|4913390434|850284|SO850285|2000002732599873:4913390434|cancelled|2021-10-05T11:19:11.000-04:00|True 
2021-10-06 17:03:04,044[INFO] (MainThread) 25523702|4913060608|850134|SO850135|4913060608|cancelled|2021-10-06T16:23:58.000-04:00|True 
2021-10-07 00:01:04,963[INFO] (MainThread) 160190870|4912685653|849984|SO849985|4912685653|cancelled|2021-10-05T10:29:15.000-04:00|True 
2021-10-07 00:01:09,344[INFO] (MainThread) 160190870|4914472720|850619|SO850620|4914472720|cancelled|2021-10-05T11:45:47.000-04:00|True 
2021-10-07 00:01:23,138[INFO] (MainThread) 160190870|4917650520|851721|SO851722|4917650520|cancelled|2021-10-06T13:13:13.000-04:00|True 
2021-10-07 00:01:34,948[INFO] (MainThread) 160190870|4918132213|851981|SO851982|4918132213|cancelled|2021-10-06T14:34:39.000-04:00|True 
2021-10-07 13:02:56,341[INFO] (MainThread) 25523702|4916410741|851367|SO851368|4916410741|cancelled|2021-10-07T13:19:55.000-04:00|True 
2021-10-08 00:01:40,748[INFO] (MainThread) 160190870|4921257929|853151|SO853152|4921257929|cancelled|2021-10-07T16:08:33.000-04:00|True 
2021-10-08 01:02:58,604[INFO] (MainThread) 25523702|4922514103|853723|SO853724|4922514103|cancelled|2021-10-08T01:40:32.000-04:00|True 
2021-10-08 11:03:13,748[INFO] (MainThread) 25523702|4923200604|853918|SO853919|2000002735483683:4923200604|cancelled|2021-10-08T11:07:00.000-04:00|True 
2021-10-08 16:01:55,049[INFO] (MainThread) 25523702|4908596880|848568|SO848569|4908596880|cancelled|2021-10-08T16:16:19.000-04:00|True 
2021-10-08 16:01:59,515[INFO] (MainThread) 25523702|4909062262|848655|SO848656|4909062262|cancelled|2021-10-08T16:35:19.000-04:00|True 
2021-10-08 16:03:15,086[INFO] (MainThread) 25523702|4922982433|853830|SO853831|4922982433|cancelled|2021-10-08T16:15:53.000-04:00|True 
2021-10-09 01:01:27,595[INFO] (MainThread) 160190870|4921969853|853494|SO853495|4921969853|cancelled|2021-10-08T17:04:21.000-04:00|True 
2021-10-09 01:03:07,152[INFO] (MainThread) 25523702|4924815978|854749|SO854750|4924815978|cancelled|2021-10-09T01:49:14.000-04:00|True 
2021-10-09 14:02:06,620[INFO] (MainThread) 25523702|4913526050|850343|SO850344|4913526050|cancelled|2021-10-09T14:38:48.000-04:00|True 
2021-10-10 00:01:34,338[INFO] (MainThread) 160190870|4924884617|854781|SO854782|4924884617|cancelled|2021-10-09T02:49:00.000-04:00|True 
2021-10-10 11:02:30,179[INFO] (MainThread) 25523702|4921692246|853354|SO853355|4921692246|cancelled|2021-10-10T11:59:44.000-04:00|True 
2021-10-10 11:03:05,969[INFO] (MainThread) 25523702|4926548693|855506|SO855507|4926548693|cancelled|2021-10-10T10:15:04.000-04:00|True 
2021-10-11 00:02:58,475[INFO] (MainThread) 25523702|4927662891|855921|SO855922|4927662891|cancelled|2021-10-10T16:37:12.000-04:00|True 
2021-10-11 11:01:25,949[INFO] (MainThread) 160190870|4924365447|854496|SO854497|4924365447|cancelled|2021-10-11T11:23:44.000-04:00|True 
2021-10-11 12:02:29,120[INFO] (MainThread) 25523702|4923126476|853893|SO853894|2000002735464189:4923126476|cancelled|2021-10-11T12:20:11.000-04:00|True 
2021-10-11 12:03:17,870[INFO] (MainThread) 25523702|4929418614|856780|SO856781|4929418614|cancelled|2021-10-11T12:56:38.000-04:00|True 
2021-10-11 13:03:26,007[INFO] (MainThread) 25523702|4929566134|856882|SO856883|2000002737307284:4929566134|cancelled|2021-10-11T13:45:01.000-04:00|True 
2021-10-11 14:01:31,691[INFO] (MainThread) 25523702|4928296966|856236|SO856237|4928296966|cancelled|2021-10-11T14:45:13.000-04:00|True 
2021-10-11 17:03:17,584[INFO] (MainThread) 25523702|4928451425|856310|SO856311|4928451425|cancelled|2021-10-11T17:30:48.000-04:00|True 
2021-10-11 19:02:55,116[INFO] (MainThread) 25523702|4925700462|855411|SO855412|4925700462|cancelled|2021-10-11T19:56:00.000-04:00|True 
2021-10-12 00:01:33,351[INFO] (MainThread) 160190870|4928777970|856504|SO856505|4928777970|cancelled|2021-10-11T15:30:52.000-04:00|True 
2021-10-12 00:03:19,379[INFO] (MainThread) 25523702|4930978587|857642|SO857643|4930978587|cancelled|2021-10-11T23:11:20.000-04:00|True 
2021-10-12 13:02:35,890[INFO] (MainThread) 25523702|4925278388|854867|SO854868|4925278388|cancelled|2021-10-12T13:55:15.000-04:00|True 
2021-10-12 14:01:29,314[INFO] (MainThread) 160190870|4928109639|856161|SO856162|4928109639|cancelled|2021-10-12T14:07:12.000-04:00|True 
2021-10-12 14:02:52,976[INFO] (MainThread) 25523702|4926648846|855562|SO855563|2000002736451946:4926648846|cancelled|2021-10-12T14:23:59.000-04:00|True 
2021-10-12 15:03:06,698[INFO] (MainThread) 25523702|4927355151|855793|SO855794|2000002736658215:4927355151|cancelled|2021-10-12T15:36:08.000-04:00|True 
2021-10-13 00:01:43,918[INFO] (MainThread) 160190870|4929847756|857051|SO857052|4929847756|cancelled|2021-10-11T15:30:36.000-04:00|True 
2021-10-13 00:03:20,659[INFO] (MainThread) 25523702|4929463205|856806|SO856807|4929463205|cancelled|2021-10-12T14:50:14.000-04:00|True 
2021-10-13 15:02:44,589[INFO] (MainThread) 25523702|4926022710|855211|SO855212|4926022710|cancelled|2021-10-13T15:49:49.000-04:00|True 
2021-10-14 00:01:32,809[INFO] (MainThread) 160190870|4930280279|857292|SO857293|4930280279|cancelled|2021-10-11T18:11:45.000-04:00|True 
2021-10-14 00:01:37,297[INFO] (MainThread) 160190870|4930615969|857480|SO857481|4930615969|cancelled|2021-10-11T20:22:04.000-04:00|True 
2021-10-14 00:02:46,453[INFO] (MainThread) 25523702|4928484073|856346|SO856347|4928484073|cancelled|2021-10-14T00:55:35.000-04:00|True 
2021-10-14 00:03:06,169[INFO] (MainThread) 25523702|4930286369|857301|SO857302|4930286369|cancelled|2021-10-12T14:18:46.000-04:00|True 
2021-10-14 00:03:12,672[INFO] (MainThread) 25523702|4930935196|857620|SO857621|2000002737693273:4930935196|cancelled|2021-10-13T12:45:27.000-04:00|True 
2021-10-14 00:03:15,349[INFO] (MainThread) 25523702|4930934533|857623|SO857624|2000002737694458:4930934533|cancelled|2021-10-13T14:51:44.000-04:00|True 
2021-10-14 00:03:25,596[INFO] (MainThread) 25523702|4931691828|857930|SO857931|4931691828|cancelled|2021-10-13T16:05:05.000-04:00|True 
2021-10-14 11:03:27,601[INFO] (MainThread) 25523702|4930001024|857138|SO857139|4930001024|cancelled|2021-10-14T11:18:25.000-04:00|True 
2021-10-15 00:01:23,612[INFO] (MainThread) 160190870|4932560587|858412|SO858413|4932560587|cancelled|2021-10-12T16:32:57.000-04:00|True 
2021-10-15 00:01:33,766[INFO] (MainThread) 160190870|4933426723|858840|SO858841|4933426723|cancelled|2021-10-12T23:13:02.000-04:00|True 
2021-10-15 00:03:00,080[INFO] (MainThread) 25523702|4931642979|857950|SO857951|4931642979|cancelled|2021-10-13T12:28:13.000-04:00|True 
2021-10-15 00:03:04,573[INFO] (MainThread) 25523702|4931923930|858030|SO858031|4931923930|cancelled|2021-10-12T12:22:34.000-04:00|True 
2021-10-15 00:03:14,803[INFO] (MainThread) 25523702|4933464967|858905|SO858906|4933464967|cancelled|2021-10-13T17:57:51.000-04:00|True 
2021-10-15 00:03:19,281[INFO] (MainThread) 25523702|4934475226|859320|SO859321|2000002738655749:4934475226|cancelled|2021-10-13T13:14:34.000-04:00|True 
2021-10-15 00:03:21,921[INFO] (MainThread) 25523702|4934566199|859359|SO859360|4934566199|cancelled|2021-10-13T12:11:32.000-04:00|True 
2021-10-15 12:03:23,619[INFO] (MainThread) 25523702|4932715136|858531|SO858532|4932715136|cancelled|2021-10-15T12:06:29.000-04:00|True 
2021-10-16 00:01:23,902[INFO] (MainThread) 160190870|4933131492|858725|SO858726|4933131492|cancelled|2021-10-16T00:54:58.000-04:00|True 
2021-10-16 00:03:00,431[INFO] (MainThread) 25523702|4934844999|859593|SO859594|4934844999|cancelled|2021-10-13T21:23:01.000-04:00|True 
2021-10-16 00:03:10,609[INFO] (MainThread) 25523702|4937631734|860698|SO860699|4937631734|cancelled|2021-10-14T14:40:02.000-04:00|True 
2021-10-16 00:03:15,148[INFO] (MainThread) 25523702|4938458757|861096|SO861097|4938458757|cancelled|2021-10-15T11:04:17.000-04:00|True 
2021-10-16 00:03:19,579[INFO] (MainThread) 25523702|4939316835|861473|SO861474|4939316835|cancelled|2021-10-15T03:56:46.000-04:00|True 
2021-10-17 00:01:27,969[INFO] (MainThread) 25523702|4940882225|862063|SO862064|2000002740572782:4940882225|cancelled|2021-10-15T17:56:35.000-04:00|True 
2021-10-17 00:01:36,342[INFO] (MainThread) 25523702|4941195432|862214|SO862215|4941195432|cancelled|2021-10-15T21:39:03.000-04:00|True 
2021-10-17 01:01:07,917[INFO] (MainThread) 160190870|4934907029|859573|SO859574|4934907029|cancelled|2021-10-13T14:09:45.000-04:00|True 
2021-10-17 01:01:18,223[INFO] (MainThread) 160190870|4935456087|859852|SO859853|2000002738948208:4935456087|cancelled|2021-10-13T17:35:55.000-04:00|True 
2021-10-17 01:01:24,507[INFO] (MainThread) 160190870|4935498144|859910|SO859911|4935498144|cancelled|2021-10-17T00:49:51.000-04:00|True 
2021-10-17 01:01:38,094[INFO] (MainThread) 160190870|4937893760|860832|SO860833|4937893760|cancelled|2021-10-14T17:19:20.000-04:00|True 
2021-10-18 00:01:09,095[INFO] (MainThread) 160190870|4938523732|861123|SO861124|4938523732|cancelled|2021-10-15T10:21:43.000-04:00|True 
2021-10-18 00:01:11,755[INFO] (MainThread) 160190870|4938544754|861138|SO861139|4938544754|cancelled|2021-10-14T19:04:45.000-04:00|True 
2021-10-18 00:01:35,101[INFO] (MainThread) 160190870|4940852823|862055|SO862056|2000002740569221:4940852823|cancelled|2021-10-15T17:45:02.000-04:00|True 
2021-10-18 00:01:39,628[INFO] (MainThread) 160190870|4942204106|862540|SO862541|4942204106|cancelled|2021-10-16T12:16:30.000-04:00|True 
2021-10-18 00:02:55,418[INFO] (MainThread) 25523702|4944363884|863263|SO863264|2000002741575245:4944363884|cancelled|2021-10-17T16:11:15.000-04:00|True 
2021-10-18 12:02:48,477[INFO] (MainThread) 25523702|4941037383|862150|SO862151|2000002740615657:4941037383|cancelled|2021-10-18T12:34:40.000-04:00|True 
2021-10-18 13:02:51,886[INFO] (MainThread) 25523702|4941023181|862147|SO862148|4941023181|cancelled|2021-10-18T13:13:19.000-04:00|True 
2021-10-18 14:02:02,329[INFO] (MainThread) 25523702|4934949258|859592|SO859593|4934949258|cancelled|2021-10-18T14:24:20.000-04:00|True 
2021-10-18 17:02:14,897[INFO] (MainThread) 25523702|4937846291|860804|SO860805|2000002739572806:4937846291|cancelled|2021-10-18T17:38:21.000-04:00|True 
2021-10-19 00:01:25,097[INFO] (MainThread) 160190870|4945067538|863567|SO863568|4945067538|cancelled|2021-10-17T21:35:49.000-04:00|True 
2021-10-19 00:01:31,461[INFO] (MainThread) 160190870|4945946748|863862|SO863863|4945946748|cancelled|2021-10-18T10:55:04.000-04:00|True 
2021-10-19 00:01:37,876[INFO] (MainThread) 160190870|4946531225|864118|SO864119|4946531225|cancelled|2021-10-18T13:51:17.000-04:00|True 
2021-10-19 11:03:18,044[INFO] (MainThread) 25523702|4948953059|865068|SO865069|2000002742916238:4948953059|cancelled|2021-10-19T11:10:08.000-04:00|True 
2021-10-19 15:02:57,002[INFO] (MainThread) 25523702|4947087808|864370|SO864371|4947087808|cancelled|2021-10-19T14:57:08.000-04:00|True 
2021-10-19 15:03:18,481[INFO] (MainThread) 25523702|4949655667|865329|SO865330|2000002743109898:4949655667|cancelled|2021-10-19T15:34:20.000-04:00|True 
2021-10-20 00:01:41,855[INFO] (MainThread) 160190870|4950629799|865744|SO865745|4950629799|cancelled|2021-10-19T21:24:58.000-04:00|True 
2021-10-20 00:03:08,630[INFO] (MainThread) 25523702|4950864849|865826|SO865827|4950864849|cancelled|2021-10-20T00:14:12.000-04:00|True 
2021-10-20 05:03:07,487[INFO] (MainThread) 25523702|4951089991|865959|SO865960|2000002743551136:4951095249,4951089991,4951095248,4951089992|cancelled|2021-10-20T04:58:25.000-04:00|True 
2021-10-20 11:02:20,894[INFO] (MainThread) 25523702|4941616712|862403|SO862404|4941616712|cancelled|2021-10-20T11:04:29.000-04:00|True 
2021-10-20 16:02:19,526[INFO] (MainThread) 25523702|4941212637|862217|SO862218|4941212637|cancelled|2021-10-20T16:51:06.000-04:00|True 
2021-10-20 23:02:57,250[INFO] (MainThread) 25523702|4947368313|864529|SO864530|4947368313|cancelled|2021-10-20T22:43:02.000-04:00|True 
2021-10-21 00:01:18,992[INFO] (MainThread) 160190870|4950981467|865896|SO865897|4950981467|cancelled|2021-10-20T01:27:18.000-04:00|True 
2021-10-21 00:01:36,645[INFO] (MainThread) 160190870|4953225547|866645|SO866646|2000002744162572:4953225547|cancelled|2021-10-21T00:30:04.000-04:00|True 
2021-10-21 00:01:39,369[INFO] (MainThread) 160190870|4953664225|866779|SO866780|2000002744288558:4953664225|cancelled|2021-10-20T23:27:25.000-04:00|True 
2021-10-21 00:01:42,055[INFO] (MainThread) 160190870|4953713828|866802|SO866803|2000002744308065:4953713828,4953717616|cancelled|2021-10-21T00:09:59.000-04:00|True 
2021-10-21 13:01:55,360[INFO] (MainThread) 160190870|4953384152|866688|SO866689|4953384152|cancelled|2021-10-21T13:29:36.000-04:00|True 
2021-10-21 18:01:49,671[INFO] (MainThread) 25523702|4941261345|862246|SO862247|2000002740677806:4941261345|cancelled|2021-10-21T18:03:47.000-04:00|True 
2021-10-22 00:03:07,206[INFO] (MainThread) 25523702|4953825150|866858|SO866859|2000002744336591:4953825150|cancelled|2021-10-21T02:10:26.000-04:00|True 
2021-10-22 00:03:13,683[INFO] (MainThread) 25523702|4954862987|867154|SO867155|2000002744615879:4954862987|cancelled|2021-10-21T13:22:07.000-04:00|True 
2021-10-22 17:01:56,216[INFO] (MainThread) 25523702|4944204190|863214|SO863215|4944204190|cancelled|2021-10-22T17:38:46.000-04:00|True 
2021-10-24 00:01:37,526[INFO] (MainThread) 160190870|4957123880|867929|SO867930|4957123880|cancelled|2021-10-22T13:25:37.000-04:00|True 
2021-10-25 00:01:14,776[INFO] (MainThread) 160190870|4958369868|868494|SO868495|4958369868|cancelled|2021-10-23T14:17:18.000-04:00|True 
2021-10-25 00:01:40,185[INFO] (MainThread) 160190870|4960083393|869069|SO869070|4960083393|cancelled|2021-10-23T21:36:08.000-04:00|True 
2021-10-25 00:02:54,203[INFO] (MainThread) 25523702|4959902826|869019|SO869020|4959902826|cancelled|2021-10-23T19:40:07.000-04:00|True 
2021-10-25 00:02:56,830[INFO] (MainThread) 25523702|4960069864|869066|SO869067|4960069864|cancelled|2021-10-23T21:30:21.000-04:00|True 
2021-10-25 00:03:01,350[INFO] (MainThread) 25523702|4961301581|869440|SO869441|2000002746411011:4961301581|cancelled|2021-10-24T20:10:33.000-04:00|True 
2021-10-26 00:01:28,011[INFO] (MainThread) 160190870|4960134552|869082|SO869083|4960134552|cancelled|2021-10-25T12:26:09.000-04:00|True 
2021-10-26 12:03:15,009[INFO] (MainThread) 25523702|4964295070|870428|SO870429|2000002747275530:4964295070|cancelled|2021-10-26T12:23:31.000-04:00|True 
2021-10-27 01:01:39,389[INFO] (MainThread) 160190870|4963543463|870398|SO870399|4963543463|cancelled|2021-10-25T18:25:48.000-04:00|True 
2021-10-27 18:03:02,551[INFO] (MainThread) 25523702|4966715567|871290|SO871291|4966715567|cancelled|2021-10-27T18:45:42.000-04:00|True 
2021-10-28 00:01:31,842[INFO] (MainThread) 160190870|4964413552|870464|SO870465|4964413552|cancelled|2021-10-25T19:20:21.000-04:00|True 
2021-10-28 00:01:44,064[INFO] (MainThread) 160190870|4965194681|870823|SO870824|4965194681|cancelled|2021-10-26T01:11:37.000-04:00|True 
2021-10-29 01:01:17,509[INFO] (MainThread) 160190870|4966477886|871186|SO871187|4966477886|cancelled|2021-10-26T13:53:28.000-04:00|True 
2021-10-29 01:01:23,936[INFO] (MainThread) 160190870|4967899643|871719|SO871720|2000002748282316:4967899643|cancelled|2021-10-26T22:52:01.000-04:00|True 
2021-10-29 01:01:28,460[INFO] (MainThread) 160190870|4968009243|871775|SO871776|2000002748312650:4968009243|cancelled|2021-10-27T21:18:30.000-04:00|True 
2021-10-29 12:03:19,430[INFO] (MainThread) 25523702|4974277647|873806|SO873807|2000002750076992:4974277647|cancelled|2021-10-29T11:55:55.000-04:00|True 
2021-10-30 01:01:27,930[INFO] (MainThread) 160190870|4970621419|872646|SO872647|4970621419|cancelled|2021-10-27T22:24:08.000-04:00|True 
2021-10-30 01:01:34,372[INFO] (MainThread) 160190870|4971096936|872841|SO872842|2000002749190593:4971096936,4971102260|cancelled|2021-10-28T18:44:38.000-04:00|True 
2021-10-30 01:03:17,686[INFO] (MainThread) 25523702|4975175586|874145|SO874146|4975175586|cancelled|2021-10-29T20:24:43.000-04:00|True 
2021-10-30 01:03:20,308[INFO] (MainThread) 25523702|4975241394|874169|SO874170|4975241394|cancelled|2021-10-29T19:21:29.000-04:00|True 
2021-10-31 00:01:24,063[INFO] (MainThread) 160190870|4972702921|873377|SO873378|4972702921|cancelled|2021-10-28T18:04:33.000-04:00|True 
2021-10-31 00:03:12,345[INFO] (MainThread) 25523702|4976675867|874701|SO874702|4976675867|cancelled|2021-10-30T16:04:54.000-04:00|True 
2021-11-01 00:01:38,970[INFO] (MainThread) 160190870|4977219377|874919|SO874920|4977219377|cancelled|2021-10-30T23:30:15.000-04:00|True 
2021-11-01 00:01:41,625[INFO] (MainThread) 160190870|4977365142|875011|SO875012|2000002750925559:4977365142|cancelled|2021-10-31T14:29:09.000-04:00|True 
2021-11-01 01:03:04,836[INFO] (MainThread) 25523702|4978411846|875348|SO875349|4978411846|cancelled|2021-11-01T02:03:45.000-04:00|True 
2021-11-01 10:01:35,446[INFO] (MainThread) 25523702|4979726763|875841|SO875842|2000002751581826:4979726763|cancelled|2021-11-01T11:20:17.000-04:00|True 
2021-11-02 00:01:42,727[INFO] (MainThread) 160190870|4980916204|876264|SO876265|4980916204|cancelled|2021-11-01T18:45:24.000-04:00|True 
2021-11-02 08:03:24,808[INFO] (MainThread) 25523702|4981395555|876419|SO876420|4981395555|cancelled|2021-11-02T09:31:04.000-04:00|True 
2021-11-02 12:01:37,313[INFO] (MainThread) 160190870|4977275864|874947|SO874948|4977275864|cancelled|2021-11-02T13:32:31.000-04:00|True 
2021-11-02 15:03:16,758[INFO] (MainThread) 25523702|4983553914|877275|SO877276|2000002752577545:4983553914|cancelled|2021-11-02T16:16:45.000-04:00|True 
2021-11-03 00:01:20,236[INFO] (MainThread) 160190870|4981310102|876391|SO876392|4981310102|cancelled|2021-11-02T13:34:13.000-04:00|True 
2021-11-03 00:01:38,030[INFO] (MainThread) 160190870|4984561242|877621|SO877622|4984561242|cancelled|2021-11-02T22:11:12.000-04:00|True 
2021-11-03 00:02:55,382[INFO] (MainThread) 25523702|4984188299|877515|SO877516|4984188299|cancelled|2021-11-02T20:12:13.000-04:00|True 
2021-11-03 00:02:58,121[INFO] (MainThread) 25523702|4984314977|877543|SO877544|4984314977|cancelled|2021-11-02T20:43:43.000-04:00|True 
2021-11-04 09:02:25,003[INFO] (MainThread) 25523702|4981840996|876556|SO876557|4981840996|cancelled|2021-11-04T10:57:38.000-04:00|True 
2021-11-04 12:01:25,437[INFO] (MainThread) 160190870|4987979572|878838|SO878839|4987979572|cancelled|2021-11-04T13:46:05.000-04:00|True 
2021-11-04 17:01:43,602[INFO] (MainThread) 160190870|4990025234|879634|SO879635|4990025234|cancelled|2021-11-04T18:32:19.000-04:00|True 
2021-11-05 00:01:25,830[INFO] (MainThread) 160190870|4990418604|879853|SO879854|4990418604|cancelled|2021-11-04T22:42:00.000-04:00|True 
2021-11-05 00:01:28,492[INFO] (MainThread) 160190870|4990768338|880045|SO880046|4990768338|cancelled|2021-11-04T23:59:53.000-04:00|True 
2021-11-05 00:02:57,143[INFO] (MainThread) 25523702|4990290327|879798|SO879799|4990290327|cancelled|2021-11-04T19:49:58.000-04:00|True 
2021-11-05 10:01:48,609[INFO] (MainThread) 160190870|4991765699|880389|SO880390|4991765699|cancelled|2021-11-05T11:24:41.000-04:00|True 
2021-11-07 00:01:29,674[INFO] (MainThread) 160190870|4992767625|880899|SO880900|4992767625|cancelled|2021-11-05T17:35:38.000-04:00|True 
2021-11-07 00:03:09,606[INFO] (MainThread) 25523702|4993549633|881376|SO881377|4993549633|cancelled|2021-11-07T00:51:50.000-04:00|True 
2021-11-07 00:03:14,194[INFO] (MainThread) 25523702|4994208837|881632|SO881633|4994208837|cancelled|2021-11-06T13:55:55.000-04:00|True 
2021-11-07 04:01:33,663[INFO] (MainThread) 25523702|4994255648|881612|SO881613|4994255648|cancelled|2021-11-07T05:57:22.000-04:00|True 
2021-11-08 00:03:00,275[INFO] (MainThread) 25523702|4996371725|882788|SO882789|4996371725|cancelled|2021-11-07T13:49:16.000-04:00|True 
2021-11-08 00:03:16,067[INFO] (MainThread) 25523702|4997399136|883414|SO883415|4997399136|cancelled|2021-11-07T21:18:44.000-04:00|True 
2021-11-08 11:03:06,904[INFO] (MainThread) 25523702|4994693646|881870|SO881871|4994693646|cancelled|2021-11-08T12:32:44.000-04:00|True 
2021-11-08 12:03:36,302[INFO] (MainThread) 25523702|4996996762|883170|SO883171|2000002756253101:4996996762|cancelled|2021-11-08T13:32:51.000-04:00|True 
2021-11-08 14:01:02,245[INFO] (MainThread) 160190870|4990588345|879941|SO879942|4990588345|cancelled|2021-11-08T15:05:48.000-04:00|True 
2021-11-09 00:01:48,047[INFO] (MainThread) 25523702|4997544133|883477|SO883478|4997544133|cancelled|2021-11-08T18:02:33.000-04:00|True 
2021-11-09 17:01:38,396[INFO] (MainThread) 160190870|4995009536|882081|SO882082|4995009536|cancelled|2021-11-09T18:23:27.000-04:00|True 
2021-11-10 01:03:12,641[INFO] (MainThread) 25523702|4997763136|883647|SO883648|4997763136|cancelled|2021-11-08T01:20:24.000-04:00|True 
2021-11-10 01:03:15,268[INFO] (MainThread) 25523702|4997800857|883698|SO883699|4997800857|cancelled|2021-11-08T01:02:44.000-04:00|True 
2021-11-10 01:03:21,631[INFO] (MainThread) 25523702|4998957870|884286|SO884287|2000002756800729:4998960527,4998957870|cancelled|2021-11-08T16:05:13.000-04:00|True 
2021-11-10 13:02:05,637[INFO] (MainThread) 25523702|4990675096|879995|SO879996|2000002754482660:4990675096|cancelled|2021-11-10T14:10:19.000-04:00|True 
2021-11-10 13:03:24,125[INFO] (MainThread) 25523702|4996836021|883068|SO883069|4996836021|cancelled|2021-11-10T14:12:56.000-04:00|True 
2021-11-11 00:00:59,879[INFO] (MainThread) 160190870|4996711229|882996|SO882997|4996711229|cancelled|2021-11-11T01:57:03.000-04:00|True 
2021-11-11 00:01:32,795[INFO] (MainThread) 160190870|4999122918|884349|SO884350|4999122918|cancelled|2021-11-08T21:41:39.000-04:00|True 
2021-11-11 00:01:35,445[INFO] (MainThread) 160190870|4999354546|884488|SO884489|4999354546|cancelled|2021-11-08T20:11:52.000-04:00|True 
2021-11-11 00:01:40,053[INFO] (MainThread) 160190870|4999601667|884670|SO884671|4999601667|cancelled|2021-11-08T16:59:55.000-04:00|True 
2021-11-11 00:03:17,264[INFO] (MainThread) 25523702|4999723796|884750|SO884751|2000002757007698:4999723796|cancelled|2021-11-08T18:02:52.000-04:00|True 
2021-11-11 00:03:21,779[INFO] (MainThread) 25523702|5000695037|885310|SO885311|5000695037|cancelled|2021-11-09T20:57:33.000-04:00|True 
2021-11-11 00:03:26,372[INFO] (MainThread) 25523702|5001045248|885469|SO885470|5001045248|cancelled|2021-11-09T00:50:06.000-04:00|True 
2021-11-11 11:02:14,539[INFO] (MainThread) 25523702|4994327569|881657|SO881658|2000002755498422:4994327569|cancelled|2021-11-11T12:40:11.000-04:00|True 
2021-11-12 00:03:16,239[INFO] (MainThread) 25523702|5001508533|885716|SO885717|5001508533|cancelled|2021-11-09T08:16:12.000-04:00|True 
2021-11-13 00:01:37,300[INFO] (MainThread) 25523702|5003594168|886824|SO886825|2000002755585033:5003594168|cancelled|2021-11-09T19:22:25.000-04:00|True 
2021-11-14 00:01:14,363[INFO] (MainThread) 25523702|5005774846|888127|SO888128|5005774846|cancelled|2021-11-10T14:01:58.000-04:00|True 
2021-11-14 00:01:19,216[INFO] (MainThread) 25523702|5005846492|888186|SO888187|5005846492|cancelled|2021-11-10T15:39:59.000-04:00|True 
2021-11-14 00:01:21,957[INFO] (MainThread) 25523702|5005919914|888247|SO888248|5005919914|cancelled|2021-11-10T14:48:46.000-04:00|True 
2021-11-14 00:01:32,536[INFO] (MainThread) 25523702|5006971675|889336|SO889337|5006971675|cancelled|2021-11-10T20:36:26.000-04:00|True 
2021-11-15 00:01:17,124[INFO] (MainThread) 160190870|5008270380|890349|SO890350|5008270380|cancelled|2021-11-11T10:17:59.000-04:00|True 
2021-11-15 00:01:47,094[INFO] (MainThread) 160190870|5010280394|892195|SO892196|2000002760135268:5010280394|cancelled|2021-11-11T21:35:56.000-04:00|True 
2021-11-15 00:03:01,508[INFO] (MainThread) 25523702|5008848745|890849|SO890850|5008848745|cancelled|2021-11-11T14:50:34.000-04:00|True 
2021-11-15 00:03:19,626[INFO] (MainThread) 25523702|5009890568|891887|SO891888|2000002760014984:5009890568|cancelled|2021-11-11T19:16:39.000-04:00|True 
2021-11-16 00:01:36,137[INFO] (MainThread) 160190870|5012194617|894078|SO894079|2000002758043434:5012194617|cancelled|2021-11-12T15:50:58.000-04:00|True 
2021-11-16 00:03:02,654[INFO] (MainThread) 25523702|5010245085|892146|SO892147|5010245085|cancelled|2021-11-11T21:23:07.000-04:00|True 
2021-11-17 00:01:07,782[INFO] (MainThread) 160190870|5013422301|895638|SO895639|5013422301|cancelled|2021-11-13T05:24:08.000-04:00|True 
2021-11-17 00:01:12,594[INFO] (MainThread) 160190870|5014049028|896027|SO896028|5014049028|cancelled|2021-11-13T12:43:36.000-04:00|True 
2021-11-17 00:01:15,329[INFO] (MainThread) 160190870|5014072403|896033|SO896034|5014072403|cancelled|2021-11-13T12:46:58.000-04:00|True 
2021-11-17 00:01:20,028[INFO] (MainThread) 160190870|5014360004|896373|SO896374|5014360004|cancelled|2021-11-16T15:27:43.000-04:00|True 
2021-11-17 00:01:22,804[INFO] (MainThread) 160190870|5014369563|896390|SO896391|2000002761455842:5014369563|cancelled|2021-11-13T15:07:52.000-04:00|True 
2021-11-17 00:01:25,446[INFO] (MainThread) 160190870|5014430844|896474|SO896475|5014430844|cancelled|2021-11-13T15:35:47.000-04:00|True 
2021-11-17 00:01:28,241[INFO] (MainThread) 160190870|5014494482|896570|SO896571|5014494482|cancelled|2021-11-16T15:20:29.000-04:00|True 
2021-11-17 00:01:30,965[INFO] (MainThread) 160190870|5014779704|896848|SO896849|5014779704|cancelled|2021-11-16T15:22:40.000-04:00|True 
2021-11-17 00:01:33,657[INFO] (MainThread) 160190870|5014787165|896864|SO896865|5014787165|cancelled|2021-11-16T17:44:58.000-04:00|True 
2021-11-17 00:01:50,087[INFO] (MainThread) 160190870|5015505354|897734|SO897735|2000002761830360:5015505354|cancelled|2021-11-16T15:18:10.000-04:00|True 
2021-11-17 00:02:39,904[INFO] (MainThread) 25523702|5011779451|893640|SO893641|5011779451|cancelled|2021-11-12T14:34:45.000-04:00|True 
2021-11-17 00:02:56,310[INFO] (MainThread) 25523702|5012223712|894106|SO894107|5012223712|cancelled|2021-11-12T19:41:03.000-04:00|True 
2021-11-17 00:03:01,008[INFO] (MainThread) 25523702|5010724868|894324|SO894325|5010724868|cancelled|2021-11-12T17:24:06.000-04:00|True 
2021-11-17 00:03:13,561[INFO] (MainThread) 25523702|5013295565|895379|SO895380|2000002761122096:5013295565|cancelled|2021-11-13T00:55:44.000-04:00|True 
2021-11-17 00:03:16,210[INFO] (MainThread) 25523702|5013418000|895634|SO895635|2000002761172711:5013418000|cancelled|2021-11-13T04:24:06.000-04:00|True 
2021-11-17 00:03:24,917[INFO] (MainThread) 25523702|5014351463|896855|SO896856|5014351463|cancelled|2021-11-13T18:22:04.000-04:00|True 
2021-11-17 00:03:29,478[INFO] (MainThread) 25523702|5014297659|896907|SO896908|5014297659|cancelled|2021-11-13T19:43:01.000-04:00|True 
2021-11-18 00:01:14,217[INFO] (MainThread) 160190870|5015874786|897980|SO897981|5015874786|cancelled|2021-11-17T16:11:06.000-04:00|True 
2021-11-18 00:01:24,768[INFO] (MainThread) 160190870|5016483042|898747|SO898748|5016483042|cancelled|2021-11-16T15:15:25.000-04:00|True 
2021-11-18 00:01:39,285[INFO] (MainThread) 160190870|5016817116|899095|SO899096|5016817116|cancelled|2021-11-14T18:36:21.000-04:00|True 
2021-11-18 00:01:45,873[INFO] (MainThread) 160190870|5017482741|899891|SO899892|5017482741|cancelled|2021-11-15T00:54:49.000-04:00|True 
2021-11-18 00:01:48,646[INFO] (MainThread) 160190870|5017485830|899904|SO899905|5017485830|cancelled|2021-11-16T15:15:28.000-04:00|True 
2021-11-18 00:03:01,776[INFO] (MainThread) 25523702|5016585051|898854|SO898855|2000002762162446:5016585051|cancelled|2021-11-16T15:03:42.000-04:00|True 
2021-11-18 00:03:25,938[INFO] (MainThread) 25523702|5017218038|899476|SO899477|5017218038|cancelled|2021-11-14T21:31:32.000-04:00|True 
2021-11-18 00:03:34,707[INFO] (MainThread) 25523702|5017618852|900244|SO900245|2000002762513705:5017618852|cancelled|2021-11-15T12:03:45.000-04:00|True 
2021-11-18 12:02:03,800[INFO] (MainThread) 25523702|5012908171|894882|SO894883|5012908171|cancelled|2021-11-18T13:58:38.000-04:00|True 
2021-11-18 16:01:39,862[INFO] (MainThread) 160190870|5016882409|899166|SO899167|5016882409|cancelled|2021-11-18T17:47:16.000-04:00|True 
2021-11-19 00:01:14,371[INFO] (MainThread) 160190870|5017898237|900562|SO900563|5017898237|cancelled|2021-11-15T04:31:05.000-04:00|True 
2021-11-19 00:01:30,990[INFO] (MainThread) 160190870|5018887958|902108|SO902109|5018887958|cancelled|2021-11-16T17:23:54.000-04:00|True 
2021-11-19 00:01:45,697[INFO] (MainThread) 160190870|5019293631|902656|SO902657|5019293631|cancelled|2021-11-15T18:03:30.000-04:00|True 
2021-11-19 00:03:11,351[INFO] (MainThread) 25523702|5018547557|901939|SO901940|5018547557|cancelled|2021-11-19T00:00:06.000-04:00|True 
2021-11-19 00:03:14,156[INFO] (MainThread) 25523702|5018914531|902154|SO902155|2000002762849911:5018914531|cancelled|2021-11-15T15:03:51.000-04:00|True 
2021-11-19 00:03:28,828[INFO] (MainThread) 25523702|5019145615|902462|SO902463|2000002762923322:5019145615|cancelled|2021-11-16T15:58:01.000-04:00|True 
2021-11-19 17:03:11,424[INFO] (MainThread) 25523702|5017553587|900077|SO900078|5017553587|cancelled|2021-11-19T18:08:49.000-04:00|True 
2021-11-20 00:01:24,526[INFO] (MainThread) 160190870|5020071443|903355|SO903356|2000002763241671:5020071443|cancelled|2021-11-15T20:22:58.000-04:00|True 
2021-11-20 00:03:04,593[INFO] (MainThread) 25523702|5020297578|903580|SO903581|5020297578|cancelled|2021-11-19T18:11:11.000-04:00|True 
2021-11-20 00:03:07,278[INFO] (MainThread) 25523702|5020349013|903636|SO903637|5020349013|cancelled|2021-11-19T18:05:13.000-04:00|True 
2021-11-20 00:03:12,127[INFO] (MainThread) 25523702|5020381036|903676|SO903677|5020381036|cancelled|2021-11-19T18:09:06.000-04:00|True 
2021-11-20 00:03:14,904[INFO] (MainThread) 25523702|5020539171|903997|SO903998|5020539171|cancelled|2021-11-19T18:12:59.000-04:00|True 
2021-11-20 00:03:17,654[INFO] (MainThread) 25523702|5020421247|904014|SO904015|5020421247|cancelled|2021-11-16T01:14:34.000-04:00|True 
2021-11-20 00:03:22,339[INFO] (MainThread) 25523702|5020700896|904298|SO904299|5020700896|cancelled|2021-11-16T01:41:39.000-04:00|True 
2021-11-20 00:03:25,048[INFO] (MainThread) 25523702|5020776557|904476|SO904477|2000002763536313:5020776557|cancelled|2021-11-16T03:07:58.000-04:00|True 
2021-11-20 00:03:33,696[INFO] (MainThread) 25523702|5022142755|905542|SO905543|5022142755|cancelled|2021-11-19T18:14:15.000-04:00|True 
2021-11-21 00:00:41,613[INFO] (MainThread) 160190870|5020744227|904372|SO904373|5020744227|cancelled|2021-11-16T02:06:08.000-04:00|True 
2021-11-21 00:01:14,534[INFO] (MainThread) 160190870|5023096270|906566|SO906567|2000002764246451:5023096270|cancelled|2021-11-16T19:31:14.000-04:00|True 
2021-11-21 00:02:23,233[INFO] (MainThread) 25523702|5022328451|905707|SO905708|5022328451|cancelled|2021-11-19T18:15:11.000-04:00|True 
2021-11-21 00:02:30,144[INFO] (MainThread) 25523702|5022594780|906004|SO906005|5022594780|cancelled|2021-11-16T20:15:10.000-04:00|True 
2021-11-21 00:02:54,416[INFO] (MainThread) 25523702|5023841950|907310|SO907311|5023841950|cancelled|2021-11-19T18:28:15.000-04:00|True 
2021-11-21 00:02:57,144[INFO] (MainThread) 25523702|5023915933|907419|SO907420|2000002764552040:5023915933|cancelled|2021-11-17T00:49:09.000-04:00|True 
2021-11-21 00:03:19,909[INFO] (MainThread) 25523702|5026682666|909561|SO909562|2000002765381239:5026682666|cancelled|2021-11-19T18:13:14.000-04:00|True 
2021-11-21 00:03:22,725[INFO] (MainThread) 25523702|5026739595|909574|SO909575|5026739595|cancelled|2021-11-17T23:24:11.000-04:00|True 
2021-11-22 00:00:46,437[INFO] (MainThread) 160190870|5030817659|912697|SO912698|5030817659|cancelled|2021-11-19T14:13:10.000-04:00|True 
2021-11-22 00:02:35,729[INFO] (MainThread) 25523702|5028300855|910820|SO910821|2000002765887014:5028300855|cancelled|2021-11-18T16:20:45.000-04:00|True 
2021-11-22 00:02:54,272[INFO] (MainThread) 25523702|5029329929|911671|SO911672|5029329929|cancelled|2021-11-18T23:12:10.000-04:00|True 
2021-11-22 00:02:57,086[INFO] (MainThread) 25523702|5029427840|911702|SO911703|5029427840|cancelled|2021-11-19T19:47:01.000-04:00|True 
2021-11-22 00:03:03,798[INFO] (MainThread) 25523702|5029840930|912037|SO912038|5029840930|cancelled|2021-11-19T02:54:28.000-04:00|True 
2021-11-22 12:00:39,361[INFO] (MainThread) 160190870|5026901628|909693|SO909694|5026901628|cancelled|2021-11-22T13:24:26.000-04:00|True 
2021-11-23 01:01:33,056[INFO] (MainThread) 160190870|5037998478|916877|SO916878|2000002768860673:5037998478|cancelled|2021-11-22T18:11:58.000-04:00|True 
2021-11-23 01:02:54,877[INFO] (MainThread) 25523702|5031721920|913217|SO913218|5031721920|cancelled|2021-11-19T19:36:39.000-04:00|True 
2021-11-23 01:02:57,736[INFO] (MainThread) 25523702|5032242677|913458|SO913459|5032242677|cancelled|2021-11-20T02:06:18.000-04:00|True 
2021-11-24 00:01:22,965[INFO] (MainThread) 25523702|5037150369|916414|SO916415|5037150369|cancelled|2021-11-22T13:26:09.000-04:00|True 
2021-11-24 00:01:25,832[INFO] (MainThread) 25523702|5037793732|916770|SO916771|5037793732|cancelled|2021-11-22T16:57:17.000-04:00|True 
2021-11-24 01:01:40,948[INFO] (MainThread) 160190870|5040339672|917845|SO917846|5040339672|cancelled|2021-11-23T14:11:28.000-04:00|True 
2021-11-24 01:01:52,188[INFO] (MainThread) 160190870|5041731118|918416|SO918417|5041731118|cancelled|2021-11-23T23:49:56.000-04:00|True 
2021-11-25 00:01:00,322[INFO] (MainThread) 160190870|5035389311|915251|SO915252|5035389311|cancelled|2021-11-25T01:49:14.000-04:00|True 
2021-11-25 00:03:22,767[INFO] (MainThread) 25523702|5041676022|918403|SO918404|5041676022|cancelled|2021-11-24T18:40:42.000-04:00|True 
2021-11-25 00:03:32,050[INFO] (MainThread) 25523702|5043878716|919171|SO919172|5043878716|cancelled|2021-11-24T17:42:09.000-04:00|True 
2021-11-25 00:03:36,981[INFO] (MainThread) 25523702|5044159769|919320|SO919321|5044159769|cancelled|2021-11-24T19:28:44.000-04:00|True 
2021-11-25 13:04:13,947[INFO] (MainThread) 25523702|5041743122|918424|SO918425|5041743122|cancelled|2021-11-25T14:06:10.000-04:00|True 
2021-11-26 16:00:51,223[INFO] (MainThread) 25523702|5037711869|916732|SO916733|2000002768779320:5037711869|cancelled|2021-11-26T17:54:11.000-04:00|True 
2021-11-27 01:01:31,426[INFO] (MainThread) 160190870|5044659837|919460|SO919461|2000002770897466:5044659837|cancelled|2021-11-25T11:34:43.000-04:00|True 
2021-11-27 01:01:40,852[INFO] (MainThread) 160190870|5045029366|919690|SO919691|2000002771044246:5045029366|cancelled|2021-11-25T05:51:11.000-04:00|True 
2021-11-27 01:01:50,135[INFO] (MainThread) 160190870|5046333897|920004|SO920005|5046333897|cancelled|2021-11-25T14:46:55.000-04:00|True 
2021-11-28 00:01:36,479[INFO] (MainThread) 160190870|5047919340|920667|SO920668|2000002771884972:5047919340|cancelled|2021-11-26T02:24:03.000-04:00|True 
2021-11-28 00:03:31,023[INFO] (MainThread) 25523702|5047908869|920665|SO920666|5047908869|cancelled|2021-11-26T02:20:18.000-04:00|True 
2021-11-29 00:03:10,925[INFO] (MainThread) 25523702|5050136788|921725|SO921726|2000002772558636:5050136788|cancelled|2021-11-26T18:05:16.000-04:00|True 
2021-11-29 00:03:22,569[INFO] (MainThread) 25523702|5050956777|922201|SO922202|5050956777|cancelled|2021-11-26T23:01:39.000-04:00|True 
2021-11-29 00:03:29,767[INFO] (MainThread) 25523702|5051209488|922488|SO922489|5051209488|cancelled|2021-11-27T15:12:21.000-04:00|True 
2021-11-29 16:03:33,347[INFO] (MainThread) 25523702|5047733198|920558|SO920559|2000002771827348:5047733198|cancelled|2021-11-29T17:44:00.000-04:00|True 
2021-11-30 00:01:48,902[INFO] (MainThread) 160190870|5058647501|926462|SO926463|5058647501|cancelled|2021-11-29T19:23:51.000-04:00|True 
2021-11-30 17:03:26,653[INFO] (MainThread) 25523702|5050785200|922082|SO922083|5050785200|cancelled|2021-11-30T19:00:44.000-04:00|True 
2021-11-30 18:00:21,677[INFO] (MainThread) 25523702|5046109346|919926|SO919927|5046109346|cancelled|2021-11-30T19:16:34.000-04:00|True 
2021-12-01 00:01:41,984[INFO] (MainThread) 160190870|5061217083|927873|SO927874|5061217083|cancelled|2021-11-30T16:42:07.000-04:00|True 
2021-12-01 09:02:11,445[INFO] (MainThread) 160190870|5063542537|928991|SO928992|2000002776476905:5063542537|cancelled|2021-12-01T10:29:58.000-04:00|True 
2021-12-02 01:03:12,615[INFO] (MainThread) 25523702|5055148100|924834|SO924835|5055148100|cancelled|2021-11-28T21:18:34.000-04:00|True 
2021-12-02 01:03:39,018[INFO] (MainThread) 25523702|5058273312|926188|SO926189|5058273312|cancelled|2021-12-01T23:45:18.000-04:00|True 
2021-12-02 01:03:44,190[INFO] (MainThread) 25523702|5058865231|926569|SO926570|5058865231|cancelled|2021-12-01T19:07:38.000-04:00|True 
2021-12-02 01:03:49,234[INFO] (MainThread) 25523702|5059273048|926807|SO926808|5059273048|cancelled|2021-12-01T17:18:36.000-04:00|True 
2021-12-02 01:03:52,135[INFO] (MainThread) 25523702|5059486488|926995|SO926996|5059486488|cancelled|2021-11-30T13:24:43.000-04:00|True 
2021-12-02 12:04:47,712[INFO] (MainThread) 25523702|5058561314|926364|SO926365|2000002774957845:5058561314|cancelled|2021-12-02T13:17:23.000-04:00|True 
2021-12-02 18:03:25,931[INFO] (MainThread) 25523702|5054918376|924746|SO924747|5054918376|cancelled|2021-12-02T19:56:17.000-04:00|True 
2021-12-02 21:02:34,852[INFO] (MainThread) 25523702|5052523075|923162|SO923163|5052523075|cancelled|2021-12-02T22:29:18.000-04:00|True 
2021-12-03 00:03:43,976[INFO] (MainThread) 25523702|5059529930|927071|SO927072|2000002775278388:5059529930|cancelled|2021-12-01T11:24:52.000-04:00|True 
2021-12-03 00:03:51,267[INFO] (MainThread) 25523702|5059683322|927200|SO927201|5059683322|cancelled|2021-12-02T13:13:29.000-04:00|True 
2021-12-04 00:03:11,668[INFO] (MainThread) 25523702|5060636874|927532|SO927533|2000002775601124:5060636874|cancelled|2021-12-02T09:40:09.000-04:00|True 
2021-12-04 00:03:16,772[INFO] (MainThread) 25523702|5060733199|927596|SO927597|5060733199|cancelled|2021-12-01T11:25:09.000-04:00|True 
2021-12-04 00:03:21,863[INFO] (MainThread) 25523702|5060775281|927622|SO927623|5060775281|cancelled|2021-12-02T13:13:46.000-04:00|True 
2021-12-04 00:03:29,145[INFO] (MainThread) 25523702|5061075112|927795|SO927796|5061075112|cancelled|2021-11-30T14:39:44.000-04:00|True 
2021-12-04 00:03:32,059[INFO] (MainThread) 25523702|5061129335|927831|SO927832|2000002775744691:5061129335|cancelled|2021-12-02T13:17:37.000-04:00|True 
2021-12-04 00:03:37,226[INFO] (MainThread) 25523702|5061404094|927966|SO927967|5061404094|cancelled|2021-12-02T17:47:47.000-04:00|True 
2021-12-04 00:03:46,679[INFO] (MainThread) 25523702|5061937493|928269|SO928270|5061937493|cancelled|2021-12-02T15:54:05.000-04:00|True 
2021-12-04 00:03:53,956[INFO] (MainThread) 25523702|5062207856|928382|SO928383|5062207856|cancelled|2021-12-03T15:19:31.000-04:00|True 
2021-12-05 00:01:58,620[INFO] (MainThread) 160190870|5070672553|932105|SO932106|2000002778643988:5070672553|cancelled|2021-12-03T14:59:20.000-04:00|True 
2021-12-05 00:03:03,587[INFO] (MainThread) 25523702|5062366105|928446|SO928447|5062366105|cancelled|2021-12-02T16:07:08.000-04:00|True 
2021-12-05 00:03:06,545[INFO] (MainThread) 25523702|5062399421|928458|SO928459|5062399421|cancelled|2021-12-03T08:09:48.000-04:00|True 
2021-12-05 00:03:13,734[INFO] (MainThread) 25523702|5062593310|928594|SO928595|5062593310|cancelled|2021-11-30T23:03:25.000-04:00|True 
2021-12-05 00:03:16,675[INFO] (MainThread) 25523702|5062661120|928640|SO928641|5062661120|cancelled|2021-12-02T12:21:46.000-04:00|True 
2021-12-05 00:03:26,120[INFO] (MainThread) 25523702|5062725729|928703|SO928704|5062725729|cancelled|2021-12-03T14:49:26.000-04:00|True 
2021-12-05 00:03:29,069[INFO] (MainThread) 25523702|5062768483|928748|SO928749|5062768483|cancelled|2021-12-04T23:31:21.000-04:00|True 
2021-12-05 00:03:40,633[INFO] (MainThread) 25523702|5062954368|928901|SO928902|2000002776310004:5062954368|cancelled|2021-12-02T20:01:10.000-04:00|True 
2021-12-05 00:03:45,650[INFO] (MainThread) 25523702|5063815085|929122|SO929123|5063815085|cancelled|2021-12-01T16:53:48.000-04:00|True 
2021-12-05 00:03:50,768[INFO] (MainThread) 25523702|5064291534|929363|SO929364|5064291534|cancelled|2021-12-03T12:50:58.000-04:00|True 
2021-12-06 00:01:31,440[INFO] (MainThread) 160190870|5071201431|932427|SO932428|5071201431|cancelled|2021-12-03T19:10:20.000-04:00|True 
2021-12-06 00:02:58,855[INFO] (MainThread) 25523702|5064533689|929477|SO929478|5064533689|cancelled|2021-12-01T15:34:27.000-04:00|True 
2021-12-06 00:03:08,275[INFO] (MainThread) 25523702|5064949143|929673|SO929674|5064949143|cancelled|2021-12-04T15:24:11.000-04:00|True 
2021-12-06 00:03:13,372[INFO] (MainThread) 25523702|5065131533|929746|SO929747|5065131533|cancelled|2021-12-03T18:50:48.000-04:00|True 
2021-12-06 00:03:29,448[INFO] (MainThread) 25523702|5065639809|929919|SO929920|5065639809|cancelled|2021-12-03T21:54:17.000-04:00|True 
2021-12-06 00:03:32,386[INFO] (MainThread) 25523702|5065643847|929920|SO929921|5065643847|cancelled|2021-12-03T19:38:19.000-04:00|True 
2021-12-06 00:03:37,634[INFO] (MainThread) 25523702|5065766360|929969|SO929970|2000002777096977:5065766360|cancelled|2021-12-04T11:22:20.000-04:00|True 
2021-12-06 00:03:40,627[INFO] (MainThread) 25523702|5065804137|929976|SO929977|5065804137|cancelled|2021-12-02T23:42:17.000-04:00|True 
2021-12-06 00:03:45,823[INFO] (MainThread) 25523702|5066059970|930151|SO930152|5066059970|cancelled|2021-12-03T22:58:43.000-04:00|True 
2021-12-06 00:03:48,761[INFO] (MainThread) 25523702|5066074600|930166|SO930167|5066074600|cancelled|2021-12-02T02:23:10.000-04:00|True 
2021-12-06 00:03:51,864[INFO] (MainThread) 25523702|5066170186|930202|SO930203|5066170186|cancelled|2021-12-04T12:16:04.000-04:00|True 
2021-12-06 11:03:39,779[INFO] (MainThread) 25523702|5063979977|929208|SO929209|5063979977|cancelled|2021-12-06T12:47:20.000-04:00|True 
2021-12-06 11:04:31,889[INFO] (MainThread) 25523702|5065741472|929959|SO929960|5065741472|cancelled|2021-12-06T12:16:59.000-04:00|True 
2021-12-06 19:03:17,275[INFO] (MainThread) 25523702|5064718854|929569|SO929570|5064718854|cancelled|2021-12-06T20:23:22.000-04:00|True 
2021-12-07 00:01:22,691[INFO] (MainThread) 160190870|5071085185|935160|SO935161|5071085185|cancelled|2021-12-06T17:51:20.000-04:00|True 
2021-12-07 00:01:58,755[INFO] (MainThread) 160190870|5073905421|933690|SO933691|5073905421|cancelled|2021-12-04T21:41:38.000-04:00|True 
2021-12-07 00:02:23,676[INFO] (MainThread) 25523702|5066064192|930150|SO930151|5066064192|cancelled|2021-12-06T22:39:57.000-04:00|True 
2021-12-07 00:02:39,817[INFO] (MainThread) 25523702|5066786571|930274|SO930275|5066786571|cancelled|2021-12-06T13:08:53.000-04:00|True 
2021-12-07 00:02:42,768[INFO] (MainThread) 25523702|5066839443|930301|SO930302|2000002777457160:5066839443|cancelled|2021-12-04T17:12:58.000-04:00|True 
2021-12-07 00:02:45,756[INFO] (MainThread) 25523702|5067033802|930360|SO930361|5067033802|cancelled|2021-12-05T13:33:21.000-04:00|True 
2021-12-07 00:02:51,007[INFO] (MainThread) 25523702|5067063980|930375|SO930376|2000002777536048:5067063980|cancelled|2021-12-03T19:22:34.000-04:00|True 
2021-12-07 00:03:09,293[INFO] (MainThread) 25523702|5067727086|930779|SO930780|2000002777734403:5067727086|cancelled|2021-12-03T19:28:38.000-04:00|True 
2021-12-07 00:03:12,253[INFO] (MainThread) 25523702|5067882533|930864|SO930865|2000002777784489:5067882533,5067881620|cancelled|2021-12-02T16:19:30.000-04:00|True 
2021-12-07 11:03:20,676[INFO] (MainThread) 25523702|5067685457|930758|SO930759|2000002777720598:5067685457|cancelled|2021-12-07T12:51:00.000-04:00|True 
2021-12-07 13:04:02,706[INFO] (MainThread) 25523702|5066025228|930125|SO930126|5066025228|cancelled|2021-12-07T14:20:53.000-04:00|True 
2021-12-07 13:04:46,510[INFO] (MainThread) 25523702|5067252160|930576|SO930577|5067252160|cancelled|2021-12-07T14:21:42.000-04:00|True 
2021-12-07 13:05:53,314[INFO] (MainThread) 25523702|5068246744|931071|SO931072|5068246744|cancelled|2021-12-07T14:22:06.000-04:00|True 
2021-12-07 13:05:57,906[INFO] (MainThread) 25523702|5068378720|931129|SO931130|5068378720|cancelled|2021-12-07T14:23:39.000-04:00|True 
2021-12-07 17:02:35,946[INFO] (MainThread) 25523702|5065964111|930084|SO930085|2000002777198762:5065964111|cancelled|2021-12-07T18:59:01.000-04:00|True 
2021-12-08 00:01:43,278[INFO] (MainThread) 160190870|5074121311|933831|SO933832|5074121311|cancelled|2021-12-06T18:36:07.000-04:00|True 
2021-12-08 00:01:55,039[INFO] (MainThread) 160190870|5075197058|934214|SO934215|2000002780014204:5075197058|cancelled|2021-12-05T15:20:05.000-04:00|True 
2021-12-08 00:02:30,712[INFO] (MainThread) 25523702|5070542864|932030|SO932031|5070542864|cancelled|2021-12-07T14:25:40.000-04:00|True 
2021-12-08 00:02:44,466[INFO] (MainThread) 25523702|5071488199|932608|SO932609|5071488199|cancelled|2021-12-03T20:54:38.000-04:00|True 
2021-12-08 00:02:56,052[INFO] (MainThread) 25523702|5071869641|932793|SO932794|5071869641|cancelled|2021-12-03T23:31:47.000-04:00|True 
2021-12-08 00:03:09,777[INFO] (MainThread) 25523702|5072589805|933160|SO933161|5072589805|cancelled|2021-12-07T14:47:31.000-04:00|True 
2021-12-08 00:03:17,176[INFO] (MainThread) 25523702|5073194696|933347|SO933348|5073194696|cancelled|2021-12-07T22:03:28.000-04:00|True 
2021-12-08 00:03:26,737[INFO] (MainThread) 25523702|5074178540|933887|SO933888|5074178540|cancelled|2021-12-06T20:25:22.000-04:00|True 
2021-12-08 00:03:40,415[INFO] (MainThread) 25523702|5075467227|934350|SO934351|5075467227|cancelled|2021-12-05T17:52:19.000-04:00|True 
2021-12-08 00:03:43,439[INFO] (MainThread) 25523702|5075525088|934375|SO934376|5075525088|cancelled|2021-12-07T12:03:31.000-04:00|True 
2021-12-08 00:03:48,473[INFO] (MainThread) 25523702|5075649289|934436|SO934437|5075649289|cancelled|2021-12-05T18:15:55.000-04:00|True 
2021-12-09 00:01:43,612[INFO] (MainThread) 25523702|5076442105|934803|SO934804|5076442105|cancelled|2021-12-05T23:37:13.000-04:00|True 
2021-12-09 00:01:55,446[INFO] (MainThread) 25523702|5076564913|934925|SO934926|5076564913|cancelled|2021-12-06T01:27:09.000-04:00|True 
2021-12-09 01:01:35,499[INFO] (MainThread) 160190870|5079772542|936321|SO936322|5079772542|cancelled|2021-12-07T17:48:10.000-04:00|True 
2021-12-09 01:01:40,766[INFO] (MainThread) 160190870|5080009406|936438|SO936439|5080009406|cancelled|2021-12-08T14:19:11.000-04:00|True 
2021-12-09 01:01:48,042[INFO] (MainThread) 160190870|5081642369|937292|SO937293|5081642369|cancelled|2021-12-07T18:30:21.000-04:00|True 
2021-12-09 01:01:51,122[INFO] (MainThread) 160190870|5081649321|937294|SO937295|5081649321|cancelled|2021-12-07T21:26:32.000-04:00|True 
2021-12-09 01:01:54,158[INFO] (MainThread) 160190870|5081647971|937308|SO937309|5081647971|cancelled|2021-12-07T16:50:16.000-04:00|True 
2021-12-09 09:03:45,530[INFO] (MainThread) 25523702|5074165217|933875|SO933876|2000002779697680:5074165217|cancelled|2021-12-09T10:39:27.000-04:00|True 
2021-12-10 00:01:42,973[INFO] (MainThread) 160190870|5083106991|938354|SO938355|5083106991|cancelled|2021-12-07T22:57:58.000-04:00|True 
2021-12-10 00:03:13,365[INFO] (MainThread) 25523702|5076695271|935011|SO935012|5076695271|cancelled|2021-12-09T23:55:02.000-04:00|True 
2021-12-10 00:03:20,623[INFO] (MainThread) 25523702|5077029777|935121|SO935122|5077029777|cancelled|2021-12-08T12:21:23.000-04:00|True 
2021-12-10 00:03:23,575[INFO] (MainThread) 25523702|5077456470|935131|SO935132|5077456470|cancelled|2021-12-06T11:26:32.000-04:00|True 
2021-12-10 00:03:50,390[INFO] (MainThread) 25523702|5078872340|935903|SO935904|2000002781139352:5078872340|cancelled|2021-12-06T17:43:13.000-04:00|True 
2021-12-10 00:03:53,340[INFO] (MainThread) 25523702|5078905284|935912|SO935913|5078905284|cancelled|2021-12-09T12:28:30.000-04:00|True 
2021-12-10 09:01:54,086[INFO] (MainThread) 160190870|5081917912|937844|SO937845|5081917912|cancelled|2021-12-10T10:27:56.000-04:00|True 
2021-12-10 22:03:59,137[INFO] (MainThread) 25523702|5078655029|935788|SO935789|5078655029|cancelled|2021-12-10T23:04:56.000-04:00|True 
2021-12-11 00:03:15,526[INFO] (MainThread) 25523702|5079342732|936159|SO936160|5079342732|cancelled|2021-12-10T13:01:30.000-04:00|True 
2021-12-11 00:03:25,273[INFO] (MainThread) 25523702|5079953111|936402|SO936403|5079953111|cancelled|2021-12-10T03:01:47.000-04:00|True 
2021-12-11 00:03:34,817[INFO] (MainThread) 25523702|5080266379|936702|SO936703|2000002781587842:5080266379|cancelled|2021-12-07T04:17:35.000-04:00|True 
2021-12-12 00:01:49,771[INFO] (MainThread) 160190870|5086822072|940734|SO940735|5086822072|cancelled|2021-12-09T00:13:32.000-04:00|True 
2021-12-12 00:03:32,281[INFO] (MainThread) 25523702|5083434926|938622|SO938623|2000002782495887:5083434926|cancelled|2021-12-08T02:30:45.000-04:00|True 
2021-12-12 00:03:37,489[INFO] (MainThread) 25523702|5083472743|938672|SO938673|5083472743|cancelled|2021-12-08T18:09:38.000-04:00|True 
2021-12-12 00:03:44,839[INFO] (MainThread) 25523702|5083496286|938709|SO938710|5083496286|cancelled|2021-12-08T01:09:55.000-04:00|True 
2021-12-12 00:03:47,811[INFO] (MainThread) 25523702|5083558455|938763|SO938764|5083558455|cancelled|2021-12-08T02:07:22.000-04:00|True 
2021-12-12 00:03:55,109[INFO] (MainThread) 25523702|5084117861|939086|SO939087|5084117861|cancelled|2021-12-08T13:59:26.000-04:00|True 
2021-12-13 00:02:00,216[INFO] (MainThread) 160190870|5094675316|944533|SO944534|5094675316|cancelled|2021-12-11T15:40:00.000-04:00|True 
2021-12-13 00:03:29,480[INFO] (MainThread) 25523702|5086812698|940732|SO940733|5086812698|cancelled|2021-12-09T14:36:57.000-04:00|True 
2021-12-13 00:03:52,162[INFO] (MainThread) 25523702|5088653787|941545|SO941546|5088653787|cancelled|2021-12-09T15:33:40.000-04:00|True 
2021-12-13 14:02:49,691[INFO] (MainThread) 25523702|5083335434|938506|SO938507|5083335434|cancelled|2021-12-13T15:12:20.000-04:00|True 
2021-12-14 00:01:26,583[INFO] (MainThread) 160190870|5095836879|945244|SO945245|2000002786220789:5095836879|cancelled|2021-12-12T03:05:22.000-04:00|True 
2021-12-14 00:01:45,050[INFO] (MainThread) 160190870|5097873832|946019|SO946020|5097873832|cancelled|2021-12-12T21:58:49.000-04:00|True 
2021-12-14 00:01:50,213[INFO] (MainThread) 160190870|5098271782|946217|SO946218|2000002786954406:5098271782|cancelled|2021-12-12T23:24:30.000-04:00|True 
2021-12-14 00:01:59,770[INFO] (MainThread) 160190870|5098506389|946440|SO946441|5098506389|cancelled|2021-12-13T03:25:51.000-04:00|True 
2021-12-14 00:02:49,228[INFO] (MainThread) 25523702|5090181363|942368|SO942369|2000002784550976:5090181363|cancelled|2021-12-13T15:49:29.000-04:00|True 
2021-12-14 00:03:14,276[INFO] (MainThread) 25523702|5094161135|944265|SO944266|5094161135|cancelled|2021-12-11T12:10:03.000-04:00|True 
2021-12-14 00:03:23,746[INFO] (MainThread) 25523702|5094397634|944372|SO944373|5094397634|cancelled|2021-12-11T13:46:19.000-04:00|True 
2021-12-14 00:03:40,166[INFO] (MainThread) 25523702|5095772250|945175|SO945176|5095772250|cancelled|2021-12-12T01:03:19.000-04:00|True 
2021-12-14 00:03:54,054[INFO] (MainThread) 25523702|5097411761|945844|SO945845|5097411761|cancelled|2021-12-12T18:25:10.000-04:00|True 
2021-12-14 17:03:42,375[INFO] (MainThread) 25523702|5092862623|943621|SO943622|5092862623|cancelled|2021-12-14T18:37:17.000-04:00|True 
2021-12-15 11:01:55,439[INFO] (MainThread) 160190870|5096346012|945348|SO945349|5096346012|cancelled|2021-12-15T12:42:44.000-04:00|True 
2021-12-15 14:03:58,760[INFO] (MainThread) 25523702|5095644502|945067|SO945068|5095644502|cancelled|2021-12-15T15:39:28.000-04:00|True 
2021-12-16 00:01:42,041[INFO] (MainThread) 160190870|5100128423|946944|SO946945|5100128423|cancelled|2021-12-14T22:24:44.000-04:00|True 
2021-12-16 00:01:53,942[INFO] (MainThread) 160190870|5100371685|947247|SO947248|5100371685|cancelled|2021-12-13T17:02:11.000-04:00|True 
2021-12-16 00:03:50,429[INFO] (MainThread) 25523702|5099854860|946809|SO946810|2000002787424228:5099854860|cancelled|2021-12-13T13:21:25.000-04:00|True 
2021-12-16 01:00:40,492[INFO] (MainThread) 160190870|5095217305|944861|SO944862|5095217305|cancelled|2021-12-16T02:17:56.000-04:00|True 
2021-12-16 12:03:52,206[INFO] (MainThread) 25523702|5096542057|945414|SO945415|5096542057|cancelled|2021-12-16T13:56:19.000-04:00|True 
2021-12-17 00:01:33,514[INFO] (MainThread) 160190870|5101714441|947681|SO947682|5101714441|cancelled|2021-12-15T11:41:41.000-04:00|True 
2021-12-17 00:01:47,294[INFO] (MainThread) 160190870|5102204255|947974|SO947975|5102204255|cancelled|2021-12-14T07:19:50.000-04:00|True 
2021-12-17 00:01:50,444[INFO] (MainThread) 160190870|5102333172|948133|SO948134|5102333172|cancelled|2021-12-14T02:03:47.000-04:00|True 
2021-12-17 00:03:29,381[INFO] (MainThread) 25523702|5103213147|948299|SO948300|5103213147|cancelled|2021-12-14T10:48:14.000-04:00|True 
2021-12-17 00:03:34,562[INFO] (MainThread) 25523702|5103454614|948406|SO948407|5103454614|cancelled|2021-12-17T01:18:29.000-04:00|True 
2021-12-17 00:03:39,673[INFO] (MainThread) 25523702|5103829961|948626|SO948627|2000002788626318:5103829961|cancelled|2021-12-16T15:06:51.000-04:00|True 
2021-12-17 00:03:42,625[INFO] (MainThread) 25523702|5103809692|948664|SO948665|5103809692|cancelled|2021-12-16T20:14:03.000-04:00|True 
2021-12-17 11:01:06,300[INFO] (MainThread) 160190870|5098458873|946393|SO946394|2000002787021326:5098458873|cancelled|2021-12-17T11:20:04.000-04:00|True 
2021-12-18 00:01:36,237[INFO] (MainThread) 160190870|5104099587|948772|SO948773|5104099587|cancelled|2021-12-14T15:47:06.000-04:00|True 
2021-12-18 00:03:52,216[INFO] (MainThread) 25523702|5105151148|949408|SO949409|5105151148|cancelled|2021-12-14T19:21:42.000-04:00|True 
2021-12-18 00:03:55,198[INFO] (MainThread) 25523702|5105152370|949422|SO949423|5105152370|cancelled|2021-12-14T19:19:40.000-04:00|True 
2021-12-19 01:01:19,026[INFO] (MainThread) 160190870|5105501408|949675|SO949676|2000002789122368:5105501408|cancelled|2021-12-14T20:51:45.000-04:00|True 
2021-12-19 01:01:26,495[INFO] (MainThread) 160190870|5106308010|950331|SO950332|5106308010|cancelled|2021-12-15T16:29:38.000-04:00|True 
2021-12-19 01:01:31,678[INFO] (MainThread) 160190870|5106947841|950438|SO950439|5106947841|cancelled|2021-12-15T10:11:43.000-04:00|True 
2021-12-19 01:01:34,682[INFO] (MainThread) 160190870|5107218575|950514|SO950515|5107218575|cancelled|2021-12-15T11:20:59.000-04:00|True 
2021-12-19 01:01:48,753[INFO] (MainThread) 160190870|5107812285|950817|SO950818|5107812285|cancelled|2021-12-15T15:20:25.000-04:00|True 
2021-12-19 01:03:06,691[INFO] (MainThread) 25523702|5105206101|949440|SO949441|5105206101|cancelled|2021-12-14T19:29:03.000-04:00|True 
2021-12-19 01:03:09,740[INFO] (MainThread) 25523702|5105213898|949498|SO949499|5105213898|cancelled|2021-12-15T18:42:27.000-04:00|True 
2021-12-19 01:03:12,702[INFO] (MainThread) 25523702|5105212977|949503|SO949504|5105212977|cancelled|2021-12-15T17:56:17.000-04:00|True 
2021-12-19 01:03:22,229[INFO] (MainThread) 25523702|5105470440|949678|SO949679|5105470440|cancelled|2021-12-14T20:40:59.000-04:00|True 
2021-12-19 01:03:38,797[INFO] (MainThread) 25523702|5106208243|950229|SO950230|5106208243|cancelled|2021-12-18T20:26:27.000-04:00|True 
2021-12-19 01:03:50,593[INFO] (MainThread) 25523702|5107114300|950481|SO950482|2000002789614801:5107114300|cancelled|2021-12-15T11:06:25.000-04:00|True 
2021-12-20 00:00:52,343[INFO] (MainThread) 160190870|5109160584|951594|SO951595|5109160584|cancelled|2021-12-17T00:38:22.000-04:00|True 
2021-12-20 00:00:55,304[INFO] (MainThread) 160190870|5109628255|951832|SO951833|5109628255|cancelled|2021-12-18T10:22:04.000-04:00|True 
2021-12-20 00:01:02,921[INFO] (MainThread) 160190870|5109855186|952028|SO952029|2000002789793344:5109855186|cancelled|2021-12-15T23:39:22.000-04:00|True 
2021-12-20 00:01:05,971[INFO] (MainThread) 160190870|5109902825|952083|SO952084|5109902825|cancelled|2021-12-16T00:05:55.000-04:00|True 
2021-12-20 00:01:26,641[INFO] (MainThread) 160190870|5111245099|952759|SO952760|5111245099|cancelled|2021-12-16T12:20:33.000-04:00|True 
2021-12-20 00:01:44,930[INFO] (MainThread) 160190870|5112827125|953647|SO953648|5112827125|cancelled|2021-12-16T21:31:16.000-04:00|True 
2021-12-20 00:02:47,249[INFO] (MainThread) 25523702|5107974668|950934|SO950935|5107974668|cancelled|2021-12-15T15:43:00.000-04:00|True 
2021-12-20 00:02:50,346[INFO] (MainThread) 25523702|5108117685|951020|SO951021|2000002789925608:5108117685|cancelled|2021-12-15T15:10:06.000-04:00|True 
2021-12-20 00:02:57,679[INFO] (MainThread) 25523702|5108849368|951415|SO951416|5108849368|cancelled|2021-12-17T14:17:56.000-04:00|True 
2021-12-20 00:03:00,684[INFO] (MainThread) 25523702|5108890005|951451|SO951452|5108890005|cancelled|2021-12-18T19:09:23.000-04:00|True 
2021-12-20 00:03:14,585[INFO] (MainThread) 25523702|5109823025|952001|SO952002|2000002790407172:5109823025|cancelled|2021-12-17T17:04:40.000-04:00|True 
2021-12-20 00:03:19,696[INFO] (MainThread) 25523702|5110129416|952366|SO952367|5110129416|cancelled|2021-12-16T02:52:02.000-04:00|True 
2021-12-20 00:03:22,666[INFO] (MainThread) 25523702|5110204992|952443|SO952444|5110204992|cancelled|2021-12-16T06:19:44.000-04:00|True 
2021-12-20 00:03:34,319[INFO] (MainThread) 25523702|5111676072|952987|SO952988|2000002790980818:5111676072|cancelled|2021-12-19T04:57:48.000-04:00|True 
2021-12-20 00:03:52,653[INFO] (MainThread) 25523702|5113499970|953994|SO953995|5113499970|cancelled|2021-12-19T15:27:48.000-04:00|True 
2021-12-20 13:05:12,024[INFO] (MainThread) 25523702|5113101812|953780|SO953781|5113101812|cancelled|2021-12-20T14:45:44.000-04:00|True 
2021-12-20 14:02:48,530[INFO] (MainThread) 25523702|5106807819|950424|SO950425|2000002789524383:5106807819|cancelled|2021-12-20T15:47:57.000-04:00|True 
2021-12-20 21:04:00,894[INFO] (MainThread) 25523702|5111880438|953099|SO953100|2000002791042682:5111880438|cancelled|2021-12-20T22:27:46.000-04:00|True 
2021-12-21 00:01:36,863[INFO] (MainThread) 160190870|5115705399|955089|SO955090|5115705399|cancelled|2021-12-19T14:55:22.000-04:00|True 
2021-12-21 00:01:59,784[INFO] (MainThread) 160190870|5117487928|956383|SO956384|5117487928|cancelled|2021-12-18T11:33:05.000-04:00|True 
2021-12-21 00:03:07,363[INFO] (MainThread) 25523702|5113630385|954109|SO954110|2000002791582308:5113630385|cancelled|2021-12-20T20:55:29.000-04:00|True 
2021-12-21 00:03:17,013[INFO] (MainThread) 25523702|5115090497|954732|SO954733|2000002792010081:5115090497,5115102344|cancelled|2021-12-20T16:19:51.000-04:00|True 
2021-12-21 00:03:39,951[INFO] (MainThread) 25523702|5116854731|956030|SO956031|5116854731|cancelled|2021-12-18T04:28:03.000-04:00|True 
2021-12-21 02:03:00,647[INFO] (MainThread) 25523702|5113505461|954000|SO954001|2000002791534584:5113505461|cancelled|2021-12-21T03:29:37.000-04:00|True 
2021-12-21 02:03:12,309[INFO] (MainThread) 25523702|5113735484|954202|SO954203|2000002791621363:5113735484|cancelled|2021-12-21T03:29:17.000-04:00|True 
2021-12-21 09:02:38,182[INFO] (MainThread) 160190870|5116635353|955723|SO955724|5116635353|cancelled|2021-12-21T10:38:14.000-04:00|True 
2021-12-21 09:03:04,977[INFO] (MainThread) 25523702|5109495609|951775|SO951776|5109495609|cancelled|2021-12-21T10:38:25.000-04:00|True 
2021-12-21 15:03:40,175[INFO] (MainThread) 25523702|5112095593|953227|SO953228|5112095593|cancelled|2021-12-21T16:43:20.000-04:00|True 
2021-12-21 17:02:09,640[INFO] (MainThread) 160190870|5115787187|955152|SO955153|5115787187|cancelled|2021-12-21T17:44:16.000-04:00|True 
2021-12-22 00:01:31,625[INFO] (MainThread) 160190870|5118717647|957204|SO957205|5118717647|cancelled|2021-12-19T10:35:29.000-04:00|True 
2021-12-22 00:01:34,674[INFO] (MainThread) 160190870|5118739922|957230|SO957231|2000002793068984:5118739922|cancelled|2021-12-20T17:53:40.000-04:00|True 
2021-12-22 00:01:39,869[INFO] (MainThread) 160190870|5118986036|957372|SO957373|5118986036|cancelled|2021-12-21T23:08:27.000-04:00|True 
2021-12-22 00:01:45,115[INFO] (MainThread) 160190870|5119185089|957549|SO957550|5119185089|cancelled|2021-12-18T23:20:20.000-04:00|True 
2021-12-22 00:01:57,115[INFO] (MainThread) 160190870|5119992291|958357|SO958358|5119992291|cancelled|2021-12-19T11:54:15.000-04:00|True 
2021-12-22 00:03:28,944[INFO] (MainThread) 25523702|5120216773|958512|SO958513|5120216773|cancelled|2021-12-21T18:20:07.000-04:00|True 
2021-12-22 00:03:36,329[INFO] (MainThread) 25523702|5121243157|959223|SO959224|5121243157|cancelled|2021-12-19T21:09:06.000-04:00|True 
2021-12-22 00:03:39,337[INFO] (MainThread) 25523702|5121713610|959453|SO959454|5121713610|cancelled|2021-12-19T22:17:43.000-04:00|True 
2021-12-22 00:03:51,033[INFO] (MainThread) 25523702|5123143085|960492|SO960493|5123143085|cancelled|2021-12-20T11:43:48.000-04:00|True 
