2021-21-11 12:00:19 AM|root|INFO|user_id 25523702|order_id 5034134217|saved 2021-11-21 00:00:19.|sent 2021-11-21T01:59:36|received 2021-11-21T05:59:43
2021-21-11 12:05:07 AM|root|INFO|user_id 160190870|order_id 5034132356|saved 2021-11-21 00:05:07.|sent 2021-11-21T02:01:05|received 2021-11-21T06:03:10
2021-21-11 12:05:12 AM|root|INFO|user_id 25523702|order_id 5034128673|saved 2021-11-21 00:05:12.|sent 2021-11-21T02:01:23|received 2021-11-21T06:03:34
2021-21-11 12:05:13 AM|root|INFO|user_id 25523702|order_id 5034129808|saved 2021-11-21 00:05:13.|sent 2021-11-21T02:04:58|received 2021-11-21T06:05:04
2021-21-11 12:10:08 AM|root|INFO|user_id 160190870|order_id 5034133685|saved 2021-11-21 00:10:08.|sent 2021-11-21T02:07:26|received 2021-11-21T06:09:56
2021-21-11 12:10:13 AM|root|INFO|user_id 25523702|order_id 5034129821|saved 2021-11-21 00:10:13.|sent 2021-11-21T02:05:23|received 2021-11-21T06:07:36
2021-21-11 12:15:07 AM|root|INFO|user_id 160190870|order_id 5034132864|saved 2021-11-21 00:15:07.|sent 2021-11-21T02:11:07|received 2021-11-21T06:13:11
2021-21-11 12:15:07 AM|root|INFO|user_id 160190870|order_id 5034131910|saved 2021-11-21 00:15:07.|sent 2021-11-21T02:10:08|received 2021-11-21T06:14:57
2021-21-11 12:20:13 AM|root|INFO|user_id 25523702|order_id 5034139208|saved 2021-11-21 00:20:13.|sent 2021-11-21T02:17:40|received 2021-11-21T06:19:31
2021-21-11 12:25:13 AM|root|INFO|user_id 25523702|order_id 5034137474|saved 2021-11-21 00:25:13.|sent 2021-11-21T02:21:20|received 2021-11-21T06:23:17
2021-21-11 12:30:14 AM|root|INFO|user_id 25523702|order_id 5034138639|saved 2021-11-21 00:30:14.|sent 2021-11-21T02:27:24|received 2021-11-21T06:29:23
2021-21-11 12:30:14 AM|root|INFO|user_id 25523702|order_id 5034136826|saved 2021-11-21 00:30:14.|sent 2021-11-21T02:29:07|received 2021-11-21T06:29:14
2021-21-11 12:30:14 AM|root|INFO|user_id 25523702|order_id 5034140615|saved 2021-11-21 00:30:14.|sent 2021-11-21T02:29:06|received 2021-11-21T06:29:45
2021-21-11 12:30:14 AM|root|INFO|user_id 25523702|order_id 5034136825|saved 2021-11-21 00:30:14.|sent 2021-11-21T02:29:07|received 2021-11-21T06:29:46
2021-21-11 01:10:08 AM|root|INFO|user_id 160190870|order_id 5034149247|saved 2021-11-21 01:10:08.|sent 2021-11-21T03:06:49|received 2021-11-21T07:09:0
2021-21-11 01:20:14 AM|root|INFO|user_id 25523702|order_id 5034153420|saved 2021-11-21 01:20:14.|sent 2021-11-21T03:18:16|received 2021-11-21T07:20:05
2021-21-11 01:50:13 AM|root|INFO|user_id 25523702|order_id 5034157217|saved 2021-11-21 01:50:13.|sent 2021-11-21T03:45:09|received 2021-11-21T07:48:18
2021-21-11 01:55:13 AM|root|INFO|user_id 25523702|order_id 5034160205|saved 2021-11-21 01:55:13.|sent 2021-11-21T03:50:45|received 2021-11-21T07:52:33
2021-21-11 02:10:08 AM|root|INFO|user_id 160190870|order_id 5034157646|saved 2021-11-21 02:10:08.|sent 2021-11-21T04:05:26|received 2021-11-21T08:07:26
2021-21-11 02:10:08 AM|root|INFO|user_id 160190870|order_id 5034160539|saved 2021-11-21 02:10:08.|sent 2021-11-21T04:06:10|received 2021-11-21T08:08:39
2021-21-11 02:55:07 AM|root|INFO|user_id 160190870|order_id 5034166440|saved 2021-11-21 02:55:07.|sent 2021-11-21T04:45:05|received 2021-11-21T08:47:05
2021-21-11 02:55:07 AM|root|INFO|user_id 160190870|order_id 5034169255|saved 2021-11-21 02:55:07.|sent 2021-11-21T04:48:46|received 2021-11-21T08:50:48
2021-21-11 03:00:11 AM|root|INFO|user_id 160190870|order_id 5034168523|saved 2021-11-21 03:00:11.|sent 2021-11-21T04:55:56|received 2021-11-21T08:57:36
2021-21-11 03:25:07 AM|root|INFO|user_id 160190870|order_id 5034172458|saved 2021-11-21 03:25:07.|sent 2021-11-21T05:21:02|received 2021-11-21T09:24:34
2021-21-11 03:40:08 AM|root|INFO|user_id 160190870|order_id 5034174765|saved 2021-11-21 03:40:08.|sent 2021-11-21T05:36:32|received 2021-11-21T09:38:40
2021-21-11 04:05:08 AM|root|INFO|user_id 160190870|order_id 5034185136|saved 2021-11-21 04:05:08.|sent 2021-11-21T06:03:37|received 2021-11-21T10:04:58
2021-21-11 05:00:12 AM|root|INFO|user_id 160190870|order_id 5034206377|saved 2021-11-21 05:00:12.|sent 2021-11-21T06:58:28|received 2021-11-21T11:00:01
2021-21-11 05:15:13 AM|root|INFO|user_id 25523702|order_id 5034212354|saved 2021-11-21 05:15:13.|sent 2021-11-21T07:13:58|received 2021-11-21T11:15:05
2021-21-11 05:15:13 AM|root|INFO|user_id 25523702|order_id 5034214250|saved 2021-11-21 05:15:13.|sent 2021-11-21T07:13:57|received 2021-11-21T11:14:36
2021-21-11 05:25:07 AM|root|INFO|user_id 160190870|order_id 5034219811|saved 2021-11-21 05:25:07.|sent 2021-11-21T07:23:49|received 2021-11-21T11:23:57
2021-21-11 06:40:15 AM|root|INFO|user_id 25523702|order_id 5034285644|saved 2021-11-21 06:40:15.|sent 2021-11-21T08:37:30|received 2021-11-21T12:39:2
2021-21-11 07:25:14 AM|root|INFO|user_id 25523702|order_id 5034057547|saved 2021-11-21 07:25:14.|sent 2021-11-20T23:55:32|received 2021-11-21T13:24:13
2021-21-11 07:30:09 AM|root|INFO|user_id 160190870|order_id 5034349330|saved 2021-11-21 07:30:09.|sent 2021-11-21T09:27:14|received 2021-11-21T13:29:13
2021-21-11 07:35:14 AM|root|INFO|user_id 25523702|order_id 5034351796|saved 2021-11-21 07:35:14.|sent 2021-11-21T09:28:59|received 2021-11-21T13:32:43
2021-21-11 07:35:15 AM|root|INFO|user_id 25523702|order_id 5034359169|saved 2021-11-21 07:35:15.|sent 2021-11-21T09:32:37|received 2021-11-21T13:34:42
2021-21-11 07:40:08 AM|root|INFO|user_id 160190870|order_id 5034371064|saved 2021-11-21 07:40:08.|sent 2021-11-21T09:39:54|received 2021-11-21T13:39:59
2021-21-11 07:50:14 AM|root|INFO|user_id 25523702|order_id 5034381181|saved 2021-11-21 07:50:14.|sent 2021-11-21T09:46:53|received 2021-11-21T13:48:51
2021-21-11 07:50:15 AM|root|INFO|user_id 25523702|order_id 5034385166|saved 2021-11-21 07:50:15.|sent 2021-11-21T09:48:02|received 2021-11-21T13:49:5
2021-21-11 07:55:14 AM|root|INFO|user_id 25523702|order_id 5034387290|saved 2021-11-21 07:55:14.|sent 2021-11-21T09:51:03|received 2021-11-21T13:53:0
2021-21-11 08:10:08 AM|root|INFO|user_id 160190870|order_id 5034418371|saved 2021-11-21 08:10:08.|sent 2021-11-21T10:08:33|received 2021-11-21T14:09:51
2021-21-11 08:15:14 AM|root|INFO|user_id 25523702|order_id 5034417957|saved 2021-11-21 08:15:14.|sent 2021-11-21T10:10:30|received 2021-11-21T14:12:
2021-21-11 08:20:09 AM|root|INFO|user_id 160190870|order_id 5034437544|saved 2021-11-21 08:20:09.|sent 2021-11-21T10:19:06|received 2021-11-21T14:19:14
2021-21-11 08:20:15 AM|root|INFO|user_id 25523702|order_id 5034427522|saved 2021-11-21 08:20:15.|sent 2021-11-21T10:15:26|received 2021-11-21T14:17:4
2021-21-11 08:25:08 AM|root|INFO|user_id 160190870|order_id 5034443046|saved 2021-11-21 08:25:08.|sent 2021-11-21T10:21:04|received 2021-11-21T14:23:21
2021-21-11 08:25:08 AM|root|INFO|user_id 160190870|order_id 5034443045|saved 2021-11-21 08:25:08.|sent 2021-11-21T10:21:04|received 2021-11-21T14:23:21
2021-21-11 08:25:15 AM|root|INFO|user_id 25523702|order_id 5034443698|saved 2021-11-21 08:25:15.|sent 2021-11-21T10:24:23|received 2021-11-21T14:25:04
2021-21-11 08:40:08 AM|root|INFO|user_id 160190870|order_id 5034469960|saved 2021-11-21 08:40:08.|sent 2021-11-21T10:39:54|received 2021-11-21T14:39:57
2021-21-11 08:40:15 AM|root|INFO|user_id 25523702|order_id 5034466936|saved 2021-11-21 08:40:15.|sent 2021-11-21T10:36:41|received 2021-11-21T14:38:55
2021-21-11 08:45:07 AM|root|INFO|user_id 160190870|order_id 5034484392|saved 2021-11-21 08:45:07.|sent 2021-11-21T10:44:47|received 2021-11-21T14:44:49
2021-21-11 08:50:08 AM|root|INFO|user_id 160190870|order_id 5034484516|saved 2021-11-21 08:50:08.|sent 2021-11-21T10:45:09|received 2021-11-21T14:47:15
2021-21-11 09:00:11 AM|root|INFO|user_id 160190870|order_id 5034509234|saved 2021-11-21 09:00:11.|sent 2021-11-21T10:59:47|received 2021-11-21T14:59:54
2021-21-11 09:05:07 AM|root|INFO|user_id 160190870|order_id 5034512729|saved 2021-11-21 09:05:07.|sent 2021-11-21T11:01:32|received 2021-11-21T15:03:35
2021-21-11 09:05:07 AM|root|INFO|user_id 160190870|order_id 5034516229|saved 2021-11-21 09:05:07.|sent 2021-11-21T11:03:19|received 2021-11-21T15:04:58
2021-21-11 09:10:14 AM|root|INFO|user_id 25523702|order_id 5034524371|saved 2021-11-21 09:10:14.|sent 2021-11-21T11:07:06|received 2021-11-21T15:09:06
2021-21-11 09:15:07 AM|root|INFO|user_id 160190870|order_id 5034529447|saved 2021-11-21 09:15:07.|sent 2021-11-21T11:10:09|received 2021-11-21T15:12:28
2021-21-11 09:15:07 AM|root|INFO|user_id 160190870|order_id 5034525508|saved 2021-11-21 09:15:07.|sent 2021-11-21T11:10:23|received 2021-11-21T15:12:19
2021-21-11 09:15:07 AM|root|INFO|user_id 160190870|order_id 5034535711|saved 2021-11-21 09:15:07.|sent 2021-11-21T11:14:45|received 2021-11-21T15:14:53
2021-21-11 09:20:07 AM|root|INFO|user_id 160190870|order_id 5034539687|saved 2021-11-21 09:20:07.|sent 2021-11-21T11:17:08|received 2021-11-21T15:19:12
2021-21-11 09:35:08 AM|root|INFO|user_id 160190870|order_id 5034571615|saved 2021-11-21 09:35:08.|sent 2021-11-21T11:33:39|received 2021-11-21T15:35:00
2021-21-11 09:35:14 AM|root|INFO|user_id 25523702|order_id 5034573126|saved 2021-11-21 09:35:14.|sent 2021-11-21T11:33:16|received 2021-11-21T15:35:01
2021-21-11 09:40:07 AM|root|INFO|user_id 160190870|order_id 5034578056|saved 2021-11-21 09:40:07.|sent 2021-11-21T11:35:09|received 2021-11-21T15:37:06
2021-21-11 09:40:07 AM|root|INFO|user_id 160190870|order_id 5034582098|saved 2021-11-21 09:40:07.|sent 2021-11-21T11:38:15|received 2021-11-21T15:39:52
2021-21-11 09:40:07 AM|root|INFO|user_id 160190870|order_id 5034584422|saved 2021-11-21 09:40:07.|sent 2021-11-21T11:39:30|received 2021-11-21T15:39:36
2021-21-11 09:40:13 AM|root|INFO|user_id 25523702|order_id 5034580012|saved 2021-11-21 09:40:13.|sent 2021-11-21T11:37:04|received 2021-11-21T15:39:34
2021-21-11 09:40:13 AM|root|INFO|user_id 25523702|order_id 5034579280|saved 2021-11-21 09:40:13.|sent 2021-11-21T11:37:52|received 2021-11-21T15:39:51
2021-21-11 09:50:08 AM|root|INFO|user_id 160190870|order_id 5034594885|saved 2021-11-21 09:50:08.|sent 2021-11-21T11:46:58|received 2021-11-21T15:48:47
2021-21-11 09:50:08 AM|root|INFO|user_id 160190870|order_id 5034601211|saved 2021-11-21 09:50:08.|sent 2021-11-21T11:48:12|received 2021-11-21T15:49:57
2021-21-11 09:50:14 AM|root|INFO|user_id 25523702|order_id 5034599328|saved 2021-11-21 09:50:14.|sent 2021-11-21T11:48:37|received 2021-11-21T15:49:59
2021-21-11 09:55:13 AM|root|INFO|user_id 25523702|order_id 5034606179|saved 2021-11-21 09:55:13.|sent 2021-11-21T11:51:18|received 2021-11-21T15:53:34
2021-21-11 09:55:13 AM|root|INFO|user_id 25523702|order_id 5034502995|saved 2021-11-21 09:55:13.|sent 2021-11-21T10:56:02|received 2021-11-21T15:54:03
2021-21-11 10:05:08 AM|root|INFO|user_id 160190870|order_id 5034629046|saved 2021-11-21 10:05:08.|sent 2021-11-21T12:03:25|received 2021-11-21T16:04:58
2021-21-11 10:10:08 AM|root|INFO|user_id 160190870|order_id 5034635495|saved 2021-11-21 10:10:08.|sent 2021-11-21T12:08:31|received 2021-11-21T16:09:43
2021-21-11 10:10:14 AM|root|INFO|user_id 25523702|order_id 5034631698|saved 2021-11-21 10:10:14.|sent 2021-11-21T12:05:52|received 2021-11-21T16:07:41
2021-21-11 10:10:14 AM|root|INFO|user_id 25523702|order_id 5034632606|saved 2021-11-21 10:10:14.|sent 2021-11-21T12:06:56|received 2021-11-21T16:09:04
2021-21-11 10:10:14 AM|root|INFO|user_id 25523702|order_id 5034626915|saved 2021-11-21 10:10:14.|sent 2021-11-21T12:06:56|received 2021-11-21T16:09:30
2021-21-11 10:10:14 AM|root|INFO|user_id 25523702|order_id 5034627887|saved 2021-11-21 10:10:14.|sent 2021-11-21T12:06:55|received 2021-11-21T16:09:40
2021-21-11 10:15:08 AM|root|INFO|user_id 160190870|order_id 5034635992|saved 2021-11-21 10:15:08.|sent 2021-11-21T12:10:13|received 2021-11-21T16:12:05
2021-21-11 10:15:08 AM|root|INFO|user_id 160190870|order_id 5034643318|saved 2021-11-21 10:15:08.|sent 2021-11-21T12:11:17|received 2021-11-21T16:12:58
2021-21-11 10:15:08 AM|root|INFO|user_id 160190870|order_id 5034639886|saved 2021-11-21 10:15:08.|sent 2021-11-21T12:13:08|received 2021-11-21T16:14:19
2021-21-11 10:15:14 AM|root|INFO|user_id 25523702|order_id 5034650233|saved 2021-11-21 10:15:14.|sent 2021-11-21T12:14:42|received 2021-11-21T16:14:59
2021-21-11 10:20:14 AM|root|INFO|user_id 25523702|order_id 5034593918|saved 2021-11-21 10:20:14.|sent 2021-11-21T11:46:16|received 2021-11-21T16:18:28
2021-21-11 10:20:15 AM|root|INFO|user_id 25523702|order_id 5034646995|saved 2021-11-21 10:20:15.|sent 2021-11-21T12:16:47|received 2021-11-21T16:18:40
2021-21-11 10:25:07 AM|root|INFO|user_id 160190870|order_id 5034657295|saved 2021-11-21 10:25:07.|sent 2021-11-21T12:20:07|received 2021-11-21T16:21:58
2021-21-11 10:25:08 AM|root|INFO|user_id 160190870|order_id 5034659218|saved 2021-11-21 10:25:08.|sent 2021-11-21T12:20:09|received 2021-11-21T16:22:16
2021-21-11 10:25:08 AM|root|INFO|user_id 160190870|order_id 5034655663|saved 2021-11-21 10:25:08.|sent 2021-11-21T12:20:11|received 2021-11-21T16:22:
2021-21-11 10:25:08 AM|root|INFO|user_id 160190870|order_id 5034657341|saved 2021-11-21 10:25:08.|sent 2021-11-21T12:20:11|received 2021-11-21T16:22:
2021-21-11 10:30:09 AM|root|INFO|user_id 160190870|order_id 5034663830|saved 2021-11-21 10:30:09.|sent 2021-11-21T12:25:22|received 2021-11-21T16:27:38
2021-21-11 10:30:15 AM|root|INFO|user_id 25523702|order_id 5034669828|saved 2021-11-21 10:30:15.|sent 2021-11-21T12:27:56|received 2021-11-21T16:29:53
2021-21-11 10:35:14 AM|root|INFO|user_id 25523702|order_id 5034675627|saved 2021-11-21 10:35:14.|sent 2021-11-21T12:30:48|received 2021-11-21T16:33:32
2021-21-11 10:45:13 AM|root|INFO|user_id 25523702|order_id 5034696406|saved 2021-11-21 10:45:13.|sent 2021-11-21T12:40:07|received 2021-11-21T16:42:06
2021-21-11 10:45:13 AM|root|INFO|user_id 25523702|order_id 5034697445|saved 2021-11-21 10:45:13.|sent 2021-11-21T12:40:53|received 2021-11-21T16:42:44
2021-21-11 10:45:13 AM|root|INFO|user_id 25523702|order_id 5034704458|saved 2021-11-21 10:45:13.|sent 2021-11-21T12:44:04|received 2021-11-21T16:44:11
2021-21-11 10:50:08 AM|root|INFO|user_id 160190870|order_id 5034713586|saved 2021-11-21 10:50:08.|sent 2021-11-21T12:49:37|received 2021-11-21T16:49:46
2021-21-11 10:50:14 AM|root|INFO|user_id 25523702|order_id 5034714091|saved 2021-11-21 10:50:14.|sent 2021-11-21T12:48:39|received 2021-11-21T16:48:45
2021-21-11 10:55:07 AM|root|INFO|user_id 160190870|order_id 5034550778|saved 2021-11-21 10:55:07.|sent 2021-11-21T11:23:55|received 2021-11-21T16:54:25
2021-21-11 10:55:13 AM|root|INFO|user_id 25523702|order_id 5034715450|saved 2021-11-21 10:55:13.|sent 2021-11-21T12:50:16|received 2021-11-21T16:52:19
2021-21-11 10:55:13 AM|root|INFO|user_id 25523702|order_id 5034722462|saved 2021-11-21 10:55:13.|sent 2021-11-21T12:53:16|received 2021-11-21T16:54:54
2021-21-11 11:00:13 AM|root|INFO|user_id 160190870|order_id 5034728380|saved 2021-11-21 11:00:13.|sent 2021-11-21T12:56:10|received 2021-11-21T16:58:1
2021-21-11 11:00:19 AM|root|INFO|user_id 25523702|order_id 5034726726|saved 2021-11-21 11:00:19.|sent 2021-11-21T12:56:53|received 2021-11-21T16:58:45
2021-21-11 11:00:19 AM|root|INFO|user_id 25523702|order_id 5034730199|saved 2021-11-21 11:00:19.|sent 2021-11-21T12:57:26|received 2021-11-21T16:59:22
2021-21-11 11:05:08 AM|root|INFO|user_id 160190870|order_id 5034739258|saved 2021-11-21 11:05:08.|sent 2021-11-21T13:01:40|received 2021-11-21T17:03:45
2021-21-11 11:05:08 AM|root|INFO|user_id 160190870|order_id 5034740722|saved 2021-11-21 11:05:08.|sent 2021-11-21T13:03:36|received 2021-11-21T17:05:01
2021-21-11 11:05:14 AM|root|INFO|user_id 25523702|order_id 5034733898|saved 2021-11-21 11:05:14.|sent 2021-11-21T13:00:54|received 2021-11-21T17:03:01
2021-21-11 11:05:14 AM|root|INFO|user_id 25523702|order_id 5034737088|saved 2021-11-21 11:05:14.|sent 2021-11-21T13:00:33|received 2021-11-21T17:04:56
2021-21-11 11:05:14 AM|root|INFO|user_id 25523702|order_id 5034734737|saved 2021-11-21 11:05:14.|sent 2021-11-21T13:02:04|received 2021-11-21T17:04:00
2021-21-11 11:10:08 AM|root|INFO|user_id 160190870|order_id 5034086124|saved 2021-11-21 11:10:08.|sent 2021-11-21T00:34:14|received 2021-11-21T17:08:13
2021-21-11 11:10:14 AM|root|INFO|user_id 25523702|order_id 5034744201|saved 2021-11-21 11:10:14.|sent 2021-11-21T13:05:06|received 2021-11-21T17:07:43
2021-21-11 11:10:14 AM|root|INFO|user_id 25523702|order_id 5034747795|saved 2021-11-21 11:10:14.|sent 2021-11-21T13:08:34|received 2021-11-21T17:09:58
2021-21-11 11:15:08 AM|root|INFO|user_id 160190870|order_id 5034759102|saved 2021-11-21 11:15:08.|sent 2021-11-21T13:12:50|received 2021-11-21T17:14:53
2021-21-11 11:15:14 AM|root|INFO|user_id 25523702|order_id 5034759766|saved 2021-11-21 11:15:14.|sent 2021-11-21T13:14:51|received 2021-11-21T17:14:58
2021-21-11 11:20:14 AM|root|INFO|user_id 25523702|order_id 5034762819|saved 2021-11-21 11:20:14.|sent 2021-11-21T13:15:48|received 2021-11-21T17:18:00
2021-21-11 11:20:14 AM|root|INFO|user_id 25523702|order_id 5034760565|saved 2021-11-21 11:20:14.|sent 2021-11-21T13:15:32|received 2021-11-21T17:17:56
2021-21-11 11:20:14 AM|root|INFO|user_id 25523702|order_id 5034768291|saved 2021-11-21 11:20:14.|sent 2021-11-21T13:17:19|received 2021-11-21T17:19:06
2021-21-11 11:20:14 AM|root|INFO|user_id 25523702|order_id 5034766887|saved 2021-11-21 11:20:14.|sent 2021-11-21T13:18:27|received 2021-11-21T17:20:06
2021-21-11 11:25:08 AM|root|INFO|user_id 160190870|order_id 5034777352|saved 2021-11-21 11:25:08.|sent 2021-11-21T13:23:00|received 2021-11-21T17:24:55
2021-21-11 11:25:14 AM|root|INFO|user_id 25523702|order_id 5034771915|saved 2021-11-21 11:25:14.|sent 2021-11-21T13:22:30|received 2021-11-21T17:24:4
2021-21-11 11:30:14 AM|root|INFO|user_id 25523702|order_id 5034791105|saved 2021-11-21 11:30:14.|sent 2021-11-21T13:28:58|received 2021-11-21T17:30:06
2021-21-11 11:35:07 AM|root|INFO|user_id 160190870|order_id 5034791389|saved 2021-11-21 11:35:07.|sent 2021-11-21T13:30:07|received 2021-11-21T17:32:16
2021-21-11 11:35:13 AM|root|INFO|user_id 25523702|order_id 5034792437|saved 2021-11-21 11:35:13.|sent 2021-11-21T13:30:05|received 2021-11-21T17:31:56
2021-21-11 11:45:07 AM|root|INFO|user_id 160190870|order_id 5034815732|saved 2021-11-21 11:45:07.|sent 2021-11-21T13:43:18|received 2021-11-21T17:44:59
2021-21-11 11:45:13 AM|root|INFO|user_id 25523702|order_id 5034741771|saved 2021-11-21 11:45:13.|sent 2021-11-21T13:05:50|received 2021-11-21T17:45:04
2021-21-11 11:50:08 AM|root|INFO|user_id 160190870|order_id 5034819796|saved 2021-11-21 11:50:08.|sent 2021-11-21T13:45:13|received 2021-11-21T17:47:23
2021-21-11 11:50:08 AM|root|INFO|user_id 160190870|order_id 5034819887|saved 2021-11-21 11:50:08.|sent 2021-11-21T13:45:42|received 2021-11-21T17:47:44
2021-21-11 11:50:08 AM|root|INFO|user_id 160190870|order_id 5034819799|saved 2021-11-21 11:50:08.|sent 2021-11-21T13:45:14|received 2021-11-21T17:47:36
2021-21-11 11:50:08 AM|root|INFO|user_id 160190870|order_id 5034824791|saved 2021-11-21 11:50:08.|sent 2021-11-21T13:47:28|received 2021-11-21T17:49:30
2021-21-11 11:50:14 AM|root|INFO|user_id 25523702|order_id 5034820889|saved 2021-11-21 11:50:14.|sent 2021-11-21T13:46:44|received 2021-11-21T17:48:42
2021-21-11 11:55:13 AM|root|INFO|user_id 25523702|order_id 5034830411|saved 2021-11-21 11:55:13.|sent 2021-11-21T13:49:25|received 2021-11-21T17:53:38
2021-21-11 12:00:18 PM|root|INFO|user_id 25523702|order_id 5034850192|saved 2021-11-21 12:00:18.|sent 2021-11-21T13:58:32|received 2021-11-21T18:00:00
2021-21-11 12:05:08 PM|root|INFO|user_id 160190870|order_id 5034862180|saved 2021-11-21 12:05:08.|sent 2021-11-21T14:04:22|received 2021-11-21T18:04:28
2021-21-11 12:05:14 PM|root|INFO|user_id 25523702|order_id 5034855360|saved 2021-11-21 12:05:14.|sent 2021-11-21T14:01:38|received 2021-11-21T18:03:29
2021-21-11 12:05:14 PM|root|INFO|user_id 25523702|order_id 5034852981|saved 2021-11-21 12:05:14.|sent 2021-11-21T14:02:41|received 2021-11-21T18:04:40
2021-21-11 12:10:08 PM|root|INFO|user_id 160190870|order_id 5034857786|saved 2021-11-21 12:10:08.|sent 2021-11-21T14:04:51|received 2021-11-21T18:07:28
2021-21-11 12:10:09 PM|root|INFO|user_id 160190870|order_id 5034868024|saved 2021-11-21 12:10:09.|sent 2021-11-21T14:06:58|received 2021-11-21T18:08:45
2021-21-11 12:10:09 PM|root|INFO|user_id 160190870|order_id 5034864460|saved 2021-11-21 12:10:09.|sent 2021-11-21T14:07:20|received 2021-11-21T18:09:2
2021-21-11 12:15:08 PM|root|INFO|user_id 160190870|order_id 5034876314|saved 2021-11-21 12:15:08.|sent 2021-11-21T14:12:59|received 2021-11-21T18:15:01
2021-21-11 12:15:08 PM|root|INFO|user_id 160190870|order_id 5034876316|saved 2021-11-21 12:15:08.|sent 2021-11-21T14:12:59|received 2021-11-21T18:15:01
2021-21-11 12:15:08 PM|root|INFO|user_id 160190870|order_id 5034878669|saved 2021-11-21 12:15:08.|sent 2021-11-21T14:14:53|received 2021-11-21T18:15:00
2021-21-11 12:15:14 PM|root|INFO|user_id 25523702|order_id 5034874250|saved 2021-11-21 12:15:14.|sent 2021-11-21T14:10:52|received 2021-11-21T18:12:50
2021-21-11 12:15:14 PM|root|INFO|user_id 25523702|order_id 5034872530|saved 2021-11-21 12:15:14.|sent 2021-11-21T14:11:20|received 2021-11-21T18:13:21
2021-21-11 12:15:14 PM|root|INFO|user_id 25523702|order_id 5034879297|saved 2021-11-21 12:15:14.|sent 2021-11-21T14:13:47|received 2021-11-21T18:15:03
2021-21-11 12:15:14 PM|root|INFO|user_id 25523702|order_id 5034878395|saved 2021-11-21 12:15:14.|sent 2021-11-21T14:14:00|received 2021-11-21T18:14:08
2021-21-11 12:20:14 PM|root|INFO|user_id 25523702|order_id 5034876945|saved 2021-11-21 12:20:14.|sent 2021-11-21T14:15:30|received 2021-11-21T18:18:15
2021-21-11 12:20:14 PM|root|INFO|user_id 25523702|order_id 5034885833|saved 2021-11-21 12:20:14.|sent 2021-11-21T14:18:39|received 2021-11-21T18:20:0
2021-21-11 12:25:08 PM|root|INFO|user_id 160190870|order_id 5034890131|saved 2021-11-21 12:25:08.|sent 2021-11-21T14:19:40|received 2021-11-21T18:22:23
2021-21-11 12:35:08 PM|root|INFO|user_id 160190870|order_id 5034912656|saved 2021-11-21 12:35:08.|sent 2021-11-21T14:30:51|received 2021-11-21T18:32:49
2021-21-11 12:35:08 PM|root|INFO|user_id 160190870|order_id 5034918361|saved 2021-11-21 12:35:08.|sent 2021-11-21T14:33:10|received 2021-11-21T18:34:58
2021-21-11 12:35:08 PM|root|INFO|user_id 160190870|order_id 5034913795|saved 2021-11-21 12:35:08.|sent 2021-11-21T14:33:32|received 2021-11-21T18:34:4
2021-21-11 12:35:14 PM|root|INFO|user_id 25523702|order_id 5034912826|saved 2021-11-21 12:35:14.|sent 2021-11-21T14:31:22|received 2021-11-21T18:33:05
2021-21-11 12:40:14 PM|root|INFO|user_id 25523702|order_id 5034920950|saved 2021-11-21 12:40:14.|sent 2021-11-21T14:37:08|received 2021-11-21T18:39:00
2021-21-11 12:40:14 PM|root|INFO|user_id 25523702|order_id 5034928579|saved 2021-11-21 12:40:14.|sent 2021-11-21T14:39:53|received 2021-11-21T18:40:01
2021-21-11 12:45:08 PM|root|INFO|user_id 160190870|order_id 5034929789|saved 2021-11-21 12:45:08.|sent 2021-11-21T14:40:41|received 2021-11-21T18:42:28
2021-21-11 12:45:08 PM|root|INFO|user_id 160190870|order_id 5034931595|saved 2021-11-21 12:45:08.|sent 2021-11-21T14:41:12|received 2021-11-21T18:43:04
2021-21-11 12:45:08 PM|root|INFO|user_id 160190870|order_id 5034933499|saved 2021-11-21 12:45:08.|sent 2021-11-21T14:41:59|received 2021-11-21T18:43:47
2021-21-11 12:45:08 PM|root|INFO|user_id 160190870|order_id 5034939174|saved 2021-11-21 12:45:08.|sent 2021-11-21T14:44:04|received 2021-11-21T18:44:10
2021-21-11 12:45:14 PM|root|INFO|user_id 25523702|order_id 5034929725|saved 2021-11-21 12:45:14.|sent 2021-11-21T14:40:26|received 2021-11-21T18:42:0
2021-21-11 12:45:14 PM|root|INFO|user_id 25523702|order_id 5034933213|saved 2021-11-21 12:45:14.|sent 2021-11-21T14:41:08|received 2021-11-21T18:43:14
2021-21-11 12:50:08 PM|root|INFO|user_id 160190870|order_id 5034943556|saved 2021-11-21 12:50:08.|sent 2021-11-21T14:46:16|received 2021-11-21T18:48:1
2021-21-11 12:55:13 PM|root|INFO|user_id 25523702|order_id 5034786424|saved 2021-11-21 12:55:13.|sent 2021-11-21T13:27:07|received 2021-11-21T18:54:34
2021-21-11 12:55:13 PM|root|INFO|user_id 25523702|order_id 5034960287|saved 2021-11-21 12:55:13.|sent 2021-11-21T14:54:32|received 2021-11-21T18:54:40
2021-21-11 01:00:12 PM|root|INFO|user_id 160190870|order_id 5034964454|saved 2021-11-21 13:00:12.|sent 2021-11-21T14:57:19|received 2021-11-21T18:59:
2021-21-11 01:00:12 PM|root|INFO|user_id 160190870|order_id 5034912717|saved 2021-11-21 13:00:12.|sent 2021-11-21T14:31:01|received 2021-11-21T18:59:35
2021-21-11 01:00:12 PM|root|INFO|user_id 160190870|order_id 5034968327|saved 2021-11-21 13:00:12.|sent 2021-11-21T14:58:05|received 2021-11-21T19:00:0
2021-21-11 01:05:08 PM|root|INFO|user_id 160190870|order_id 5034975406|saved 2021-11-21 13:05:08.|sent 2021-11-21T15:02:38|received 2021-11-21T19:04:41
2021-21-11 01:05:08 PM|root|INFO|user_id 160190870|order_id 5034975645|saved 2021-11-21 13:05:08.|sent 2021-11-21T15:03:43|received 2021-11-21T19:04:51
2021-21-11 01:05:14 PM|root|INFO|user_id 25523702|order_id 5034977151|saved 2021-11-21 13:05:14.|sent 2021-11-21T15:02:35|received 2021-11-21T19:04:3
2021-21-11 01:05:14 PM|root|INFO|user_id 25523702|order_id 5034975701|saved 2021-11-21 13:05:14.|sent 2021-11-21T15:04:20|received 2021-11-21T19:04:33
2021-21-11 01:05:14 PM|root|INFO|user_id 25523702|order_id 5034975692|saved 2021-11-21 13:05:14.|sent 2021-11-21T15:04:20|received 2021-11-21T19:04:59
2021-21-11 01:05:15 PM|root|INFO|user_id 25523702|order_id 5034981071|saved 2021-11-21 13:05:15.|sent 2021-11-21T15:04:19|received 2021-11-21T19:05:01
2021-21-11 01:10:14 PM|root|INFO|user_id 25523702|order_id 5034978815|saved 2021-11-21 13:10:14.|sent 2021-11-21T15:06:02|received 2021-11-21T19:08:05
2021-21-11 01:10:14 PM|root|INFO|user_id 25523702|order_id 5034987679|saved 2021-11-21 13:10:14.|sent 2021-11-21T15:08:55|received 2021-11-21T19:10:0
2021-21-11 01:15:07 PM|root|INFO|user_id 160190870|order_id 5034984938|saved 2021-11-21 13:15:07.|sent 2021-11-21T15:10:21|received 2021-11-21T19:13:00
2021-21-11 01:15:07 PM|root|INFO|user_id 160190870|order_id 5034990441|saved 2021-11-21 13:15:07.|sent 2021-11-21T15:11:21|received 2021-11-21T19:13:30
2021-21-11 01:15:07 PM|root|INFO|user_id 160190870|order_id 5034991799|saved 2021-11-21 13:15:07.|sent 2021-11-21T15:12:09|received 2021-11-21T19:14:06
2021-21-11 01:15:13 PM|root|INFO|user_id 25523702|order_id 5034992059|saved 2021-11-21 13:15:13.|sent 2021-11-21T15:10:08|received 2021-11-21T19:12:00
2021-21-11 01:20:08 PM|root|INFO|user_id 160190870|order_id 5035007044|saved 2021-11-21 13:20:08.|sent 2021-11-21T15:18:07|received 2021-11-21T19:19:55
2021-21-11 01:20:08 PM|root|INFO|user_id 160190870|order_id 5035007281|saved 2021-11-21 13:20:08.|sent 2021-11-21T15:19:09|received 2021-11-21T19:19:52
2021-21-11 01:20:14 PM|root|INFO|user_id 25523702|order_id 5034891783|saved 2021-11-21 13:20:14.|sent 2021-11-21T14:21:36|received 2021-11-21T19:18:39
2021-21-11 01:20:14 PM|root|INFO|user_id 25523702|order_id 5035000421|saved 2021-11-21 13:20:14.|sent 2021-11-21T15:15:45|received 2021-11-21T19:18:25
2021-21-11 01:20:14 PM|root|INFO|user_id 25523702|order_id 5034995724|saved 2021-11-21 13:20:14.|sent 2021-11-21T15:14:12|received 2021-11-21T19:19:41
2021-21-11 01:20:14 PM|root|INFO|user_id 25523702|order_id 5035004839|saved 2021-11-21 13:20:14.|sent 2021-11-21T15:18:47|received 2021-11-21T19:20:02
2021-21-11 01:30:09 PM|root|INFO|user_id 160190870|order_id 5035027553|saved 2021-11-21 13:30:09.|sent 2021-11-21T15:29:38|received 2021-11-21T19:29:46
2021-21-11 01:35:08 PM|root|INFO|user_id 160190870|order_id 5035026862|saved 2021-11-21 13:35:08.|sent 2021-11-21T15:30:58|received 2021-11-21T19:33:01
2021-21-11 01:35:13 PM|root|INFO|user_id 25523702|order_id 5035031433|saved 2021-11-21 13:35:13.|sent 2021-11-21T15:30:43|received 2021-11-21T19:32:51
2021-21-11 01:35:14 PM|root|INFO|user_id 25523702|order_id 5035037572|saved 2021-11-21 13:35:14.|sent 2021-11-21T15:34:03|received 2021-11-21T19:34:10
2021-21-11 01:35:14 PM|root|INFO|user_id 25523702|order_id 5035039210|saved 2021-11-21 13:35:14.|sent 2021-11-21T15:34:49|received 2021-11-21T19:35:00
2021-21-11 01:40:08 PM|root|INFO|user_id 160190870|order_id 5035049023|saved 2021-11-21 13:40:08.|sent 2021-11-21T15:38:37|received 2021-11-21T19:39:27
2021-21-11 01:40:08 PM|root|INFO|user_id 160190870|order_id 5035050062|saved 2021-11-21 13:40:08.|sent 2021-11-21T15:38:48|received 2021-11-21T19:39:5
2021-21-11 01:45:08 PM|root|INFO|user_id 160190870|order_id 5035052028|saved 2021-11-21 13:45:08.|sent 2021-11-21T15:40:33|received 2021-11-21T19:42:1
2021-21-11 01:45:14 PM|root|INFO|user_id 25523702|order_id 5035049625|saved 2021-11-21 13:45:14.|sent 2021-11-21T15:40:21|received 2021-11-21T19:42:25
2021-21-11 01:45:14 PM|root|INFO|user_id 25523702|order_id 5035053076|saved 2021-11-21 13:45:14.|sent 2021-11-21T15:41:34|received 2021-11-21T19:44:
2021-21-11 01:50:08 PM|root|INFO|user_id 160190870|order_id 5035060921|saved 2021-11-21 13:50:08.|sent 2021-11-21T15:47:13|received 2021-11-21T19:49:14
2021-21-11 01:50:14 PM|root|INFO|user_id 25523702|order_id 5035063077|saved 2021-11-21 13:50:14.|sent 2021-11-21T15:45:45|received 2021-11-21T19:48:22
2021-21-11 01:50:14 PM|root|INFO|user_id 25523702|order_id 5035066185|saved 2021-11-21 13:50:14.|sent 2021-11-21T15:48:02|received 2021-11-21T19:49:41
2021-21-11 01:50:14 PM|root|INFO|user_id 25523702|order_id 5035064624|saved 2021-11-21 13:50:14.|sent 2021-11-21T15:48:49|received 2021-11-21T19:50:05
2021-21-11 01:55:07 PM|root|INFO|user_id 160190870|order_id 5035082024|saved 2021-11-21 13:55:07.|sent 2021-11-21T15:54:25|received 2021-11-21T19:54:31
2021-21-11 02:00:19 PM|root|INFO|user_id 25523702|order_id 5035078901|saved 2021-11-21 14:00:19.|sent 2021-11-21T15:57:21|received 2021-11-21T20:00:05
2021-21-11 02:00:19 PM|root|INFO|user_id 25523702|order_id 5035087230|saved 2021-11-21 14:00:19.|sent 2021-11-21T15:57:43|received 2021-11-21T19:59:13
2021-21-11 02:00:19 PM|root|INFO|user_id 25523702|order_id 5034068919|saved 2021-11-21 14:00:19.|sent 2021-11-21T00:14:32|received 2021-11-21T19:59:48
2021-21-11 02:00:20 PM|root|INFO|user_id 25523702|order_id 5035089212|saved 2021-11-21 14:00:20.|sent 2021-11-21T15:59:11|received 2021-11-21T19:59:57
2021-21-11 02:05:07 PM|root|INFO|user_id 160190870|order_id 5035092101|saved 2021-11-21 14:05:07.|sent 2021-11-21T16:00:23|received 2021-11-21T20:02:27
2021-21-11 02:05:08 PM|root|INFO|user_id 160190870|order_id 5035090517|saved 2021-11-21 14:05:08.|sent 2021-11-21T16:01:16|received 2021-11-21T20:03:1
2021-21-11 02:10:08 PM|root|INFO|user_id 160190870|order_id 5035106211|saved 2021-11-21 14:10:08.|sent 2021-11-21T16:07:08|received 2021-11-21T20:08:57
2021-21-11 02:15:15 PM|root|INFO|user_id 25523702|order_id 5035112368|saved 2021-11-21 14:15:15.|sent 2021-11-21T16:10:45|received 2021-11-21T20:13:36
2021-21-11 02:20:08 PM|root|INFO|user_id 160190870|order_id 5035126006|saved 2021-11-21 14:20:08.|sent 2021-11-21T16:15:54|received 2021-11-21T20:17:50
2021-21-11 02:20:14 PM|root|INFO|user_id 25523702|order_id 5035121539|saved 2021-11-21 14:20:14.|sent 2021-11-21T16:16:46|received 2021-11-21T20:19:57
2021-21-11 02:20:14 PM|root|INFO|user_id 25523702|order_id 5035124291|saved 2021-11-21 14:20:14.|sent 2021-11-21T16:16:46|received 2021-11-21T20:19:57
2021-21-11 02:20:14 PM|root|INFO|user_id 25523702|order_id 5035120607|saved 2021-11-21 14:20:14.|sent 2021-11-21T16:16:46|received 2021-11-21T20:19:57
2021-21-11 02:20:14 PM|root|INFO|user_id 25523702|order_id 5035131123|saved 2021-11-21 14:20:14.|sent 2021-11-21T16:19:01|received 2021-11-21T20:19:0
2021-21-11 02:25:07 PM|root|INFO|user_id 160190870|order_id 5035133648|saved 2021-11-21 14:25:07.|sent 2021-11-21T16:22:23|received 2021-11-21T20:24:34
2021-21-11 02:25:13 PM|root|INFO|user_id 25523702|order_id 5035129889|saved 2021-11-21 14:25:13.|sent 2021-11-21T16:21:27|received 2021-11-21T20:23:26
2021-21-11 02:25:14 PM|root|INFO|user_id 25523702|order_id 5035133952|saved 2021-11-21 14:25:14.|sent 2021-11-21T16:23:48|received 2021-11-21T20:24:49
2021-21-11 02:30:09 PM|root|INFO|user_id 160190870|order_id 5035148517|saved 2021-11-21 14:30:09.|sent 2021-11-21T16:29:36|received 2021-11-21T20:29:4
2021-21-11 02:30:15 PM|root|INFO|user_id 25523702|order_id 5035144242|saved 2021-11-21 14:30:15.|sent 2021-11-21T16:26:15|received 2021-11-21T20:28:09
2021-21-11 02:30:15 PM|root|INFO|user_id 25523702|order_id 5035144487|saved 2021-11-21 14:30:15.|sent 2021-11-21T16:27:05|received 2021-11-21T20:29:09
2021-21-11 02:35:13 PM|root|INFO|user_id 25523702|order_id 5035106807|saved 2021-11-21 14:35:13.|sent 2021-11-21T16:09:08|received 2021-11-21T20:34:43
2021-21-11 02:35:14 PM|root|INFO|user_id 25523702|order_id 5035136172|saved 2021-11-21 14:35:14.|sent 2021-11-21T16:22:22|received 2021-11-21T20:35:01
2021-21-11 02:35:14 PM|root|INFO|user_id 25523702|order_id 5035123107|saved 2021-11-21 14:35:14.|sent 2021-11-21T16:15:47|received 2021-11-21T20:35:01
2021-21-11 02:40:14 PM|root|INFO|user_id 25523702|order_id 5035161378|saved 2021-11-21 14:40:14.|sent 2021-11-21T16:35:20|received 2021-11-21T20:37:05
2021-21-11 02:40:14 PM|root|INFO|user_id 25523702|order_id 5035160476|saved 2021-11-21 14:40:14.|sent 2021-11-21T16:35:40|received 2021-11-21T20:37:28
2021-21-11 02:40:14 PM|root|INFO|user_id 25523702|order_id 5035163770|saved 2021-11-21 14:40:14.|sent 2021-11-21T16:37:49|received 2021-11-21T20:40:00
2021-21-11 02:40:14 PM|root|INFO|user_id 25523702|order_id 5035167380|saved 2021-11-21 14:40:14.|sent 2021-11-21T16:38:28|received 2021-11-21T20:40:06
2021-21-11 02:40:14 PM|root|INFO|user_id 25523702|order_id 5034910071|saved 2021-11-21 14:40:14.|sent 2021-11-21T14:28:59|received 2021-11-21T20:39:13
2021-21-11 02:40:14 PM|root|INFO|user_id 25523702|order_id 5035170064|saved 2021-11-21 14:40:14.|sent 2021-11-21T16:38:54|received 2021-11-21T20:40:00
2021-21-11 02:45:08 PM|root|INFO|user_id 160190870|order_id 5035182189|saved 2021-11-21 14:45:08.|sent 2021-11-21T16:44:26|received 2021-11-21T20:44:3
2021-21-11 02:45:08 PM|root|INFO|user_id 160190870|order_id 5035178556|saved 2021-11-21 14:45:08.|sent 2021-11-21T16:44:25|received 2021-11-21T20:44:58
2021-21-11 02:45:08 PM|root|INFO|user_id 160190870|order_id 5035177533|saved 2021-11-21 14:45:08.|sent 2021-11-21T16:44:25|received 2021-11-21T20:44:59
2021-21-11 02:45:15 PM|root|INFO|user_id 25523702|order_id 5035179016|saved 2021-11-21 14:45:15.|sent 2021-11-21T16:42:56|received 2021-11-21T20:44:53
2021-21-11 02:55:09 PM|root|INFO|user_id 160190870|order_id 5035186435|saved 2021-11-21 14:55:09.|sent 2021-11-21T16:48:10|received 2021-11-21T20:51:17
2021-21-11 02:55:09 PM|root|INFO|user_id 160190870|order_id 5035194158|saved 2021-11-21 14:55:09.|sent 2021-11-21T16:50:39|received 2021-11-21T20:52:42
2021-21-11 02:55:09 PM|root|INFO|user_id 160190870|order_id 5035198612|saved 2021-11-21 14:55:09.|sent 2021-11-21T16:54:17|received 2021-11-21T20:54:27
2021-21-11 02:55:15 PM|root|INFO|user_id 25523702|order_id 5035177548|saved 2021-11-21 14:55:14.|sent 2021-11-21T16:44:57|received 2021-11-21T20:47:09
2021-21-11 02:55:15 PM|root|INFO|user_id 25523702|order_id 5035093333|saved 2021-11-21 14:55:15.|sent 2021-11-21T16:01:00|received 2021-11-21T20:47:41
2021-21-11 02:55:15 PM|root|INFO|user_id 25523702|order_id 5034500186|saved 2021-11-21 14:55:15.|sent 2021-11-21T10:53:31|received 2021-11-21T20:55:01
2021-21-11 03:00:11 PM|root|INFO|user_id 160190870|order_id 5035206581|saved 2021-11-21 15:00:11.|sent 2021-11-21T16:57:31|received 2021-11-21T20:59:49
2021-21-11 03:00:11 PM|root|INFO|user_id 160190870|order_id 5035203832|saved 2021-11-21 15:00:11.|sent 2021-11-21T16:57:51|received 2021-11-21T20:59:55
2021-21-11 03:00:11 PM|root|INFO|user_id 160190870|order_id 5035203829|saved 2021-11-21 15:00:11.|sent 2021-11-21T16:57:51|received 2021-11-21T20:59:39
2021-21-11 03:00:11 PM|root|INFO|user_id 160190870|order_id 5034041324|saved 2021-11-21 15:00:11.|sent 2021-11-20T23:38:10|received 2021-11-21T20:59:47
2021-21-11 03:00:18 PM|root|INFO|user_id 25523702|order_id 5035210099|saved 2021-11-21 15:00:18.|sent 2021-11-21T16:58:53|received 2021-11-21T21:00:00
2021-21-11 03:00:18 PM|root|INFO|user_id 25523702|order_id 5034723680|saved 2021-11-21 15:00:18.|sent 2021-11-21T12:55:44|received 2021-11-21T20:59:31
2021-21-11 03:05:08 PM|root|INFO|user_id 160190870|order_id 5035219298|saved 2021-11-21 15:05:08.|sent 2021-11-21T17:03:43|received 2021-11-21T21:04:58
2021-21-11 03:05:14 PM|root|INFO|user_id 25523702|order_id 5035212641|saved 2021-11-21 15:05:14.|sent 2021-11-21T17:00:47|received 2021-11-21T21:03:0
2021-21-11 03:05:14 PM|root|INFO|user_id 25523702|order_id 5035214454|saved 2021-11-21 15:05:14.|sent 2021-11-21T17:00:48|received 2021-11-21T21:03:03
2021-21-11 03:05:14 PM|root|INFO|user_id 25523702|order_id 5035211988|saved 2021-11-21 15:05:14.|sent 2021-11-21T17:01:39|received 2021-11-21T21:03:37
2021-21-11 03:05:14 PM|root|INFO|user_id 25523702|order_id 5035212996|saved 2021-11-21 15:05:14.|sent 2021-11-21T17:01:55|received 2021-11-21T21:04:56
2021-21-11 03:10:14 PM|root|INFO|user_id 25523702|order_id 5035223786|saved 2021-11-21 15:10:14.|sent 2021-11-21T17:07:16|received 2021-11-21T21:09:11
2021-21-11 03:15:07 PM|root|INFO|user_id 160190870|order_id 5035238400|saved 2021-11-21 15:15:07.|sent 2021-11-21T17:13:31|received 2021-11-21T21:14:4
2021-21-11 03:15:14 PM|root|INFO|user_id 25523702|order_id 5035234929|saved 2021-11-21 15:15:14.|sent 2021-11-21T17:14:08|received 2021-11-21T21:14:49
2021-21-11 03:20:15 PM|root|INFO|user_id 25523702|order_id 5035246767|saved 2021-11-21 15:20:15.|sent 2021-11-21T17:17:37|received 2021-11-21T21:19:26
2021-21-11 03:20:15 PM|root|INFO|user_id 25523702|order_id 5035242554|saved 2021-11-21 15:20:15.|sent 2021-11-21T17:16:45|received 2021-11-21T21:19:57
2021-21-11 03:25:08 PM|root|INFO|user_id 160190870|order_id 5035253989|saved 2021-11-21 15:25:08.|sent 2021-11-21T17:22:57|received 2021-11-21T21:25:01
2021-21-11 03:30:09 PM|root|INFO|user_id 160190870|order_id 5035261854|saved 2021-11-21 15:30:09.|sent 2021-11-21T17:26:02|received 2021-11-21T21:28:59
2021-21-11 03:30:09 PM|root|INFO|user_id 160190870|order_id 5035270057|saved 2021-11-21 15:30:09.|sent 2021-11-21T17:27:27|received 2021-11-21T21:29:37
2021-21-11 03:30:15 PM|root|INFO|user_id 25523702|order_id 5035259660|saved 2021-11-21 15:30:15.|sent 2021-11-21T17:25:07|received 2021-11-21T21:27:02
2021-21-11 03:30:15 PM|root|INFO|user_id 25523702|order_id 5035259661|saved 2021-11-21 15:30:15.|sent 2021-11-21T17:25:07|received 2021-11-21T21:27:02
2021-21-11 03:30:15 PM|root|INFO|user_id 25523702|order_id 5035181686|saved 2021-11-21 15:30:15.|sent 2021-11-21T16:45:46|received 2021-11-21T21:29:11
2021-21-11 03:30:15 PM|root|INFO|user_id 25523702|order_id 5035263540|saved 2021-11-21 15:30:15.|sent 2021-11-21T17:26:01|received 2021-11-21T21:30:0
2021-21-11 03:30:15 PM|root|INFO|user_id 25523702|order_id 5035266836|saved 2021-11-21 15:30:15.|sent 2021-11-21T17:28:36|received 2021-11-21T21:30:06
2021-21-11 03:30:15 PM|root|INFO|user_id 25523702|order_id 5035263974|saved 2021-11-21 15:30:15.|sent 2021-11-21T17:28:19|received 2021-11-21T21:29:4
2021-21-11 03:35:07 PM|root|INFO|user_id 160190870|order_id 5035273566|saved 2021-11-21 15:35:07.|sent 2021-11-21T17:30:47|received 2021-11-21T21:32:45
2021-21-11 03:35:07 PM|root|INFO|user_id 160190870|order_id 5035279009|saved 2021-11-21 15:35:07.|sent 2021-11-21T17:32:16|received 2021-11-21T21:34:00
2021-21-11 03:35:07 PM|root|INFO|user_id 160190870|order_id 5035278796|saved 2021-11-21 15:35:07.|sent 2021-11-21T17:33:27|received 2021-11-21T21:34:59
2021-21-11 03:35:07 PM|root|INFO|user_id 160190870|order_id 5035277636|saved 2021-11-21 15:35:07.|sent 2021-11-21T17:33:15|received 2021-11-21T21:34:1
2021-21-11 03:35:07 PM|root|INFO|user_id 160190870|order_id 5035282356|saved 2021-11-21 15:35:07.|sent 2021-11-21T17:34:33|received 2021-11-21T21:34:40
2021-21-11 03:40:09 PM|root|INFO|user_id 160190870|order_id 5035282993|saved 2021-11-21 15:40:09.|sent 2021-11-21T17:36:35|received 2021-11-21T21:38:39
2021-21-11 03:50:08 PM|root|INFO|user_id 160190870|order_id 5035301905|saved 2021-11-21 15:50:08.|sent 2021-11-21T17:46:50|received 2021-11-21T21:48:39
2021-21-11 03:50:14 PM|root|INFO|user_id 25523702|order_id 5035308345|saved 2021-11-21 15:50:14.|sent 2021-11-21T17:47:44|received 2021-11-21T21:49:44
2021-21-11 03:55:07 PM|root|INFO|user_id 160190870|order_id 5035314692|saved 2021-11-21 15:55:07.|sent 2021-11-21T17:51:01|received 2021-11-21T21:53:12
2021-21-11 03:55:07 PM|root|INFO|user_id 160190870|order_id 5035321020|saved 2021-11-21 15:55:07.|sent 2021-11-21T17:52:40|received 2021-11-21T21:55:0
2021-21-11 03:55:14 PM|root|INFO|user_id 25523702|order_id 5035313664|saved 2021-11-21 15:55:14.|sent 2021-11-21T17:51:15|received 2021-11-21T21:53:34
2021-21-11 04:00:12 PM|root|INFO|user_id 160190870|order_id 5035325281|saved 2021-11-21 16:00:12.|sent 2021-11-21T17:55:44|received 2021-11-21T21:57:52
2021-21-11 04:00:12 PM|root|INFO|user_id 160190870|order_id 5035328329|saved 2021-11-21 16:00:12.|sent 2021-11-21T17:56:45|received 2021-11-21T21:58:39
2021-21-11 04:00:12 PM|root|INFO|user_id 160190870|order_id 5035326813|saved 2021-11-21 16:00:12.|sent 2021-11-21T17:58:05|received 2021-11-21T21:59:53
2021-21-11 04:00:12 PM|root|INFO|user_id 160190870|order_id 5035336064|saved 2021-11-21 16:00:12.|sent 2021-11-21T17:59:55|received 2021-11-21T22:00:03
2021-21-11 04:00:12 PM|root|INFO|user_id 160190870|order_id 5035334283|saved 2021-11-21 16:00:12.|sent 2021-11-21T17:59:55|received 2021-11-21T22:00:03
2021-21-11 04:05:08 PM|root|INFO|user_id 160190870|order_id 5035337193|saved 2021-11-21 16:05:08.|sent 2021-11-21T18:00:56|received 2021-11-21T22:03:05
2021-21-11 04:05:14 PM|root|INFO|user_id 25523702|order_id 5035334711|saved 2021-11-21 16:05:14.|sent 2021-11-21T18:01:46|received 2021-11-21T22:03:44
2021-21-11 04:10:15 PM|root|INFO|user_id 25523702|order_id 5035351668|saved 2021-11-21 16:10:15.|sent 2021-11-21T18:09:14|received 2021-11-21T22:09:20
2021-21-11 04:15:08 PM|root|INFO|user_id 160190870|order_id 5035363608|saved 2021-11-21 16:15:08.|sent 2021-11-21T18:14:28|received 2021-11-21T22:14:3
2021-21-11 04:15:14 PM|root|INFO|user_id 25523702|order_id 5035357755|saved 2021-11-21 16:15:14.|sent 2021-11-21T18:12:29|received 2021-11-21T22:14:51
2021-21-11 04:20:09 PM|root|INFO|user_id 160190870|order_id 5035365463|saved 2021-11-21 16:20:09.|sent 2021-11-21T18:15:36|received 2021-11-21T22:17:3
2021-21-11 04:20:09 PM|root|INFO|user_id 160190870|order_id 5035364940|saved 2021-11-21 16:20:09.|sent 2021-11-21T18:16:08|received 2021-11-21T22:18:09
2021-21-11 04:20:15 PM|root|INFO|user_id 25523702|order_id 5035360821|saved 2021-11-21 16:20:15.|sent 2021-11-21T18:14:38|received 2021-11-21T22:17:17
2021-21-11 04:20:15 PM|root|INFO|user_id 25523702|order_id 5035364923|saved 2021-11-21 16:20:15.|sent 2021-11-21T18:16:04|received 2021-11-21T22:18:14
2021-21-11 04:20:15 PM|root|INFO|user_id 25523702|order_id 5035367769|saved 2021-11-21 16:20:15.|sent 2021-11-21T18:17:27|received 2021-11-21T22:19:45
2021-21-11 04:20:15 PM|root|INFO|user_id 25523702|order_id 5035372299|saved 2021-11-21 16:20:15.|sent 2021-11-21T18:18:06|received 2021-11-21T22:19:5
2021-21-11 04:25:08 PM|root|INFO|user_id 160190870|order_id 5035378963|saved 2021-11-21 16:25:08.|sent 2021-11-21T18:22:58|received 2021-11-21T22:24:44
2021-21-11 04:25:08 PM|root|INFO|user_id 160190870|order_id 5035384506|saved 2021-11-21 16:25:08.|sent 2021-11-21T18:24:47|received 2021-11-21T22:24:54
2021-21-11 04:25:14 PM|root|INFO|user_id 25523702|order_id 5035212249|saved 2021-11-21 16:25:14.|sent 2021-11-21T16:59:33|received 2021-11-21T22:23:08
2021-21-11 04:25:15 PM|root|INFO|user_id 25523702|order_id 5035378313|saved 2021-11-21 16:25:15.|sent 2021-11-21T18:20:58|received 2021-11-21T22:24:16
2021-21-11 04:30:09 PM|root|INFO|user_id 160190870|order_id 5035382941|saved 2021-11-21 16:30:09.|sent 2021-11-21T18:25:18|received 2021-11-21T22:27:5
2021-21-11 04:30:09 PM|root|INFO|user_id 160190870|order_id 5035389311|saved 2021-11-21 16:30:09.|sent 2021-11-21T18:26:22|received 2021-11-21T22:29:29
2021-21-11 04:30:09 PM|root|INFO|user_id 160190870|order_id 5035392307|saved 2021-11-21 16:30:09.|sent 2021-11-21T18:28:34|received 2021-11-21T22:29:43
2021-21-11 04:30:16 PM|root|INFO|user_id 25523702|order_id 5035394088|saved 2021-11-21 16:30:16.|sent 2021-11-21T18:28:01|received 2021-11-21T22:29:42
2021-21-11 04:35:14 PM|root|INFO|user_id 25523702|order_id 5035357731|saved 2021-11-21 16:35:14.|sent 2021-11-21T18:12:24|received 2021-11-21T22:35:06
2021-21-11 04:35:14 PM|root|INFO|user_id 25523702|order_id 5035403416|saved 2021-11-21 16:35:14.|sent 2021-11-21T18:33:34|received 2021-11-21T22:35:06
2021-21-11 04:35:15 PM|root|INFO|user_id 25523702|order_id 5035369122|saved 2021-11-21 16:35:15.|sent 2021-11-21T18:16:03|received 2021-11-21T22:35:00
2021-21-11 04:40:14 PM|root|INFO|user_id 25523702|order_id 5035411173|saved 2021-11-21 16:40:14.|sent 2021-11-21T18:36:57|received 2021-11-21T22:39:04
2021-21-11 04:40:14 PM|root|INFO|user_id 25523702|order_id 5035416544|saved 2021-11-21 16:40:14.|sent 2021-11-21T18:39:53|received 2021-11-21T22:40:02
2021-21-11 04:45:14 PM|root|INFO|user_id 25523702|order_id 5035421787|saved 2021-11-21 16:45:14.|sent 2021-11-21T18:43:39|received 2021-11-21T22:45:03
2021-21-11 04:45:14 PM|root|INFO|user_id 25523702|order_id 5035421841|saved 2021-11-21 16:45:14.|sent 2021-11-21T18:43:48|received 2021-11-21T22:44:50
2021-21-11 04:50:08 PM|root|INFO|user_id 160190870|order_id 5035427874|saved 2021-11-21 16:50:08.|sent 2021-11-21T18:45:33|received 2021-11-21T22:47:39
2021-21-11 04:50:08 PM|root|INFO|user_id 160190870|order_id 5035428815|saved 2021-11-21 16:50:08.|sent 2021-11-21T18:46:41|received 2021-11-21T22:48:54
2021-21-11 04:50:08 PM|root|INFO|user_id 160190870|order_id 5035433162|saved 2021-11-21 16:50:08.|sent 2021-11-21T18:46:43|received 2021-11-21T22:48:48
2021-21-11 04:50:08 PM|root|INFO|user_id 160190870|order_id 5035431726|saved 2021-11-21 16:50:08.|sent 2021-11-21T18:47:40|received 2021-11-21T22:49:36
2021-21-11 04:50:09 PM|root|INFO|user_id 160190870|order_id 5035435252|saved 2021-11-21 16:50:09.|sent 2021-11-21T18:47:57|received 2021-11-21T22:49:51
2021-21-11 04:50:09 PM|root|INFO|user_id 160190870|order_id 5035436282|saved 2021-11-21 16:50:09.|sent 2021-11-21T18:49:07|received 2021-11-21T22:49:14
2021-21-11 04:50:15 PM|root|INFO|user_id 25523702|order_id 5035427709|saved 2021-11-21 16:50:15.|sent 2021-11-21T18:45:05|received 2021-11-21T22:47:07
2021-21-11 04:55:08 PM|root|INFO|user_id 160190870|order_id 5035433840|saved 2021-11-21 16:55:08.|sent 2021-11-21T18:49:30|received 2021-11-21T22:52:10
2021-21-11 04:55:08 PM|root|INFO|user_id 160190870|order_id 5035439863|saved 2021-11-21 16:55:08.|sent 2021-11-21T18:51:21|received 2021-11-21T22:53:27
2021-21-11 04:55:08 PM|root|INFO|user_id 160190870|order_id 5035194738|saved 2021-11-21 16:55:08.|sent 2021-11-21T16:52:24|received 2021-11-21T22:54:47
2021-21-11 04:55:15 PM|root|INFO|user_id 25523702|order_id 5035440758|saved 2021-11-21 16:55:15.|sent 2021-11-21T18:53:17|received 2021-11-21T22:54:5
2021-21-11 05:00:12 PM|root|INFO|user_id 160190870|order_id 5035448161|saved 2021-11-21 17:00:12.|sent 2021-11-21T18:54:32|received 2021-11-21T22:56:59
2021-21-11 05:00:12 PM|root|INFO|user_id 160190870|order_id 5035456089|saved 2021-11-21 17:00:12.|sent 2021-11-21T18:57:23|received 2021-11-21T22:59:3
2021-21-11 05:05:08 PM|root|INFO|user_id 160190870|order_id 5035463517|saved 2021-11-21 17:05:08.|sent 2021-11-21T19:01:58|received 2021-11-21T23:04:45
2021-21-11 05:05:15 PM|root|INFO|user_id 25523702|order_id 5035465700|saved 2021-11-21 17:05:15.|sent 2021-11-21T19:03:37|received 2021-11-21T23:05:04
2021-21-11 05:05:15 PM|root|INFO|user_id 25523702|order_id 5035468401|saved 2021-11-21 17:05:15.|sent 2021-11-21T19:03:55|received 2021-11-21T23:05:06
2021-21-11 05:10:08 PM|root|INFO|user_id 160190870|order_id 5035466816|saved 2021-11-21 17:10:08.|sent 2021-11-21T19:05:01|received 2021-11-21T23:07:43
2021-21-11 05:10:15 PM|root|INFO|user_id 25523702|order_id 5035477134|saved 2021-11-21 17:10:14.|sent 2021-11-21T19:06:34|received 2021-11-21T23:08:4
2021-21-11 05:15:08 PM|root|INFO|user_id 160190870|order_id 5035488780|saved 2021-11-21 17:15:08.|sent 2021-11-21T19:14:06|received 2021-11-21T23:14:14
2021-21-11 05:15:14 PM|root|INFO|user_id 25523702|order_id 5035481498|saved 2021-11-21 17:15:14.|sent 2021-11-21T19:10:21|received 2021-11-21T23:12:22
2021-21-11 05:15:15 PM|root|INFO|user_id 25523702|order_id 5035490306|saved 2021-11-21 17:15:15.|sent 2021-11-21T19:14:24|received 2021-11-21T23:14:30
2021-21-11 05:20:08 PM|root|INFO|user_id 160190870|order_id 5035496110|saved 2021-11-21 17:20:08.|sent 2021-11-21T19:16:16|received 2021-11-21T23:18:19
2021-21-11 05:20:08 PM|root|INFO|user_id 160190870|order_id 5035500024|saved 2021-11-21 17:20:08.|sent 2021-11-21T19:18:00|received 2021-11-21T23:19:58
2021-21-11 05:20:08 PM|root|INFO|user_id 160190870|order_id 5035499480|saved 2021-11-21 17:20:08.|sent 2021-11-21T19:18:57|received 2021-11-21T23:19:04
2021-21-11 05:20:14 PM|root|INFO|user_id 25523702|order_id 5035502133|saved 2021-11-21 17:20:14.|sent 2021-11-21T19:18:38|received 2021-11-21T23:20:05
2021-21-11 05:20:15 PM|root|INFO|user_id 25523702|order_id 5035499783|saved 2021-11-21 17:20:15.|sent 2021-11-21T19:19:48|received 2021-11-21T23:19:56
2021-21-11 05:25:08 PM|root|INFO|user_id 160190870|order_id 5035509078|saved 2021-11-21 17:25:08.|sent 2021-11-21T19:22:17|received 2021-11-21T23:24:0
2021-21-11 05:25:08 PM|root|INFO|user_id 160190870|order_id 5035438204|saved 2021-11-21 17:25:08.|sent 2021-11-21T18:49:02|received 2021-11-21T23:24:56
2021-21-11 05:25:14 PM|root|INFO|user_id 25523702|order_id 5035508153|saved 2021-11-21 17:25:14.|sent 2021-11-21T19:22:32|received 2021-11-21T23:25:00
2021-21-11 05:25:14 PM|root|INFO|user_id 25523702|order_id 5035511517|saved 2021-11-21 17:25:14.|sent 2021-11-21T19:24:25|received 2021-11-21T23:24:31
2021-21-11 05:25:14 PM|root|INFO|user_id 25523702|order_id 5035511513|saved 2021-11-21 17:25:14.|sent 2021-11-21T19:24:25|received 2021-11-21T23:24:35
2021-21-11 05:30:09 PM|root|INFO|user_id 160190870|order_id 5035517226|saved 2021-11-21 17:30:09.|sent 2021-11-21T19:26:47|received 2021-11-21T23:29:11
2021-21-11 05:30:09 PM|root|INFO|user_id 160190870|order_id 5035522543|saved 2021-11-21 17:30:09.|sent 2021-11-21T19:29:42|received 2021-11-21T23:29:49
2021-21-11 05:30:15 PM|root|INFO|user_id 25523702|order_id 5035512845|saved 2021-11-21 17:30:15.|sent 2021-11-21T19:25:52|received 2021-11-21T23:27:50
2021-21-11 05:35:08 PM|root|INFO|user_id 160190870|order_id 5035530180|saved 2021-11-21 17:35:08.|sent 2021-11-21T19:32:31|received 2021-11-21T23:34:25
2021-21-11 05:35:14 PM|root|INFO|user_id 25523702|order_id 5035531122|saved 2021-11-21 17:35:14.|sent 2021-11-21T19:32:44|received 2021-11-21T23:34:56
2021-21-11 05:40:08 PM|root|INFO|user_id 160190870|order_id 5035535355|saved 2021-11-21 17:40:08.|sent 2021-11-21T19:35:27|received 2021-11-21T23:37:59
2021-21-11 05:40:08 PM|root|INFO|user_id 160190870|order_id 5035535583|saved 2021-11-21 17:40:08.|sent 2021-11-21T19:36:20|received 2021-11-21T23:37:31
2021-21-11 05:40:15 PM|root|INFO|user_id 25523702|order_id 5035545228|saved 2021-11-21 17:40:15.|sent 2021-11-21T19:39:21|received 2021-11-21T23:39:29
2021-21-11 05:45:08 PM|root|INFO|user_id 160190870|order_id 5035556014|saved 2021-11-21 17:45:08.|sent 2021-11-21T19:44:05|received 2021-11-21T23:44:11
2021-21-11 05:45:14 PM|root|INFO|user_id 25523702|order_id 5035543765|saved 2021-11-21 17:45:14.|sent 2021-11-21T19:40:46|received 2021-11-21T23:43:06
2021-21-11 05:45:14 PM|root|INFO|user_id 25523702|order_id 5035486844|saved 2021-11-21 17:45:14.|sent 2021-11-21T19:13:42|received 2021-11-21T23:44:17
2021-21-11 05:50:07 PM|root|INFO|user_id 160190870|order_id 5035558055|saved 2021-11-21 17:50:07.|sent 2021-11-21T19:45:47|received 2021-11-21T23:48:11
2021-21-11 05:50:08 PM|root|INFO|user_id 160190870|order_id 5035556578|saved 2021-11-21 17:50:08.|sent 2021-11-21T19:46:35|received 2021-11-21T23:48:21
2021-21-11 05:55:08 PM|root|INFO|user_id 160190870|order_id 5035578115|saved 2021-11-21 17:55:08.|sent 2021-11-21T19:54:46|received 2021-11-21T23:54:52
2021-21-11 05:55:14 PM|root|INFO|user_id 25523702|order_id 5035569777|saved 2021-11-21 17:55:14.|sent 2021-11-21T19:52:38|received 2021-11-21T23:54:4
2021-21-11 06:05:02 PM|root|INFO|user_id 160190870|order_id 5035591160|saved 2021-11-21 18:05:02.|sent 2021-11-21T20:01:15|received 2021-11-22T00:04:44
2021-21-11 06:05:02 PM|root|INFO|user_id 160190870|order_id 5035594435|saved 2021-11-21 18:05:02.|sent 2021-11-21T20:02:52|received 2021-11-22T00:04:55
2021-21-11 06:10:03 PM|root|INFO|user_id 25523702|order_id 5035599490|saved 2021-11-21 18:10:03.|sent 2021-11-21T20:05:19|received 2021-11-22T00:07:14
2021-21-11 06:10:03 PM|root|INFO|user_id 25523702|order_id 5035599915|saved 2021-11-21 18:10:03.|sent 2021-11-21T20:06:30|received 2021-11-22T00:08:27
2021-21-11 06:10:03 PM|root|INFO|user_id 25523702|order_id 5035607313|saved 2021-11-21 18:10:03.|sent 2021-11-21T20:08:31|received 2021-11-22T00:09:48
2021-21-11 06:15:03 PM|root|INFO|user_id 160190870|order_id 5035620143|saved 2021-11-21 18:15:03.|sent 2021-11-21T20:13:53|received 2021-11-22T00:15:01
2021-21-11 06:15:04 PM|root|INFO|user_id 25523702|order_id 5035613744|saved 2021-11-21 18:15:04.|sent 2021-11-21T20:12:48|received 2021-11-22T00:14:35
2021-21-11 06:15:04 PM|root|INFO|user_id 25523702|order_id 5035616527|saved 2021-11-21 18:15:04.|sent 2021-11-21T20:13:51|received 2021-11-22T00:15:02
2021-21-11 06:20:03 PM|root|INFO|user_id 160190870|order_id 5035631249|saved 2021-11-21 18:20:03.|sent 2021-11-21T20:19:45|received 2021-11-22T00:19:5
2021-21-11 06:20:03 PM|root|INFO|user_id 25523702|order_id 5035623360|saved 2021-11-21 18:20:03.|sent 2021-11-21T20:16:24|received 2021-11-22T00:18:25
2021-21-11 06:20:04 PM|root|INFO|user_id 25523702|order_id 5035622414|saved 2021-11-21 18:20:04.|sent 2021-11-21T20:16:22|received 2021-11-22T00:18:27
2021-21-11 06:20:04 PM|root|INFO|user_id 25523702|order_id 5035626367|saved 2021-11-21 18:20:04.|sent 2021-11-21T20:17:19|received 2021-11-22T00:19:34
2021-21-11 06:20:04 PM|root|INFO|user_id 25523702|order_id 5035621675|saved 2021-11-21 18:20:04.|sent 2021-11-21T20:16:28|received 2021-11-22T00:19:35
2021-21-11 06:20:04 PM|root|INFO|user_id 25523702|order_id 5035625403|saved 2021-11-21 18:20:04.|sent 2021-11-21T20:17:48|received 2021-11-22T00:19:36
2021-21-11 06:25:02 PM|root|INFO|user_id 160190870|order_id 5035627623|saved 2021-11-21 18:25:02.|sent 2021-11-21T20:19:07|received 2021-11-22T00:22:22
2021-21-11 06:25:02 PM|root|INFO|user_id 160190870|order_id 5035637042|saved 2021-11-21 18:25:02.|sent 2021-11-21T20:21:11|received 2021-11-22T00:23:30
2021-21-11 06:25:02 PM|root|INFO|user_id 160190870|order_id 5035638381|saved 2021-11-21 18:25:02.|sent 2021-11-21T20:23:17|received 2021-11-22T00:24:59
2021-21-11 06:25:02 PM|root|INFO|user_id 160190870|order_id 5035640170|saved 2021-11-21 18:25:02.|sent 2021-11-21T20:23:24|received 2021-11-22T00:24:33
2021-21-11 06:30:05 PM|root|INFO|user_id 25523702|order_id 5035648690|saved 2021-11-21 18:30:05.|sent 2021-11-21T20:29:25|received 2021-11-22T00:29:3
2021-21-11 06:30:05 PM|root|INFO|user_id 25523702|order_id 5035646049|saved 2021-11-21 18:30:05.|sent 2021-11-21T20:25:54|received 2021-11-22T00:29:39
2021-21-11 06:35:05 PM|root|INFO|user_id 25523702|order_id 5035655480|saved 2021-11-21 18:35:05.|sent 2021-11-21T20:30:58|received 2021-11-22T00:33:25
2021-21-11 06:35:05 PM|root|INFO|user_id 25523702|order_id 5035655507|saved 2021-11-21 18:35:05.|sent 2021-11-21T20:31:02|received 2021-11-22T00:33:27
2021-21-11 06:35:05 PM|root|INFO|user_id 25523702|order_id 5035661416|saved 2021-11-21 18:35:05.|sent 2021-11-21T20:33:32|received 2021-11-22T00:34:32
2021-21-11 06:35:05 PM|root|INFO|user_id 25523702|order_id 5035661674|saved 2021-11-21 18:35:05.|sent 2021-11-21T20:34:17|received 2021-11-22T00:34:2
2021-21-11 06:40:03 PM|root|INFO|user_id 160190870|order_id 5035665857|saved 2021-11-21 18:40:03.|sent 2021-11-21T20:36:53|received 2021-11-22T00:38:58
2021-21-11 06:40:04 PM|root|INFO|user_id 160190870|order_id 5035666812|saved 2021-11-21 18:40:04.|sent 2021-11-21T20:37:34|received 2021-11-22T00:39:3
2021-21-11 06:40:06 PM|root|INFO|user_id 25523702|order_id 5035667577|saved 2021-11-21 18:40:06.|sent 2021-11-21T20:36:56|received 2021-11-22T00:38:52
2021-21-11 06:40:06 PM|root|INFO|user_id 25523702|order_id 5035674432|saved 2021-11-21 18:40:06.|sent 2021-11-21T20:39:28|received 2021-11-22T00:39:35
2021-21-11 06:45:02 PM|root|INFO|user_id 160190870|order_id 5035679263|saved 2021-11-21 18:45:02.|sent 2021-11-21T20:41:46|received 2021-11-22T00:43:57
2021-21-11 06:45:03 PM|root|INFO|user_id 160190870|order_id 5035673964|saved 2021-11-21 18:45:03.|sent 2021-11-21T20:41:24|received 2021-11-22T00:44:02
2021-21-11 06:45:05 PM|root|INFO|user_id 25523702|order_id 5035678040|saved 2021-11-21 18:45:05.|sent 2021-11-21T20:40:11|received 2021-11-22T00:42:0
2021-21-11 06:45:05 PM|root|INFO|user_id 25523702|order_id 5035677823|saved 2021-11-21 18:45:05.|sent 2021-11-21T20:41:54|received 2021-11-22T00:43:54
2021-21-11 06:50:07 PM|root|INFO|user_id 25523702|order_id 5035693083|saved 2021-11-21 18:50:07.|sent 2021-11-21T20:46:57|received 2021-11-22T00:49:06
2021-21-11 06:50:07 PM|root|INFO|user_id 25523702|order_id 5035693711|saved 2021-11-21 18:50:07.|sent 2021-11-21T20:48:40|received 2021-11-22T00:49:57
2021-21-11 06:55:03 PM|root|INFO|user_id 160190870|order_id 5035697843|saved 2021-11-21 18:55:03.|sent 2021-11-21T20:51:48|received 2021-11-22T00:54:11
2021-21-11 06:55:03 PM|root|INFO|user_id 160190870|order_id 5035699833|saved 2021-11-21 18:55:03.|sent 2021-11-21T20:52:29|received 2021-11-22T00:54:24
2021-21-11 06:55:03 PM|root|INFO|user_id 160190870|order_id 5035707190|saved 2021-11-21 18:55:03.|sent 2021-11-21T20:53:54|received 2021-11-22T00:54:05
2021-21-11 06:55:07 PM|root|INFO|user_id 25523702|order_id 5035696795|saved 2021-11-21 18:55:07.|sent 2021-11-21T20:50:52|received 2021-11-22T00:52:57
2021-21-11 07:00:07 PM|root|INFO|user_id 160190870|order_id 5035704974|saved 2021-11-21 19:00:07.|sent 2021-11-21T20:55:03|received 2021-11-22T00:57:03
2021-21-11 07:00:10 PM|root|INFO|user_id 25523702|order_id 5035713260|saved 2021-11-21 19:00:10.|sent 2021-11-21T20:56:50|received 2021-11-22T00:57:55
2021-21-11 07:00:10 PM|root|INFO|user_id 25523702|order_id 5035718727|saved 2021-11-21 19:00:10.|sent 2021-11-21T20:59:56|received 2021-11-22T01:00:02
2021-21-11 07:05:04 PM|root|INFO|user_id 160190870|order_id 5035721678|saved 2021-11-21 19:05:04.|sent 2021-11-21T21:02:06|received 2021-11-22T01:04:35
2021-21-11 07:10:04 PM|root|INFO|user_id 160190870|order_id 5035728995|saved 2021-11-21 19:10:04.|sent 2021-11-21T21:05:51|received 2021-11-22T01:07:43
2021-21-11 07:10:04 PM|root|INFO|user_id 160190870|order_id 5035733393|saved 2021-11-21 19:10:04.|sent 2021-11-21T21:06:24|received 2021-11-22T01:09:40
2021-21-11 07:10:07 PM|root|INFO|user_id 25523702|order_id 5035732468|saved 2021-11-21 19:10:07.|sent 2021-11-21T21:06:09|received 2021-11-22T01:08:16
2021-21-11 07:10:07 PM|root|INFO|user_id 25523702|order_id 5035736082|saved 2021-11-21 19:10:07.|sent 2021-11-21T21:06:27|received 2021-11-22T01:08:22
2021-21-11 07:15:03 PM|root|INFO|user_id 160190870|order_id 5035694553|saved 2021-11-21 19:15:03.|sent 2021-11-21T20:48:35|received 2021-11-22T01:14:18
2021-21-11 07:15:07 PM|root|INFO|user_id 25523702|order_id 5035734451|saved 2021-11-21 19:15:07.|sent 2021-11-21T21:06:33|received 2021-11-22T01:14:31
2021-21-11 07:15:07 PM|root|INFO|user_id 25523702|order_id 5035753161|saved 2021-11-21 19:15:07.|sent 2021-11-21T21:14:40|received 2021-11-22T01:14:48
2021-21-11 07:20:07 PM|root|INFO|user_id 160190870|order_id 5035756153|saved 2021-11-21 19:20:07.|sent 2021-11-21T21:15:37|received 2021-11-22T01:16:54
2021-21-11 07:20:07 PM|root|INFO|user_id 160190870|order_id 5035758042|saved 2021-11-21 19:20:07.|sent 2021-11-21T21:16:57|received 2021-11-22T01:19:36
2021-21-11 07:20:12 PM|root|INFO|user_id 25523702|order_id 5035752222|saved 2021-11-21 19:20:12.|sent 2021-11-21T21:14:45|received 2021-11-22T01:17:59
2021-21-11 07:30:05 PM|root|INFO|user_id 160190870|order_id 5035779410|saved 2021-11-21 19:30:05.|sent 2021-11-21T21:28:29|received 2021-11-22T01:29:56
2021-21-11 07:30:06 PM|root|INFO|user_id 160190870|order_id 5035775986|saved 2021-11-21 19:30:06.|sent 2021-11-21T21:28:29|received 2021-11-22T01:29:56
2021-21-11 07:30:10 PM|root|INFO|user_id 25523702|order_id 5035782401|saved 2021-11-21 19:30:10.|sent 2021-11-21T21:29:18|received 2021-11-22T01:29:25
2021-21-11 07:30:10 PM|root|INFO|user_id 25523702|order_id 5035783225|saved 2021-11-21 19:30:10.|sent 2021-11-21T21:29:18|received 2021-11-22T01:29:25
2021-21-11 07:30:10 PM|root|INFO|user_id 25523702|order_id 5035782402|saved 2021-11-21 19:30:10.|sent 2021-11-21T21:29:18|received 2021-11-22T01:29:27
2021-21-11 07:30:10 PM|root|INFO|user_id 25523702|order_id 5035779770|saved 2021-11-21 19:30:10.|sent 2021-11-21T21:29:18|received 2021-11-22T01:29:27
2021-21-11 07:30:10 PM|root|INFO|user_id 25523702|order_id 5035783226|saved 2021-11-21 19:30:10.|sent 2021-11-21T21:29:18|received 2021-11-22T01:29:28
2021-21-11 07:35:05 PM|root|INFO|user_id 160190870|order_id 5035789274|saved 2021-11-21 19:35:05.|sent 2021-11-21T21:32:31|received 2021-11-22T01:34:27
2021-21-11 07:35:05 PM|root|INFO|user_id 160190870|order_id 5035788898|saved 2021-11-21 19:35:05.|sent 2021-11-21T21:33:41|received 2021-11-22T01:34:51
2021-21-11 07:40:05 PM|root|INFO|user_id 160190870|order_id 5035796124|saved 2021-11-21 19:40:05.|sent 2021-11-21T21:35:26|received 2021-11-22T01:38:14
2021-21-11 07:40:06 PM|root|INFO|user_id 160190870|order_id 5035796355|saved 2021-11-21 19:40:06.|sent 2021-11-21T21:36:10|received 2021-11-22T01:38:16
2021-21-11 07:40:06 PM|root|INFO|user_id 160190870|order_id 5035803018|saved 2021-11-21 19:40:06.|sent 2021-11-21T21:38:18|received 2021-11-22T01:40:0
2021-21-11 07:40:06 PM|root|INFO|user_id 160190870|order_id 5035799892|saved 2021-11-21 19:40:06.|sent 2021-11-21T21:39:01|received 2021-11-22T01:39:39
2021-21-11 07:45:05 PM|root|INFO|user_id 160190870|order_id 5035806684|saved 2021-11-21 19:45:05.|sent 2021-11-21T21:41:24|received 2021-11-22T01:43:0
2021-21-11 07:50:06 PM|root|INFO|user_id 160190870|order_id 5035827098|saved 2021-11-21 19:50:06.|sent 2021-11-21T21:49:33|received 2021-11-22T01:49:40
2021-21-11 07:50:11 PM|root|INFO|user_id 25523702|order_id 5035824046|saved 2021-11-21 19:50:11.|sent 2021-11-21T21:48:20|received 2021-11-22T01:50:00
2021-21-11 07:50:11 PM|root|INFO|user_id 25523702|order_id 5035739892|saved 2021-11-21 19:50:11.|sent 2021-11-21T21:10:25|received 2021-11-22T01:49:06
2021-21-11 07:50:11 PM|root|INFO|user_id 25523702|order_id 5035826078|saved 2021-11-21 19:50:11.|sent 2021-11-21T21:49:14|received 2021-11-22T01:49:23
2021-21-11 07:55:09 PM|root|INFO|user_id 160190870|order_id 5035822826|saved 2021-11-21 19:55:09.|sent 2021-11-21T21:50:09|received 2021-11-22T01:52:36
2021-21-11 07:55:09 PM|root|INFO|user_id 160190870|order_id 5035828200|saved 2021-11-21 19:55:09.|sent 2021-11-21T21:51:21|received 2021-11-22T01:53:15
2021-21-11 07:55:09 PM|root|INFO|user_id 160190870|order_id 5035828299|saved 2021-11-21 19:55:09.|sent 2021-11-21T21:51:43|received 2021-11-22T01:53:38
2021-21-11 07:55:09 PM|root|INFO|user_id 160190870|order_id 5035829232|saved 2021-11-21 19:55:09.|sent 2021-11-21T21:51:43|received 2021-11-22T01:53:38
2021-21-11 07:55:09 PM|root|INFO|user_id 160190870|order_id 5035828298|saved 2021-11-21 19:55:09.|sent 2021-11-21T21:51:43|received 2021-11-22T01:53:38
2021-21-11 07:55:09 PM|root|INFO|user_id 160190870|order_id 5035827546|saved 2021-11-21 19:55:09.|sent 2021-11-21T21:51:20|received 2021-11-22T01:53:36
2021-21-11 07:55:10 PM|root|INFO|user_id 160190870|order_id 5035833147|saved 2021-11-21 19:55:10.|sent 2021-11-21T21:52:45|received 2021-11-22T01:54:50
2021-21-11 07:55:10 PM|root|INFO|user_id 160190870|order_id 5035833500|saved 2021-11-21 19:55:10.|sent 2021-11-21T21:53:53|received 2021-11-22T01:54:00
2021-21-11 07:55:20 PM|root|INFO|user_id 25523702|order_id 5035824838|saved 2021-11-21 19:55:20.|sent 2021-11-21T21:50:44|received 2021-11-22T01:52:37
2021-21-11 07:55:20 PM|root|INFO|user_id 25523702|order_id 5035832578|saved 2021-11-21 19:55:20.|sent 2021-11-21T21:53:40|received 2021-11-22T01:54:48
2021-21-11 08:05:14 PM|root|INFO|user_id 160190870|order_id 5035848198|saved 2021-11-21 20:05:14.|sent 2021-11-21T22:01:16|received 2021-11-22T02:03:18
2021-21-11 08:05:20 PM|root|INFO|user_id 25523702|order_id 5035844482|saved 2021-11-21 20:05:20.|sent 2021-11-21T21:59:55|received 2021-11-22T02:03:40
2021-21-11 08:10:12 PM|root|INFO|user_id 160190870|order_id 5035858380|saved 2021-11-21 20:10:12.|sent 2021-11-21T22:06:23|received 2021-11-22T02:08:4
2021-21-11 08:10:12 PM|root|INFO|user_id 160190870|order_id 5035855649|saved 2021-11-21 20:10:12.|sent 2021-11-21T22:06:16|received 2021-11-22T02:09:40
2021-21-11 08:10:12 PM|root|INFO|user_id 160190870|order_id 5035863193|saved 2021-11-21 20:10:12.|sent 2021-11-21T22:09:01|received 2021-11-22T02:09:09
2021-21-11 08:15:11 PM|root|INFO|user_id 160190870|order_id 5035869071|saved 2021-11-21 20:15:11.|sent 2021-11-21T22:11:18|received 2021-11-22T02:13:17
2021-21-11 08:15:11 PM|root|INFO|user_id 160190870|order_id 5035869333|saved 2021-11-21 20:15:11.|sent 2021-11-21T22:12:17|received 2021-11-22T02:14:
2021-21-11 08:15:12 PM|root|INFO|user_id 160190870|order_id 5035871742|saved 2021-11-21 20:15:11.|sent 2021-11-21T22:14:55|received 2021-11-22T02:15:00
2021-21-11 08:15:19 PM|root|INFO|user_id 25523702|order_id 5035870645|saved 2021-11-21 20:15:19.|sent 2021-11-21T22:14:17|received 2021-11-22T02:14:28
2021-21-11 08:20:26 PM|root|INFO|user_id 25523702|order_id 5035872873|saved 2021-11-21 20:20:26.|sent 2021-11-21T22:15:47|received 2021-11-22T02:17:3
2021-21-11 08:20:26 PM|root|INFO|user_id 25523702|order_id 5035879623|saved 2021-11-21 20:20:26.|sent 2021-11-21T22:18:27|received 2021-11-22T02:20:09
2021-21-11 08:20:26 PM|root|INFO|user_id 25523702|order_id 5035881164|saved 2021-11-21 20:20:26.|sent 2021-11-21T22:18:44|received 2021-11-22T02:20:09
2021-21-11 08:20:26 PM|root|INFO|user_id 25523702|order_id 5035878927|saved 2021-11-21 20:20:26.|sent 2021-11-21T22:19:10|received 2021-11-22T02:19:18
2021-21-11 08:25:14 PM|root|INFO|user_id 25523702|order_id 5035883183|saved 2021-11-21 20:25:14.|sent 2021-11-21T22:19:36|received 2021-11-22T02:22:25
2021-21-11 08:35:07 PM|root|INFO|user_id 160190870|order_id 5035888933|saved 2021-11-21 20:35:07.|sent 2021-11-21T22:25:12|received 2021-11-22T02:27:06
2021-21-11 08:35:07 PM|root|INFO|user_id 160190870|order_id 5035897272|saved 2021-11-21 20:35:07.|sent 2021-11-21T22:28:02|received 2021-11-22T02:30:06
2021-21-11 08:35:07 PM|root|INFO|user_id 160190870|order_id 5035894899|saved 2021-11-21 20:35:07.|sent 2021-11-21T22:28:46|received 2021-11-22T02:30:41
2021-21-11 08:35:08 PM|root|INFO|user_id 160190870|order_id 5035901067|saved 2021-11-21 20:35:08.|sent 2021-11-21T22:29:25|received 2021-11-22T02:31:51
2021-21-11 08:35:08 PM|root|INFO|user_id 160190870|order_id 5035905344|saved 2021-11-21 20:35:08.|sent 2021-11-21T22:32:28|received 2021-11-22T02:34:15
2021-21-11 08:35:09 PM|root|INFO|user_id 160190870|order_id 5035906617|saved 2021-11-21 20:35:09.|sent 2021-11-21T22:33:52|received 2021-11-22T02:34:55
2021-21-11 08:35:15 PM|root|INFO|user_id 25523702|order_id 5035904002|saved 2021-11-21 20:35:15.|sent 2021-11-21T22:31:00|received 2021-11-22T02:34:55
2021-21-11 08:35:15 PM|root|INFO|user_id 25523702|order_id 5035771653|saved 2021-11-21 20:35:15.|sent 2021-11-21T21:24:38|received 2021-11-22T02:35:0
2021-21-11 08:35:15 PM|root|INFO|user_id 25523702|order_id 5035904705|saved 2021-11-21 20:35:15.|sent 2021-11-21T22:33:33|received 2021-11-22T02:35:07
2021-21-11 08:35:15 PM|root|INFO|user_id 25523702|order_id 5035905738|saved 2021-11-21 20:35:15.|sent 2021-11-21T22:33:59|received 2021-11-22T02:35:07
2021-21-11 08:40:19 PM|root|INFO|user_id 160190870|order_id 5035869705|saved 2021-11-21 20:40:19.|sent 2021-11-21T22:13:35|received 2021-11-22T02:38:
2021-21-11 08:40:29 PM|root|INFO|user_id 25523702|order_id 5035911936|saved 2021-11-21 20:40:29.|sent 2021-11-21T22:38:35|received 2021-11-22T02:40:13
2021-21-11 08:45:09 PM|root|INFO|user_id 160190870|order_id 5035920122|saved 2021-11-21 20:45:09.|sent 2021-11-21T22:40:41|received 2021-11-22T02:42:32
2021-21-11 08:45:10 PM|root|INFO|user_id 160190870|order_id 5035924245|saved 2021-11-21 20:45:10.|sent 2021-11-21T22:43:20|received 2021-11-22T02:44:45
2021-21-11 08:45:10 PM|root|INFO|user_id 160190870|order_id 5035924398|saved 2021-11-21 20:45:10.|sent 2021-11-21T22:43:55|received 2021-11-22T02:44:02
2021-21-11 08:45:18 PM|root|INFO|user_id 25523702|order_id 5035926327|saved 2021-11-21 20:45:18.|sent 2021-11-21T22:44:26|received 2021-11-22T02:44:34
2021-21-11 08:50:09 PM|root|INFO|user_id 160190870|order_id 5035931693|saved 2021-11-21 20:50:09.|sent 2021-11-21T22:49:30|received 2021-11-22T02:49:37
2021-21-11 08:50:15 PM|root|INFO|user_id 25523702|order_id 5035923961|saved 2021-11-21 20:50:15.|sent 2021-11-21T22:45:42|received 2021-11-22T02:47:49
2021-21-11 08:50:15 PM|root|INFO|user_id 25523702|order_id 5035932631|saved 2021-11-21 20:50:15.|sent 2021-11-21T22:49:45|received 2021-11-22T02:49:52
2021-21-11 08:55:10 PM|root|INFO|user_id 160190870|order_id 5035930967|saved 2021-11-21 20:55:10.|sent 2021-11-21T22:51:03|received 2021-11-22T02:53:53
2021-21-11 08:55:10 PM|root|INFO|user_id 160190870|order_id 5035936772|saved 2021-11-21 20:55:10.|sent 2021-11-21T22:53:42|received 2021-11-22T02:53:48
2021-21-11 08:55:10 PM|root|INFO|user_id 160190870|order_id 5035940696|saved 2021-11-21 20:55:10.|sent 2021-11-21T22:54:37|received 2021-11-22T02:54:45
2021-21-11 09:00:10 PM|root|INFO|user_id 160190870|order_id 5035937922|saved 2021-11-21 21:00:10.|sent 2021-11-21T22:54:58|received 2021-11-22T02:57:06
2021-21-11 09:00:10 PM|root|INFO|user_id 160190870|order_id 5035943085|saved 2021-11-21 21:00:10.|sent 2021-11-21T22:55:07|received 2021-11-22T02:57:09
2021-21-11 09:00:10 PM|root|INFO|user_id 160190870|order_id 5035941322|saved 2021-11-21 21:00:10.|sent 2021-11-21T22:54:33|received 2021-11-22T02:57:4
2021-21-11 09:00:10 PM|root|INFO|user_id 160190870|order_id 5035945176|saved 2021-11-21 21:00:10.|sent 2021-11-21T22:56:27|received 2021-11-22T02:58:25
2021-21-11 09:00:16 PM|root|INFO|user_id 25523702|order_id 5035941327|saved 2021-11-21 21:00:16.|sent 2021-11-21T22:54:34|received 2021-11-22T02:57:07
2021-21-11 09:00:16 PM|root|INFO|user_id 25523702|order_id 5035944189|saved 2021-11-21 21:00:16.|sent 2021-11-21T22:56:04|received 2021-11-22T02:57:43
2021-21-11 09:00:17 PM|root|INFO|user_id 25523702|order_id 5035944324|saved 2021-11-21 21:00:17.|sent 2021-11-21T22:56:37|received 2021-11-22T02:58:34
2021-21-11 09:00:17 PM|root|INFO|user_id 25523702|order_id 5035945617|saved 2021-11-21 21:00:17.|sent 2021-11-21T22:58:24|received 2021-11-22T03:00:00
2021-21-11 09:00:17 PM|root|INFO|user_id 25523702|order_id 5035942906|saved 2021-11-21 21:00:17.|sent 2021-11-21T22:58:24|received 2021-11-22T03:00:00
2021-21-11 09:05:11 PM|root|INFO|user_id 160190870|order_id 5035947938|saved 2021-11-21 21:05:11.|sent 2021-11-21T23:00:00|received 2021-11-22T03:01:57
2021-21-11 09:05:11 PM|root|INFO|user_id 160190870|order_id 5035953779|saved 2021-11-21 21:05:11.|sent 2021-11-21T23:03:52|received 2021-11-22T03:03:59
2021-21-11 09:05:21 PM|root|INFO|user_id 25523702|order_id 5035909542|saved 2021-11-21 21:05:21.|sent 2021-11-21T22:35:41|received 2021-11-22T03:03:51
2021-21-11 09:05:22 PM|root|INFO|user_id 25523702|order_id 5035949925|saved 2021-11-21 21:05:22.|sent 2021-11-21T23:03:07|received 2021-11-22T03:05:00
2021-21-11 09:10:08 PM|root|INFO|user_id 160190870|order_id 5035957447|saved 2021-11-21 21:10:08.|sent 2021-11-21T23:05:59|received 2021-11-22T03:07:46
2021-21-11 09:10:14 PM|root|INFO|user_id 25523702|order_id 5035957627|saved 2021-11-21 21:10:14.|sent 2021-11-21T23:06:53|received 2021-11-22T03:08:44
2021-21-11 09:10:14 PM|root|INFO|user_id 25523702|order_id 5035684050|saved 2021-11-21 21:10:14.|sent 2021-11-21T20:43:12|received 2021-11-22T03:10:00
2021-21-11 09:15:09 PM|root|INFO|user_id 160190870|order_id 5035966925|saved 2021-11-21 21:15:09.|sent 2021-11-21T23:14:01|received 2021-11-22T03:14:07
2021-21-11 09:15:15 PM|root|INFO|user_id 25523702|order_id 5035964550|saved 2021-11-21 21:15:15.|sent 2021-11-21T23:11:36|received 2021-11-22T03:13:35
2021-21-11 09:20:07 PM|root|INFO|user_id 160190870|order_id 5035974090|saved 2021-11-21 21:20:07.|sent 2021-11-21T23:15:25|received 2021-11-22T03:17:
2021-21-11 09:20:07 PM|root|INFO|user_id 160190870|order_id 5035972624|saved 2021-11-21 21:20:07.|sent 2021-11-21T23:17:06|received 2021-11-22T03:19:16
2021-21-11 09:20:07 PM|root|INFO|user_id 160190870|order_id 5035971603|saved 2021-11-21 21:20:07.|sent 2021-11-21T23:17:15|received 2021-11-22T03:19:16
2021-21-11 09:20:07 PM|root|INFO|user_id 160190870|order_id 5035975217|saved 2021-11-21 21:20:07.|sent 2021-11-21T23:17:23|received 2021-11-22T03:19:19
2021-21-11 09:20:07 PM|root|INFO|user_id 160190870|order_id 5035978153|saved 2021-11-21 21:20:07.|sent 2021-11-21T23:19:46|received 2021-11-22T03:19:52
2021-21-11 09:20:13 PM|root|INFO|user_id 25523702|order_id 5035976188|saved 2021-11-21 21:20:13.|sent 2021-11-21T23:19:14|received 2021-11-22T03:19:20
2021-21-11 09:25:09 PM|root|INFO|user_id 160190870|order_id 5035979201|saved 2021-11-21 21:25:09.|sent 2021-11-21T23:20:31|received 2021-11-22T03:22:41
2021-21-11 09:25:09 PM|root|INFO|user_id 160190870|order_id 5035980481|saved 2021-11-21 21:25:09.|sent 2021-11-21T23:21:52|received 2021-11-22T03:23:58
2021-21-11 09:25:15 PM|root|INFO|user_id 25523702|order_id 5035974970|saved 2021-11-21 21:25:15.|sent 2021-11-21T23:20:06|received 2021-11-22T03:21:45
2021-21-11 09:25:15 PM|root|INFO|user_id 25523702|order_id 5035986025|saved 2021-11-21 21:25:15.|sent 2021-11-21T23:24:44|received 2021-11-22T03:24:51
2021-21-11 09:30:09 PM|root|INFO|user_id 160190870|order_id 5035988024|saved 2021-11-21 21:30:09.|sent 2021-11-21T23:25:46|received 2021-11-22T03:27:47
2021-21-11 09:35:09 PM|root|INFO|user_id 160190870|order_id 5035988859|saved 2021-11-21 21:35:09.|sent 2021-11-21T23:30:13|received 2021-11-22T03:32:12
2021-21-11 09:35:09 PM|root|INFO|user_id 160190870|order_id 5035990229|saved 2021-11-21 21:35:09.|sent 2021-11-21T23:30:09|received 2021-11-22T03:32:37
2021-21-11 09:35:09 PM|root|INFO|user_id 160190870|order_id 5035992800|saved 2021-11-21 21:35:09.|sent 2021-11-21T23:34:37|received 2021-11-22T03:34:45
2021-21-11 09:40:07 PM|root|INFO|user_id 160190870|order_id 5035997498|saved 2021-11-21 21:40:07.|sent 2021-11-21T23:37:37|received 2021-11-22T03:39:37
2021-21-11 09:40:07 PM|root|INFO|user_id 160190870|order_id 5035999467|saved 2021-11-21 21:40:07.|sent 2021-11-21T23:38:01|received 2021-11-22T03:39:46
2021-21-11 09:40:07 PM|root|INFO|user_id 160190870|order_id 5035994941|saved 2021-11-21 21:40:07.|sent 2021-11-21T23:35:14|received 2021-11-22T03:40:00
2021-21-11 09:40:07 PM|root|INFO|user_id 160190870|order_id 5035999716|saved 2021-11-21 21:40:07.|sent 2021-11-21T23:39:28|received 2021-11-22T03:39:36
2021-21-11 09:40:07 PM|root|INFO|user_id 160190870|order_id 5035999739|saved 2021-11-21 21:40:07.|sent 2021-11-21T23:39:37|received 2021-11-22T03:39:45
2021-21-11 09:40:13 PM|root|INFO|user_id 25523702|order_id 5035996375|saved 2021-11-21 21:40:13.|sent 2021-11-21T23:35:02|received 2021-11-22T03:36:10
2021-21-11 09:40:13 PM|root|INFO|user_id 25523702|order_id 5036000169|saved 2021-11-21 21:40:13.|sent 2021-11-21T23:36:34|received 2021-11-22T03:38:32
2021-21-11 09:40:13 PM|root|INFO|user_id 25523702|order_id 5035999414|saved 2021-11-21 21:40:13.|sent 2021-11-21T23:37:41|received 2021-11-22T03:39:46
2021-21-11 09:40:13 PM|root|INFO|user_id 25523702|order_id 5035999609|saved 2021-11-21 21:40:13.|sent 2021-11-21T23:38:51|received 2021-11-22T03:39:57
2021-21-11 09:45:08 PM|root|INFO|user_id 160190870|order_id 5036004324|saved 2021-11-21 21:45:08.|sent 2021-11-21T23:42:33|received 2021-11-22T03:44:46
2021-21-11 09:45:13 PM|root|INFO|user_id 25523702|order_id 5036008375|saved 2021-11-21 21:45:13.|sent 2021-11-21T23:44:07|received 2021-11-22T03:44:1
2021-21-11 09:45:14 PM|root|INFO|user_id 25523702|order_id 5035957742|saved 2021-11-21 21:45:14.|sent 2021-11-21T23:07:32|received 2021-11-22T03:44:35
2021-21-11 09:50:19 PM|root|INFO|user_id 25523702|order_id 5036014080|saved 2021-11-21 21:50:19.|sent 2021-11-21T23:48:16|received 2021-11-22T03:50:02
2021-21-11 09:55:09 PM|root|INFO|user_id 160190870|order_id 5036018161|saved 2021-11-21 21:55:09.|sent 2021-11-21T23:53:40|received 2021-11-22T03:54:49
2021-21-11 09:55:09 PM|root|INFO|user_id 160190870|order_id 5036018159|saved 2021-11-21 21:55:09.|sent 2021-11-21T23:53:40|received 2021-11-22T03:54:43
2021-21-11 09:55:09 PM|root|INFO|user_id 160190870|order_id 5036019017|saved 2021-11-21 21:55:09.|sent 2021-11-21T23:53:40|received 2021-11-22T03:54:54
2021-21-11 09:55:09 PM|root|INFO|user_id 160190870|order_id 5036018160|saved 2021-11-21 21:55:09.|sent 2021-11-21T23:53:40|received 2021-11-22T03:54:54
2021-21-11 10:00:11 PM|root|INFO|user_id 160190870|order_id 5036019651|saved 2021-11-21 22:00:11.|sent 2021-11-21T23:57:45|received 2021-11-22T03:59:41
2021-21-11 10:00:11 PM|root|INFO|user_id 160190870|order_id 5036019732|saved 2021-11-21 22:00:11.|sent 2021-11-21T23:58:10|received 2021-11-22T03:59:57
2021-21-11 10:05:07 PM|root|INFO|user_id 160190870|order_id 5036029051|saved 2021-11-21 22:05:07.|sent 2021-11-22T00:01:27|received 2021-11-22T04:03:19
2021-21-11 10:10:08 PM|root|INFO|user_id 160190870|order_id 5036026783|saved 2021-11-21 22:10:08.|sent 2021-11-22T00:05:18|received 2021-11-22T04:06:44
2021-21-11 10:10:14 PM|root|INFO|user_id 25523702|order_id 5036030401|saved 2021-11-21 22:10:14.|sent 2021-11-22T00:05:31|received 2021-11-22T04:08:18
2021-21-11 10:10:14 PM|root|INFO|user_id 25523702|order_id 5036029876|saved 2021-11-21 22:10:14.|sent 2021-11-22T00:06:29|received 2021-11-22T04:08:22
2021-21-11 10:10:14 PM|root|INFO|user_id 25523702|order_id 5036036081|saved 2021-11-21 22:10:14.|sent 2021-11-22T00:08:17|received 2021-11-22T04:10:07
2021-21-11 10:10:14 PM|root|INFO|user_id 25523702|order_id 5036035307|saved 2021-11-21 22:10:14.|sent 2021-11-22T00:09:34|received 2021-11-22T04:09:42
2021-21-11 10:15:08 PM|root|INFO|user_id 160190870|order_id 5036034534|saved 2021-11-21 22:15:08.|sent 2021-11-22T00:11:02|received 2021-11-22T04:13:07
2021-21-11 10:15:14 PM|root|INFO|user_id 25523702|order_id 5036036829|saved 2021-11-21 22:15:14.|sent 2021-11-22T00:13:43|received 2021-11-22T04:14:58
2021-21-11 10:15:14 PM|root|INFO|user_id 25523702|order_id 5036038444|saved 2021-11-21 22:15:14.|sent 2021-11-22T00:14:58|received 2021-11-22T04:15:05
2021-21-11 10:20:07 PM|root|INFO|user_id 160190870|order_id 5036040250|saved 2021-11-21 22:20:07.|sent 2021-11-22T00:16:05|received 2021-11-22T04:18:47
2021-21-11 10:20:07 PM|root|INFO|user_id 160190870|order_id 5036044143|saved 2021-11-21 22:20:07.|sent 2021-11-22T00:18:19|received 2021-11-22T04:20:0
2021-21-11 10:20:07 PM|root|INFO|user_id 160190870|order_id 5036040844|saved 2021-11-21 22:20:07.|sent 2021-11-22T00:19:37|received 2021-11-22T04:19:4
2021-21-11 10:20:13 PM|root|INFO|user_id 25523702|order_id 5036041171|saved 2021-11-21 22:20:13.|sent 2021-11-22T00:15:49|received 2021-11-22T04:17:45
2021-21-11 10:25:07 PM|root|INFO|user_id 160190870|order_id 5036042955|saved 2021-11-21 22:25:07.|sent 2021-11-22T00:21:59|received 2021-11-22T04:24:47
2021-21-11 10:35:07 PM|root|INFO|user_id 160190870|order_id 5036054034|saved 2021-11-21 22:35:07.|sent 2021-11-22T00:28:03|received 2021-11-22T04:29:56
2021-21-11 10:35:07 PM|root|INFO|user_id 160190870|order_id 5036052200|saved 2021-11-21 22:35:07.|sent 2021-11-22T00:27:47|received 2021-11-22T04:30:28
2021-21-11 10:35:07 PM|root|INFO|user_id 160190870|order_id 5036053197|saved 2021-11-21 22:35:07.|sent 2021-11-22T00:28:46|received 2021-11-22T04:31:11
2021-21-11 10:35:07 PM|root|INFO|user_id 160190870|order_id 5036053701|saved 2021-11-21 22:35:07.|sent 2021-11-22T00:32:07|received 2021-11-22T04:33:46
2021-21-11 10:35:07 PM|root|INFO|user_id 160190870|order_id 5036053764|saved 2021-11-21 22:35:07.|sent 2021-11-22T00:32:54|received 2021-11-22T04:34:58
2021-21-11 10:35:07 PM|root|INFO|user_id 160190870|order_id 5036057329|saved 2021-11-21 22:35:07.|sent 2021-11-22T00:33:46|received 2021-11-22T04:34:29
2021-21-11 10:35:07 PM|root|INFO|user_id 160190870|order_id 5036056456|saved 2021-11-21 22:35:07.|sent 2021-11-22T00:34:54|received 2021-11-22T04:35:
2021-21-11 10:35:13 PM|root|INFO|user_id 25523702|order_id 5036055234|saved 2021-11-21 22:35:13.|sent 2021-11-22T00:32:37|received 2021-11-22T04:35:05
2021-21-11 10:35:13 PM|root|INFO|user_id 25523702|order_id 5036055485|saved 2021-11-21 22:35:13.|sent 2021-11-22T00:34:58|received 2021-11-22T04:35:03
2021-21-11 10:40:08 PM|root|INFO|user_id 160190870|order_id 5036061238|saved 2021-11-21 22:40:08.|sent 2021-11-22T00:38:19|received 2021-11-22T04:39:58
2021-21-11 10:40:13 PM|root|INFO|user_id 25523702|order_id 5036054853|saved 2021-11-21 22:40:13.|sent 2021-11-22T00:35:05|received 2021-11-22T04:37:14
2021-21-11 10:40:13 PM|root|INFO|user_id 25523702|order_id 5036059559|saved 2021-11-21 22:40:13.|sent 2021-11-22T00:37:39|received 2021-11-22T04:39:56
2021-21-11 10:40:13 PM|root|INFO|user_id 25523702|order_id 5036055863|saved 2021-11-21 22:40:13.|sent 2021-11-22T00:38:27|received 2021-11-22T04:39:57
2021-21-11 10:40:13 PM|root|INFO|user_id 25523702|order_id 5036057865|saved 2021-11-21 22:40:13.|sent 2021-11-22T00:37:39|received 2021-11-22T04:39:31
2021-21-11 10:45:08 PM|root|INFO|user_id 160190870|order_id 5036061746|saved 2021-11-21 22:45:08.|sent 2021-11-22T00:42:49|received 2021-11-22T04:44:57
2021-21-11 10:45:13 PM|root|INFO|user_id 25523702|order_id 5036067071|saved 2021-11-21 22:45:13.|sent 2021-11-22T00:43:24|received 2021-11-22T04:44:52
2021-21-11 10:45:13 PM|root|INFO|user_id 25523702|order_id 5036062597|saved 2021-11-21 22:45:13.|sent 2021-11-22T00:43:24|received 2021-11-22T04:44:4
2021-21-11 10:50:08 PM|root|INFO|user_id 160190870|order_id 5036061974|saved 2021-11-21 22:50:08.|sent 2021-11-22T00:45:03|received 2021-11-22T04:46:58
2021-21-11 10:50:08 PM|root|INFO|user_id 160190870|order_id 5036068092|saved 2021-11-21 22:50:08.|sent 2021-11-22T00:46:16|received 2021-11-22T04:48:16
2021-21-11 10:55:07 PM|root|INFO|user_id 160190870|order_id 5036071078|saved 2021-11-21 22:55:07.|sent 2021-11-22T00:50:01|received 2021-11-22T04:52:01
2021-21-11 10:55:07 PM|root|INFO|user_id 160190870|order_id 5036070147|saved 2021-11-21 22:55:07.|sent 2021-11-22T00:50:15|received 2021-11-22T04:52:15
2021-21-11 10:55:07 PM|root|INFO|user_id 160190870|order_id 5036070620|saved 2021-11-21 22:55:07.|sent 2021-11-22T00:54:20|received 2021-11-22T04:54:26
2021-21-11 10:55:13 PM|root|INFO|user_id 25523702|order_id 5036073106|saved 2021-11-21 22:55:13.|sent 2021-11-22T00:50:45|received 2021-11-22T04:52:54
2021-21-11 11:00:11 PM|root|INFO|user_id 160190870|order_id 5036071973|saved 2021-11-21 23:00:11.|sent 2021-11-22T00:57:51|received 2021-11-22T04:59:38
2021-21-11 11:00:17 PM|root|INFO|user_id 25523702|order_id 5036075235|saved 2021-11-21 23:00:17.|sent 2021-11-22T00:56:55|received 2021-11-22T04:59:13
2021-21-11 11:05:07 PM|root|INFO|user_id 160190870|order_id 5036079241|saved 2021-11-21 23:05:07.|sent 2021-11-22T01:01:35|received 2021-11-22T05:03:3
2021-21-11 11:05:07 PM|root|INFO|user_id 160190870|order_id 5036079426|saved 2021-11-21 23:05:07.|sent 2021-11-22T01:03:43|received 2021-11-22T05:03:5
2021-21-11 11:05:07 PM|root|INFO|user_id 160190870|order_id 5036079466|saved 2021-11-21 23:05:07.|sent 2021-11-22T01:04:03|received 2021-11-22T05:04:10
2021-21-11 11:05:13 PM|root|INFO|user_id 25523702|order_id 5036081188|saved 2021-11-21 23:05:13.|sent 2021-11-22T01:01:47|received 2021-11-22T05:04:00
2021-21-11 11:05:13 PM|root|INFO|user_id 25523702|order_id 5036079312|saved 2021-11-21 23:05:13.|sent 2021-11-22T01:02:29|received 2021-11-22T05:04:26
2021-21-11 11:10:07 PM|root|INFO|user_id 160190870|order_id 5036085146|saved 2021-11-21 23:10:07.|sent 2021-11-22T01:09:33|received 2021-11-22T05:09:40
2021-21-11 11:10:07 PM|root|INFO|user_id 160190870|order_id 5036085145|saved 2021-11-21 23:10:07.|sent 2021-11-22T01:09:33|received 2021-11-22T05:09:40
2021-21-11 11:10:07 PM|root|INFO|user_id 160190870|order_id 5036084280|saved 2021-11-21 23:10:07.|sent 2021-11-22T01:09:33|received 2021-11-22T05:09:40
2021-21-11 11:10:08 PM|root|INFO|user_id 160190870|order_id 5036082666|saved 2021-11-21 23:10:08.|sent 2021-11-22T01:09:33|received 2021-11-22T05:09:41
2021-21-11 11:10:13 PM|root|INFO|user_id 25523702|order_id 5036076997|saved 2021-11-21 23:10:13.|sent 2021-11-22T01:05:57|received 2021-11-22T05:08:04
2021-21-11 11:15:07 PM|root|INFO|user_id 160190870|order_id 5036087361|saved 2021-11-21 23:15:07.|sent 2021-11-22T01:14:18|received 2021-11-22T05:14:24
2021-21-11 11:15:12 PM|root|INFO|user_id 25523702|order_id 5036082829|saved 2021-11-21 23:15:12.|sent 2021-11-22T01:11:04|received 2021-11-22T05:13:45
2021-21-11 11:20:08 PM|root|INFO|user_id 160190870|order_id 5036091182|saved 2021-11-21 23:20:08.|sent 2021-11-22T01:19:06|received 2021-11-22T05:19:46
2021-21-11 11:25:57 PM|root|INFO|user_id 25523702|order_id 5036086964|saved 2021-11-21 23:25:57.|sent 2021-11-22T01:20:31|received 2021-11-22T05:22:
2021-21-11 11:25:57 PM|root|INFO|user_id 25523702|order_id 5036090631|saved 2021-11-21 23:25:57.|sent 2021-11-22T01:21:54|received 2021-11-22T05:24:5
2021-21-11 11:30:13 PM|root|INFO|user_id 25523702|order_id 5036094596|saved 2021-11-21 23:30:13.|sent 2021-11-22T01:29:27|received 2021-11-22T05:29:33
2021-21-11 11:35:13 PM|root|INFO|user_id 25523702|order_id 5036094706|saved 2021-11-21 23:35:13.|sent 2021-11-22T01:30:58|received 2021-11-22T05:33:12
2021-21-11 11:40:08 PM|root|INFO|user_id 160190870|order_id 5036102039|saved 2021-11-21 23:40:08.|sent 2021-11-22T01:35:30|received 2021-11-22T05:37:27
2021-21-11 11:40:08 PM|root|INFO|user_id 160190870|order_id 5036102271|saved 2021-11-21 23:40:08.|sent 2021-11-22T01:38:57|received 2021-11-22T05:39:15
2021-21-11 11:40:14 PM|root|INFO|user_id 25523702|order_id 5036103220|saved 2021-11-21 23:40:14.|sent 2021-11-22T01:38:54|received 2021-11-22T05:39:02
2021-21-11 11:45:06 PM|root|INFO|user_id 160190870|order_id 5036102407|saved 2021-11-21 23:45:06.|sent 2021-11-22T01:40:43|received 2021-11-22T05:42:44
2021-21-11 11:45:07 PM|root|INFO|user_id 160190870|order_id 5036100662|saved 2021-11-21 23:45:07.|sent 2021-11-22T01:40:11|received 2021-11-22T05:43:09
2021-21-11 11:45:12 PM|root|INFO|user_id 25523702|order_id 5036103660|saved 2021-11-21 23:45:12.|sent 2021-11-22T01:44:52|received 2021-11-22T05:45:02
2021-21-11 11:55:06 PM|root|INFO|user_id 160190870|order_id 5036112259|saved 2021-11-21 23:55:06.|sent 2021-11-22T01:53:49|received 2021-11-22T05:53:55
2021-21-11 11:55:12 PM|root|INFO|user_id 25523702|order_id 5036112044|saved 2021-11-21 23:55:12.|sent 2021-11-22T01:50:35|received 2021-11-22T05:54:04
2021-21-11 11:55:12 PM|root|INFO|user_id 25523702|order_id 5036110221|saved 2021-11-21 23:55:12.|sent 2021-11-22T01:52:03|received 2021-11-22T05:53:56
