2021-27-08 12:05:10 AM|root|INFO|user_id 25523702|order_id 4820612735|saved 2021-08-27 00:05:10.|sent 2021-08-27T01:01:15|received 2021-08-27T05:03:41
2021-27-08 12:10:06 AM|root|INFO|user_id 160190870|order_id 4820624093|saved 2021-08-27 00:10:06.|sent 2021-08-27T01:06:57|received 2021-08-27T05:09:05
2021-27-08 12:10:11 AM|root|INFO|user_id 25523702|order_id 4820624280|saved 2021-08-27 00:10:11.|sent 2021-08-27T01:09:42|received 2021-08-27T05:09:53
2021-27-08 12:15:06 AM|root|INFO|user_id 160190870|order_id 4820624427|saved 2021-08-27 00:15:06.|sent 2021-08-27T01:11:41|received 2021-08-27T05:13:24
2021-27-08 12:15:07 AM|root|INFO|user_id 160190870|order_id 4820286698|saved 2021-08-27 00:15:06.|sent 2021-08-26T21:16:15|received 2021-08-27T05:14:51
2021-27-08 12:30:12 AM|root|INFO|user_id 25523702|order_id 4820632459|saved 2021-08-27 00:30:12.|sent 2021-08-27T01:25:53|received 2021-08-27T05:28:43
2021-27-08 12:30:12 AM|root|INFO|user_id 25523702|order_id 4820636642|saved 2021-08-27 00:30:12.|sent 2021-08-27T01:30:00|received 2021-08-27T05:30:02
2021-27-08 12:35:06 AM|root|INFO|user_id 160190870|order_id 4820631832|saved 2021-08-27 00:35:06.|sent 2021-08-27T01:31:58|received 2021-08-27T05:34:34
2021-27-08 12:35:11 AM|root|INFO|user_id 25523702|order_id 4820631809|saved 2021-08-27 00:35:11.|sent 2021-08-27T01:31:32|received 2021-08-27T05:34:17
2021-27-08 12:40:06 AM|root|INFO|user_id 160190870|order_id 4820654737|saved 2021-08-27 00:40:06.|sent 2021-08-27T01:35:49|received 2021-08-27T05:39:16
2021-27-08 12:40:06 AM|root|INFO|user_id 160190870|order_id 4820662526|saved 2021-08-27 00:40:06.|sent 2021-08-27T01:39:00|received 2021-08-27T05:39:09
2021-27-08 12:45:07 AM|root|INFO|user_id 160190870|order_id 4820657459|saved 2021-08-27 00:45:07.|sent 2021-08-27T01:43:27|received 2021-08-27T05:44:55
2021-27-08 12:45:11 AM|root|INFO|user_id 25523702|order_id 4820659258|saved 2021-08-27 00:45:11.|sent 2021-08-27T01:39:40|received 2021-08-27T05:43:42
2021-27-08 12:50:07 AM|root|INFO|user_id 160190870|order_id 4820661413|saved 2021-08-27 00:50:07.|sent 2021-08-27T01:45:09|received 2021-08-27T05:47:41
2021-27-08 12:50:07 AM|root|INFO|user_id 160190870|order_id 4820655730|saved 2021-08-27 00:50:07.|sent 2021-08-27T01:47:08|received 2021-08-27T05:48:57
2021-27-08 12:50:07 AM|root|INFO|user_id 160190870|order_id 4820657659|saved 2021-08-27 00:50:07.|sent 2021-08-27T01:47:46|received 2021-08-27T05:49:40
2021-27-08 12:55:06 AM|root|INFO|user_id 160190870|order_id 4820664539|saved 2021-08-27 00:55:06.|sent 2021-08-27T01:50:32|received 2021-08-27T05:53:06
2021-27-08 12:55:06 AM|root|INFO|user_id 160190870|order_id 4820665424|saved 2021-08-27 00:55:06.|sent 2021-08-27T01:51:28|received 2021-08-27T05:54:43
2021-27-08 01:05:06 AM|root|INFO|user_id 160190870|order_id 4820670252|saved 2021-08-27 01:05:06.|sent 2021-08-27T02:03:38|received 2021-08-27T06:03:45
2021-27-08 01:10:07 AM|root|INFO|user_id 160190870|order_id 4820667505|saved 2021-08-27 01:10:07.|sent 2021-08-27T02:05:28|received 2021-08-27T06:07:33
2021-27-08 01:10:11 AM|root|INFO|user_id 25523702|order_id 4820669570|saved 2021-08-27 01:10:11.|sent 2021-08-27T02:08:33|received 2021-08-27T06:10:0
2021-27-08 01:20:07 AM|root|INFO|user_id 160190870|order_id 4820674506|saved 2021-08-27 01:20:07.|sent 2021-08-27T02:18:47|received 2021-08-27T06:19:52
2021-27-08 01:20:11 AM|root|INFO|user_id 25523702|order_id 4820673677|saved 2021-08-27 01:20:11.|sent 2021-08-27T02:16:54|received 2021-08-27T06:19:55
2021-27-08 01:25:06 AM|root|INFO|user_id 160190870|order_id 4820675125|saved 2021-08-27 01:25:06.|sent 2021-08-27T02:21:02|received 2021-08-27T06:23:06
2021-27-08 01:25:06 AM|root|INFO|user_id 160190870|order_id 4820677229|saved 2021-08-27 01:25:06.|sent 2021-08-27T02:24:44|received 2021-08-27T06:24:50
2021-27-08 01:25:11 AM|root|INFO|user_id 25523702|order_id 4820677100|saved 2021-08-27 01:25:11.|sent 2021-08-27T02:20:52|received 2021-08-27T06:22:4
2021-27-08 01:30:07 AM|root|INFO|user_id 160190870|order_id 4820672431|saved 2021-08-27 01:30:07.|sent 2021-08-27T02:27:46|received 2021-08-27T06:29:40
2021-27-08 01:30:12 AM|root|INFO|user_id 25523702|order_id 4820680187|saved 2021-08-27 01:30:12.|sent 2021-08-27T02:28:11|received 2021-08-27T06:30:02
2021-27-08 01:35:11 AM|root|INFO|user_id 25523702|order_id 4820672499|saved 2021-08-27 01:35:11.|sent 2021-08-27T02:31:44|received 2021-08-27T06:33:42
2021-27-08 01:40:11 AM|root|INFO|user_id 25523702|order_id 4820682180|saved 2021-08-27 01:40:11.|sent 2021-08-27T02:35:53|received 2021-08-27T06:37:46
2021-27-08 01:40:11 AM|root|INFO|user_id 25523702|order_id 4820677637|saved 2021-08-27 01:40:11.|sent 2021-08-27T02:37:47|received 2021-08-27T06:39:57
2021-27-08 02:00:12 AM|root|INFO|user_id 160190870|order_id 4820682885|saved 2021-08-27 02:00:12.|sent 2021-08-27T02:57:39|received 2021-08-27T07:00:06
2021-27-08 02:05:06 AM|root|INFO|user_id 160190870|order_id 4820685309|saved 2021-08-27 02:05:06.|sent 2021-08-27T03:00:11|received 2021-08-27T07:02:12
2021-27-08 02:10:11 AM|root|INFO|user_id 25523702|order_id 4820686409|saved 2021-08-27 02:10:11.|sent 2021-08-27T03:05:20|received 2021-08-27T07:08:44
2021-27-08 02:10:12 AM|root|INFO|user_id 25523702|order_id 4820689093|saved 2021-08-27 02:10:12.|sent 2021-08-27T03:05:33|received 2021-08-27T07:07:2
2021-27-08 02:15:06 AM|root|INFO|user_id 160190870|order_id 4820685573|saved 2021-08-27 02:15:06.|sent 2021-08-27T03:10:33|received 2021-08-27T07:13:41
2021-27-08 02:20:11 AM|root|INFO|user_id 25523702|order_id 4820685711|saved 2021-08-27 02:20:11.|sent 2021-08-27T03:16:29|received 2021-08-27T07:19:02
2021-27-08 02:25:11 AM|root|INFO|user_id 25523702|order_id 4820685812|saved 2021-08-27 02:25:11.|sent 2021-08-27T03:20:38|received 2021-08-27T07:22:35
2021-27-08 02:30:07 AM|root|INFO|user_id 160190870|order_id 4820685971|saved 2021-08-27 02:30:07.|sent 2021-08-27T03:27:30|received 2021-08-27T07:29:14
2021-27-08 02:30:07 AM|root|INFO|user_id 160190870|order_id 4820690180|saved 2021-08-27 02:30:07.|sent 2021-08-27T03:27:34|received 2021-08-27T07:29:32
2021-27-08 02:40:07 AM|root|INFO|user_id 160190870|order_id 4820675867|saved 2021-08-27 02:40:07.|sent 2021-08-27T03:38:20|received 2021-08-27T07:40:00
2021-27-08 02:45:06 AM|root|INFO|user_id 160190870|order_id 4820692377|saved 2021-08-27 02:45:06.|sent 2021-08-27T03:43:40|received 2021-08-27T07:44:5
2021-27-08 02:45:06 AM|root|INFO|user_id 160190870|order_id 4820695332|saved 2021-08-27 02:45:06.|sent 2021-08-27T03:44:12|received 2021-08-27T07:44:20
2021-27-08 02:45:11 AM|root|INFO|user_id 25523702|order_id 4820691379|saved 2021-08-27 02:45:11.|sent 2021-08-27T03:42:27|received 2021-08-27T07:44:50
2021-27-08 02:50:07 AM|root|INFO|user_id 160190870|order_id 4820695378|saved 2021-08-27 02:50:07.|sent 2021-08-27T03:46:18|received 2021-08-27T07:48:43
2021-27-08 02:55:06 AM|root|INFO|user_id 160190870|order_id 4820695552|saved 2021-08-27 02:55:06.|sent 2021-08-27T03:53:33|received 2021-08-27T07:53:41
2021-27-08 03:05:06 AM|root|INFO|user_id 160190870|order_id 4820697362|saved 2021-08-27 03:05:06.|sent 2021-08-27T04:00:34|received 2021-08-27T08:04:14
2021-27-08 03:05:10 AM|root|INFO|user_id 25523702|order_id 4820690532|saved 2021-08-27 03:05:10.|sent 2021-08-27T04:02:38|received 2021-08-27T08:04:20
2021-27-08 03:15:06 AM|root|INFO|user_id 160190870|order_id 4820696945|saved 2021-08-27 03:15:06.|sent 2021-08-27T04:14:16|received 2021-08-27T08:14:26
2021-27-08 03:45:10 AM|root|INFO|user_id 25523702|order_id 4820702683|saved 2021-08-27 03:45:10.|sent 2021-08-27T04:40:37|received 2021-08-27T08:42:24
2021-27-08 04:05:06 AM|root|INFO|user_id 160190870|order_id 4820705684|saved 2021-08-27 04:05:06.|sent 2021-08-27T05:03:54|received 2021-08-27T09:04:35
2021-27-08 04:40:06 AM|root|INFO|user_id 160190870|order_id 4820718179|saved 2021-08-27 04:40:06.|sent 2021-08-27T05:38:46|received 2021-08-27T09:39:52
2021-27-08 05:15:06 AM|root|INFO|user_id 160190870|order_id 4820735082|saved 2021-08-27 05:15:06.|sent 2021-08-27T06:09:52|received 2021-08-27T10:12:31
2021-27-08 05:15:06 AM|root|INFO|user_id 160190870|order_id 4820730204|saved 2021-08-27 05:15:06.|sent 2021-08-27T06:11:39|received 2021-08-27T10:14:40
2021-27-08 05:15:10 AM|root|INFO|user_id 25523702|order_id 4820735209|saved 2021-08-27 05:15:10.|sent 2021-08-27T06:13:29|received 2021-08-27T10:14:57
2021-27-08 05:30:07 AM|root|INFO|user_id 160190870|order_id 4820743261|saved 2021-08-27 05:30:07.|sent 2021-08-27T06:29:14|received 2021-08-27T10:29:21
2021-27-08 05:30:11 AM|root|INFO|user_id 25523702|order_id 4820740846|saved 2021-08-27 05:30:11.|sent 2021-08-27T06:25:48|received 2021-08-27T10:28:03
2021-27-08 05:30:11 AM|root|INFO|user_id 25523702|order_id 4820743159|saved 2021-08-27 05:30:11.|sent 2021-08-27T06:28:14|received 2021-08-27T10:30:00
2021-27-08 05:40:11 AM|root|INFO|user_id 25523702|order_id 4820747414|saved 2021-08-27 05:40:11.|sent 2021-08-27T06:34:21|received 2021-08-27T10:37:02
2021-27-08 06:05:11 AM|root|INFO|user_id 25523702|order_id 4820769614|saved 2021-08-27 06:05:11.|sent 2021-08-27T07:03:35|received 2021-08-27T11:05:01
2021-27-08 06:15:12 AM|root|INFO|user_id 25523702|order_id 4820786306|saved 2021-08-27 06:15:12.|sent 2021-08-27T07:15:04|received 2021-08-27T11:15:06
2021-27-08 06:35:07 AM|root|INFO|user_id 160190870|order_id 4820794629|saved 2021-08-27 06:35:07.|sent 2021-08-27T07:26:22|received 2021-08-27T11:28:4
2021-27-08 06:45:11 AM|root|INFO|user_id 25523702|order_id 4820813613|saved 2021-08-27 06:45:11.|sent 2021-08-27T07:41:39|received 2021-08-27T11:44:12
2021-27-08 07:00:11 AM|root|INFO|user_id 160190870|order_id 4820838621|saved 2021-08-27 07:00:11.|sent 2021-08-27T07:56:06|received 2021-08-27T11:58:15
2021-27-08 08:05:12 AM|root|INFO|user_id 25523702|order_id 4820956818|saved 2021-08-27 08:05:12.|sent 2021-08-27T09:03:32|received 2021-08-27T13:05:00
2021-27-08 08:20:07 AM|root|INFO|user_id 160190870|order_id 4820985867|saved 2021-08-27 08:20:07.|sent 2021-08-27T09:18:02|received 2021-08-27T13:19:57
2021-27-08 08:20:07 AM|root|INFO|user_id 160190870|order_id 4820987825|saved 2021-08-27 08:20:07.|sent 2021-08-27T09:18:19|received 2021-08-27T13:20:01
2021-27-08 08:25:13 AM|root|INFO|user_id 25523702|order_id 4820996112|saved 2021-08-27 08:25:13.|sent 2021-08-27T09:20:38|received 2021-08-27T13:22:43
2021-27-08 08:45:11 AM|root|INFO|user_id 25523702|order_id 4821034534|saved 2021-08-27 08:45:11.|sent 2021-08-27T09:39:13|received 2021-08-27T13:41:13
2021-27-08 08:45:12 AM|root|INFO|user_id 25523702|order_id 4821038460|saved 2021-08-27 08:45:12.|sent 2021-08-27T09:39:41|received 2021-08-27T13:41:47
2021-27-08 08:50:07 AM|root|INFO|user_id 160190870|order_id 4821060724|saved 2021-08-27 08:50:07.|sent 2021-08-27T09:49:10|received 2021-08-27T13:49:32
2021-27-08 08:50:12 AM|root|INFO|user_id 25523702|order_id 4821055213|saved 2021-08-27 08:50:12.|sent 2021-08-27T09:46:41|received 2021-08-27T13:48:41
2021-27-08 08:50:13 AM|root|INFO|user_id 25523702|order_id 4821057548|saved 2021-08-27 08:50:13.|sent 2021-08-27T09:48:09|received 2021-08-27T13:50:06
2021-27-08 08:55:12 AM|root|INFO|user_id 25523702|order_id 4821072047|saved 2021-08-27 08:55:12.|sent 2021-08-27T09:52:14|received 2021-08-27T13:54:32
2021-27-08 08:55:12 AM|root|INFO|user_id 25523702|order_id 4821072553|saved 2021-08-27 08:55:12.|sent 2021-08-27T09:53:28|received 2021-08-27T13:55:03
2021-27-08 09:05:08 AM|root|INFO|user_id 160190870|order_id 4821093325|saved 2021-08-27 09:05:08.|sent 2021-08-27T10:02:16|received 2021-08-27T14:03:56
2021-27-08 09:05:08 AM|root|INFO|user_id 160190870|order_id 4821093235|saved 2021-08-27 09:05:08.|sent 2021-08-27T10:01:55|received 2021-08-27T14:04:59
2021-27-08 09:05:08 AM|root|INFO|user_id 160190870|order_id 4820351084|saved 2021-08-27 09:05:08.|sent 2021-08-26T21:45:12|received 2021-08-27T14:04:05
2021-27-08 09:10:07 AM|root|INFO|user_id 160190870|order_id 4821095773|saved 2021-08-27 09:10:07.|sent 2021-08-27T10:06:22|received 2021-08-27T14:09:5
2021-27-08 09:15:12 AM|root|INFO|user_id 25523702|order_id 4821113740|saved 2021-08-27 09:15:12.|sent 2021-08-27T10:11:33|received 2021-08-27T14:12:38
2021-27-08 09:20:06 AM|root|INFO|user_id 160190870|order_id 4821132300|saved 2021-08-27 09:20:06.|sent 2021-08-27T10:16:45|received 2021-08-27T14:18:44
2021-27-08 09:20:07 AM|root|INFO|user_id 160190870|order_id 4821127416|saved 2021-08-27 09:20:07.|sent 2021-08-27T10:16:49|received 2021-08-27T14:19:36
2021-27-08 09:20:07 AM|root|INFO|user_id 160190870|order_id 4821134022|saved 2021-08-27 09:20:07.|sent 2021-08-27T10:17:33|received 2021-08-27T14:19:51
2021-27-08 09:20:07 AM|root|INFO|user_id 160190870|order_id 4821133793|saved 2021-08-27 09:20:07.|sent 2021-08-27T10:19:41|received 2021-08-27T14:19:50
2021-27-08 09:20:12 AM|root|INFO|user_id 25523702|order_id 4821131546|saved 2021-08-27 09:20:12.|sent 2021-08-27T10:16:43|received 2021-08-27T14:19:04
2021-27-08 09:25:06 AM|root|INFO|user_id 160190870|order_id 4821135925|saved 2021-08-27 09:25:06.|sent 2021-08-27T10:21:10|received 2021-08-27T14:23:13
2021-27-08 09:25:06 AM|root|INFO|user_id 160190870|order_id 4821144486|saved 2021-08-27 09:25:06.|sent 2021-08-27T10:22:24|received 2021-08-27T14:24:35
2021-27-08 09:25:11 AM|root|INFO|user_id 25523702|order_id 4821139356|saved 2021-08-27 09:25:11.|sent 2021-08-27T10:20:09|received 2021-08-27T14:22:36
2021-27-08 09:25:11 AM|root|INFO|user_id 25523702|order_id 4821140541|saved 2021-08-27 09:25:11.|sent 2021-08-27T10:21:28|received 2021-08-27T14:24:01
2021-27-08 09:25:11 AM|root|INFO|user_id 25523702|order_id 4821149053|saved 2021-08-27 09:25:11.|sent 2021-08-27T10:23:05|received 2021-08-27T14:25:06
2021-27-08 09:30:08 AM|root|INFO|user_id 160190870|order_id 4821154842|saved 2021-08-27 09:30:08.|sent 2021-08-27T10:27:41|received 2021-08-27T14:29:50
2021-27-08 09:30:08 AM|root|INFO|user_id 160190870|order_id 4821161301|saved 2021-08-27 09:30:08.|sent 2021-08-27T10:28:35|received 2021-08-27T14:29:4
2021-27-08 09:30:13 AM|root|INFO|user_id 25523702|order_id 4821159773|saved 2021-08-27 09:30:13.|sent 2021-08-27T10:28:00|received 2021-08-27T14:29:56
2021-27-08 09:35:07 AM|root|INFO|user_id 160190870|order_id 4821168217|saved 2021-08-27 09:35:07.|sent 2021-08-27T10:31:14|received 2021-08-27T14:34:50
2021-27-08 09:35:12 AM|root|INFO|user_id 25523702|order_id 4821163890|saved 2021-08-27 09:35:12.|sent 2021-08-27T10:30:24|received 2021-08-27T14:34:34
2021-27-08 09:35:12 AM|root|INFO|user_id 25523702|order_id 4821173145|saved 2021-08-27 09:35:12.|sent 2021-08-27T10:33:54|received 2021-08-27T14:35:01
2021-27-08 09:40:07 AM|root|INFO|user_id 160190870|order_id 4821174984|saved 2021-08-27 09:40:07.|sent 2021-08-27T10:35:16|received 2021-08-27T14:38:22
2021-27-08 09:40:07 AM|root|INFO|user_id 160190870|order_id 4821182651|saved 2021-08-27 09:40:07.|sent 2021-08-27T10:37:31|received 2021-08-27T14:39:34
2021-27-08 09:40:08 AM|root|INFO|user_id 160190870|order_id 4821189356|saved 2021-08-27 09:40:08.|sent 2021-08-27T10:39:09|received 2021-08-27T14:39:34
2021-27-08 09:40:13 AM|root|INFO|user_id 25523702|order_id 4821184156|saved 2021-08-27 09:40:13.|sent 2021-08-27T10:37:36|received 2021-08-27T14:39:34
2021-27-08 09:45:11 AM|root|INFO|user_id 25523702|order_id 4821185751|saved 2021-08-27 09:45:11.|sent 2021-08-27T10:40:34|received 2021-08-27T14:42:36
2021-27-08 09:45:12 AM|root|INFO|user_id 25523702|order_id 4820597030|saved 2021-08-27 09:45:12.|sent 2021-08-27T00:31:12|received 2021-08-27T14:44:28
2021-27-08 09:50:07 AM|root|INFO|user_id 160190870|order_id 4821214428|saved 2021-08-27 09:50:07.|sent 2021-08-27T10:49:03|received 2021-08-27T14:49:38
2021-27-08 09:50:13 AM|root|INFO|user_id 25523702|order_id 4821210512|saved 2021-08-27 09:50:13.|sent 2021-08-27T10:47:34|received 2021-08-27T14:49:11
2021-27-08 09:55:07 AM|root|INFO|user_id 160190870|order_id 4821212783|saved 2021-08-27 09:55:07.|sent 2021-08-27T10:50:44|received 2021-08-27T14:54:42
2021-27-08 09:55:07 AM|root|INFO|user_id 160190870|order_id 4821219950|saved 2021-08-27 09:55:07.|sent 2021-08-27T10:52:46|received 2021-08-27T14:54:45
2021-27-08 09:55:12 AM|root|INFO|user_id 25523702|order_id 4821218742|saved 2021-08-27 09:55:12.|sent 2021-08-27T10:52:59|received 2021-08-27T14:54:56
2021-27-08 10:00:11 AM|root|INFO|user_id 160190870|order_id 4821233069|saved 2021-08-27 10:00:11.|sent 2021-08-27T10:55:55|received 2021-08-27T14:58:3
2021-27-08 10:00:11 AM|root|INFO|user_id 160190870|order_id 4821233064|saved 2021-08-27 10:00:11.|sent 2021-08-27T10:55:55|received 2021-08-27T14:59:24
2021-27-08 10:00:11 AM|root|INFO|user_id 160190870|order_id 4821238119|saved 2021-08-27 10:00:11.|sent 2021-08-27T10:58:22|received 2021-08-27T14:59:51
2021-27-08 10:00:11 AM|root|INFO|user_id 160190870|order_id 4821239578|saved 2021-08-27 10:00:11.|sent 2021-08-27T10:59:24|received 2021-08-27T14:59:3
2021-27-08 10:00:16 AM|root|INFO|user_id 25523702|order_id 4821223821|saved 2021-08-27 10:00:16.|sent 2021-08-27T10:54:45|received 2021-08-27T14:57:30
2021-27-08 10:05:08 AM|root|INFO|user_id 160190870|order_id 4821246052|saved 2021-08-27 10:05:08.|sent 2021-08-27T11:00:52|received 2021-08-27T15:02:39
2021-27-08 10:10:08 AM|root|INFO|user_id 160190870|order_id 4820200720|saved 2021-08-27 10:10:08.|sent 2021-08-26T20:39:53|received 2021-08-27T15:09:43
2021-27-08 10:15:07 AM|root|INFO|user_id 160190870|order_id 4821268693|saved 2021-08-27 10:15:07.|sent 2021-08-27T11:13:00|received 2021-08-27T15:14:56
2021-27-08 10:15:07 AM|root|INFO|user_id 160190870|order_id 4821269492|saved 2021-08-27 10:15:07.|sent 2021-08-27T11:13:41|received 2021-08-27T15:14:
2021-27-08 10:15:12 AM|root|INFO|user_id 25523702|order_id 4821267216|saved 2021-08-27 10:15:12.|sent 2021-08-27T11:10:27|received 2021-08-27T15:12:50
2021-27-08 10:15:12 AM|root|INFO|user_id 25523702|order_id 4821262756|saved 2021-08-27 10:15:12.|sent 2021-08-27T11:10:25|received 2021-08-27T15:12:52
2021-27-08 10:20:08 AM|root|INFO|user_id 160190870|order_id 4821279491|saved 2021-08-27 10:20:08.|sent 2021-08-27T11:15:43|received 2021-08-27T15:18:00
2021-27-08 10:20:08 AM|root|INFO|user_id 160190870|order_id 4821284514|saved 2021-08-27 10:20:08.|sent 2021-08-27T11:18:14|received 2021-08-27T15:19:5
2021-27-08 10:20:13 AM|root|INFO|user_id 25523702|order_id 4821284408|saved 2021-08-27 10:20:13.|sent 2021-08-27T11:17:54|received 2021-08-27T15:19:53
2021-27-08 10:20:13 AM|root|INFO|user_id 25523702|order_id 4821283369|saved 2021-08-27 10:20:13.|sent 2021-08-27T11:18:54|received 2021-08-27T15:19:18
2021-27-08 10:25:07 AM|root|INFO|user_id 160190870|order_id 4821301212|saved 2021-08-27 10:25:07.|sent 2021-08-27T11:24:15|received 2021-08-27T15:24:55
2021-27-08 10:25:12 AM|root|INFO|user_id 25523702|order_id 4821299526|saved 2021-08-27 10:25:12.|sent 2021-08-27T11:24:15|received 2021-08-27T15:24:55
2021-27-08 10:25:13 AM|root|INFO|user_id 25523702|order_id 4821302119|saved 2021-08-27 10:25:13.|sent 2021-08-27T11:24:48|received 2021-08-27T15:25:0
2021-27-08 10:30:07 AM|root|INFO|user_id 160190870|order_id 4821301914|saved 2021-08-27 10:30:07.|sent 2021-08-27T11:27:04|received 2021-08-27T15:29:59
2021-27-08 10:35:07 AM|root|INFO|user_id 160190870|order_id 4821311896|saved 2021-08-27 10:35:07.|sent 2021-08-27T11:30:09|received 2021-08-27T15:32:25
2021-27-08 10:35:12 AM|root|INFO|user_id 25523702|order_id 4821320219|saved 2021-08-27 10:35:12.|sent 2021-08-27T11:32:18|received 2021-08-27T15:35:03
2021-27-08 10:40:13 AM|root|INFO|user_id 25523702|order_id 4821329732|saved 2021-08-27 10:40:12.|sent 2021-08-27T11:37:14|received 2021-08-27T15:39:48
2021-27-08 10:40:13 AM|root|INFO|user_id 25523702|order_id 4821334587|saved 2021-08-27 10:40:13.|sent 2021-08-27T11:38:58|received 2021-08-27T15:40:01
2021-27-08 10:40:13 AM|root|INFO|user_id 25523702|order_id 4821338433|saved 2021-08-27 10:40:13.|sent 2021-08-27T11:39:45|received 2021-08-27T15:40:01
2021-27-08 10:40:13 AM|root|INFO|user_id 25523702|order_id 4821337659|saved 2021-08-27 10:40:13.|sent 2021-08-27T11:39:52|received 2021-08-27T15:40:05
2021-27-08 10:45:07 AM|root|INFO|user_id 160190870|order_id 4821347326|saved 2021-08-27 10:45:07.|sent 2021-08-27T11:43:29|received 2021-08-27T15:45:00
2021-27-08 10:45:12 AM|root|INFO|user_id 25523702|order_id 4821345371|saved 2021-08-27 10:45:12.|sent 2021-08-27T11:42:14|received 2021-08-27T15:44:11
2021-27-08 10:55:07 AM|root|INFO|user_id 160190870|order_id 4821367337|saved 2021-08-27 10:55:07.|sent 2021-08-27T11:51:44|received 2021-08-27T15:54:31
2021-27-08 10:55:07 AM|root|INFO|user_id 160190870|order_id 4821375215|saved 2021-08-27 10:55:07.|sent 2021-08-27T11:54:06|received 2021-08-27T15:54:15
2021-27-08 10:55:07 AM|root|INFO|user_id 160190870|order_id 4821376190|saved 2021-08-27 10:55:07.|sent 2021-08-27T11:54:25|received 2021-08-27T15:54:34
2021-27-08 10:55:07 AM|root|INFO|user_id 160190870|order_id 4821367852|saved 2021-08-27 10:55:07.|sent 2021-08-27T11:53:06|received 2021-08-27T15:54:40
2021-27-08 10:55:12 AM|root|INFO|user_id 25523702|order_id 4821370552|saved 2021-08-27 10:55:12.|sent 2021-08-27T11:52:39|received 2021-08-27T15:54:52
2021-27-08 10:55:12 AM|root|INFO|user_id 25523702|order_id 4821370729|saved 2021-08-27 10:55:12.|sent 2021-08-27T11:53:07|received 2021-08-27T15:55:0
2021-27-08 10:55:12 AM|root|INFO|user_id 25523702|order_id 4821377105|saved 2021-08-27 10:55:12.|sent 2021-08-27T11:54:04|received 2021-08-27T15:54:12
2021-27-08 10:55:12 AM|root|INFO|user_id 25523702|order_id 4821376281|saved 2021-08-27 10:55:12.|sent 2021-08-27T11:54:47|received 2021-08-27T15:55:00
2021-27-08 11:00:10 AM|root|INFO|user_id 160190870|order_id 4821375601|saved 2021-08-27 11:00:10.|sent 2021-08-27T11:55:04|received 2021-08-27T15:56:5
2021-27-08 11:00:10 AM|root|INFO|user_id 160190870|order_id 4821372517|saved 2021-08-27 11:00:10.|sent 2021-08-27T11:55:25|received 2021-08-27T15:57:20
2021-27-08 11:00:10 AM|root|INFO|user_id 160190870|order_id 4821375980|saved 2021-08-27 11:00:10.|sent 2021-08-27T11:56:03|received 2021-08-27T15:58:3
2021-27-08 11:00:10 AM|root|INFO|user_id 160190870|order_id 4821380215|saved 2021-08-27 11:00:10.|sent 2021-08-27T11:56:47|received 2021-08-27T15:59:39
2021-27-08 11:00:10 AM|root|INFO|user_id 160190870|order_id 4821370060|saved 2021-08-27 11:00:10.|sent 2021-08-27T11:51:21|received 2021-08-27T15:59:46
2021-27-08 11:00:15 AM|root|INFO|user_id 25523702|order_id 4821383495|saved 2021-08-27 11:00:15.|sent 2021-08-27T11:57:41|received 2021-08-27T16:00:07
2021-27-08 11:00:15 AM|root|INFO|user_id 25523702|order_id 4821384134|saved 2021-08-27 11:00:15.|sent 2021-08-27T11:58:11|received 2021-08-27T15:59:5
2021-27-08 11:00:15 AM|root|INFO|user_id 25523702|order_id 4821103776|saved 2021-08-27 11:00:15.|sent 2021-08-27T10:07:03|received 2021-08-27T16:00:04
2021-27-08 11:00:15 AM|root|INFO|user_id 25523702|order_id 4821390187|saved 2021-08-27 11:00:15.|sent 2021-08-27T12:00:02|received 2021-08-27T16:00:05
2021-27-08 11:05:08 AM|root|INFO|user_id 160190870|order_id 4821385723|saved 2021-08-27 11:05:08.|sent 2021-08-27T12:00:40|received 2021-08-27T16:02:57
2021-27-08 11:05:08 AM|root|INFO|user_id 160190870|order_id 4821390309|saved 2021-08-27 11:05:08.|sent 2021-08-27T12:00:36|received 2021-08-27T16:04:04
2021-27-08 11:05:08 AM|root|INFO|user_id 160190870|order_id 4821398033|saved 2021-08-27 11:05:08.|sent 2021-08-27T12:03:23|received 2021-08-27T16:04:48
2021-27-08 11:05:08 AM|root|INFO|user_id 160190870|order_id 4821398372|saved 2021-08-27 11:05:08.|sent 2021-08-27T12:04:54|received 2021-08-27T16:04:59
2021-27-08 11:05:13 AM|root|INFO|user_id 25523702|order_id 4821385574|saved 2021-08-27 11:05:13.|sent 2021-08-27T12:00:02|received 2021-08-27T16:03:28
2021-27-08 11:05:13 AM|root|INFO|user_id 25523702|order_id 4821390986|saved 2021-08-27 11:05:13.|sent 2021-08-27T12:03:12|received 2021-08-27T16:04:59
2021-27-08 11:05:13 AM|root|INFO|user_id 25523702|order_id 4821386967|saved 2021-08-27 11:05:13.|sent 2021-08-27T12:04:07|received 2021-08-27T16:04:18
2021-27-08 11:10:07 AM|root|INFO|user_id 160190870|order_id 4821398587|saved 2021-08-27 11:10:07.|sent 2021-08-27T12:06:14|received 2021-08-27T16:08:19
2021-27-08 11:10:07 AM|root|INFO|user_id 160190870|order_id 4821405457|saved 2021-08-27 11:10:07.|sent 2021-08-27T12:08:00|received 2021-08-27T16:09:07
2021-27-08 11:10:13 AM|root|INFO|user_id 25523702|order_id 4821403584|saved 2021-08-27 11:10:13.|sent 2021-08-27T12:05:58|received 2021-08-27T16:07:38
2021-27-08 11:10:13 AM|root|INFO|user_id 25523702|order_id 4821408485|saved 2021-08-27 11:10:13.|sent 2021-08-27T12:08:26|received 2021-08-27T16:10:04
2021-27-08 11:15:07 AM|root|INFO|user_id 160190870|order_id 4821409730|saved 2021-08-27 11:15:07.|sent 2021-08-27T12:10:52|received 2021-08-27T16:12:45
2021-27-08 11:15:12 AM|root|INFO|user_id 25523702|order_id 4821421538|saved 2021-08-27 11:15:12.|sent 2021-08-27T12:14:11|received 2021-08-27T16:14:38
2021-27-08 11:15:12 AM|root|INFO|user_id 25523702|order_id 4821415926|saved 2021-08-27 11:15:12.|sent 2021-08-27T12:14:16|received 2021-08-27T16:14:59
2021-27-08 11:20:12 AM|root|INFO|user_id 25523702|order_id 4821431352|saved 2021-08-27 11:20:12.|sent 2021-08-27T12:18:27|received 2021-08-27T16:20:05
2021-27-08 11:25:12 AM|root|INFO|user_id 25523702|order_id 4821435919|saved 2021-08-27 11:25:12.|sent 2021-08-27T12:22:28|received 2021-08-27T16:24:38
2021-27-08 11:30:13 AM|root|INFO|user_id 25523702|order_id 4821459227|saved 2021-08-27 11:30:13.|sent 2021-08-27T12:29:29|received 2021-08-27T16:29:54
2021-27-08 11:35:11 AM|root|INFO|user_id 25523702|order_id 4821458957|saved 2021-08-27 11:35:11.|sent 2021-08-27T12:31:13|received 2021-08-27T16:33:26
2021-27-08 11:40:07 AM|root|INFO|user_id 160190870|order_id 4821472374|saved 2021-08-27 11:40:07.|sent 2021-08-27T12:35:12|received 2021-08-27T16:37:16
2021-27-08 11:40:08 AM|root|INFO|user_id 160190870|order_id 4821475913|saved 2021-08-27 11:40:08.|sent 2021-08-27T12:37:53|received 2021-08-27T16:39:56
2021-27-08 11:40:08 AM|root|INFO|user_id 160190870|order_id 4821478437|saved 2021-08-27 11:40:08.|sent 2021-08-27T12:37:55|received 2021-08-27T16:39:51
2021-27-08 11:40:13 AM|root|INFO|user_id 25523702|order_id 4821471286|saved 2021-08-27 11:40:13.|sent 2021-08-27T12:34:55|received 2021-08-27T16:38:56
2021-27-08 11:40:13 AM|root|INFO|user_id 25523702|order_id 4821476277|saved 2021-08-27 11:40:13.|sent 2021-08-27T12:36:38|received 2021-08-27T16:39:00
2021-27-08 11:45:06 AM|root|INFO|user_id 160190870|order_id 4821485521|saved 2021-08-27 11:45:06.|sent 2021-08-27T12:40:51|received 2021-08-27T16:42:43
2021-27-08 11:45:06 AM|root|INFO|user_id 160190870|order_id 4821485558|saved 2021-08-27 11:45:06.|sent 2021-08-27T12:40:56|received 2021-08-27T16:44:55
2021-27-08 11:45:12 AM|root|INFO|user_id 25523702|order_id 4821466877|saved 2021-08-27 11:45:12.|sent 2021-08-27T12:33:52|received 2021-08-27T16:43:39
2021-27-08 11:45:12 AM|root|INFO|user_id 25523702|order_id 4821439130|saved 2021-08-27 11:45:12.|sent 2021-08-27T12:21:00|received 2021-08-27T16:44:15
2021-27-08 11:45:12 AM|root|INFO|user_id 25523702|order_id 4821483747|saved 2021-08-27 11:45:12.|sent 2021-08-27T12:42:21|received 2021-08-27T16:44:50
2021-27-08 11:50:07 AM|root|INFO|user_id 160190870|order_id 4821503027|saved 2021-08-27 11:50:07.|sent 2021-08-27T12:46:50|received 2021-08-27T16:48:43
2021-27-08 11:50:07 AM|root|INFO|user_id 160190870|order_id 4821496694|saved 2021-08-27 11:50:07.|sent 2021-08-27T12:46:50|received 2021-08-27T16:49:21
2021-27-08 11:50:13 AM|root|INFO|user_id 25523702|order_id 4821502667|saved 2021-08-27 11:50:13.|sent 2021-08-27T12:48:23|received 2021-08-27T16:50:03
2021-27-08 11:50:13 AM|root|INFO|user_id 25523702|order_id 4821364433|saved 2021-08-27 11:50:13.|sent 2021-08-27T11:49:45|received 2021-08-27T16:50:05
2021-27-08 11:55:06 AM|root|INFO|user_id 160190870|order_id 4821503739|saved 2021-08-27 11:55:06.|sent 2021-08-27T12:49:26|received 2021-08-27T16:52:15
2021-27-08 11:55:06 AM|root|INFO|user_id 160190870|order_id 4821508904|saved 2021-08-27 11:55:06.|sent 2021-08-27T12:52:23|received 2021-08-27T16:54:41
2021-27-08 11:55:06 AM|root|INFO|user_id 160190870|order_id 4821514479|saved 2021-08-27 11:55:06.|sent 2021-08-27T12:53:17|received 2021-08-27T16:54:57
2021-27-08 11:55:06 AM|root|INFO|user_id 160190870|order_id 4821515618|saved 2021-08-27 11:55:06.|sent 2021-08-27T12:54:14|received 2021-08-27T16:54:27
2021-27-08 11:55:11 AM|root|INFO|user_id 25523702|order_id 4821519327|saved 2021-08-27 11:55:11.|sent 2021-08-27T12:53:51|received 2021-08-27T16:55:00
2021-27-08 11:55:11 AM|root|INFO|user_id 25523702|order_id 4821329186|saved 2021-08-27 11:55:11.|sent 2021-08-27T11:35:50|received 2021-08-27T16:55:00
2021-27-08 12:00:10 PM|root|INFO|user_id 160190870|order_id 4821529701|saved 2021-08-27 12:00:10.|sent 2021-08-27T12:59:39|received 2021-08-27T16:59:49
2021-27-08 12:00:16 PM|root|INFO|user_id 25523702|order_id 4821522617|saved 2021-08-27 12:00:16.|sent 2021-08-27T12:56:11|received 2021-08-27T16:58:23
2021-27-08 12:05:07 PM|root|INFO|user_id 160190870|order_id 4821532869|saved 2021-08-27 12:05:07.|sent 2021-08-27T13:02:09|received 2021-08-27T17:04:24
2021-27-08 12:05:07 PM|root|INFO|user_id 160190870|order_id 4821536311|saved 2021-08-27 12:05:07.|sent 2021-08-27T13:01:21|received 2021-08-27T17:04:13
2021-27-08 12:05:07 PM|root|INFO|user_id 160190870|order_id 4821544199|saved 2021-08-27 12:05:07.|sent 2021-08-27T13:04:23|received 2021-08-27T17:04:47
2021-27-08 12:05:12 PM|root|INFO|user_id 25523702|order_id 4821540535|saved 2021-08-27 12:05:12.|sent 2021-08-27T13:04:23|received 2021-08-27T17:04:35
2021-27-08 12:05:12 PM|root|INFO|user_id 25523702|order_id 4820500803|saved 2021-08-27 12:05:12.|sent 2021-08-26T23:09:14|received 2021-08-27T17:05:02
2021-27-08 12:10:07 PM|root|INFO|user_id 160190870|order_id 4821475832|saved 2021-08-27 12:10:07.|sent 2021-08-27T12:37:41|received 2021-08-27T17:09:
2021-27-08 12:10:13 PM|root|INFO|user_id 25523702|order_id 4821544427|saved 2021-08-27 12:10:13.|sent 2021-08-27T13:05:25|received 2021-08-27T17:08:11
2021-27-08 12:15:13 PM|root|INFO|user_id 25523702|order_id 4821554804|saved 2021-08-27 12:15:13.|sent 2021-08-27T13:10:45|received 2021-08-27T17:13:53
2021-27-08 12:15:13 PM|root|INFO|user_id 25523702|order_id 4821554884|saved 2021-08-27 12:15:13.|sent 2021-08-27T13:10:59|received 2021-08-27T17:13:11
2021-27-08 12:20:06 PM|root|INFO|user_id 160190870|order_id 4821570330|saved 2021-08-27 12:20:06.|sent 2021-08-27T13:16:11|received 2021-08-27T17:18:21
2021-27-08 12:20:06 PM|root|INFO|user_id 160190870|order_id 4821570368|saved 2021-08-27 12:20:06.|sent 2021-08-27T13:16:14|received 2021-08-27T17:19:11
2021-27-08 12:20:06 PM|root|INFO|user_id 160190870|order_id 4821570605|saved 2021-08-27 12:20:06.|sent 2021-08-27T13:17:00|received 2021-08-27T17:18:52
2021-27-08 12:20:07 PM|root|INFO|user_id 160190870|order_id 4821571665|saved 2021-08-27 12:20:07.|sent 2021-08-27T13:17:06|received 2021-08-27T17:19:14
2021-27-08 12:20:07 PM|root|INFO|user_id 160190870|order_id 4821577135|saved 2021-08-27 12:20:07.|sent 2021-08-27T13:17:44|received 2021-08-27T17:19:34
2021-27-08 12:20:07 PM|root|INFO|user_id 160190870|order_id 4821575510|saved 2021-08-27 12:20:07.|sent 2021-08-27T13:18:21|received 2021-08-27T17:19:57
2021-27-08 12:25:07 PM|root|INFO|user_id 160190870|order_id 4821592028|saved 2021-08-27 12:25:07.|sent 2021-08-27T13:24:08|received 2021-08-27T17:24:5
2021-27-08 12:25:12 PM|root|INFO|user_id 25523702|order_id 4821583334|saved 2021-08-27 12:25:12.|sent 2021-08-27T13:20:43|received 2021-08-27T17:22:49
2021-27-08 12:25:13 PM|root|INFO|user_id 25523702|order_id 4821589193|saved 2021-08-27 12:25:13.|sent 2021-08-27T13:23:41|received 2021-08-27T17:25:02
2021-27-08 12:30:08 PM|root|INFO|user_id 160190870|order_id 4821594273|saved 2021-08-27 12:30:08.|sent 2021-08-27T13:25:55|received 2021-08-27T17:28:59
2021-27-08 12:30:08 PM|root|INFO|user_id 160190870|order_id 4821591959|saved 2021-08-27 12:30:08.|sent 2021-08-27T13:26:05|received 2021-08-27T17:28:51
2021-27-08 12:30:08 PM|root|INFO|user_id 160190870|order_id 4821599167|saved 2021-08-27 12:30:08.|sent 2021-08-27T13:28:19|received 2021-08-27T17:29:53
2021-27-08 12:30:14 PM|root|INFO|user_id 25523702|order_id 4821594373|saved 2021-08-27 12:30:14.|sent 2021-08-27T13:26:12|received 2021-08-27T17:28:13
2021-27-08 12:30:14 PM|root|INFO|user_id 25523702|order_id 4821596648|saved 2021-08-27 12:30:14.|sent 2021-08-27T13:28:28|received 2021-08-27T17:30:07
2021-27-08 12:35:07 PM|root|INFO|user_id 160190870|order_id 4821601461|saved 2021-08-27 12:35:07.|sent 2021-08-27T13:29:55|received 2021-08-27T17:33:20
2021-27-08 12:35:07 PM|root|INFO|user_id 160190870|order_id 4821605752|saved 2021-08-27 12:35:07.|sent 2021-08-27T13:32:57|received 2021-08-27T17:34:41
2021-27-08 12:35:07 PM|root|INFO|user_id 160190870|order_id 4821613180|saved 2021-08-27 12:35:07.|sent 2021-08-27T13:33:50|received 2021-08-27T17:33:57
2021-27-08 12:35:12 PM|root|INFO|user_id 25523702|order_id 4821606727|saved 2021-08-27 12:35:12.|sent 2021-08-27T13:32:23|received 2021-08-27T17:34:58
2021-27-08 12:40:08 PM|root|INFO|user_id 160190870|order_id 4821617547|saved 2021-08-27 12:40:08.|sent 2021-08-27T13:37:45|received 2021-08-27T17:39:2
2021-27-08 12:40:08 PM|root|INFO|user_id 160190870|order_id 4821627033|saved 2021-08-27 12:40:08.|sent 2021-08-27T13:38:43|received 2021-08-27T17:38:51
2021-27-08 12:40:13 PM|root|INFO|user_id 25523702|order_id 4821616268|saved 2021-08-27 12:40:13.|sent 2021-08-27T13:35:07|received 2021-08-27T17:39:1
2021-27-08 12:45:07 PM|root|INFO|user_id 160190870|order_id 4821633328|saved 2021-08-27 12:45:07.|sent 2021-08-27T13:42:14|received 2021-08-27T17:43:5
2021-27-08 12:45:12 PM|root|INFO|user_id 25523702|order_id 4821628120|saved 2021-08-27 12:45:12.|sent 2021-08-27T13:40:19|received 2021-08-27T17:42:0
2021-27-08 12:45:12 PM|root|INFO|user_id 25523702|order_id 4821635129|saved 2021-08-27 12:45:12.|sent 2021-08-27T13:42:32|received 2021-08-27T17:44:2
2021-27-08 12:45:12 PM|root|INFO|user_id 25523702|order_id 4821639323|saved 2021-08-27 12:45:12.|sent 2021-08-27T13:44:38|received 2021-08-27T17:44:53
2021-27-08 12:45:12 PM|root|INFO|user_id 25523702|order_id 4821636990|saved 2021-08-27 12:45:12.|sent 2021-08-27T13:44:57|received 2021-08-27T17:45:05
2021-27-08 12:50:07 PM|root|INFO|user_id 160190870|order_id 4821639672|saved 2021-08-27 12:50:07.|sent 2021-08-27T13:45:28|received 2021-08-27T17:47:24
2021-27-08 12:50:07 PM|root|INFO|user_id 160190870|order_id 4821646283|saved 2021-08-27 12:50:07.|sent 2021-08-27T13:47:05|received 2021-08-27T17:49:00
2021-27-08 12:50:07 PM|root|INFO|user_id 160190870|order_id 4821647214|saved 2021-08-27 12:50:07.|sent 2021-08-27T13:47:55|received 2021-08-27T17:49:28
2021-27-08 12:50:07 PM|root|INFO|user_id 160190870|order_id 4821648254|saved 2021-08-27 12:50:07.|sent 2021-08-27T13:48:06|received 2021-08-27T17:49:49
2021-27-08 12:50:07 PM|root|INFO|user_id 160190870|order_id 4821648540|saved 2021-08-27 12:50:07.|sent 2021-08-27T13:48:49|received 2021-08-27T17:49:57
2021-27-08 12:50:07 PM|root|INFO|user_id 160190870|order_id 4821648712|saved 2021-08-27 12:50:07.|sent 2021-08-27T13:49:16|received 2021-08-27T17:49:32
2021-27-08 12:50:07 PM|root|INFO|user_id 160190870|order_id 4821650409|saved 2021-08-27 12:50:07.|sent 2021-08-27T13:49:20|received 2021-08-27T17:49:35
2021-27-08 12:50:12 PM|root|INFO|user_id 25523702|order_id 4821637380|saved 2021-08-27 12:50:12.|sent 2021-08-27T13:44:39|received 2021-08-27T17:46:14
2021-27-08 12:50:12 PM|root|INFO|user_id 25523702|order_id 4821644147|saved 2021-08-27 12:50:12.|sent 2021-08-27T13:46:15|received 2021-08-27T17:47:36
2021-27-08 12:50:12 PM|root|INFO|user_id 25523702|order_id 4821650037|saved 2021-08-27 12:50:12.|sent 2021-08-27T13:48:24|received 2021-08-27T17:49:50
2021-27-08 12:50:12 PM|root|INFO|user_id 25523702|order_id 4821450689|saved 2021-08-27 12:50:12.|sent 2021-08-27T12:27:11|received 2021-08-27T17:50:01
2021-27-08 12:55:06 PM|root|INFO|user_id 160190870|order_id 4821537718|saved 2021-08-27 12:55:06.|sent 2021-08-27T13:02:28|received 2021-08-27T17:53:03
2021-27-08 12:55:06 PM|root|INFO|user_id 160190870|order_id 4821654143|saved 2021-08-27 12:55:06.|sent 2021-08-27T13:50:14|received 2021-08-27T17:51:39
2021-27-08 12:55:06 PM|root|INFO|user_id 160190870|order_id 4821655001|saved 2021-08-27 12:55:06.|sent 2021-08-27T13:50:50|received 2021-08-27T17:52:35
2021-27-08 12:55:06 PM|root|INFO|user_id 160190870|order_id 4821657619|saved 2021-08-27 12:55:06.|sent 2021-08-27T13:52:49|received 2021-08-27T17:54:4
2021-27-08 12:55:06 PM|root|INFO|user_id 160190870|order_id 4821660485|saved 2021-08-27 12:55:06.|sent 2021-08-27T13:53:37|received 2021-08-27T17:53:50
2021-27-08 12:55:12 PM|root|INFO|user_id 25523702|order_id 4821663227|saved 2021-08-27 12:55:12.|sent 2021-08-27T13:54:12|received 2021-08-27T17:54:20
2021-27-08 01:00:15 PM|root|INFO|user_id 25523702|order_id 4821664483|saved 2021-08-27 13:00:15.|sent 2021-08-27T13:55:09|received 2021-08-27T17:56:40
2021-27-08 01:00:15 PM|root|INFO|user_id 25523702|order_id 4821662522|saved 2021-08-27 13:00:15.|sent 2021-08-27T13:55:24|received 2021-08-27T17:56:29
2021-27-08 01:00:15 PM|root|INFO|user_id 25523702|order_id 4821674007|saved 2021-08-27 13:00:15.|sent 2021-08-27T13:58:30|received 2021-08-27T17:59:48
2021-27-08 01:05:07 PM|root|INFO|user_id 160190870|order_id 4821669918|saved 2021-08-27 13:05:07.|sent 2021-08-27T14:00:09|received 2021-08-27T18:04:58
2021-27-08 01:05:07 PM|root|INFO|user_id 160190870|order_id 4821682286|saved 2021-08-27 13:05:07.|sent 2021-08-27T14:02:20|received 2021-08-27T18:04:01
2021-27-08 01:05:07 PM|root|INFO|user_id 160190870|order_id 4821679660|saved 2021-08-27 13:05:07.|sent 2021-08-27T14:02:27|received 2021-08-27T18:04:03
2021-27-08 01:05:07 PM|root|INFO|user_id 160190870|order_id 4821678871|saved 2021-08-27 13:05:07.|sent 2021-08-27T14:03:43|received 2021-08-27T18:04:53
2021-27-08 01:05:08 PM|root|INFO|user_id 160190870|order_id 4821686366|saved 2021-08-27 13:05:08.|sent 2021-08-27T14:04:33|received 2021-08-27T18:04:42
2021-27-08 01:05:13 PM|root|INFO|user_id 25523702|order_id 4821677129|saved 2021-08-27 13:05:13.|sent 2021-08-27T14:00:10|received 2021-08-27T18:05:05
2021-27-08 01:05:13 PM|root|INFO|user_id 25523702|order_id 4821676911|saved 2021-08-27 13:05:13.|sent 2021-08-27T14:03:09|received 2021-08-27T18:04:4
2021-27-08 01:10:07 PM|root|INFO|user_id 160190870|order_id 4821357413|saved 2021-08-27 13:10:07.|sent 2021-08-27T11:47:16|received 2021-08-27T18:09:41
2021-27-08 01:10:07 PM|root|INFO|user_id 160190870|order_id 4821696386|saved 2021-08-27 13:10:07.|sent 2021-08-27T14:09:48|received 2021-08-27T18:09:59
2021-27-08 01:10:12 PM|root|INFO|user_id 25523702|order_id 4821685547|saved 2021-08-27 13:10:12.|sent 2021-08-27T14:05:29|received 2021-08-27T18:07:05
2021-27-08 01:10:12 PM|root|INFO|user_id 25523702|order_id 4821684847|saved 2021-08-27 13:10:12.|sent 2021-08-27T14:05:32|received 2021-08-27T18:09:59
2021-27-08 01:10:12 PM|root|INFO|user_id 25523702|order_id 4821688465|saved 2021-08-27 13:10:12.|sent 2021-08-27T14:05:31|received 2021-08-27T18:07:35
2021-27-08 01:10:12 PM|root|INFO|user_id 25523702|order_id 4821687697|saved 2021-08-27 13:10:12.|sent 2021-08-27T14:07:00|received 2021-08-27T18:08:11
2021-27-08 01:10:12 PM|root|INFO|user_id 25523702|order_id 4821690831|saved 2021-08-27 13:10:12.|sent 2021-08-27T14:08:54|received 2021-08-27T18:09:03
2021-27-08 01:15:07 PM|root|INFO|user_id 160190870|order_id 4821694661|saved 2021-08-27 13:15:07.|sent 2021-08-27T14:10:15|received 2021-08-27T18:14:59
2021-27-08 01:15:07 PM|root|INFO|user_id 160190870|order_id 4821705550|saved 2021-08-27 13:15:07.|sent 2021-08-27T14:13:42|received 2021-08-27T18:14:08
2021-27-08 01:20:06 PM|root|INFO|user_id 160190870|order_id 4821709467|saved 2021-08-27 13:20:06.|sent 2021-08-27T14:15:11|received 2021-08-27T18:19:42
2021-27-08 01:20:06 PM|root|INFO|user_id 160190870|order_id 4821703875|saved 2021-08-27 13:20:06.|sent 2021-08-27T14:15:23|received 2021-08-27T18:17:43
2021-27-08 01:20:11 PM|root|INFO|user_id 25523702|order_id 4821341947|saved 2021-08-27 13:20:11.|sent 2021-08-27T11:42:30|received 2021-08-27T18:19:58
2021-27-08 01:25:12 PM|root|INFO|user_id 25523702|order_id 4821732087|saved 2021-08-27 13:25:12.|sent 2021-08-27T14:24:43|received 2021-08-27T18:24:56
2021-27-08 01:30:07 PM|root|INFO|user_id 160190870|order_id 4821736368|saved 2021-08-27 13:30:07.|sent 2021-08-27T14:27:29|received 2021-08-27T18:29:58
2021-27-08 01:30:07 PM|root|INFO|user_id 160190870|order_id 4821732793|saved 2021-08-27 13:30:07.|sent 2021-08-27T14:27:29|received 2021-08-27T18:29:58
2021-27-08 01:30:14 PM|root|INFO|user_id 25523702|order_id 4821731838|saved 2021-08-27 13:30:14.|sent 2021-08-27T14:26:35|received 2021-08-27T18:30:01
2021-27-08 01:35:07 PM|root|INFO|user_id 160190870|order_id 4821751664|saved 2021-08-27 13:35:07.|sent 2021-08-27T14:34:17|received 2021-08-27T18:34:34
2021-27-08 01:35:07 PM|root|INFO|user_id 160190870|order_id 4821749511|saved 2021-08-27 13:35:07.|sent 2021-08-27T14:34:18|received 2021-08-27T18:34:30
2021-27-08 01:35:12 PM|root|INFO|user_id 25523702|order_id 4821741504|saved 2021-08-27 13:35:12.|sent 2021-08-27T14:30:13|received 2021-08-27T18:32:18
2021-27-08 01:35:12 PM|root|INFO|user_id 25523702|order_id 4821744621|saved 2021-08-27 13:35:12.|sent 2021-08-27T14:31:21|received 2021-08-27T18:33:25
2021-27-08 01:35:13 PM|root|INFO|user_id 25523702|order_id 4821745211|saved 2021-08-27 13:35:12.|sent 2021-08-27T14:30:25|received 2021-08-27T18:33:20
2021-27-08 01:35:13 PM|root|INFO|user_id 25523702|order_id 4820573741|saved 2021-08-27 13:35:13.|sent 2021-08-27T00:10:26|received 2021-08-27T18:34:32
2021-27-08 01:40:13 PM|root|INFO|user_id 25523702|order_id 4821754729|saved 2021-08-27 13:40:13.|sent 2021-08-27T14:36:20|received 2021-08-27T18:38:53
2021-27-08 01:45:07 PM|root|INFO|user_id 160190870|order_id 4821761521|saved 2021-08-27 13:45:07.|sent 2021-08-27T14:39:30|received 2021-08-27T18:42:46
2021-27-08 01:45:12 PM|root|INFO|user_id 25523702|order_id 4821772641|saved 2021-08-27 13:45:12.|sent 2021-08-27T14:44:00|received 2021-08-27T18:44:10
2021-27-08 01:45:12 PM|root|INFO|user_id 25523702|order_id 4821776281|saved 2021-08-27 13:45:12.|sent 2021-08-27T14:44:40|received 2021-08-27T18:45:04
2021-27-08 01:50:07 PM|root|INFO|user_id 160190870|order_id 4821784072|saved 2021-08-27 13:50:07.|sent 2021-08-27T14:47:45|received 2021-08-27T18:49:25
2021-27-08 01:50:07 PM|root|INFO|user_id 160190870|order_id 4821556420|saved 2021-08-27 13:50:07.|sent 2021-08-27T13:09:51|received 2021-08-27T18:49:5
2021-27-08 01:50:07 PM|root|INFO|user_id 160190870|order_id 4821785211|saved 2021-08-27 13:50:07.|sent 2021-08-27T14:48:40|received 2021-08-27T18:49:58
2021-27-08 01:50:07 PM|root|INFO|user_id 160190870|order_id 4821785239|saved 2021-08-27 13:50:07.|sent 2021-08-27T14:48:46|received 2021-08-27T18:49:57
2021-27-08 01:50:12 PM|root|INFO|user_id 25523702|order_id 4821780021|saved 2021-08-27 13:50:12.|sent 2021-08-27T14:45:52|received 2021-08-27T18:49:00
2021-27-08 01:50:12 PM|root|INFO|user_id 25523702|order_id 4821782179|saved 2021-08-27 13:50:12.|sent 2021-08-27T14:46:56|received 2021-08-27T18:48:5
2021-27-08 01:55:06 PM|root|INFO|user_id 160190870|order_id 4821790042|saved 2021-08-27 13:55:06.|sent 2021-08-27T14:50:28|received 2021-08-27T18:52:21
2021-27-08 01:55:07 PM|root|INFO|user_id 160190870|order_id 4821789349|saved 2021-08-27 13:55:07.|sent 2021-08-27T14:51:18|received 2021-08-27T18:53:2
2021-27-08 01:55:07 PM|root|INFO|user_id 160190870|order_id 4821791494|saved 2021-08-27 13:55:07.|sent 2021-08-27T14:52:41|received 2021-08-27T18:54:43
2021-27-08 01:55:12 PM|root|INFO|user_id 25523702|order_id 4821783849|saved 2021-08-27 13:55:12.|sent 2021-08-27T14:49:56|received 2021-08-27T18:52:11
2021-27-08 02:00:12 PM|root|INFO|user_id 160190870|order_id 4821795629|saved 2021-08-27 14:00:12.|sent 2021-08-27T14:55:17|received 2021-08-27T18:57:4
2021-27-08 02:00:17 PM|root|INFO|user_id 25523702|order_id 4821802472|saved 2021-08-27 14:00:17.|sent 2021-08-27T14:56:50|received 2021-08-27T18:58:56
2021-27-08 02:00:17 PM|root|INFO|user_id 25523702|order_id 4821806017|saved 2021-08-27 14:00:17.|sent 2021-08-27T14:57:02|received 2021-08-27T18:59:10
2021-27-08 02:00:17 PM|root|INFO|user_id 25523702|order_id 4821804681|saved 2021-08-27 14:00:17.|sent 2021-08-27T14:58:04|received 2021-08-27T19:00:06
2021-27-08 02:05:13 PM|root|INFO|user_id 25523702|order_id 4821814173|saved 2021-08-27 14:05:13.|sent 2021-08-27T15:01:48|received 2021-08-27T19:04:18
2021-27-08 02:10:07 PM|root|INFO|user_id 160190870|order_id 4821819677|saved 2021-08-27 14:10:07.|sent 2021-08-27T15:06:10|received 2021-08-27T19:09:56
2021-27-08 02:10:13 PM|root|INFO|user_id 25523702|order_id 4821827102|saved 2021-08-27 14:10:13.|sent 2021-08-27T15:06:57|received 2021-08-27T19:08:33
2021-27-08 02:10:13 PM|root|INFO|user_id 25523702|order_id 4821824600|saved 2021-08-27 14:10:13.|sent 2021-08-27T15:07:39|received 2021-08-27T19:09:20
2021-27-08 02:15:07 PM|root|INFO|user_id 160190870|order_id 4821831585|saved 2021-08-27 14:15:07.|sent 2021-08-27T15:10:41|received 2021-08-27T19:14:29
2021-27-08 02:15:07 PM|root|INFO|user_id 160190870|order_id 4821842120|saved 2021-08-27 14:15:07.|sent 2021-08-27T15:14:05|received 2021-08-27T19:14:20
2021-27-08 02:15:07 PM|root|INFO|user_id 160190870|order_id 4821841670|saved 2021-08-27 14:15:07.|sent 2021-08-27T15:14:28|received 2021-08-27T19:14:35
2021-27-08 02:15:13 PM|root|INFO|user_id 25523702|order_id 4821836024|saved 2021-08-27 14:15:13.|sent 2021-08-27T15:10:34|received 2021-08-27T19:13:34
2021-27-08 02:20:08 PM|root|INFO|user_id 160190870|order_id 4821840963|saved 2021-08-27 14:20:08.|sent 2021-08-27T15:15:07|received 2021-08-27T19:17:58
2021-27-08 02:20:08 PM|root|INFO|user_id 160190870|order_id 4821848463|saved 2021-08-27 14:20:08.|sent 2021-08-27T15:18:03|received 2021-08-27T19:19:58
2021-27-08 02:20:13 PM|root|INFO|user_id 25523702|order_id 4821838536|saved 2021-08-27 14:20:13.|sent 2021-08-27T15:14:25|received 2021-08-27T19:17:57
2021-27-08 02:20:13 PM|root|INFO|user_id 25523702|order_id 4821843608|saved 2021-08-27 14:20:13.|sent 2021-08-27T15:16:05|received 2021-08-27T19:19:03
2021-27-08 02:20:13 PM|root|INFO|user_id 25523702|order_id 4821848029|saved 2021-08-27 14:20:13.|sent 2021-08-27T15:16:20|received 2021-08-27T19:19:04
2021-27-08 02:25:14 PM|root|INFO|user_id 25523702|order_id 4821720114|saved 2021-08-27 14:25:14.|sent 2021-08-27T14:19:24|received 2021-08-27T19:24:36
2021-27-08 02:30:09 PM|root|INFO|user_id 160190870|order_id 4821868799|saved 2021-08-27 14:30:09.|sent 2021-08-27T15:27:57|received 2021-08-27T19:29:5
2021-27-08 02:30:14 PM|root|INFO|user_id 25523702|order_id 4821869212|saved 2021-08-27 14:30:14.|sent 2021-08-27T15:26:32|received 2021-08-27T19:28:5
2021-27-08 02:35:07 PM|root|INFO|user_id 160190870|order_id 4821877408|saved 2021-08-27 14:35:07.|sent 2021-08-27T15:31:04|received 2021-08-27T19:33:17
2021-27-08 02:35:07 PM|root|INFO|user_id 160190870|order_id 4821882983|saved 2021-08-27 14:35:07.|sent 2021-08-27T15:34:22|received 2021-08-27T19:34:34
2021-27-08 02:35:07 PM|root|INFO|user_id 160190870|order_id 4821884383|saved 2021-08-27 14:35:07.|sent 2021-08-27T15:34:42|received 2021-08-27T19:34:49
2021-27-08 02:35:13 PM|root|INFO|user_id 25523702|order_id 4821878131|saved 2021-08-27 14:35:13.|sent 2021-08-27T15:31:09|received 2021-08-27T19:33:03
2021-27-08 02:35:13 PM|root|INFO|user_id 25523702|order_id 4821877305|saved 2021-08-27 14:35:13.|sent 2021-08-27T15:30:40|received 2021-08-27T19:33:24
2021-27-08 02:40:07 PM|root|INFO|user_id 160190870|order_id 4821892723|saved 2021-08-27 14:40:07.|sent 2021-08-27T15:38:44|received 2021-08-27T19:39:59
2021-27-08 02:40:12 PM|root|INFO|user_id 25523702|order_id 4821888891|saved 2021-08-27 14:40:12.|sent 2021-08-27T15:36:47|received 2021-08-27T19:38:55
2021-27-08 02:45:08 PM|root|INFO|user_id 160190870|order_id 4821709228|saved 2021-08-27 14:45:08.|sent 2021-08-27T14:14:33|received 2021-08-27T19:44:09
2021-27-08 02:45:13 PM|root|INFO|user_id 25523702|order_id 4821890954|saved 2021-08-27 14:45:13.|sent 2021-08-27T15:40:16|received 2021-08-27T19:42:14
2021-27-08 02:45:13 PM|root|INFO|user_id 25523702|order_id 4821567640|saved 2021-08-27 14:45:13.|sent 2021-08-27T13:15:48|received 2021-08-27T19:43:34
2021-27-08 02:50:07 PM|root|INFO|user_id 160190870|order_id 4821907834|saved 2021-08-27 14:50:07.|sent 2021-08-27T15:47:33|received 2021-08-27T19:49:48
2021-27-08 02:55:12 PM|root|INFO|user_id 25523702|order_id 4821918384|saved 2021-08-27 14:55:12.|sent 2021-08-27T15:50:38|received 2021-08-27T19:54:05
2021-27-08 02:55:12 PM|root|INFO|user_id 25523702|order_id 4821920200|saved 2021-08-27 14:55:12.|sent 2021-08-27T15:50:17|received 2021-08-27T19:54:09
2021-27-08 02:55:12 PM|root|INFO|user_id 25523702|order_id 4821921531|saved 2021-08-27 14:55:12.|sent 2021-08-27T15:51:51|received 2021-08-27T19:54:
2021-27-08 03:00:12 PM|root|INFO|user_id 160190870|order_id 4821937371|saved 2021-08-27 15:00:12.|sent 2021-08-27T15:59:24|received 2021-08-27T19:59:45
2021-27-08 03:00:12 PM|root|INFO|user_id 160190870|order_id 4821937412|saved 2021-08-27 15:00:12.|sent 2021-08-27T15:59:33|received 2021-08-27T20:00:05
2021-27-08 03:00:18 PM|root|INFO|user_id 25523702|order_id 4821934743|saved 2021-08-27 15:00:18.|sent 2021-08-27T15:58:02|received 2021-08-27T20:00:11
2021-27-08 03:00:18 PM|root|INFO|user_id 25523702|order_id 4821938043|saved 2021-08-27 15:00:18.|sent 2021-08-27T15:58:16|received 2021-08-27T19:59:55
2021-27-08 03:05:06 PM|root|INFO|user_id 160190870|order_id 4821944136|saved 2021-08-27 15:05:06.|sent 2021-08-27T16:01:43|received 2021-08-27T20:03:54
2021-27-08 03:05:06 PM|root|INFO|user_id 160190870|order_id 4821945781|saved 2021-08-27 15:05:06.|sent 2021-08-27T16:03:50|received 2021-08-27T20:04:01
2021-27-08 03:15:07 PM|root|INFO|user_id 160190870|order_id 4821963347|saved 2021-08-27 15:15:07.|sent 2021-08-27T16:11:25|received 2021-08-27T20:13:14
2021-27-08 03:15:08 PM|root|INFO|user_id 160190870|order_id 4821963366|saved 2021-08-27 15:15:08.|sent 2021-08-27T16:11:28|received 2021-08-27T20:14:20
2021-27-08 03:15:08 PM|root|INFO|user_id 160190870|order_id 4821966468|saved 2021-08-27 15:15:08.|sent 2021-08-27T16:13:55|received 2021-08-27T20:15:00
2021-27-08 03:15:13 PM|root|INFO|user_id 25523702|order_id 4821968020|saved 2021-08-27 15:15:13.|sent 2021-08-27T16:12:53|received 2021-08-27T20:14:4
2021-27-08 03:20:07 PM|root|INFO|user_id 160190870|order_id 4821973107|saved 2021-08-27 15:20:07.|sent 2021-08-27T16:16:05|received 2021-08-27T20:18:
2021-27-08 03:20:07 PM|root|INFO|user_id 160190870|order_id 4821972788|saved 2021-08-27 15:20:07.|sent 2021-08-27T16:17:59|received 2021-08-27T20:19:53
2021-27-08 03:20:12 PM|root|INFO|user_id 25523702|order_id 4821965909|saved 2021-08-27 15:20:12.|sent 2021-08-27T16:15:30|received 2021-08-27T20:18:01
2021-27-08 03:20:12 PM|root|INFO|user_id 25523702|order_id 4821966828|saved 2021-08-27 15:20:12.|sent 2021-08-27T16:15:30|received 2021-08-27T20:18:01
2021-27-08 03:20:12 PM|root|INFO|user_id 25523702|order_id 4821974061|saved 2021-08-27 15:20:12.|sent 2021-08-27T16:15:56|received 2021-08-27T20:18:50
2021-27-08 03:25:06 PM|root|INFO|user_id 160190870|order_id 4821986574|saved 2021-08-27 15:25:06.|sent 2021-08-27T16:23:00|received 2021-08-27T20:24:47
2021-27-08 03:25:06 PM|root|INFO|user_id 160190870|order_id 4821987397|saved 2021-08-27 15:25:06.|sent 2021-08-27T16:23:24|received 2021-08-27T20:24:52
2021-27-08 03:25:13 PM|root|INFO|user_id 25523702|order_id 4821979906|saved 2021-08-27 15:25:13.|sent 2021-08-27T16:21:07|received 2021-08-27T20:23:54
2021-27-08 03:25:13 PM|root|INFO|user_id 25523702|order_id 4821989112|saved 2021-08-27 15:25:13.|sent 2021-08-27T16:23:07|received 2021-08-27T20:24:46
2021-27-08 03:25:13 PM|root|INFO|user_id 25523702|order_id 4821989464|saved 2021-08-27 15:25:13.|sent 2021-08-27T16:24:51|received 2021-08-27T20:24:57
2021-27-08 03:30:14 PM|root|INFO|user_id 25523702|order_id 4821995293|saved 2021-08-27 15:30:14.|sent 2021-08-27T16:26:06|received 2021-08-27T20:28:17
2021-27-08 03:35:08 PM|root|INFO|user_id 160190870|order_id 4821999947|saved 2021-08-27 15:35:08.|sent 2021-08-27T16:31:03|received 2021-08-27T20:32:52
2021-27-08 03:35:13 PM|root|INFO|user_id 25523702|order_id 4822004577|saved 2021-08-27 15:35:13.|sent 2021-08-27T16:31:26|received 2021-08-27T20:33:23
2021-27-08 03:35:13 PM|root|INFO|user_id 25523702|order_id 4822006240|saved 2021-08-27 15:35:13.|sent 2021-08-27T16:31:54|received 2021-08-27T20:34:00
2021-27-08 03:35:13 PM|root|INFO|user_id 25523702|order_id 4820963351|saved 2021-08-27 15:35:13.|sent 2021-08-27T09:05:06|received 2021-08-27T20:34:36
2021-27-08 03:40:08 PM|root|INFO|user_id 160190870|order_id 4822015715|saved 2021-08-27 15:40:08.|sent 2021-08-27T16:37:42|received 2021-08-27T20:40:00
2021-27-08 03:40:08 PM|root|INFO|user_id 160190870|order_id 4822017868|saved 2021-08-27 15:40:08.|sent 2021-08-27T16:39:22|received 2021-08-27T20:39:30
2021-27-08 03:45:07 PM|root|INFO|user_id 160190870|order_id 4822024907|saved 2021-08-27 15:45:07.|sent 2021-08-27T16:42:38|received 2021-08-27T20:44:5
2021-27-08 03:45:11 PM|root|INFO|user_id 25523702|order_id 4822021698|saved 2021-08-27 15:45:11.|sent 2021-08-27T16:40:29|received 2021-08-27T20:42:52
2021-27-08 03:45:12 PM|root|INFO|user_id 25523702|order_id 4821964070|saved 2021-08-27 15:45:12.|sent 2021-08-27T16:10:57|received 2021-08-27T20:45:04
2021-27-08 03:45:12 PM|root|INFO|user_id 25523702|order_id 4822031056|saved 2021-08-27 15:45:12.|sent 2021-08-27T16:44:06|received 2021-08-27T20:44:37
2021-27-08 03:50:07 PM|root|INFO|user_id 160190870|order_id 4822032562|saved 2021-08-27 15:50:07.|sent 2021-08-27T16:45:28|received 2021-08-27T20:47:15
2021-27-08 03:50:07 PM|root|INFO|user_id 160190870|order_id 4822035144|saved 2021-08-27 15:50:07.|sent 2021-08-27T16:46:12|received 2021-08-27T20:49:46
2021-27-08 03:50:12 PM|root|INFO|user_id 25523702|order_id 4822034464|saved 2021-08-27 15:50:12.|sent 2021-08-27T16:47:15|received 2021-08-27T20:49:35
2021-27-08 03:55:11 PM|root|INFO|user_id 25523702|order_id 4822042480|saved 2021-08-27 15:55:11.|sent 2021-08-27T16:50:10|received 2021-08-27T20:53:20
2021-27-08 03:55:11 PM|root|INFO|user_id 25523702|order_id 4822038814|saved 2021-08-27 15:55:11.|sent 2021-08-27T16:50:22|received 2021-08-27T20:52:47
2021-27-08 03:55:11 PM|root|INFO|user_id 25523702|order_id 4822047297|saved 2021-08-27 15:55:11.|sent 2021-08-27T16:52:30|received 2021-08-27T20:54:12
2021-27-08 03:55:11 PM|root|INFO|user_id 25523702|order_id 4822048384|saved 2021-08-27 15:55:11.|sent 2021-08-27T16:53:40|received 2021-08-27T20:54:56
2021-27-08 04:00:10 PM|root|INFO|user_id 160190870|order_id 4822057001|saved 2021-08-27 16:00:10.|sent 2021-08-27T16:56:06|received 2021-08-27T20:58:38
2021-27-08 04:00:10 PM|root|INFO|user_id 160190870|order_id 4822062120|saved 2021-08-27 16:00:10.|sent 2021-08-27T16:59:06|received 2021-08-27T20:59:17
2021-27-08 04:05:07 PM|root|INFO|user_id 160190870|order_id 4822062544|saved 2021-08-27 16:05:07.|sent 2021-08-27T17:00:55|received 2021-08-27T21:03:57
2021-27-08 04:05:07 PM|root|INFO|user_id 160190870|order_id 4821849421|saved 2021-08-27 16:05:07.|sent 2021-08-27T15:18:15|received 2021-08-27T21:03:40
2021-27-08 04:05:12 PM|root|INFO|user_id 25523702|order_id 4822064370|saved 2021-08-27 16:05:12.|sent 2021-08-27T17:01:38|received 2021-08-27T21:04:17
2021-27-08 04:05:12 PM|root|INFO|user_id 25523702|order_id 4822012816|saved 2021-08-27 16:05:12.|sent 2021-08-27T16:36:29|received 2021-08-27T21:04:39
2021-27-08 04:10:07 PM|root|INFO|user_id 160190870|order_id 4822071570|saved 2021-08-27 16:10:07.|sent 2021-08-27T17:05:31|received 2021-08-27T21:08:5
2021-27-08 04:10:12 PM|root|INFO|user_id 25523702|order_id 4822071911|saved 2021-08-27 16:10:12.|sent 2021-08-27T17:06:34|received 2021-08-27T21:10:00
2021-27-08 04:10:12 PM|root|INFO|user_id 25523702|order_id 4822083073|saved 2021-08-27 16:10:12.|sent 2021-08-27T17:10:00|received 2021-08-27T21:10:04
2021-27-08 04:15:06 PM|root|INFO|user_id 160190870|order_id 4822081540|saved 2021-08-27 16:15:06.|sent 2021-08-27T17:10:01|received 2021-08-27T21:12:50
2021-27-08 04:15:07 PM|root|INFO|user_id 160190870|order_id 4822082587|saved 2021-08-27 16:15:07.|sent 2021-08-27T17:12:02|received 2021-08-27T21:14:52
2021-27-08 04:15:07 PM|root|INFO|user_id 160190870|order_id 4822082586|saved 2021-08-27 16:15:07.|sent 2021-08-27T17:12:02|received 2021-08-27T21:14:52
2021-27-08 04:20:08 PM|root|INFO|user_id 160190870|order_id 4822094341|saved 2021-08-27 16:20:08.|sent 2021-08-27T17:16:28|received 2021-08-27T21:19:56
2021-27-08 04:20:08 PM|root|INFO|user_id 160190870|order_id 4822097340|saved 2021-08-27 16:20:08.|sent 2021-08-27T17:17:30|received 2021-08-27T21:20:00
2021-27-08 04:20:13 PM|root|INFO|user_id 25523702|order_id 4822088638|saved 2021-08-27 16:20:13.|sent 2021-08-27T17:15:44|received 2021-08-27T21:18:29
2021-27-08 04:20:13 PM|root|INFO|user_id 25523702|order_id 4822096181|saved 2021-08-27 16:20:13.|sent 2021-08-27T17:16:31|received 2021-08-27T21:19:11
2021-27-08 04:25:07 PM|root|INFO|user_id 160190870|order_id 4822098739|saved 2021-08-27 16:25:07.|sent 2021-08-27T17:20:47|received 2021-08-27T21:23:06
2021-27-08 04:25:07 PM|root|INFO|user_id 160190870|order_id 4822104958|saved 2021-08-27 16:25:07.|sent 2021-08-27T17:23:49|received 2021-08-27T21:24:01
2021-27-08 04:25:13 PM|root|INFO|user_id 25523702|order_id 4822111502|saved 2021-08-27 16:25:13.|sent 2021-08-27T17:24:58|received 2021-08-27T21:25:02
2021-27-08 04:30:08 PM|root|INFO|user_id 160190870|order_id 4822121114|saved 2021-08-27 16:30:08.|sent 2021-08-27T17:29:03|received 2021-08-27T21:29:29
2021-27-08 04:30:13 PM|root|INFO|user_id 25523702|order_id 4821700039|saved 2021-08-27 16:30:13.|sent 2021-08-27T14:09:47|received 2021-08-27T21:28:56
2021-27-08 04:30:13 PM|root|INFO|user_id 25523702|order_id 4822116681|saved 2021-08-27 16:30:13.|sent 2021-08-27T17:28:33|received 2021-08-27T21:30:0
2021-27-08 04:30:13 PM|root|INFO|user_id 25523702|order_id 4822123110|saved 2021-08-27 16:30:13.|sent 2021-08-27T17:29:51|received 2021-08-27T21:30:01
2021-27-08 04:30:13 PM|root|INFO|user_id 25523702|order_id 4822121400|saved 2021-08-27 16:30:13.|sent 2021-08-27T17:29:50|received 2021-08-27T21:30:0
2021-27-08 04:35:07 PM|root|INFO|user_id 160190870|order_id 4822125236|saved 2021-08-27 16:35:07.|sent 2021-08-27T17:32:07|received 2021-08-27T21:34:17
2021-27-08 04:35:12 PM|root|INFO|user_id 25523702|order_id 4822127561|saved 2021-08-27 16:35:12.|sent 2021-08-27T17:33:22|received 2021-08-27T21:35:04
2021-27-08 04:40:08 PM|root|INFO|user_id 160190870|order_id 4822135151|saved 2021-08-27 16:40:08.|sent 2021-08-27T17:36:56|received 2021-08-27T21:39:05
2021-27-08 04:40:13 PM|root|INFO|user_id 25523702|order_id 4821859681|saved 2021-08-27 16:40:13.|sent 2021-08-27T15:22:34|received 2021-08-27T21:39:44
2021-27-08 04:45:07 PM|root|INFO|user_id 160190870|order_id 4822149224|saved 2021-08-27 16:45:07.|sent 2021-08-27T17:44:06|received 2021-08-27T21:44:35
2021-27-08 04:45:12 PM|root|INFO|user_id 25523702|order_id 4822142125|saved 2021-08-27 16:45:12.|sent 2021-08-27T17:40:30|received 2021-08-27T21:42:40
2021-27-08 04:50:07 PM|root|INFO|user_id 160190870|order_id 4822153020|saved 2021-08-27 16:50:07.|sent 2021-08-27T17:45:58|received 2021-08-27T21:47:5
2021-27-08 04:50:07 PM|root|INFO|user_id 160190870|order_id 4822149845|saved 2021-08-27 16:50:07.|sent 2021-08-27T17:46:02|received 2021-08-27T21:47:58
2021-27-08 04:50:12 PM|root|INFO|user_id 25523702|order_id 4822156687|saved 2021-08-27 16:50:12.|sent 2021-08-27T17:48:35|received 2021-08-27T21:49:57
2021-27-08 04:50:12 PM|root|INFO|user_id 25523702|order_id 4822157665|saved 2021-08-27 16:50:12.|sent 2021-08-27T17:49:13|received 2021-08-27T21:49:32
2021-27-08 04:50:12 PM|root|INFO|user_id 25523702|order_id 4822157724|saved 2021-08-27 16:50:12.|sent 2021-08-27T17:49:23|received 2021-08-27T21:49:
2021-27-08 04:55:07 PM|root|INFO|user_id 160190870|order_id 4822162515|saved 2021-08-27 16:55:07.|sent 2021-08-27T17:51:01|received 2021-08-27T21:53:28
2021-27-08 04:55:07 PM|root|INFO|user_id 160190870|order_id 4820364556|saved 2021-08-27 16:55:07.|sent 2021-08-26T21:52:24|received 2021-08-27T21:54:31
2021-27-08 04:55:07 PM|root|INFO|user_id 160190870|order_id 4822166020|saved 2021-08-27 16:55:07.|sent 2021-08-27T17:52:23|received 2021-08-27T21:54:36
2021-27-08 04:55:12 PM|root|INFO|user_id 25523702|order_id 4822160771|saved 2021-08-27 16:55:12.|sent 2021-08-27T17:51:07|received 2021-08-27T21:53:5
2021-27-08 05:00:10 PM|root|INFO|user_id 160190870|order_id 4822171417|saved 2021-08-27 17:00:10.|sent 2021-08-27T17:56:07|received 2021-08-27T21:58:41
2021-27-08 05:00:15 PM|root|INFO|user_id 25523702|order_id 4822178212|saved 2021-08-27 17:00:15.|sent 2021-08-27T17:58:34|received 2021-08-27T21:59:55
2021-27-08 05:05:06 PM|root|INFO|user_id 160190870|order_id 4822177691|saved 2021-08-27 17:05:06.|sent 2021-08-27T18:01:35|received 2021-08-27T22:03:51
2021-27-08 05:05:06 PM|root|INFO|user_id 160190870|order_id 4822182402|saved 2021-08-27 17:05:06.|sent 2021-08-27T18:02:39|received 2021-08-27T22:04:41
2021-27-08 05:10:07 PM|root|INFO|user_id 160190870|order_id 4822197054|saved 2021-08-27 17:10:07.|sent 2021-08-27T18:07:32|received 2021-08-27T22:09:39
2021-27-08 05:10:12 PM|root|INFO|user_id 25523702|order_id 4822145990|saved 2021-08-27 17:10:12.|sent 2021-08-27T17:44:21|received 2021-08-27T22:09:27
2021-27-08 05:10:12 PM|root|INFO|user_id 25523702|order_id 4822196165|saved 2021-08-27 17:10:12.|sent 2021-08-27T18:07:53|received 2021-08-27T22:09:48
2021-27-08 05:15:06 PM|root|INFO|user_id 160190870|order_id 4822208337|saved 2021-08-27 17:15:06.|sent 2021-08-27T18:14:25|received 2021-08-27T22:14:35
2021-27-08 05:15:06 PM|root|INFO|user_id 160190870|order_id 4822209407|saved 2021-08-27 17:15:06.|sent 2021-08-27T18:14:46|received 2021-08-27T22:14:53
2021-27-08 05:15:12 PM|root|INFO|user_id 25523702|order_id 4822204267|saved 2021-08-27 17:15:12.|sent 2021-08-27T18:11:44|received 2021-08-27T22:14:41
2021-27-08 05:20:06 PM|root|INFO|user_id 160190870|order_id 4822213050|saved 2021-08-27 17:20:06.|sent 2021-08-27T18:16:41|received 2021-08-27T22:18:40
2021-27-08 05:20:12 PM|root|INFO|user_id 25523702|order_id 4822214499|saved 2021-08-27 17:20:12.|sent 2021-08-27T18:18:09|received 2021-08-27T22:20:
2021-27-08 05:20:12 PM|root|INFO|user_id 25523702|order_id 4822217460|saved 2021-08-27 17:20:12.|sent 2021-08-27T18:19:26|received 2021-08-27T22:19:39
2021-27-08 05:25:05 PM|root|INFO|user_id 160190870|order_id 4822155738|saved 2021-08-27 17:25:05.|sent 2021-08-27T17:48:41|received 2021-08-27T22:23:04
2021-27-08 05:25:06 PM|root|INFO|user_id 160190870|order_id 4822215653|saved 2021-08-27 17:25:06.|sent 2021-08-27T18:19:49|received 2021-08-27T22:22:35
2021-27-08 05:25:06 PM|root|INFO|user_id 160190870|order_id 4822217632|saved 2021-08-27 17:25:06.|sent 2021-08-27T18:20:24|received 2021-08-27T22:22:20
2021-27-08 05:25:06 PM|root|INFO|user_id 160190870|order_id 4822221186|saved 2021-08-27 17:25:06.|sent 2021-08-27T18:20:35|received 2021-08-27T22:23:01
2021-27-08 05:25:06 PM|root|INFO|user_id 160190870|order_id 4822220741|saved 2021-08-27 17:25:06.|sent 2021-08-27T18:21:49|received 2021-08-27T22:24:06
2021-27-08 05:25:06 PM|root|INFO|user_id 160190870|order_id 4822227535|saved 2021-08-27 17:25:06.|sent 2021-08-27T18:24:13|received 2021-08-27T22:24:4
2021-27-08 05:25:11 PM|root|INFO|user_id 25523702|order_id 4822228112|saved 2021-08-27 17:25:11.|sent 2021-08-27T18:23:25|received 2021-08-27T22:24:56
2021-27-08 05:25:11 PM|root|INFO|user_id 25523702|order_id 4822226042|saved 2021-08-27 17:25:11.|sent 2021-08-27T18:22:36|received 2021-08-27T22:24:27
2021-27-08 05:30:07 PM|root|INFO|user_id 160190870|order_id 4822232770|saved 2021-08-27 17:30:07.|sent 2021-08-27T18:27:55|received 2021-08-27T22:30:01
2021-27-08 05:30:07 PM|root|INFO|user_id 160190870|order_id 4822045053|saved 2021-08-27 17:30:07.|sent 2021-08-27T16:50:27|received 2021-08-27T22:28:57
2021-27-08 05:30:08 PM|root|INFO|user_id 160190870|order_id 4822237262|saved 2021-08-27 17:30:08.|sent 2021-08-27T18:29:32|received 2021-08-27T22:29:38
2021-27-08 05:35:09 PM|root|INFO|user_id 160190870|order_id 4822241025|saved 2021-08-27 17:35:09.|sent 2021-08-27T18:30:49|received 2021-08-27T22:33:26
2021-27-08 05:35:09 PM|root|INFO|user_id 160190870|order_id 4822093828|saved 2021-08-27 17:35:09.|sent 2021-08-27T17:17:01|received 2021-08-27T22:34:23
2021-27-08 05:35:09 PM|root|INFO|user_id 160190870|order_id 4822243583|saved 2021-08-27 17:35:09.|sent 2021-08-27T18:32:43|received 2021-08-27T22:34:44
2021-27-08 05:35:09 PM|root|INFO|user_id 160190870|order_id 4821445599|saved 2021-08-27 17:35:09.|sent 2021-08-27T12:26:38|received 2021-08-27T22:34:1
2021-27-08 05:35:14 PM|root|INFO|user_id 25523702|order_id 4822243310|saved 2021-08-27 17:35:14.|sent 2021-08-27T18:31:54|received 2021-08-27T22:34:34
2021-27-08 05:40:07 PM|root|INFO|user_id 160190870|order_id 4822248969|saved 2021-08-27 17:40:07.|sent 2021-08-27T18:36:53|received 2021-08-27T22:38:47
2021-27-08 05:40:07 PM|root|INFO|user_id 160190870|order_id 4822252310|saved 2021-08-27 17:40:07.|sent 2021-08-27T18:36:58|received 2021-08-27T22:40:00
2021-27-08 05:50:08 PM|root|INFO|user_id 160190870|order_id 4822267653|saved 2021-08-27 17:50:08.|sent 2021-08-27T18:45:42|received 2021-08-27T22:47:32
2021-27-08 05:50:08 PM|root|INFO|user_id 160190870|order_id 4822273909|saved 2021-08-27 17:50:08.|sent 2021-08-27T18:49:32|received 2021-08-27T22:49:42
2021-27-08 05:50:08 PM|root|INFO|user_id 160190870|order_id 4822270988|saved 2021-08-27 17:50:08.|sent 2021-08-27T18:49:52|received 2021-08-27T22:49:57
2021-27-08 05:50:14 PM|root|INFO|user_id 25523702|order_id 4822273613|saved 2021-08-27 17:50:14.|sent 2021-08-27T18:48:38|received 2021-08-27T22:49:54
2021-27-08 05:50:14 PM|root|INFO|user_id 25523702|order_id 4822276898|saved 2021-08-27 17:50:14.|sent 2021-08-27T18:49:59|received 2021-08-27T22:50:02
2021-27-08 06:05:06 PM|root|INFO|user_id 160190870|order_id 4822290290|saved 2021-08-27 18:05:06.|sent 2021-08-27T18:55:56|received 2021-08-27T22:57:56
2021-27-08 06:05:06 PM|root|INFO|user_id 160190870|order_id 4822299959|saved 2021-08-27 18:05:06.|sent 2021-08-27T19:02:23|received 2021-08-27T23:04:11
2021-27-08 06:05:11 PM|root|INFO|user_id 25523702|order_id 4822299682|saved 2021-08-27 18:05:11.|sent 2021-08-27T19:01:34|received 2021-08-27T23:05:04
2021-27-08 06:15:06 PM|root|INFO|user_id 160190870|order_id 4822310978|saved 2021-08-27 18:15:06.|sent 2021-08-27T19:08:01|received 2021-08-27T23:10:32
2021-27-08 06:15:06 PM|root|INFO|user_id 160190870|order_id 4822315217|saved 2021-08-27 18:15:06.|sent 2021-08-27T19:08:49|received 2021-08-27T23:10:58
2021-27-08 06:15:06 PM|root|INFO|user_id 160190870|order_id 4822312729|saved 2021-08-27 18:15:06.|sent 2021-08-27T19:10:18|received 2021-08-27T23:13:20
2021-27-08 06:15:07 PM|root|INFO|user_id 160190870|order_id 4822320464|saved 2021-08-27 18:15:07.|sent 2021-08-27T19:12:17|received 2021-08-27T23:14:18
2021-27-08 06:15:07 PM|root|INFO|user_id 160190870|order_id 4822318712|saved 2021-08-27 18:15:07.|sent 2021-08-27T19:13:09|received 2021-08-27T23:14:59
2021-27-08 06:15:07 PM|root|INFO|user_id 160190870|order_id 4822323358|saved 2021-08-27 18:15:07.|sent 2021-08-27T19:13:40|received 2021-08-27T23:14:56
2021-27-08 06:15:11 PM|root|INFO|user_id 25523702|order_id 4822307274|saved 2021-08-27 18:15:11.|sent 2021-08-27T19:06:00|received 2021-08-27T23:08:0
2021-27-08 06:15:12 PM|root|INFO|user_id 25523702|order_id 4822304821|saved 2021-08-27 18:15:12.|sent 2021-08-27T19:06:10|received 2021-08-27T23:09:03
2021-27-08 06:15:12 PM|root|INFO|user_id 25523702|order_id 4822307594|saved 2021-08-27 18:15:12.|sent 2021-08-27T19:07:10|received 2021-08-27T23:09:22
2021-27-08 06:15:12 PM|root|INFO|user_id 25523702|order_id 4822313289|saved 2021-08-27 18:15:12.|sent 2021-08-27T19:08:19|received 2021-08-27T23:10:09
2021-27-08 06:15:12 PM|root|INFO|user_id 25523702|order_id 4822318522|saved 2021-08-27 18:15:12.|sent 2021-08-27T19:11:45|received 2021-08-27T23:13:34
2021-27-08 06:20:13 PM|root|INFO|user_id 25523702|order_id 4822290967|saved 2021-08-27 18:20:13.|sent 2021-08-27T18:58:02|received 2021-08-27T23:19:50
2021-27-08 06:25:07 PM|root|INFO|user_id 160190870|order_id 4822336490|saved 2021-08-27 18:25:07.|sent 2021-08-27T19:21:24|received 2021-08-27T23:23:36
2021-27-08 06:25:12 PM|root|INFO|user_id 25523702|order_id 4822340048|saved 2021-08-27 18:25:12.|sent 2021-08-27T19:20:40|received 2021-08-27T23:22:36
2021-27-08 06:25:12 PM|root|INFO|user_id 25523702|order_id 4822343185|saved 2021-08-27 18:25:12.|sent 2021-08-27T19:24:11|received 2021-08-27T23:24:55
2021-27-08 06:30:08 PM|root|INFO|user_id 160190870|order_id 4822348118|saved 2021-08-27 18:30:08.|sent 2021-08-27T19:25:55|received 2021-08-27T23:28:49
2021-27-08 06:30:14 PM|root|INFO|user_id 25523702|order_id 4822351563|saved 2021-08-27 18:30:14.|sent 2021-08-27T19:28:26|received 2021-08-27T23:30:07
2021-27-08 06:35:09 PM|root|INFO|user_id 160190870|order_id 4822356677|saved 2021-08-27 18:35:09.|sent 2021-08-27T19:31:49|received 2021-08-27T23:33:44
2021-27-08 06:35:09 PM|root|INFO|user_id 160190870|order_id 4822360551|saved 2021-08-27 18:35:09.|sent 2021-08-27T19:33:16|received 2021-08-27T23:34:5
2021-27-08 06:35:15 PM|root|INFO|user_id 25523702|order_id 4822357633|saved 2021-08-27 18:35:15.|sent 2021-08-27T19:31:47|received 2021-08-27T23:33:55
2021-27-08 06:35:16 PM|root|INFO|user_id 25523702|order_id 4822359312|saved 2021-08-27 18:35:16.|sent 2021-08-27T19:32:31|received 2021-08-27T23:34:26
2021-27-08 06:35:16 PM|root|INFO|user_id 25523702|order_id 4822360557|saved 2021-08-27 18:35:16.|sent 2021-08-27T19:33:17|received 2021-08-27T23:35:06
2021-27-08 06:45:13 PM|root|INFO|user_id 25523702|order_id 4822382266|saved 2021-08-27 18:45:13.|sent 2021-08-27T19:43:44|received 2021-08-27T23:45:05
2021-27-08 06:50:07 PM|root|INFO|user_id 160190870|order_id 4822382889|saved 2021-08-27 18:50:07.|sent 2021-08-27T19:46:59|received 2021-08-27T23:49:37
2021-27-08 06:50:07 PM|root|INFO|user_id 160190870|order_id 4822385900|saved 2021-08-27 18:50:07.|sent 2021-08-27T19:47:46|received 2021-08-27T23:49:50
2021-27-08 06:50:07 PM|root|INFO|user_id 160190870|order_id 4822391053|saved 2021-08-27 18:50:07.|sent 2021-08-27T19:48:10|received 2021-08-27T23:49:51
2021-27-08 06:50:12 PM|root|INFO|user_id 25523702|order_id 4822393030|saved 2021-08-27 18:50:12.|sent 2021-08-27T19:48:13|received 2021-08-27T23:49:57
2021-27-08 06:50:12 PM|root|INFO|user_id 25523702|order_id 4822383982|saved 2021-08-27 18:50:12.|sent 2021-08-27T19:48:06|received 2021-08-27T23:49:18
2021-27-08 06:50:12 PM|root|INFO|user_id 25523702|order_id 4820212857|saved 2021-08-27 18:50:12.|sent 2021-08-26T20:45:23|received 2021-08-27T23:49:59
2021-27-08 06:55:07 PM|root|INFO|user_id 160190870|order_id 4822396474|saved 2021-08-27 18:55:07.|sent 2021-08-27T19:52:25|received 2021-08-27T23:54:18
2021-27-08 07:05:02 PM|root|INFO|user_id 160190870|order_id 4822412694|saved 2021-08-27 19:05:02.|sent 2021-08-27T20:00:57|received 2021-08-28T00:02:55
2021-27-08 07:05:03 PM|root|INFO|user_id 160190870|order_id 4822420544|saved 2021-08-27 19:05:03.|sent 2021-08-27T20:04:18|received 2021-08-28T00:04:39
2021-27-08 07:05:03 PM|root|INFO|user_id 160190870|order_id 4822422318|saved 2021-08-27 19:05:03.|sent 2021-08-27T20:04:37|received 2021-08-28T00:04:49
2021-27-08 07:05:03 PM|root|INFO|user_id 25523702|order_id 4822417382|saved 2021-08-27 19:05:03.|sent 2021-08-27T20:01:49|received 2021-08-28T00:04:58
2021-27-08 07:10:02 PM|root|INFO|user_id 160190870|order_id 4822428194|saved 2021-08-27 19:10:02.|sent 2021-08-27T20:07:42|received 2021-08-28T00:09:43
2021-27-08 07:10:02 PM|root|INFO|user_id 160190870|order_id 4822424705|saved 2021-08-27 19:10:02.|sent 2021-08-27T20:08:18|received 2021-08-28T00:09:53
2021-27-08 07:10:03 PM|root|INFO|user_id 25523702|order_id 4822425319|saved 2021-08-27 19:10:03.|sent 2021-08-27T20:06:50|received 2021-08-28T00:08:47
2021-27-08 07:15:02 PM|root|INFO|user_id 160190870|order_id 4822435800|saved 2021-08-27 19:15:02.|sent 2021-08-27T20:12:41|received 2021-08-28T00:14:52
2021-27-08 07:15:02 PM|root|INFO|user_id 160190870|order_id 4822438101|saved 2021-08-27 19:15:02.|sent 2021-08-27T20:12:50|received 2021-08-28T00:14:56
2021-27-08 07:15:02 PM|root|INFO|user_id 160190870|order_id 4822437245|saved 2021-08-27 19:15:02.|sent 2021-08-27T20:13:24|received 2021-08-28T00:15:01
2021-27-08 07:15:03 PM|root|INFO|user_id 25523702|order_id 4822427833|saved 2021-08-27 19:15:03.|sent 2021-08-27T20:09:28|received 2021-08-28T00:14:12
2021-27-08 07:15:03 PM|root|INFO|user_id 25523702|order_id 4822436633|saved 2021-08-27 19:15:03.|sent 2021-08-27T20:14:04|received 2021-08-28T00:14:11
2021-27-08 07:20:03 PM|root|INFO|user_id 160190870|order_id 4822439716|saved 2021-08-27 19:20:03.|sent 2021-08-27T20:15:16|received 2021-08-28T00:17:24
2021-27-08 07:20:03 PM|root|INFO|user_id 160190870|order_id 4822437477|saved 2021-08-27 19:20:03.|sent 2021-08-27T20:14:32|received 2021-08-28T00:17:42
2021-27-08 07:20:04 PM|root|INFO|user_id 25523702|order_id 4822442240|saved 2021-08-27 19:20:04.|sent 2021-08-27T20:15:51|received 2021-08-28T00:18:26
2021-27-08 07:20:04 PM|root|INFO|user_id 25523702|order_id 4822441947|saved 2021-08-27 19:20:04.|sent 2021-08-27T20:16:22|received 2021-08-28T00:18:2
2021-27-08 07:20:04 PM|root|INFO|user_id 25523702|order_id 4822450167|saved 2021-08-27 19:20:04.|sent 2021-08-27T20:19:45|received 2021-08-28T00:19:5
2021-27-08 07:25:02 PM|root|INFO|user_id 160190870|order_id 4822452314|saved 2021-08-27 19:25:02.|sent 2021-08-27T20:20:38|received 2021-08-28T00:22:45
2021-27-08 07:25:02 PM|root|INFO|user_id 160190870|order_id 4822458115|saved 2021-08-27 19:25:02.|sent 2021-08-27T20:23:02|received 2021-08-28T00:24:5
2021-27-08 07:25:03 PM|root|INFO|user_id 25523702|order_id 4822457505|saved 2021-08-27 19:25:03.|sent 2021-08-27T20:24:47|received 2021-08-28T00:25:01
2021-27-08 07:30:04 PM|root|INFO|user_id 160190870|order_id 4822453901|saved 2021-08-27 19:30:04.|sent 2021-08-27T20:24:29|received 2021-08-28T00:28:11
2021-27-08 07:30:04 PM|root|INFO|user_id 25523702|order_id 4822462627|saved 2021-08-27 19:30:04.|sent 2021-08-27T20:27:46|received 2021-08-28T00:29:4
2021-27-08 07:40:04 PM|root|INFO|user_id 160190870|order_id 4822478521|saved 2021-08-27 19:40:04.|sent 2021-08-27T20:35:13|received 2021-08-28T00:37:15
2021-27-08 07:40:04 PM|root|INFO|user_id 160190870|order_id 4822482713|saved 2021-08-27 19:40:04.|sent 2021-08-27T20:38:04|received 2021-08-28T00:39:53
2021-27-08 07:45:06 PM|root|INFO|user_id 25523702|order_id 4822490197|saved 2021-08-27 19:45:06.|sent 2021-08-27T20:40:46|received 2021-08-28T00:42:46
2021-27-08 07:50:03 PM|root|INFO|user_id 160190870|order_id 4822500228|saved 2021-08-27 19:50:03.|sent 2021-08-27T20:46:13|received 2021-08-28T00:48:25
2021-27-08 07:50:03 PM|root|INFO|user_id 160190870|order_id 4822497592|saved 2021-08-27 19:50:03.|sent 2021-08-27T20:46:31|received 2021-08-28T00:48:06
2021-27-08 07:50:05 PM|root|INFO|user_id 25523702|order_id 4822501301|saved 2021-08-27 19:50:05.|sent 2021-08-27T20:47:50|received 2021-08-28T00:49:45
2021-27-08 07:55:03 PM|root|INFO|user_id 160190870|order_id 4822505675|saved 2021-08-27 19:55:03.|sent 2021-08-27T20:50:58|received 2021-08-28T00:52:53
2021-27-08 07:55:05 PM|root|INFO|user_id 25523702|order_id 4822508382|saved 2021-08-27 19:55:05.|sent 2021-08-27T20:51:14|received 2021-08-28T00:53:16
2021-27-08 07:55:05 PM|root|INFO|user_id 25523702|order_id 4822511331|saved 2021-08-27 19:55:05.|sent 2021-08-27T20:53:50|received 2021-08-28T00:54:58
2021-27-08 07:55:05 PM|root|INFO|user_id 25523702|order_id 4822513489|saved 2021-08-27 19:55:05.|sent 2021-08-27T20:53:58|received 2021-08-28T00:54:27
2021-27-08 08:05:04 PM|root|INFO|user_id 160190870|order_id 4822521712|saved 2021-08-27 20:05:04.|sent 2021-08-27T21:00:37|received 2021-08-28T01:02:57
2021-27-08 08:05:04 PM|root|INFO|user_id 160190870|order_id 4822524894|saved 2021-08-27 20:05:04.|sent 2021-08-27T21:02:06|received 2021-08-28T01:04:2
2021-27-08 08:05:05 PM|root|INFO|user_id 25523702|order_id 4822520128|saved 2021-08-27 20:05:05.|sent 2021-08-27T20:57:27|received 2021-08-28T01:00:00
2021-27-08 08:10:06 PM|root|INFO|user_id 160190870|order_id 4822535777|saved 2021-08-27 20:10:06.|sent 2021-08-27T21:08:37|received 2021-08-28T01:09:56
2021-27-08 08:10:09 PM|root|INFO|user_id 25523702|order_id 4822528685|saved 2021-08-27 20:10:09.|sent 2021-08-27T21:05:24|received 2021-08-28T01:07:39
2021-27-08 08:10:09 PM|root|INFO|user_id 25523702|order_id 4822528626|saved 2021-08-27 20:10:09.|sent 2021-08-27T21:05:10|received 2021-08-28T01:08:11
2021-27-08 08:15:09 PM|root|INFO|user_id 25523702|order_id 4822483016|saved 2021-08-27 20:15:09.|sent 2021-08-27T20:36:54|received 2021-08-28T01:15:03
2021-27-08 08:15:09 PM|root|INFO|user_id 25523702|order_id 4822539773|saved 2021-08-27 20:15:09.|sent 2021-08-27T21:11:30|received 2021-08-28T01:14:01
2021-27-08 08:20:08 PM|root|INFO|user_id 25523702|order_id 4822558363|saved 2021-08-27 20:20:08.|sent 2021-08-27T21:19:55|received 2021-08-28T01:20:03
2021-27-08 08:25:04 PM|root|INFO|user_id 160190870|order_id 4822500368|saved 2021-08-27 20:25:04.|sent 2021-08-27T20:46:43|received 2021-08-28T01:24:09
2021-27-08 08:25:04 PM|root|INFO|user_id 160190870|order_id 4822564374|saved 2021-08-27 20:25:04.|sent 2021-08-27T21:24:25|received 2021-08-28T01:24:46
2021-27-08 08:25:07 PM|root|INFO|user_id 25523702|order_id 4822559826|saved 2021-08-27 20:25:07.|sent 2021-08-27T21:22:58|received 2021-08-28T01:24:51
2021-27-08 08:25:07 PM|root|INFO|user_id 25523702|order_id 4822523068|saved 2021-08-27 20:25:07.|sent 2021-08-27T20:59:03|received 2021-08-28T01:24:44
2021-27-08 08:25:07 PM|root|INFO|user_id 25523702|order_id 4822568058|saved 2021-08-27 20:25:07.|sent 2021-08-27T21:25:00|received 2021-08-28T01:25:03
2021-27-08 08:35:04 PM|root|INFO|user_id 160190870|order_id 4822565880|saved 2021-08-27 20:35:04.|sent 2021-08-27T21:28:00|received 2021-08-28T01:29:53
2021-27-08 08:35:04 PM|root|INFO|user_id 160190870|order_id 4822583064|saved 2021-08-27 20:35:04.|sent 2021-08-27T21:34:16|received 2021-08-28T01:34:25
2021-27-08 08:35:04 PM|root|INFO|user_id 160190870|order_id 4822580740|saved 2021-08-27 20:35:04.|sent 2021-08-27T21:34:47|received 2021-08-28T01:34:53
2021-27-08 08:35:06 PM|root|INFO|user_id 25523702|order_id 4822577492|saved 2021-08-27 20:35:06.|sent 2021-08-27T21:32:14|received 2021-08-28T01:33:58
2021-27-08 08:35:06 PM|root|INFO|user_id 25523702|order_id 4822578315|saved 2021-08-27 20:35:06.|sent 2021-08-27T21:32:48|received 2021-08-28T01:34:46
2021-27-08 08:45:04 PM|root|INFO|user_id 160190870|order_id 4822582589|saved 2021-08-27 20:45:04.|sent 2021-08-27T21:35:21|received 2021-08-28T01:38:00
2021-27-08 08:45:05 PM|root|INFO|user_id 160190870|order_id 4822584520|saved 2021-08-27 20:45:05.|sent 2021-08-27T21:36:59|received 2021-08-28T01:39:45
2021-27-08 08:45:05 PM|root|INFO|user_id 160190870|order_id 4822589985|saved 2021-08-27 20:45:05.|sent 2021-08-27T21:41:13|received 2021-08-28T01:43:31
2021-27-08 08:45:05 PM|root|INFO|user_id 160190870|order_id 4822595365|saved 2021-08-27 20:45:05.|sent 2021-08-27T21:42:37|received 2021-08-28T01:44:21
2021-27-08 08:45:05 PM|root|INFO|user_id 160190870|order_id 4822590636|saved 2021-08-27 20:45:05.|sent 2021-08-27T21:42:22|received 2021-08-28T01:44:5
2021-27-08 08:45:07 PM|root|INFO|user_id 25523702|order_id 4822590936|saved 2021-08-27 20:45:07.|sent 2021-08-27T21:44:12|received 2021-08-28T01:44:2
2021-27-08 08:50:05 PM|root|INFO|user_id 160190870|order_id 4822597265|saved 2021-08-27 20:50:05.|sent 2021-08-27T21:43:55|received 2021-08-28T01:47:58
2021-27-08 08:50:07 PM|root|INFO|user_id 25523702|order_id 4822597749|saved 2021-08-27 20:50:07.|sent 2021-08-27T21:45:50|received 2021-08-28T01:48:11
2021-27-08 08:50:08 PM|root|INFO|user_id 25523702|order_id 4822604562|saved 2021-08-27 20:50:08.|sent 2021-08-27T21:49:43|received 2021-08-28T01:50:02
2021-27-08 08:55:07 PM|root|INFO|user_id 160190870|order_id 4822607903|saved 2021-08-27 20:55:07.|sent 2021-08-27T21:52:37|received 2021-08-28T01:54:54
2021-27-08 09:00:10 PM|root|INFO|user_id 160190870|order_id 4822620251|saved 2021-08-27 21:00:10.|sent 2021-08-27T21:58:16|received 2021-08-28T01:59:59
2021-27-08 09:05:08 PM|root|INFO|user_id 25523702|order_id 4822626010|saved 2021-08-27 21:05:08.|sent 2021-08-27T22:01:37|received 2021-08-28T02:03:32
2021-27-08 09:10:06 PM|root|INFO|user_id 160190870|order_id 4822629748|saved 2021-08-27 21:10:06.|sent 2021-08-27T22:06:39|received 2021-08-28T02:08:33
2021-27-08 09:10:06 PM|root|INFO|user_id 160190870|order_id 4822631530|saved 2021-08-27 21:10:06.|sent 2021-08-27T22:08:19|received 2021-08-28T02:09:57
2021-27-08 09:10:09 PM|root|INFO|user_id 25523702|order_id 4822626863|saved 2021-08-27 21:10:09.|sent 2021-08-27T22:06:39|received 2021-08-28T02:09:35
2021-27-08 09:10:09 PM|root|INFO|user_id 25523702|order_id 4822637223|saved 2021-08-27 21:10:09.|sent 2021-08-27T22:09:40|received 2021-08-28T02:09:5
2021-27-08 09:15:05 PM|root|INFO|user_id 160190870|order_id 4822631919|saved 2021-08-27 21:15:05.|sent 2021-08-27T22:10:30|received 2021-08-28T02:12:35
2021-27-08 09:15:05 PM|root|INFO|user_id 160190870|order_id 4822631987|saved 2021-08-27 21:15:05.|sent 2021-08-27T22:11:03|received 2021-08-28T02:13:24
2021-27-08 09:15:05 PM|root|INFO|user_id 160190870|order_id 4822603083|saved 2021-08-27 21:15:05.|sent 2021-08-27T21:47:04|received 2021-08-28T02:14:2
2021-27-08 09:15:08 PM|root|INFO|user_id 25523702|order_id 4822566726|saved 2021-08-27 21:15:08.|sent 2021-08-27T21:26:07|received 2021-08-28T02:14:37
2021-27-08 09:15:08 PM|root|INFO|user_id 25523702|order_id 4822641255|saved 2021-08-27 21:15:08.|sent 2021-08-27T22:13:01|received 2021-08-28T02:14:48
2021-27-08 09:20:05 PM|root|INFO|user_id 160190870|order_id 4822643222|saved 2021-08-27 21:20:05.|sent 2021-08-27T22:15:02|received 2021-08-28T02:17:34
2021-27-08 09:20:05 PM|root|INFO|user_id 160190870|order_id 4822646137|saved 2021-08-27 21:20:05.|sent 2021-08-27T22:16:20|received 2021-08-28T02:18:51
2021-27-08 09:20:06 PM|root|INFO|user_id 160190870|order_id 4822645840|saved 2021-08-27 21:20:06.|sent 2021-08-27T22:17:29|received 2021-08-28T02:19:4
2021-27-08 09:20:06 PM|root|INFO|user_id 160190870|order_id 4822644678|saved 2021-08-27 21:20:06.|sent 2021-08-27T22:17:55|received 2021-08-28T02:19:37
2021-27-08 09:25:09 PM|root|INFO|user_id 25523702|order_id 4822656030|saved 2021-08-27 21:25:09.|sent 2021-08-27T22:22:53|received 2021-08-28T02:24:55
2021-27-08 09:30:07 PM|root|INFO|user_id 160190870|order_id 4822655987|saved 2021-08-27 21:30:07.|sent 2021-08-27T22:26:13|received 2021-08-28T02:28:10
2021-27-08 09:30:10 PM|root|INFO|user_id 25523702|order_id 4822662714|saved 2021-08-27 21:30:10.|sent 2021-08-27T22:29:34|received 2021-08-28T02:29:58
2021-27-08 09:35:06 PM|root|INFO|user_id 160190870|order_id 4822667645|saved 2021-08-27 21:35:06.|sent 2021-08-27T22:33:41|received 2021-08-28T02:33:
2021-27-08 09:40:06 PM|root|INFO|user_id 160190870|order_id 4822671289|saved 2021-08-27 21:40:06.|sent 2021-08-27T22:35:20|received 2021-08-28T02:37:37
2021-27-08 09:40:09 PM|root|INFO|user_id 25523702|order_id 4822669625|saved 2021-08-27 21:40:09.|sent 2021-08-27T22:36:20|received 2021-08-28T02:38:09
2021-27-08 09:40:10 PM|root|INFO|user_id 25523702|order_id 4822670975|saved 2021-08-27 21:40:10.|sent 2021-08-27T22:38:29|received 2021-08-28T02:39:55
2021-27-08 09:45:06 PM|root|INFO|user_id 160190870|order_id 4822676640|saved 2021-08-27 21:45:06.|sent 2021-08-27T22:41:42|received 2021-08-28T02:44:38
2021-27-08 09:45:09 PM|root|INFO|user_id 25523702|order_id 4822674672|saved 2021-08-27 21:45:09.|sent 2021-08-27T22:39:54|received 2021-08-28T02:42:38
2021-27-08 09:45:10 PM|root|INFO|user_id 25523702|order_id 4822678821|saved 2021-08-27 21:45:10.|sent 2021-08-27T22:43:37|received 2021-08-28T02:44:44
2021-27-08 09:50:06 PM|root|INFO|user_id 160190870|order_id 4822681751|saved 2021-08-27 21:50:06.|sent 2021-08-27T22:45:02|received 2021-08-28T02:47:54
2021-27-08 09:50:10 PM|root|INFO|user_id 25523702|order_id 4822687026|saved 2021-08-27 21:50:10.|sent 2021-08-27T22:45:16|received 2021-08-28T02:47:42
2021-27-08 09:50:10 PM|root|INFO|user_id 25523702|order_id 4822687383|saved 2021-08-27 21:50:10.|sent 2021-08-27T22:47:07|received 2021-08-28T02:49:08
2021-27-08 09:50:10 PM|root|INFO|user_id 25523702|order_id 4822691033|saved 2021-08-27 21:50:10.|sent 2021-08-27T22:49:16|received 2021-08-28T02:49:45
2021-27-08 09:55:06 PM|root|INFO|user_id 160190870|order_id 4822691897|saved 2021-08-27 21:55:06.|sent 2021-08-27T22:53:47|received 2021-08-28T02:53:57
2021-27-08 09:55:06 PM|root|INFO|user_id 160190870|order_id 4822696168|saved 2021-08-27 21:55:06.|sent 2021-08-27T22:54:19|received 2021-08-28T02:54:41
2021-27-08 10:05:08 PM|root|INFO|user_id 160190870|order_id 4822700613|saved 2021-08-27 22:05:08.|sent 2021-08-27T22:59:53|received 2021-08-28T03:02:04
2021-27-08 10:05:14 PM|root|INFO|user_id 25523702|order_id 4822647702|saved 2021-08-27 22:05:14.|sent 2021-08-27T22:19:31|received 2021-08-28T02:58:48
2021-27-08 10:05:14 PM|root|INFO|user_id 25523702|order_id 4822703416|saved 2021-08-27 22:05:14.|sent 2021-08-27T23:00:39|received 2021-08-28T03:02:32
2021-27-08 10:15:06 PM|root|INFO|user_id 160190870|order_id 4822714380|saved 2021-08-27 22:15:06.|sent 2021-08-27T23:10:58|received 2021-08-28T03:12:54
2021-27-08 10:15:06 PM|root|INFO|user_id 160190870|order_id 4822712830|saved 2021-08-27 22:15:06.|sent 2021-08-27T23:11:34|received 2021-08-28T03:13:45
2021-27-08 10:15:06 PM|root|INFO|user_id 160190870|order_id 4822601485|saved 2021-08-27 22:15:06.|sent 2021-08-27T21:47:03|received 2021-08-28T03:14:16
2021-27-08 10:15:06 PM|root|INFO|user_id 160190870|order_id 4822714769|saved 2021-08-27 22:15:06.|sent 2021-08-27T23:13:37|received 2021-08-28T03:14:55
2021-27-08 10:15:06 PM|root|INFO|user_id 160190870|order_id 4822716381|saved 2021-08-27 22:15:06.|sent 2021-08-27T23:13:36|received 2021-08-28T03:14:56
2021-27-08 10:15:10 PM|root|INFO|user_id 25523702|order_id 4822707809|saved 2021-08-27 22:15:10.|sent 2021-08-27T23:06:23|received 2021-08-28T03:08:23
2021-27-08 10:15:10 PM|root|INFO|user_id 25523702|order_id 4822712555|saved 2021-08-27 22:15:10.|sent 2021-08-27T23:10:07|received 2021-08-28T03:12:08
2021-27-08 10:15:10 PM|root|INFO|user_id 25523702|order_id 4822715230|saved 2021-08-27 22:15:10.|sent 2021-08-27T23:11:19|received 2021-08-28T03:13:25
2021-27-08 10:15:11 PM|root|INFO|user_id 25523702|order_id 4822715290|saved 2021-08-27 22:15:11.|sent 2021-08-27T23:11:40|received 2021-08-28T03:13:4
2021-27-08 10:20:07 PM|root|INFO|user_id 160190870|order_id 4822611518|saved 2021-08-27 22:20:07.|sent 2021-08-27T21:53:33|received 2021-08-28T03:19:34
2021-27-08 10:20:07 PM|root|INFO|user_id 160190870|order_id 4822725058|saved 2021-08-27 22:20:07.|sent 2021-08-27T23:19:09|received 2021-08-28T03:19:35
2021-27-08 10:20:12 PM|root|INFO|user_id 25523702|order_id 4822719722|saved 2021-08-27 22:20:12.|sent 2021-08-27T23:17:32|received 2021-08-28T03:19:38
2021-27-08 10:20:12 PM|root|INFO|user_id 25523702|order_id 4822722511|saved 2021-08-27 22:20:12.|sent 2021-08-27T23:18:43|received 2021-08-28T03:19:5
2021-27-08 10:25:06 PM|root|INFO|user_id 160190870|order_id 4822725273|saved 2021-08-27 22:25:06.|sent 2021-08-27T23:20:35|received 2021-08-28T03:25:
2021-27-08 10:25:06 PM|root|INFO|user_id 160190870|order_id 4822726824|saved 2021-08-27 22:25:06.|sent 2021-08-27T23:24:05|received 2021-08-28T03:24:24
2021-27-08 10:30:08 PM|root|INFO|user_id 160190870|order_id 4822729698|saved 2021-08-27 22:30:08.|sent 2021-08-27T23:27:17|received 2021-08-28T03:29:45
2021-27-08 10:30:13 PM|root|INFO|user_id 25523702|order_id 4822732747|saved 2021-08-27 22:30:13.|sent 2021-08-27T23:29:50|received 2021-08-28T03:29:54
2021-27-08 10:35:12 PM|root|INFO|user_id 25523702|order_id 4822732838|saved 2021-08-27 22:35:12.|sent 2021-08-27T23:30:25|received 2021-08-28T03:32:13
2021-27-08 10:40:07 PM|root|INFO|user_id 160190870|order_id 4822744194|saved 2021-08-27 22:40:07.|sent 2021-08-27T23:38:52|received 2021-08-28T03:39:03
2021-27-08 10:40:07 PM|root|INFO|user_id 160190870|order_id 4822745218|saved 2021-08-27 22:40:07.|sent 2021-08-27T23:39:47|received 2021-08-28T03:39:58
2021-27-08 10:40:12 PM|root|INFO|user_id 25523702|order_id 4822741123|saved 2021-08-27 22:40:12.|sent 2021-08-27T23:35:33|received 2021-08-28T03:38:07
2021-27-08 10:40:12 PM|root|INFO|user_id 25523702|order_id 4822743058|saved 2021-08-27 22:40:12.|sent 2021-08-27T23:37:55|received 2021-08-28T03:39:12
2021-27-08 10:40:12 PM|root|INFO|user_id 25523702|order_id 4822738982|saved 2021-08-27 22:40:12.|sent 2021-08-27T23:38:12|received 2021-08-28T03:39:56
2021-27-08 10:45:07 PM|root|INFO|user_id 160190870|order_id 4822744979|saved 2021-08-27 22:45:07.|sent 2021-08-27T23:44:20|received 2021-08-28T03:44:27
2021-27-08 10:45:12 PM|root|INFO|user_id 25523702|order_id 4822742819|saved 2021-08-27 22:45:12.|sent 2021-08-27T23:40:54|received 2021-08-28T03:42:5
2021-27-08 10:45:12 PM|root|INFO|user_id 25523702|order_id 4822743554|saved 2021-08-27 22:45:12.|sent 2021-08-27T23:41:59|received 2021-08-28T03:43:14
2021-27-08 10:45:12 PM|root|INFO|user_id 25523702|order_id 4822744866|saved 2021-08-27 22:45:12.|sent 2021-08-27T23:43:35|received 2021-08-28T03:44:57
2021-27-08 10:50:07 PM|root|INFO|user_id 160190870|order_id 4822743901|saved 2021-08-27 22:50:07.|sent 2021-08-27T23:45:01|received 2021-08-28T03:47:02
2021-27-08 10:55:06 PM|root|INFO|user_id 160190870|order_id 4822752612|saved 2021-08-27 22:55:06.|sent 2021-08-27T23:50:08|received 2021-08-28T03:51:46
2021-27-08 10:55:06 PM|root|INFO|user_id 160190870|order_id 4822755162|saved 2021-08-27 22:55:06.|sent 2021-08-27T23:51:59|received 2021-08-28T03:53:54
2021-27-08 10:55:06 PM|root|INFO|user_id 160190870|order_id 4822756377|saved 2021-08-27 22:55:06.|sent 2021-08-27T23:53:47|received 2021-08-28T03:55:00
2021-27-08 10:55:07 PM|root|INFO|user_id 160190870|order_id 4822759205|saved 2021-08-27 22:55:07.|sent 2021-08-27T23:54:42|received 2021-08-28T03:54:51
2021-27-08 11:00:09 PM|root|INFO|user_id 160190870|order_id 4822758785|saved 2021-08-27 23:00:09.|sent 2021-08-27T23:58:53|received 2021-08-28T03:59:07
2021-27-08 11:00:14 PM|root|INFO|user_id 25523702|order_id 4822756781|saved 2021-08-27 23:00:14.|sent 2021-08-27T23:57:19|received 2021-08-28T03:59:28
2021-27-08 11:00:14 PM|root|INFO|user_id 25523702|order_id 4822757727|saved 2021-08-27 23:00:14.|sent 2021-08-27T23:57:51|received 2021-08-28T03:59:39
2021-27-08 11:05:06 PM|root|INFO|user_id 160190870|order_id 4822765091|saved 2021-08-27 23:05:06.|sent 2021-08-28T00:01:11|received 2021-08-28T04:03:15
2021-27-08 11:10:12 PM|root|INFO|user_id 25523702|order_id 4822746900|saved 2021-08-27 23:10:12.|sent 2021-08-27T23:44:41|received 2021-08-28T04:08:49
2021-27-08 11:15:10 PM|root|INFO|user_id 25523702|order_id 4822772622|saved 2021-08-27 23:15:10.|sent 2021-08-28T00:14:05|received 2021-08-28T04:14:16
2021-27-08 11:20:07 PM|root|INFO|user_id 160190870|order_id 4822775576|saved 2021-08-27 23:20:07.|sent 2021-08-28T00:18:53|received 2021-08-28T04:19:13
2021-27-08 11:30:07 PM|root|INFO|user_id 160190870|order_id 4822784119|saved 2021-08-27 23:30:07.|sent 2021-08-28T00:28:39|received 2021-08-28T04:29:57
2021-27-08 11:30:11 PM|root|INFO|user_id 25523702|order_id 4822783137|saved 2021-08-27 23:30:11.|sent 2021-08-28T00:28:17|received 2021-08-28T04:30:00
2021-27-08 11:30:11 PM|root|INFO|user_id 25523702|order_id 4822783269|saved 2021-08-27 23:30:11.|sent 2021-08-28T00:29:36|received 2021-08-28T04:29:4
2021-27-08 11:35:06 PM|root|INFO|user_id 160190870|order_id 4822786226|saved 2021-08-27 23:35:06.|sent 2021-08-28T00:30:24|received 2021-08-28T04:32:2
2021-27-08 11:35:06 PM|root|INFO|user_id 160190870|order_id 4822786598|saved 2021-08-27 23:35:06.|sent 2021-08-28T00:34:00|received 2021-08-28T04:34:48
2021-27-08 11:35:11 PM|root|INFO|user_id 25523702|order_id 4822759293|saved 2021-08-27 23:35:11.|sent 2021-08-27T23:55:29|received 2021-08-28T04:34:07
2021-27-08 11:40:06 PM|root|INFO|user_id 160190870|order_id 4822788280|saved 2021-08-27 23:40:06.|sent 2021-08-28T00:35:24|received 2021-08-28T04:37:15
2021-27-08 11:40:06 PM|root|INFO|user_id 160190870|order_id 4822789073|saved 2021-08-27 23:40:06.|sent 2021-08-28T00:35:01|received 2021-08-28T04:38:1
2021-27-08 11:40:06 PM|root|INFO|user_id 160190870|order_id 4822783895|saved 2021-08-27 23:40:06.|sent 2021-08-28T00:36:21|received 2021-08-28T04:38:26
2021-27-08 11:45:10 PM|root|INFO|user_id 25523702|order_id 4822793301|saved 2021-08-27 23:45:10.|sent 2021-08-28T00:41:31|received 2021-08-28T04:43:13
2021-27-08 11:45:10 PM|root|INFO|user_id 25523702|order_id 4822794319|saved 2021-08-27 23:45:10.|sent 2021-08-28T00:42:59|received 2021-08-28T04:44:45
2021-27-08 11:45:10 PM|root|INFO|user_id 25523702|order_id 4822793619|saved 2021-08-27 23:45:10.|sent 2021-08-28T00:44:56|received 2021-08-28T04:45:00
2021-27-08 11:50:11 PM|root|INFO|user_id 25523702|order_id 4822792866|saved 2021-08-27 23:50:11.|sent 2021-08-28T00:47:56|received 2021-08-28T04:49:43
2021-27-08 11:55:10 PM|root|INFO|user_id 25523702|order_id 4822799277|saved 2021-08-27 23:55:10.|sent 2021-08-28T00:53:15|received 2021-08-28T04:55:02
