2021-22-10 12:00:16 AM|root|INFO|user_id 25523702|order_id 4956447347|saved 2021-10-22 00:00:16.|sent 2021-10-22T00:57:27|received 2021-10-22T04:59:54
2021-22-10 12:05:07 AM|root|INFO|user_id 160190870|order_id 4956448640|saved 2021-10-22 00:05:07.|sent 2021-10-22T01:00:01|received 2021-10-22T05:02:24
2021-22-10 12:15:13 AM|root|INFO|user_id 25523702|order_id 4956454662|saved 2021-10-22 00:15:13.|sent 2021-10-22T01:12:04|received 2021-10-22T05:14:07
2021-22-10 12:25:07 AM|root|INFO|user_id 160190870|order_id 4956460868|saved 2021-10-22 00:25:07.|sent 2021-10-22T01:19:54|received 2021-10-22T05:21:5
2021-22-10 12:30:08 AM|root|INFO|user_id 160190870|order_id 4956488235|saved 2021-10-22 00:30:08.|sent 2021-10-22T01:28:39|received 2021-10-22T05:29:56
2021-22-10 12:30:14 AM|root|INFO|user_id 25523702|order_id 4956483432|saved 2021-10-22 00:30:14.|sent 2021-10-22T01:27:00|received 2021-10-22T05:29:23
2021-22-10 12:30:14 AM|root|INFO|user_id 25523702|order_id 4956486989|saved 2021-10-22 00:30:14.|sent 2021-10-22T01:29:23|received 2021-10-22T05:30:03
2021-22-10 12:40:07 AM|root|INFO|user_id 160190870|order_id 4956487898|saved 2021-10-22 00:40:07.|sent 2021-10-22T01:37:08|received 2021-10-22T05:38:42
2021-22-10 12:40:07 AM|root|INFO|user_id 160190870|order_id 4956494095|saved 2021-10-22 00:40:07.|sent 2021-10-22T01:38:09|received 2021-10-22T05:39:53
2021-22-10 12:40:07 AM|root|INFO|user_id 160190870|order_id 4956494129|saved 2021-10-22 00:40:07.|sent 2021-10-22T01:38:47|received 2021-10-22T05:39:56
2021-22-10 12:45:07 AM|root|INFO|user_id 160190870|order_id 4956493485|saved 2021-10-22 00:45:07.|sent 2021-10-22T01:41:15|received 2021-10-22T05:44:05
2021-22-10 12:55:12 AM|root|INFO|user_id 25523702|order_id 4956499320|saved 2021-10-22 00:55:12.|sent 2021-10-22T01:51:54|received 2021-10-22T05:53:54
2021-22-10 01:00:10 AM|root|INFO|user_id 160190870|order_id 4956498753|saved 2021-10-22 01:00:10.|sent 2021-10-22T01:56:36|received 2021-10-22T05:58:26
2021-22-10 01:00:16 AM|root|INFO|user_id 25523702|order_id 4956499571|saved 2021-10-22 01:00:16.|sent 2021-10-22T01:56:15|received 2021-10-22T05:58:47
2021-22-10 01:15:07 AM|root|INFO|user_id 160190870|order_id 4956504463|saved 2021-10-22 01:15:07.|sent 2021-10-22T02:11:57|received 2021-10-22T06:13:51
2021-22-10 01:15:07 AM|root|INFO|user_id 160190870|order_id 4956502734|saved 2021-10-22 01:15:07.|sent 2021-10-22T02:13:38|received 2021-10-22T06:14:59
2021-22-10 01:20:07 AM|root|INFO|user_id 160190870|order_id 4956508032|saved 2021-10-22 01:20:07.|sent 2021-10-22T02:15:46|received 2021-10-22T06:19:01
2021-22-10 01:30:08 AM|root|INFO|user_id 160190870|order_id 4956509254|saved 2021-10-22 01:30:08.|sent 2021-10-22T02:26:25|received 2021-10-22T06:29:19
2021-22-10 01:30:08 AM|root|INFO|user_id 160190870|order_id 4956509294|saved 2021-10-22 01:30:08.|sent 2021-10-22T02:27:38|received 2021-10-22T06:29:31
2021-22-10 01:40:07 AM|root|INFO|user_id 160190870|order_id 4956510571|saved 2021-10-22 01:40:07.|sent 2021-10-22T02:36:40|received 2021-10-22T06:38:4
2021-22-10 01:40:07 AM|root|INFO|user_id 160190870|order_id 4956512394|saved 2021-10-22 01:40:07.|sent 2021-10-22T02:38:13|received 2021-10-22T06:39:50
2021-22-10 01:55:07 AM|root|INFO|user_id 160190870|order_id 4956516091|saved 2021-10-22 01:55:07.|sent 2021-10-22T02:51:58|received 2021-10-22T06:54:24
2021-22-10 03:00:12 AM|root|INFO|user_id 160190870|order_id 4956525575|saved 2021-10-22 03:00:12.|sent 2021-10-22T03:57:41|received 2021-10-22T07:59:29
2021-22-10 03:00:12 AM|root|INFO|user_id 160190870|order_id 4956526563|saved 2021-10-22 03:00:12.|sent 2021-10-22T03:57:40|received 2021-10-22T07:58:59
2021-22-10 03:00:12 AM|root|INFO|user_id 160190870|order_id 4956526584|saved 2021-10-22 03:00:12.|sent 2021-10-22T03:58:46|received 2021-10-22T07:59:54
2021-22-10 03:10:07 AM|root|INFO|user_id 160190870|order_id 4956525712|saved 2021-10-22 03:10:07.|sent 2021-10-22T04:04:28|received 2021-10-22T08:06:54
2021-22-10 03:10:07 AM|root|INFO|user_id 160190870|order_id 4956525740|saved 2021-10-22 03:10:07.|sent 2021-10-22T04:06:02|received 2021-10-22T08:08:29
2021-22-10 03:55:07 AM|root|INFO|user_id 160190870|order_id 4956536656|saved 2021-10-22 03:55:07.|sent 2021-10-22T04:51:48|received 2021-10-22T08:53:36
2021-22-10 04:55:12 AM|root|INFO|user_id 25523702|order_id 4956558985|saved 2021-10-22 04:55:12.|sent 2021-10-22T05:54:41|received 2021-10-22T09:54:47
2021-22-10 06:15:07 AM|root|INFO|user_id 160190870|order_id 4956622579|saved 2021-10-22 06:15:07.|sent 2021-10-22T07:10:31|received 2021-10-22T11:12:45
2021-22-10 06:35:13 AM|root|INFO|user_id 25523702|order_id 4956649765|saved 2021-10-22 06:35:13.|sent 2021-10-22T07:33:45|received 2021-10-22T11:35:05
2021-22-10 06:40:15 AM|root|INFO|user_id 25523702|order_id 4956655981|saved 2021-10-22 06:40:15.|sent 2021-10-22T07:38:51|received 2021-10-22T11:40:06
2021-22-10 07:25:07 AM|root|INFO|user_id 160190870|order_id 4956723103|saved 2021-10-22 07:25:07.|sent 2021-10-22T08:18:49|received 2021-10-22T12:23:13
2021-22-10 07:35:08 AM|root|INFO|user_id 160190870|order_id 4956742628|saved 2021-10-22 07:35:08.|sent 2021-10-22T08:31:15|received 2021-10-22T12:33:28
2021-22-10 07:45:07 AM|root|INFO|user_id 160190870|order_id 4956767631|saved 2021-10-22 07:45:07.|sent 2021-10-22T08:43:35|received 2021-10-22T12:43:43
2021-22-10 07:45:08 AM|root|INFO|user_id 160190870|order_id 4956770249|saved 2021-10-22 07:45:08.|sent 2021-10-22T08:44:44|received 2021-10-22T12:44:50
2021-22-10 07:50:08 AM|root|INFO|user_id 160190870|order_id 4956775262|saved 2021-10-22 07:50:08.|sent 2021-10-22T08:47:25|received 2021-10-22T12:49:48
2021-22-10 07:55:09 AM|root|INFO|user_id 160190870|order_id 4956791010|saved 2021-10-22 07:55:09.|sent 2021-10-22T08:53:47|received 2021-10-22T12:54:56
2021-22-10 08:00:11 AM|root|INFO|user_id 160190870|order_id 4956801128|saved 2021-10-22 08:00:11.|sent 2021-10-22T08:58:38|received 2021-10-22T12:59:5
2021-22-10 08:05:08 AM|root|INFO|user_id 160190870|order_id 4956808894|saved 2021-10-22 08:05:08.|sent 2021-10-22T09:04:12|received 2021-10-22T13:04:21
2021-22-10 08:10:09 AM|root|INFO|user_id 160190870|order_id 4956694534|saved 2021-10-22 08:10:09.|sent 2021-10-22T08:02:32|received 2021-10-22T13:09:12
2021-22-10 08:15:08 AM|root|INFO|user_id 160190870|order_id 4956829159|saved 2021-10-22 08:15:08.|sent 2021-10-22T09:11:56|received 2021-10-22T13:13:55
2021-22-10 08:15:08 AM|root|INFO|user_id 160190870|order_id 4956827723|saved 2021-10-22 08:15:08.|sent 2021-10-22T09:13:06|received 2021-10-22T13:14:53
2021-22-10 08:20:08 AM|root|INFO|user_id 160190870|order_id 4956836624|saved 2021-10-22 08:20:08.|sent 2021-10-22T09:16:21|received 2021-10-22T13:18:20
2021-22-10 08:25:16 AM|root|INFO|user_id 25523702|order_id 4956848833|saved 2021-10-22 08:25:16.|sent 2021-10-22T09:21:50|received 2021-10-22T13:23:57
2021-22-10 08:35:18 AM|root|INFO|user_id 25523702|order_id 4956861555|saved 2021-10-22 08:35:18.|sent 2021-10-22T09:27:29|received 2021-10-22T13:29:35
2021-22-10 08:35:18 AM|root|INFO|user_id 25523702|order_id 4956880373|saved 2021-10-22 08:35:18.|sent 2021-10-22T09:34:19|received 2021-10-22T13:34:25
2021-22-10 08:40:09 AM|root|INFO|user_id 160190870|order_id 4956875879|saved 2021-10-22 08:40:09.|sent 2021-10-22T09:35:35|received 2021-10-22T13:38:
2021-22-10 08:45:16 AM|root|INFO|user_id 25523702|order_id 4956893327|saved 2021-10-22 08:45:16.|sent 2021-10-22T09:44:20|received 2021-10-22T13:44:29
2021-22-10 08:50:15 AM|root|INFO|user_id 25523702|order_id 4956899268|saved 2021-10-22 08:50:15.|sent 2021-10-22T09:46:28|received 2021-10-22T13:48:30
2021-22-10 08:55:15 AM|root|INFO|user_id 25523702|order_id 4956911098|saved 2021-10-22 08:55:15.|sent 2021-10-22T09:50:50|received 2021-10-22T13:54:27
2021-22-10 08:55:15 AM|root|INFO|user_id 25523702|order_id 4956919372|saved 2021-10-22 08:55:15.|sent 2021-10-22T09:54:23|received 2021-10-22T13:54:29
2021-22-10 08:55:16 AM|root|INFO|user_id 25523702|order_id 4956920292|saved 2021-10-22 08:55:16.|sent 2021-10-22T09:54:28|received 2021-10-22T13:54:35
2021-22-10 08:55:16 AM|root|INFO|user_id 25523702|order_id 4956848352|saved 2021-10-22 08:55:16.|sent 2021-10-22T09:20:36|received 2021-10-22T13:54:55
2021-22-10 09:00:13 AM|root|INFO|user_id 160190870|order_id 4956922699|saved 2021-10-22 09:00:13.|sent 2021-10-22T09:56:02|received 2021-10-22T13:57:36
2021-22-10 09:35:07 AM|root|INFO|user_id 160190870|order_id 4956423941|saved 2021-10-22 09:35:07.|sent 2021-10-22T00:29:45|received 2021-10-22T14:33:43
2021-22-10 09:35:13 AM|root|INFO|user_id 25523702|order_id 4956926545|saved 2021-10-22 09:35:13.|sent 2021-10-22T10:31:46|received 2021-10-22T14:33:46
2021-22-10 09:35:13 AM|root|INFO|user_id 25523702|order_id 4956927506|saved 2021-10-22 09:35:13.|sent 2021-10-22T10:31:46|received 2021-10-22T14:33:46
2021-22-10 09:35:13 AM|root|INFO|user_id 25523702|order_id 4956926544|saved 2021-10-22 09:35:13.|sent 2021-10-22T10:31:45|received 2021-10-22T14:33:46
2021-22-10 09:45:10 AM|root|INFO|user_id 160190870|order_id 4956939120|saved 2021-10-22 09:45:10.|sent 2021-10-22T10:40:01|received 2021-10-22T14:43:09
2021-22-10 09:45:17 AM|root|INFO|user_id 25523702|order_id 4956946218|saved 2021-10-22 09:45:17.|sent 2021-10-22T10:42:42|received 2021-10-22T14:44:38
2021-22-10 09:45:18 AM|root|INFO|user_id 25523702|order_id 4956943952|saved 2021-10-22 09:45:18.|sent 2021-10-22T10:43:27|received 2021-10-22T14:45:07
2021-22-10 09:45:18 AM|root|INFO|user_id 25523702|order_id 4956946923|saved 2021-10-22 09:45:18.|sent 2021-10-22T10:44:27|received 2021-10-22T14:44:36
2021-22-10 09:55:08 AM|root|INFO|user_id 160190870|order_id 4956974317|saved 2021-10-22 09:55:08.|sent 2021-10-22T10:50:01|received 2021-10-22T14:52:19
2021-22-10 09:55:08 AM|root|INFO|user_id 160190870|order_id 4956985947|saved 2021-10-22 09:55:08.|sent 2021-10-22T10:54:50|received 2021-10-22T14:54:58
2021-22-10 09:55:15 AM|root|INFO|user_id 25523702|order_id 4956978993|saved 2021-10-22 09:55:15.|sent 2021-10-22T10:53:01|received 2021-10-22T14:55:02
2021-22-10 09:55:15 AM|root|INFO|user_id 25523702|order_id 4956979924|saved 2021-10-22 09:55:15.|sent 2021-10-22T10:53:11|received 2021-10-22T14:54:55
2021-22-10 10:00:14 AM|root|INFO|user_id 160190870|order_id 4956985976|saved 2021-10-22 10:00:14.|sent 2021-10-22T10:54:57|received 2021-10-22T14:57:37
2021-22-10 10:05:15 AM|root|INFO|user_id 25523702|order_id 4957016863|saved 2021-10-22 10:05:15.|sent 2021-10-22T11:04:08|received 2021-10-22T15:04:17
2021-22-10 10:10:09 AM|root|INFO|user_id 160190870|order_id 4957031673|saved 2021-10-22 10:10:09.|sent 2021-10-22T11:08:00|received 2021-10-22T15:09:54
2021-22-10 10:10:16 AM|root|INFO|user_id 25523702|order_id 4957029963|saved 2021-10-22 10:10:16.|sent 2021-10-22T11:08:44|received 2021-10-22T15:10:02
2021-22-10 10:15:09 AM|root|INFO|user_id 160190870|order_id 4957037428|saved 2021-10-22 10:15:09.|sent 2021-10-22T11:10:05|received 2021-10-22T15:11:58
2021-22-10 10:15:09 AM|root|INFO|user_id 160190870|order_id 4957043492|saved 2021-10-22 10:15:09.|sent 2021-10-22T11:12:47|received 2021-10-22T15:14:53
2021-22-10 10:15:09 AM|root|INFO|user_id 160190870|order_id 4957047394|saved 2021-10-22 10:15:09.|sent 2021-10-22T11:13:00|received 2021-10-22T15:14:56
2021-22-10 10:15:16 AM|root|INFO|user_id 25523702|order_id 4957038980|saved 2021-10-22 10:15:16.|sent 2021-10-22T11:11:52|received 2021-10-22T15:14:15
2021-22-10 10:20:09 AM|root|INFO|user_id 160190870|order_id 4956955357|saved 2021-10-22 10:20:09.|sent 2021-10-22T10:45:00|received 2021-10-22T15:18:36
2021-22-10 10:20:09 AM|root|INFO|user_id 160190870|order_id 4957057723|saved 2021-10-22 10:20:09.|sent 2021-10-22T11:17:44|received 2021-10-22T15:19:44
2021-22-10 10:20:09 AM|root|INFO|user_id 160190870|order_id 4957064469|saved 2021-10-22 10:20:09.|sent 2021-10-22T11:19:32|received 2021-10-22T15:19:37
2021-22-10 10:20:16 AM|root|INFO|user_id 25523702|order_id 4957053328|saved 2021-10-22 10:20:16.|sent 2021-10-22T11:15:22|received 2021-10-22T15:17:08
2021-22-10 10:20:16 AM|root|INFO|user_id 25523702|order_id 4957048798|saved 2021-10-22 10:20:16.|sent 2021-10-22T11:14:29|received 2021-10-22T15:18:50
2021-22-10 10:25:09 AM|root|INFO|user_id 160190870|order_id 4957063528|saved 2021-10-22 10:25:09.|sent 2021-10-22T11:19:55|received 2021-10-22T15:22:41
2021-22-10 10:25:15 AM|root|INFO|user_id 25523702|order_id 4957067208|saved 2021-10-22 10:25:15.|sent 2021-10-22T11:20:05|received 2021-10-22T15:22:4
2021-22-10 10:25:15 AM|root|INFO|user_id 25523702|order_id 4957073622|saved 2021-10-22 10:25:15.|sent 2021-10-22T11:23:21|received 2021-10-22T15:24:51
2021-22-10 10:30:11 AM|root|INFO|user_id 160190870|order_id 4956933684|saved 2021-10-22 10:30:11.|sent 2021-10-22T10:39:53|received 2021-10-22T15:29:04
2021-22-10 10:30:11 AM|root|INFO|user_id 160190870|order_id 4957096029|saved 2021-10-22 10:30:11.|sent 2021-10-22T11:29:52|received 2021-10-22T15:30:00
2021-22-10 10:30:18 AM|root|INFO|user_id 25523702|order_id 4957079435|saved 2021-10-22 10:30:18.|sent 2021-10-22T11:25:00|received 2021-10-22T15:28:38
2021-22-10 10:30:18 AM|root|INFO|user_id 25523702|order_id 4957086900|saved 2021-10-22 10:30:18.|sent 2021-10-22T11:29:21|received 2021-10-22T15:29:2
2021-22-10 10:35:08 AM|root|INFO|user_id 160190870|order_id 4957093485|saved 2021-10-22 10:35:08.|sent 2021-10-22T11:30:29|received 2021-10-22T15:33:0
2021-22-10 10:35:08 AM|root|INFO|user_id 160190870|order_id 4957103094|saved 2021-10-22 10:35:08.|sent 2021-10-22T11:32:54|received 2021-10-22T15:34:58
2021-22-10 10:35:15 AM|root|INFO|user_id 25523702|order_id 4957099482|saved 2021-10-22 10:35:15.|sent 2021-10-22T11:31:55|received 2021-10-22T15:34:54
2021-22-10 10:40:09 AM|root|INFO|user_id 160190870|order_id 4957118423|saved 2021-10-22 10:40:09.|sent 2021-10-22T11:39:07|received 2021-10-22T15:39:48
2021-22-10 10:40:16 AM|root|INFO|user_id 25523702|order_id 4957119230|saved 2021-10-22 10:40:16.|sent 2021-10-22T11:38:37|received 2021-10-22T15:40:0
2021-22-10 10:40:16 AM|root|INFO|user_id 25523702|order_id 4957113689|saved 2021-10-22 10:40:16.|sent 2021-10-22T11:38:49|received 2021-10-22T15:39:56
2021-22-10 10:45:08 AM|root|INFO|user_id 160190870|order_id 4957123880|saved 2021-10-22 10:45:08.|sent 2021-10-22T11:41:50|received 2021-10-22T15:43:16
2021-22-10 10:45:15 AM|root|INFO|user_id 25523702|order_id 4957127188|saved 2021-10-22 10:45:15.|sent 2021-10-22T11:41:07|received 2021-10-22T15:43:28
2021-22-10 10:50:09 AM|root|INFO|user_id 160190870|order_id 4957135691|saved 2021-10-22 10:50:09.|sent 2021-10-22T11:45:39|received 2021-10-22T15:47:53
2021-22-10 10:50:15 AM|root|INFO|user_id 25523702|order_id 4957143977|saved 2021-10-22 10:50:15.|sent 2021-10-22T11:49:15|received 2021-10-22T15:49:22
2021-22-10 10:55:08 AM|root|INFO|user_id 160190870|order_id 4956650291|saved 2021-10-22 10:55:08.|sent 2021-10-22T07:31:56|received 2021-10-22T15:54:4
2021-22-10 10:55:08 AM|root|INFO|user_id 160190870|order_id 4957159519|saved 2021-10-22 10:55:08.|sent 2021-10-22T11:54:01|received 2021-10-22T15:54:05
2021-22-10 10:55:15 AM|root|INFO|user_id 25523702|order_id 4957153790|saved 2021-10-22 10:55:15.|sent 2021-10-22T11:52:44|received 2021-10-22T15:54:
2021-22-10 11:00:11 AM|root|INFO|user_id 160190870|order_id 4957166642|saved 2021-10-22 11:00:11.|sent 2021-10-22T11:56:11|received 2021-10-22T15:58:29
2021-22-10 11:00:11 AM|root|INFO|user_id 160190870|order_id 4957168889|saved 2021-10-22 11:00:11.|sent 2021-10-22T11:58:46|received 2021-10-22T16:00:00
2021-22-10 11:00:18 AM|root|INFO|user_id 25523702|order_id 4957172497|saved 2021-10-22 11:00:18.|sent 2021-10-22T11:58:33|received 2021-10-22T16:00:04
2021-22-10 11:05:07 AM|root|INFO|user_id 160190870|order_id 4957179369|saved 2021-10-22 11:05:07.|sent 2021-10-22T12:00:56|received 2021-10-22T16:03:01
2021-22-10 11:05:08 AM|root|INFO|user_id 160190870|order_id 4957182686|saved 2021-10-22 11:05:08.|sent 2021-10-22T12:03:00|received 2021-10-22T16:04:58
2021-22-10 11:05:08 AM|root|INFO|user_id 160190870|order_id 4957182685|saved 2021-10-22 11:05:08.|sent 2021-10-22T12:03:00|received 2021-10-22T16:04:58
2021-22-10 11:05:08 AM|root|INFO|user_id 160190870|order_id 4957190266|saved 2021-10-22 11:05:08.|sent 2021-10-22T12:04:48|received 2021-10-22T16:04:58
2021-22-10 11:05:15 AM|root|INFO|user_id 25523702|order_id 4957189266|saved 2021-10-22 11:05:15.|sent 2021-10-22T12:04:30|received 2021-10-22T16:04:38
2021-22-10 11:05:15 AM|root|INFO|user_id 25523702|order_id 4957189285|saved 2021-10-22 11:05:15.|sent 2021-10-22T12:04:32|received 2021-10-22T16:04:41
2021-22-10 11:10:15 AM|root|INFO|user_id 25523702|order_id 4957197164|saved 2021-10-22 11:10:15.|sent 2021-10-22T12:07:39|received 2021-10-22T16:10:04
2021-22-10 11:10:16 AM|root|INFO|user_id 25523702|order_id 4956404090|saved 2021-10-22 11:10:16.|sent 2021-10-22T00:00:34|received 2021-10-22T16:08:58
2021-22-10 11:15:09 AM|root|INFO|user_id 160190870|order_id 4957204527|saved 2021-10-22 11:15:09.|sent 2021-10-22T12:10:37|received 2021-10-22T16:12:34
2021-22-10 11:15:15 AM|root|INFO|user_id 25523702|order_id 4957200454|saved 2021-10-22 11:15:15.|sent 2021-10-22T12:09:30|received 2021-10-22T16:12:49
2021-22-10 11:15:15 AM|root|INFO|user_id 25523702|order_id 4957204836|saved 2021-10-22 11:15:15.|sent 2021-10-22T12:11:16|received 2021-10-22T16:13:20
2021-22-10 11:15:15 AM|root|INFO|user_id 25523702|order_id 4956976133|saved 2021-10-22 11:15:15.|sent 2021-10-22T10:49:58|received 2021-10-22T16:14:59
2021-22-10 11:15:15 AM|root|INFO|user_id 25523702|order_id 4957210373|saved 2021-10-22 11:15:15.|sent 2021-10-22T12:12:55|received 2021-10-22T16:15:07
2021-22-10 11:15:15 AM|root|INFO|user_id 25523702|order_id 4957214360|saved 2021-10-22 11:15:15.|sent 2021-10-22T12:14:25|received 2021-10-22T16:14:33
2021-22-10 11:20:08 AM|root|INFO|user_id 160190870|order_id 4957133341|saved 2021-10-22 11:20:08.|sent 2021-10-22T11:44:13|received 2021-10-22T16:17:58
2021-22-10 11:20:15 AM|root|INFO|user_id 25523702|order_id 4957217074|saved 2021-10-22 11:20:15.|sent 2021-10-22T12:15:14|received 2021-10-22T16:17:24
2021-22-10 11:20:15 AM|root|INFO|user_id 25523702|order_id 4957225534|saved 2021-10-22 11:20:15.|sent 2021-10-22T12:19:21|received 2021-10-22T16:19:29
2021-22-10 11:25:08 AM|root|INFO|user_id 160190870|order_id 4957177389|saved 2021-10-22 11:25:08.|sent 2021-10-22T12:00:16|received 2021-10-22T16:23:25
2021-22-10 11:25:08 AM|root|INFO|user_id 160190870|order_id 4957235237|saved 2021-10-22 11:25:08.|sent 2021-10-22T12:23:00|received 2021-10-22T16:24:52
2021-22-10 11:25:18 AM|root|INFO|user_id 25523702|order_id 4957238866|saved 2021-10-22 11:25:18.|sent 2021-10-22T12:24:40|received 2021-10-22T16:24:50
2021-22-10 11:30:09 AM|root|INFO|user_id 160190870|order_id 4957250436|saved 2021-10-22 11:30:09.|sent 2021-10-22T12:28:16|received 2021-10-22T16:29:57
2021-22-10 11:30:09 AM|root|INFO|user_id 160190870|order_id 4957250417|saved 2021-10-22 11:30:09.|sent 2021-10-22T12:28:14|received 2021-10-22T16:29:45
2021-22-10 11:35:14 AM|root|INFO|user_id 25523702|order_id 4957249977|saved 2021-10-22 11:35:14.|sent 2021-10-22T12:30:27|received 2021-10-22T16:33:28
2021-22-10 11:35:14 AM|root|INFO|user_id 25523702|order_id 4957257578|saved 2021-10-22 11:35:14.|sent 2021-10-22T12:31:22|received 2021-10-22T16:33:40
2021-22-10 11:40:09 AM|root|INFO|user_id 160190870|order_id 4957273522|saved 2021-10-22 11:40:09.|sent 2021-10-22T12:38:03|received 2021-10-22T16:39:59
2021-22-10 11:40:15 AM|root|INFO|user_id 25523702|order_id 4957269372|saved 2021-10-22 11:40:15.|sent 2021-10-22T12:35:21|received 2021-10-22T16:37:39
2021-22-10 11:40:15 AM|root|INFO|user_id 25523702|order_id 4957278310|saved 2021-10-22 11:40:15.|sent 2021-10-22T12:39:01|received 2021-10-22T16:40:05
2021-22-10 11:40:15 AM|root|INFO|user_id 25523702|order_id 4957279011|saved 2021-10-22 11:40:15.|sent 2021-10-22T12:38:42|received 2021-10-22T16:39:52
2021-22-10 11:45:15 AM|root|INFO|user_id 25523702|order_id 4957205714|saved 2021-10-22 11:45:15.|sent 2021-10-22T12:11:22|received 2021-10-22T16:43:22
2021-22-10 11:45:16 AM|root|INFO|user_id 25523702|order_id 4957282634|saved 2021-10-22 11:45:16.|sent 2021-10-22T12:42:32|received 2021-10-22T16:45:06
2021-22-10 11:45:16 AM|root|INFO|user_id 25523702|order_id 4957287948|saved 2021-10-22 11:45:16.|sent 2021-10-22T12:43:35|received 2021-10-22T16:45:02
2021-22-10 11:50:09 AM|root|INFO|user_id 160190870|order_id 4957306061|saved 2021-10-22 11:50:09.|sent 2021-10-22T12:48:28|received 2021-10-22T16:49:57
2021-22-10 11:50:16 AM|root|INFO|user_id 25523702|order_id 4957305051|saved 2021-10-22 11:50:16.|sent 2021-10-22T12:48:18|received 2021-10-22T16:50:07
2021-22-10 11:55:08 AM|root|INFO|user_id 160190870|order_id 4957306804|saved 2021-10-22 11:55:08.|sent 2021-10-22T12:50:11|received 2021-10-22T16:51:59
2021-22-10 11:55:09 AM|root|INFO|user_id 160190870|order_id 4957311732|saved 2021-10-22 11:55:09.|sent 2021-10-22T12:53:05|received 2021-10-22T16:54:55
2021-22-10 11:55:09 AM|root|INFO|user_id 160190870|order_id 4957313788|saved 2021-10-22 11:55:09.|sent 2021-10-22T12:54:03|received 2021-10-22T16:54:12
2021-22-10 11:55:09 AM|root|INFO|user_id 160190870|order_id 4957320223|saved 2021-10-22 11:55:09.|sent 2021-10-22T12:54:52|received 2021-10-22T16:54:59
2021-22-10 11:55:15 AM|root|INFO|user_id 25523702|order_id 4957310986|saved 2021-10-22 11:55:15.|sent 2021-10-22T12:52:44|received 2021-10-22T16:55:00
2021-22-10 12:00:14 PM|root|INFO|user_id 160190870|order_id 4957317882|saved 2021-10-22 12:00:14.|sent 2021-10-22T12:54:59|received 2021-10-22T16:56:57
2021-22-10 12:00:14 PM|root|INFO|user_id 160190870|order_id 4957319143|saved 2021-10-22 12:00:14.|sent 2021-10-22T12:54:48|received 2021-10-22T16:55:56
2021-22-10 12:00:14 PM|root|INFO|user_id 160190870|order_id 4957331180|saved 2021-10-22 12:00:14.|sent 2021-10-22T12:59:02|received 2021-10-22T16:59:09
2021-22-10 12:00:14 PM|root|INFO|user_id 160190870|order_id 4957333148|saved 2021-10-22 12:00:14.|sent 2021-10-22T12:59:28|received 2021-10-22T16:59:33
2021-22-10 12:00:20 PM|root|INFO|user_id 25523702|order_id 4956915288|saved 2021-10-22 12:00:20.|sent 2021-10-22T09:52:46|received 2021-10-22T16:57:41
2021-22-10 12:00:21 PM|root|INFO|user_id 25523702|order_id 4957321758|saved 2021-10-22 12:00:21.|sent 2021-10-22T12:56:17|received 2021-10-22T16:59:09
2021-22-10 12:00:21 PM|root|INFO|user_id 25523702|order_id 4957325254|saved 2021-10-22 12:00:21.|sent 2021-10-22T12:57:06|received 2021-10-22T16:59:39
2021-22-10 12:05:09 PM|root|INFO|user_id 160190870|order_id 4957337120|saved 2021-10-22 12:05:09.|sent 2021-10-22T13:01:25|received 2021-10-22T17:03:25
2021-22-10 12:05:09 PM|root|INFO|user_id 160190870|order_id 4957340041|saved 2021-10-22 12:05:09.|sent 2021-10-22T13:01:57|received 2021-10-22T17:04:2
2021-22-10 12:05:09 PM|root|INFO|user_id 160190870|order_id 4957336336|saved 2021-10-22 12:05:09.|sent 2021-10-22T13:01:57|received 2021-10-22T17:04:2
2021-22-10 12:05:10 PM|root|INFO|user_id 160190870|order_id 4957338229|saved 2021-10-22 12:05:10.|sent 2021-10-22T13:01:57|received 2021-10-22T17:04:48
2021-22-10 12:05:10 PM|root|INFO|user_id 160190870|order_id 4957336915|saved 2021-10-22 12:05:10.|sent 2021-10-22T13:04:11|received 2021-10-22T17:04:18
2021-22-10 12:05:16 PM|root|INFO|user_id 25523702|order_id 4957334581|saved 2021-10-22 12:05:16.|sent 2021-10-22T13:01:02|received 2021-10-22T17:03:45
2021-22-10 12:05:17 PM|root|INFO|user_id 25523702|order_id 4957342261|saved 2021-10-22 12:05:17.|sent 2021-10-22T13:02:52|received 2021-10-22T17:04:58
2021-22-10 12:10:08 PM|root|INFO|user_id 160190870|order_id 4957343971|saved 2021-10-22 12:10:08.|sent 2021-10-22T13:06:01|received 2021-10-22T17:09:05
2021-22-10 12:10:08 PM|root|INFO|user_id 160190870|order_id 4957348070|saved 2021-10-22 12:10:08.|sent 2021-10-22T13:05:02|received 2021-10-22T17:08:19
2021-22-10 12:10:09 PM|root|INFO|user_id 160190870|order_id 4957350817|saved 2021-10-22 12:10:09.|sent 2021-10-22T13:08:08|received 2021-10-22T17:09:57
2021-22-10 12:10:15 PM|root|INFO|user_id 25523702|order_id 4957343709|saved 2021-10-22 12:10:15.|sent 2021-10-22T13:05:21|received 2021-10-22T17:07:21
2021-22-10 12:10:15 PM|root|INFO|user_id 25523702|order_id 4957354178|saved 2021-10-22 12:10:15.|sent 2021-10-22T13:09:11|received 2021-10-22T17:09:18
2021-22-10 12:10:15 PM|root|INFO|user_id 25523702|order_id 4957359135|saved 2021-10-22 12:10:15.|sent 2021-10-22T13:09:44|received 2021-10-22T17:09:51
2021-22-10 12:15:08 PM|root|INFO|user_id 160190870|order_id 4957366161|saved 2021-10-22 12:15:08.|sent 2021-10-22T13:13:05|received 2021-10-22T17:14:51
2021-22-10 12:15:14 PM|root|INFO|user_id 25523702|order_id 4957361444|saved 2021-10-22 12:15:14.|sent 2021-10-22T13:12:08|received 2021-10-22T17:14:08
2021-22-10 12:15:15 PM|root|INFO|user_id 25523702|order_id 4957146065|saved 2021-10-22 12:15:15.|sent 2021-10-22T11:47:36|received 2021-10-22T17:14:51
2021-22-10 12:20:09 PM|root|INFO|user_id 160190870|order_id 4957372050|saved 2021-10-22 12:20:09.|sent 2021-10-22T13:15:29|received 2021-10-22T17:17:31
2021-22-10 12:20:09 PM|root|INFO|user_id 160190870|order_id 4957377381|saved 2021-10-22 12:20:09.|sent 2021-10-22T13:18:08|received 2021-10-22T17:19:55
2021-22-10 12:20:15 PM|root|INFO|user_id 25523702|order_id 4957377290|saved 2021-10-22 12:20:15.|sent 2021-10-22T13:17:49|received 2021-10-22T17:20:01
2021-22-10 12:20:16 PM|root|INFO|user_id 25523702|order_id 4957381076|saved 2021-10-22 12:20:16.|sent 2021-10-22T13:19:05|received 2021-10-22T17:19:11
2021-22-10 12:25:08 PM|root|INFO|user_id 160190870|order_id 4957381678|saved 2021-10-22 12:25:08.|sent 2021-10-22T13:20:31|received 2021-10-22T17:22:48
2021-22-10 12:25:09 PM|root|INFO|user_id 160190870|order_id 4957384297|saved 2021-10-22 12:25:09.|sent 2021-10-22T13:20:39|received 2021-10-22T17:21:41
2021-22-10 12:30:10 PM|root|INFO|user_id 160190870|order_id 4957397760|saved 2021-10-22 12:30:10.|sent 2021-10-22T13:27:14|received 2021-10-22T17:29:3
2021-22-10 12:30:10 PM|root|INFO|user_id 160190870|order_id 4957405104|saved 2021-10-22 12:30:10.|sent 2021-10-22T13:28:10|received 2021-10-22T17:29:59
2021-22-10 12:30:10 PM|root|INFO|user_id 160190870|order_id 4957404300|saved 2021-10-22 12:30:10.|sent 2021-10-22T13:28:34|received 2021-10-22T17:29:42
2021-22-10 12:30:10 PM|root|INFO|user_id 160190870|order_id 4957341646|saved 2021-10-22 12:30:10.|sent 2021-10-22T13:03:43|received 2021-10-22T17:29:03
2021-22-10 12:30:10 PM|root|INFO|user_id 160190870|order_id 4957405400|saved 2021-10-22 12:30:10.|sent 2021-10-22T13:28:56|received 2021-10-22T17:29:05
2021-22-10 12:30:17 PM|root|INFO|user_id 25523702|order_id 4957400001|saved 2021-10-22 12:30:17.|sent 2021-10-22T13:26:06|received 2021-10-22T17:28:08
2021-22-10 12:30:17 PM|root|INFO|user_id 25523702|order_id 4957393968|saved 2021-10-22 12:30:17.|sent 2021-10-22T13:27:04|received 2021-10-22T17:29:03
2021-22-10 12:30:17 PM|root|INFO|user_id 25523702|order_id 4957396807|saved 2021-10-22 12:30:17.|sent 2021-10-22T13:27:04|received 2021-10-22T17:30:05
2021-22-10 12:35:11 PM|root|INFO|user_id 160190870|order_id 4956960080|saved 2021-10-22 12:35:11.|sent 2021-10-22T10:45:16|received 2021-10-22T17:34:29
2021-22-10 12:35:11 PM|root|INFO|user_id 160190870|order_id 4957409953|saved 2021-10-22 12:35:11.|sent 2021-10-22T13:32:39|received 2021-10-22T17:34:5
2021-22-10 12:35:11 PM|root|INFO|user_id 160190870|order_id 4957417548|saved 2021-10-22 12:35:11.|sent 2021-10-22T13:34:30|received 2021-10-22T17:34:39
2021-22-10 12:35:21 PM|root|INFO|user_id 25523702|order_id 4957409589|saved 2021-10-22 12:35:21.|sent 2021-10-22T13:31:49|received 2021-10-22T17:34:30
2021-22-10 12:40:08 PM|root|INFO|user_id 160190870|order_id 4956145514|saved 2021-10-22 12:40:08.|sent 2021-10-21T21:26:02|received 2021-10-22T17:39:25
2021-22-10 12:40:08 PM|root|INFO|user_id 160190870|order_id 4956403533|saved 2021-10-22 12:40:08.|sent 2021-10-22T00:03:17|received 2021-10-22T17:39:57
2021-22-10 12:45:09 PM|root|INFO|user_id 160190870|order_id 4957439234|saved 2021-10-22 12:45:09.|sent 2021-10-22T13:42:51|received 2021-10-22T17:44:42
2021-22-10 12:45:16 PM|root|INFO|user_id 25523702|order_id 4957432708|saved 2021-10-22 12:45:16.|sent 2021-10-22T13:40:55|received 2021-10-22T17:43:47
2021-22-10 12:50:10 PM|root|INFO|user_id 25523702|order_id 4957451305|saved 2021-10-22 12:50:10.|sent 2021-10-22T13:47:37|received 2021-10-22T17:49:41
2021-22-10 12:55:08 PM|root|INFO|user_id 160190870|order_id 4957444558|saved 2021-10-22 12:55:08.|sent 2021-10-22T13:45:50|received 2021-10-22T17:47:4
2021-22-10 12:55:08 PM|root|INFO|user_id 160190870|order_id 4957451963|saved 2021-10-22 12:55:08.|sent 2021-10-22T13:49:11|received 2021-10-22T17:51:23
2021-22-10 12:55:08 PM|root|INFO|user_id 160190870|order_id 4957461027|saved 2021-10-22 12:55:08.|sent 2021-10-22T13:50:07|received 2021-10-22T17:51:59
2021-22-10 12:55:08 PM|root|INFO|user_id 160190870|order_id 4957455621|saved 2021-10-22 12:55:08.|sent 2021-10-22T13:50:51|received 2021-10-22T17:53:09
2021-22-10 12:55:09 PM|root|INFO|user_id 160190870|order_id 4957461540|saved 2021-10-22 12:55:09.|sent 2021-10-22T13:51:16|received 2021-10-22T17:53:19
2021-22-10 12:55:09 PM|root|INFO|user_id 160190870|order_id 4957466125|saved 2021-10-22 12:55:09.|sent 2021-10-22T13:52:45|received 2021-10-22T17:54:56
2021-22-10 12:55:15 PM|root|INFO|user_id 25523702|order_id 4957459216|saved 2021-10-22 12:55:15.|sent 2021-10-22T13:50:00|received 2021-10-22T17:52:22
2021-22-10 12:55:15 PM|root|INFO|user_id 25523702|order_id 4957455765|saved 2021-10-22 12:55:15.|sent 2021-10-22T13:51:24|received 2021-10-22T17:54:27
2021-22-10 12:55:15 PM|root|INFO|user_id 25523702|order_id 4957464355|saved 2021-10-22 12:55:15.|sent 2021-10-22T13:53:05|received 2021-10-22T17:54:
2021-22-10 12:55:15 PM|root|INFO|user_id 25523702|order_id 4957468373|saved 2021-10-22 12:55:15.|sent 2021-10-22T13:54:29|received 2021-10-22T17:54:37
2021-22-10 12:55:15 PM|root|INFO|user_id 25523702|order_id 4957467471|saved 2021-10-22 12:55:15.|sent 2021-10-22T13:54:29|received 2021-10-22T17:54:37
2021-22-10 01:05:12 PM|root|INFO|user_id 160190870|order_id 4957487389|saved 2021-10-22 13:05:12.|sent 2021-10-22T14:02:12|received 2021-10-22T18:04:20
2021-22-10 01:05:20 PM|root|INFO|user_id 25523702|order_id 4957480598|saved 2021-10-22 13:05:20.|sent 2021-10-22T14:00:14|received 2021-10-22T18:02:36
2021-22-10 01:10:15 PM|root|INFO|user_id 25523702|order_id 4957501783|saved 2021-10-22 13:10:15.|sent 2021-10-22T14:08:42|received 2021-10-22T18:08:50
2021-22-10 01:10:15 PM|root|INFO|user_id 25523702|order_id 4957362241|saved 2021-10-22 13:10:15.|sent 2021-10-22T13:11:59|received 2021-10-22T18:10:00
2021-22-10 01:15:15 PM|root|INFO|user_id 25523702|order_id 4957519030|saved 2021-10-22 13:15:15.|sent 2021-10-22T14:14:19|received 2021-10-22T18:14:26
2021-22-10 01:15:15 PM|root|INFO|user_id 25523702|order_id 4957422152|saved 2021-10-22 13:15:15.|sent 2021-10-22T13:35:14|received 2021-10-22T18:14:45
2021-22-10 01:20:08 PM|root|INFO|user_id 160190870|order_id 4957517845|saved 2021-10-22 13:20:08.|sent 2021-10-22T14:16:04|received 2021-10-22T18:19:43
2021-22-10 01:20:08 PM|root|INFO|user_id 160190870|order_id 4957526218|saved 2021-10-22 13:20:08.|sent 2021-10-22T14:17:45|received 2021-10-22T18:19:47
2021-22-10 01:20:08 PM|root|INFO|user_id 160190870|order_id 4957523847|saved 2021-10-22 13:20:08.|sent 2021-10-22T14:18:22|received 2021-10-22T18:19:59
2021-22-10 01:20:15 PM|root|INFO|user_id 25523702|order_id 4957519852|saved 2021-10-22 13:20:15.|sent 2021-10-22T14:16:33|received 2021-10-22T18:18:34
2021-22-10 01:20:15 PM|root|INFO|user_id 25523702|order_id 4957527022|saved 2021-10-22 13:20:15.|sent 2021-10-22T14:18:08|received 2021-10-22T18:20:06
2021-22-10 01:25:08 PM|root|INFO|user_id 160190870|order_id 4957533070|saved 2021-10-22 13:25:08.|sent 2021-10-22T14:20:04|received 2021-10-22T18:23:06
2021-22-10 01:25:08 PM|root|INFO|user_id 160190870|order_id 4957533451|saved 2021-10-22 13:25:08.|sent 2021-10-22T14:21:08|received 2021-10-22T18:23:18
2021-22-10 01:25:08 PM|root|INFO|user_id 160190870|order_id 4957533965|saved 2021-10-22 13:25:08.|sent 2021-10-22T14:22:30|received 2021-10-22T18:24:38
2021-22-10 01:25:08 PM|root|INFO|user_id 160190870|order_id 4957538385|saved 2021-10-22 13:25:08.|sent 2021-10-22T14:23:20|received 2021-10-22T18:24:52
2021-22-10 01:25:09 PM|root|INFO|user_id 160190870|order_id 4957535956|saved 2021-10-22 13:25:09.|sent 2021-10-22T14:23:51|received 2021-10-22T18:23:59
2021-22-10 01:25:09 PM|root|INFO|user_id 160190870|order_id 4957537912|saved 2021-10-22 13:25:09.|sent 2021-10-22T14:24:15|received 2021-10-22T18:24:2
2021-22-10 01:25:15 PM|root|INFO|user_id 25523702|order_id 4957531471|saved 2021-10-22 13:25:15.|sent 2021-10-22T14:20:20|received 2021-10-22T18:22:18
2021-22-10 01:25:15 PM|root|INFO|user_id 25523702|order_id 4957529670|saved 2021-10-22 13:25:15.|sent 2021-10-22T14:20:44|received 2021-10-22T18:23:27
2021-22-10 01:25:16 PM|root|INFO|user_id 25523702|order_id 4957535454|saved 2021-10-22 13:25:16.|sent 2021-10-22T14:22:38|received 2021-10-22T18:24:36
2021-22-10 01:30:08 PM|root|INFO|user_id 160190870|order_id 4957538772|saved 2021-10-22 13:30:08.|sent 2021-10-22T14:25:03|received 2021-10-22T18:27:18
2021-22-10 01:30:08 PM|root|INFO|user_id 160190870|order_id 4957544534|saved 2021-10-22 13:30:08.|sent 2021-10-22T14:26:45|received 2021-10-22T18:28:59
2021-22-10 01:30:15 PM|root|INFO|user_id 25523702|order_id 4957544227|saved 2021-10-22 13:30:15.|sent 2021-10-22T14:25:48|received 2021-10-22T18:27:55
2021-22-10 01:35:08 PM|root|INFO|user_id 160190870|order_id 4957556595|saved 2021-10-22 13:35:08.|sent 2021-10-22T14:31:44|received 2021-10-22T18:32:50
2021-22-10 01:35:08 PM|root|INFO|user_id 160190870|order_id 4957556591|saved 2021-10-22 13:35:08.|sent 2021-10-22T14:31:43|received 2021-10-22T18:34:27
2021-22-10 01:35:08 PM|root|INFO|user_id 160190870|order_id 4957560196|saved 2021-10-22 13:35:08.|sent 2021-10-22T14:32:41|received 2021-10-22T18:34:51
2021-22-10 01:35:08 PM|root|INFO|user_id 160190870|order_id 4957566192|saved 2021-10-22 13:35:08.|sent 2021-10-22T14:34:43|received 2021-10-22T18:34:52
2021-22-10 01:35:14 PM|root|INFO|user_id 25523702|order_id 4957561384|saved 2021-10-22 13:35:14.|sent 2021-10-22T14:33:14|received 2021-10-22T18:34:57
2021-22-10 01:40:10 PM|root|INFO|user_id 160190870|order_id 4957572312|saved 2021-10-22 13:40:10.|sent 2021-10-22T14:38:19|received 2021-10-22T18:40:00
2021-22-10 01:40:10 PM|root|INFO|user_id 160190870|order_id 4956430737|saved 2021-10-22 13:40:10.|sent 2021-10-22T00:37:14|received 2021-10-22T18:39:55
2021-22-10 01:40:17 PM|root|INFO|user_id 25523702|order_id 4957519226|saved 2021-10-22 13:40:17.|sent 2021-10-22T14:14:52|received 2021-10-22T18:38:49
2021-22-10 01:45:08 PM|root|INFO|user_id 160190870|order_id 4957581380|saved 2021-10-22 13:45:08.|sent 2021-10-22T14:42:45|received 2021-10-22T18:44:41
2021-22-10 01:45:08 PM|root|INFO|user_id 160190870|order_id 4957584467|saved 2021-10-22 13:45:08.|sent 2021-10-22T14:43:23|received 2021-10-22T18:44:46
2021-22-10 01:45:14 PM|root|INFO|user_id 25523702|order_id 4957582038|saved 2021-10-22 13:45:14.|sent 2021-10-22T14:41:29|received 2021-10-22T18:43:41
2021-22-10 01:45:15 PM|root|INFO|user_id 25523702|order_id 4957586339|saved 2021-10-22 13:45:15.|sent 2021-10-22T14:43:56|received 2021-10-22T18:44:06
2021-22-10 01:50:08 PM|root|INFO|user_id 160190870|order_id 4957588962|saved 2021-10-22 13:50:08.|sent 2021-10-22T14:47:12|received 2021-10-22T18:49:08
2021-22-10 01:50:08 PM|root|INFO|user_id 160190870|order_id 4957593979|saved 2021-10-22 13:50:08.|sent 2021-10-22T14:48:06|received 2021-10-22T18:49:58
2021-22-10 01:50:08 PM|root|INFO|user_id 160190870|order_id 4957595087|saved 2021-10-22 13:50:08.|sent 2021-10-22T14:47:31|received 2021-10-22T18:49:20
2021-22-10 01:50:14 PM|root|INFO|user_id 25523702|order_id 4957306607|saved 2021-10-22 13:50:14.|sent 2021-10-22T12:49:44|received 2021-10-22T18:48:54
2021-22-10 01:55:09 PM|root|INFO|user_id 160190870|order_id 4957526149|saved 2021-10-22 13:55:09.|sent 2021-10-22T14:17:34|received 2021-10-22T18:54:52
2021-22-10 02:05:09 PM|root|INFO|user_id 160190870|order_id 4957607601|saved 2021-10-22 14:05:09.|sent 2021-10-22T14:55:01|received 2021-10-22T18:57:04
2021-22-10 02:05:09 PM|root|INFO|user_id 160190870|order_id 4957612988|saved 2021-10-22 14:05:09.|sent 2021-10-22T14:56:43|received 2021-10-22T18:59:22
2021-22-10 02:05:10 PM|root|INFO|user_id 160190870|order_id 4957636041|saved 2021-10-22 14:05:10.|sent 2021-10-22T15:04:44|received 2021-10-22T19:04:52
2021-22-10 02:05:16 PM|root|INFO|user_id 25523702|order_id 4957618737|saved 2021-10-22 14:05:16.|sent 2021-10-22T14:59:55|received 2021-10-22T19:02:4
2021-22-10 02:05:16 PM|root|INFO|user_id 25523702|order_id 4957624455|saved 2021-10-22 14:05:16.|sent 2021-10-22T15:01:21|received 2021-10-22T19:04:26
2021-22-10 02:05:16 PM|root|INFO|user_id 25523702|order_id 4957629222|saved 2021-10-22 14:05:16.|sent 2021-10-22T15:01:49|received 2021-10-22T19:04:06
2021-22-10 02:05:16 PM|root|INFO|user_id 25523702|order_id 4957535601|saved 2021-10-22 14:05:16.|sent 2021-10-22T14:22:58|received 2021-10-22T19:04:38
2021-22-10 02:05:16 PM|root|INFO|user_id 25523702|order_id 4957630098|saved 2021-10-22 14:05:16.|sent 2021-10-22T15:02:20|received 2021-10-22T19:04:52
2021-22-10 02:05:16 PM|root|INFO|user_id 25523702|order_id 4957629533|saved 2021-10-22 14:05:16.|sent 2021-10-22T15:02:40|received 2021-10-22T19:04:54
2021-22-10 02:05:16 PM|root|INFO|user_id 25523702|order_id 4957628834|saved 2021-10-22 14:05:16.|sent 2021-10-22T15:04:13|received 2021-10-22T19:04:20
2021-22-10 02:05:17 PM|root|INFO|user_id 25523702|order_id 4957635049|saved 2021-10-22 14:05:17.|sent 2021-10-22T15:04:35|received 2021-10-22T19:04:40
2021-22-10 02:10:08 PM|root|INFO|user_id 160190870|order_id 4957637102|saved 2021-10-22 14:10:08.|sent 2021-10-22T15:05:20|received 2021-10-22T19:08:11
2021-22-10 02:10:09 PM|root|INFO|user_id 160190870|order_id 4957632943|saved 2021-10-22 14:10:09.|sent 2021-10-22T15:05:58|received 2021-10-22T19:08:06
2021-22-10 02:10:09 PM|root|INFO|user_id 160190870|order_id 4957646096|saved 2021-10-22 14:10:09.|sent 2021-10-22T15:09:25|received 2021-10-22T19:09:32
2021-22-10 02:10:15 PM|root|INFO|user_id 25523702|order_id 4957631863|saved 2021-10-22 14:10:15.|sent 2021-10-22T15:05:12|received 2021-10-22T19:07:12
2021-22-10 02:10:15 PM|root|INFO|user_id 25523702|order_id 4957641536|saved 2021-10-22 14:10:15.|sent 2021-10-22T15:08:46|received 2021-10-22T19:09:49
2021-22-10 02:10:15 PM|root|INFO|user_id 25523702|order_id 4957645316|saved 2021-10-22 14:10:15.|sent 2021-10-22T15:09:47|received 2021-10-22T19:09:54
2021-22-10 02:15:09 PM|root|INFO|user_id 160190870|order_id 4957644213|saved 2021-10-22 14:15:09.|sent 2021-10-22T15:09:25|received 2021-10-22T19:12:27
2021-22-10 02:15:09 PM|root|INFO|user_id 160190870|order_id 4957643738|saved 2021-10-22 14:15:09.|sent 2021-10-22T15:10:16|received 2021-10-22T19:14:23
2021-22-10 02:15:15 PM|root|INFO|user_id 25523702|order_id 4957646341|saved 2021-10-22 14:15:15.|sent 2021-10-22T15:10:37|received 2021-10-22T19:12:52
2021-22-10 02:15:16 PM|root|INFO|user_id 25523702|order_id 4957652419|saved 2021-10-22 14:15:16.|sent 2021-10-22T15:13:21|received 2021-10-22T19:15:05
2021-22-10 02:20:08 PM|root|INFO|user_id 160190870|order_id 4957660456|saved 2021-10-22 14:20:08.|sent 2021-10-22T15:17:19|received 2021-10-22T19:19:22
2021-22-10 02:20:08 PM|root|INFO|user_id 160190870|order_id 4957656961|saved 2021-10-22 14:20:08.|sent 2021-10-22T15:16:17|received 2021-10-22T19:19:42
2021-22-10 02:20:08 PM|root|INFO|user_id 160190870|order_id 4957664924|saved 2021-10-22 14:20:08.|sent 2021-10-22T15:19:30|received 2021-10-22T19:19:39
2021-22-10 02:20:14 PM|root|INFO|user_id 25523702|order_id 4957660336|saved 2021-10-22 14:20:14.|sent 2021-10-22T15:16:55|received 2021-10-22T19:19:16
2021-22-10 02:20:15 PM|root|INFO|user_id 25523702|order_id 4957346266|saved 2021-10-22 14:20:15.|sent 2021-10-22T13:05:12|received 2021-10-22T19:20:06
2021-22-10 02:25:08 PM|root|INFO|user_id 160190870|order_id 4957668477|saved 2021-10-22 14:25:08.|sent 2021-10-22T15:21:27|received 2021-10-22T19:24:31
2021-22-10 02:25:08 PM|root|INFO|user_id 160190870|order_id 4957668338|saved 2021-10-22 14:25:08.|sent 2021-10-22T15:20:57|received 2021-10-22T19:23:3
2021-22-10 02:25:14 PM|root|INFO|user_id 25523702|order_id 4957669178|saved 2021-10-22 14:25:14.|sent 2021-10-22T15:20:11|received 2021-10-22T19:22:01
2021-22-10 02:25:15 PM|root|INFO|user_id 25523702|order_id 4957666707|saved 2021-10-22 14:25:15.|sent 2021-10-22T15:20:14|received 2021-10-22T19:24:
2021-22-10 02:25:15 PM|root|INFO|user_id 25523702|order_id 4957675800|saved 2021-10-22 14:25:15.|sent 2021-10-22T15:24:34|received 2021-10-22T19:24:4
2021-22-10 02:30:09 PM|root|INFO|user_id 160190870|order_id 4957682030|saved 2021-10-22 14:30:09.|sent 2021-10-22T15:25:13|received 2021-10-22T19:27:38
2021-22-10 02:30:10 PM|root|INFO|user_id 160190870|order_id 4957680415|saved 2021-10-22 14:30:10.|sent 2021-10-22T15:25:40|received 2021-10-22T19:27:51
2021-22-10 02:30:10 PM|root|INFO|user_id 160190870|order_id 4957689081|saved 2021-10-22 14:30:10.|sent 2021-10-22T15:28:33|received 2021-10-22T19:29:40
2021-22-10 02:30:10 PM|root|INFO|user_id 160190870|order_id 4957686142|saved 2021-10-22 14:30:10.|sent 2021-10-22T15:28:03|received 2021-10-22T19:29:52
2021-22-10 02:35:15 PM|root|INFO|user_id 25523702|order_id 4957692670|saved 2021-10-22 14:35:15.|sent 2021-10-22T15:31:42|received 2021-10-22T19:34:26
2021-22-10 02:35:15 PM|root|INFO|user_id 25523702|order_id 4957697430|saved 2021-10-22 14:35:15.|sent 2021-10-22T15:33:40|received 2021-10-22T19:34:49
2021-22-10 02:35:15 PM|root|INFO|user_id 25523702|order_id 4957701277|saved 2021-10-22 14:35:15.|sent 2021-10-22T15:34:05|received 2021-10-22T19:34:14
2021-22-10 02:40:08 PM|root|INFO|user_id 160190870|order_id 4957703642|saved 2021-10-22 14:40:08.|sent 2021-10-22T15:36:58|received 2021-10-22T19:38:54
2021-22-10 02:40:08 PM|root|INFO|user_id 160190870|order_id 4957706958|saved 2021-10-22 14:40:08.|sent 2021-10-22T15:38:41|received 2021-10-22T19:38:47
2021-22-10 02:40:14 PM|root|INFO|user_id 25523702|order_id 4957697986|saved 2021-10-22 14:40:14.|sent 2021-10-22T15:35:47|received 2021-10-22T19:38:29
2021-22-10 02:40:14 PM|root|INFO|user_id 25523702|order_id 4957704385|saved 2021-10-22 14:40:14.|sent 2021-10-22T15:36:51|received 2021-10-22T19:39:24
2021-22-10 02:40:14 PM|root|INFO|user_id 25523702|order_id 4957709652|saved 2021-10-22 14:40:14.|sent 2021-10-22T15:39:00|received 2021-10-22T19:40:03
2021-22-10 02:45:08 PM|root|INFO|user_id 160190870|order_id 4957713365|saved 2021-10-22 14:45:08.|sent 2021-10-22T15:40:43|received 2021-10-22T19:42:59
2021-22-10 02:45:08 PM|root|INFO|user_id 160190870|order_id 4956375364|saved 2021-10-22 14:45:08.|sent 2021-10-21T23:36:54|received 2021-10-22T19:43:33
2021-22-10 02:45:08 PM|root|INFO|user_id 160190870|order_id 4957719540|saved 2021-10-22 14:45:08.|sent 2021-10-22T15:43:12|received 2021-10-22T19:45:00
2021-22-10 02:45:08 PM|root|INFO|user_id 160190870|order_id 4957722146|saved 2021-10-22 14:45:08.|sent 2021-10-22T15:43:48|received 2021-10-22T19:43:56
2021-22-10 02:45:09 PM|root|INFO|user_id 160190870|order_id 4957721253|saved 2021-10-22 14:45:09.|sent 2021-10-22T15:44:28|received 2021-10-22T19:44:34
2021-22-10 02:45:15 PM|root|INFO|user_id 25523702|order_id 4957714646|saved 2021-10-22 14:45:15.|sent 2021-10-22T15:41:32|received 2021-10-22T19:43:52
2021-22-10 02:45:15 PM|root|INFO|user_id 25523702|order_id 4957718468|saved 2021-10-22 14:45:15.|sent 2021-10-22T15:42:47|received 2021-10-22T19:44:59
2021-22-10 02:55:09 PM|root|INFO|user_id 160190870|order_id 4957721246|saved 2021-10-22 14:55:09.|sent 2021-10-22T15:44:28|received 2021-10-22T19:47:06
2021-22-10 02:55:09 PM|root|INFO|user_id 160190870|order_id 4957733806|saved 2021-10-22 14:55:09.|sent 2021-10-22T15:51:05|received 2021-10-22T19:53:4
2021-22-10 02:55:09 PM|root|INFO|user_id 160190870|order_id 4957744166|saved 2021-10-22 14:55:09.|sent 2021-10-22T15:52:56|received 2021-10-22T19:54:55
2021-22-10 02:55:10 PM|root|INFO|user_id 160190870|order_id 4957744450|saved 2021-10-22 14:55:10.|sent 2021-10-22T15:53:38|received 2021-10-22T19:54:54
2021-22-10 02:55:10 PM|root|INFO|user_id 160190870|order_id 4957283318|saved 2021-10-22 14:55:10.|sent 2021-10-22T12:41:18|received 2021-10-22T19:54:10
2021-22-10 02:55:15 PM|root|INFO|user_id 25523702|order_id 4957729312|saved 2021-10-22 14:55:15.|sent 2021-10-22T15:47:43|received 2021-10-22T19:50:04
2021-22-10 02:55:15 PM|root|INFO|user_id 25523702|order_id 4957734673|saved 2021-10-22 14:55:15.|sent 2021-10-22T15:50:32|received 2021-10-22T19:53:04
2021-22-10 02:55:16 PM|root|INFO|user_id 25523702|order_id 4957738237|saved 2021-10-22 14:55:16.|sent 2021-10-22T15:50:36|received 2021-10-22T19:52:51
2021-22-10 02:55:16 PM|root|INFO|user_id 25523702|order_id 4957731800|saved 2021-10-22 14:55:16.|sent 2021-10-22T15:50:31|received 2021-10-22T19:53:25
2021-22-10 02:55:16 PM|root|INFO|user_id 25523702|order_id 4957739264|saved 2021-10-22 14:55:16.|sent 2021-10-22T15:51:16|received 2021-10-22T19:53:37
2021-22-10 02:55:16 PM|root|INFO|user_id 25523702|order_id 4957742233|saved 2021-10-22 14:55:16.|sent 2021-10-22T15:53:17|received 2021-10-22T19:55:05
2021-22-10 03:00:17 PM|root|INFO|user_id 25523702|order_id 4957749456|saved 2021-10-22 15:00:17.|sent 2021-10-22T15:56:27|received 2021-10-22T19:58:54
2021-22-10 03:00:18 PM|root|INFO|user_id 25523702|order_id 4957754837|saved 2021-10-22 15:00:18.|sent 2021-10-22T15:59:00|received 2021-10-22T19:59:07
2021-22-10 03:05:09 PM|root|INFO|user_id 160190870|order_id 4957757882|saved 2021-10-22 15:05:09.|sent 2021-10-22T16:01:24|received 2021-10-22T20:04:21
2021-22-10 03:05:09 PM|root|INFO|user_id 160190870|order_id 4957759588|saved 2021-10-22 15:05:09.|sent 2021-10-22T16:02:05|received 2021-10-22T20:04:57
2021-22-10 03:05:15 PM|root|INFO|user_id 25523702|order_id 4957757040|saved 2021-10-22 15:05:15.|sent 2021-10-22T15:59:00|received 2021-10-22T20:02:59
2021-22-10 03:05:15 PM|root|INFO|user_id 25523702|order_id 4957761346|saved 2021-10-22 15:05:15.|sent 2021-10-22T16:01:26|received 2021-10-22T20:04:29
2021-22-10 03:05:15 PM|root|INFO|user_id 25523702|order_id 4957766025|saved 2021-10-22 15:05:15.|sent 2021-10-22T16:03:21|received 2021-10-22T20:05:07
2021-22-10 03:10:08 PM|root|INFO|user_id 160190870|order_id 4957769203|saved 2021-10-22 15:10:08.|sent 2021-10-22T16:05:03|received 2021-10-22T20:07:1
2021-22-10 03:10:09 PM|root|INFO|user_id 160190870|order_id 4957769971|saved 2021-10-22 15:10:09.|sent 2021-10-22T16:08:00|received 2021-10-22T20:09:55
2021-22-10 03:10:15 PM|root|INFO|user_id 25523702|order_id 4957771701|saved 2021-10-22 15:10:15.|sent 2021-10-22T16:06:39|received 2021-10-22T20:08:29
2021-22-10 03:10:15 PM|root|INFO|user_id 25523702|order_id 4957771815|saved 2021-10-22 15:10:15.|sent 2021-10-22T16:06:58|received 2021-10-22T20:09:08
2021-22-10 03:15:08 PM|root|INFO|user_id 160190870|order_id 4957779466|saved 2021-10-22 15:15:08.|sent 2021-10-22T16:10:13|received 2021-10-22T20:13:28
2021-22-10 03:15:08 PM|root|INFO|user_id 160190870|order_id 4957777617|saved 2021-10-22 15:15:08.|sent 2021-10-22T16:10:22|received 2021-10-22T20:14:03
2021-22-10 03:15:14 PM|root|INFO|user_id 25523702|order_id 4957782207|saved 2021-10-22 15:15:14.|sent 2021-10-22T16:10:54|received 2021-10-22T20:13:20
2021-22-10 03:15:14 PM|root|INFO|user_id 25523702|order_id 4957785275|saved 2021-10-22 15:15:14.|sent 2021-10-22T16:12:40|received 2021-10-22T20:14:55
2021-22-10 03:15:15 PM|root|INFO|user_id 25523702|order_id 4957782944|saved 2021-10-22 15:15:15.|sent 2021-10-22T16:12:54|received 2021-10-22T20:15:02
2021-22-10 03:15:15 PM|root|INFO|user_id 25523702|order_id 4957687953|saved 2021-10-22 15:15:15.|sent 2021-10-22T15:30:21|received 2021-10-22T20:13:51
2021-22-10 03:20:08 PM|root|INFO|user_id 160190870|order_id 4957792368|saved 2021-10-22 15:20:08.|sent 2021-10-22T16:15:46|received 2021-10-22T20:17:55
2021-22-10 03:20:08 PM|root|INFO|user_id 160190870|order_id 4957798017|saved 2021-10-22 15:20:08.|sent 2021-10-22T16:17:29|received 2021-10-22T20:19:35
2021-22-10 03:20:14 PM|root|INFO|user_id 25523702|order_id 4957794261|saved 2021-10-22 15:20:14.|sent 2021-10-22T16:16:47|received 2021-10-22T20:19:2
2021-22-10 03:25:09 PM|root|INFO|user_id 160190870|order_id 4957802976|saved 2021-10-22 15:25:09.|sent 2021-10-22T16:22:45|received 2021-10-22T20:24:43
2021-22-10 03:25:09 PM|root|INFO|user_id 160190870|order_id 4957728677|saved 2021-10-22 15:25:09.|sent 2021-10-22T15:47:48|received 2021-10-22T20:24:20
2021-22-10 03:25:16 PM|root|INFO|user_id 25523702|order_id 4957808228|saved 2021-10-22 15:25:16.|sent 2021-10-22T16:22:24|received 2021-10-22T20:25:03
2021-22-10 03:25:16 PM|root|INFO|user_id 25523702|order_id 4957811031|saved 2021-10-22 15:25:16.|sent 2021-10-22T16:24:27|received 2021-10-22T20:24:35
2021-22-10 03:30:09 PM|root|INFO|user_id 160190870|order_id 4957815551|saved 2021-10-22 15:30:09.|sent 2021-10-22T16:27:39|received 2021-10-22T20:29:54
2021-22-10 03:30:09 PM|root|INFO|user_id 160190870|order_id 4957812678|saved 2021-10-22 15:30:09.|sent 2021-10-22T16:27:38|received 2021-10-22T20:30:00
2021-22-10 03:30:15 PM|root|INFO|user_id 25523702|order_id 4957809781|saved 2021-10-22 15:30:15.|sent 2021-10-22T16:25:08|received 2021-10-22T20:27:29
2021-22-10 03:30:15 PM|root|INFO|user_id 25523702|order_id 4957812343|saved 2021-10-22 15:30:15.|sent 2021-10-22T16:26:02|received 2021-10-22T20:28:05
2021-22-10 03:30:16 PM|root|INFO|user_id 25523702|order_id 4957816584|saved 2021-10-22 15:30:16.|sent 2021-10-22T16:27:28|received 2021-10-22T20:29:36
2021-22-10 03:30:16 PM|root|INFO|user_id 25523702|order_id 4957818305|saved 2021-10-22 15:30:16.|sent 2021-10-22T16:27:55|received 2021-10-22T20:29:42
2021-22-10 03:30:16 PM|root|INFO|user_id 25523702|order_id 4957817677|saved 2021-10-22 15:30:16.|sent 2021-10-22T16:28:06|received 2021-10-22T20:29:56
2021-22-10 03:35:09 PM|root|INFO|user_id 160190870|order_id 4957825333|saved 2021-10-22 15:35:09.|sent 2021-10-22T16:30:57|received 2021-10-22T20:33:12
2021-22-10 03:40:08 PM|root|INFO|user_id 160190870|order_id 4957837288|saved 2021-10-22 15:40:08.|sent 2021-10-22T16:36:49|received 2021-10-22T20:38:41
2021-22-10 03:40:08 PM|root|INFO|user_id 160190870|order_id 4957835835|saved 2021-10-22 15:40:08.|sent 2021-10-22T16:37:19|received 2021-10-22T20:39:02
2021-22-10 03:40:08 PM|root|INFO|user_id 160190870|order_id 4957843293|saved 2021-10-22 15:40:08.|sent 2021-10-22T16:39:22|received 2021-10-22T20:39:31
2021-22-10 03:40:08 PM|root|INFO|user_id 160190870|order_id 4957841658|saved 2021-10-22 15:40:08.|sent 2021-10-22T16:39:40|received 2021-10-22T20:39:48
2021-22-10 03:45:15 PM|root|INFO|user_id 25523702|order_id 4957636568|saved 2021-10-22 15:45:15.|sent 2021-10-22T15:06:09|received 2021-10-22T20:42:45
2021-22-10 03:50:08 PM|root|INFO|user_id 160190870|order_id 4957853595|saved 2021-10-22 15:50:08.|sent 2021-10-22T16:45:24|received 2021-10-22T20:49:17
2021-22-10 03:50:08 PM|root|INFO|user_id 160190870|order_id 4957857755|saved 2021-10-22 15:50:08.|sent 2021-10-22T16:49:08|received 2021-10-22T20:49:16
2021-22-10 03:50:15 PM|root|INFO|user_id 25523702|order_id 4957854885|saved 2021-10-22 15:50:15.|sent 2021-10-22T16:46:56|received 2021-10-22T20:49:34
2021-22-10 03:50:15 PM|root|INFO|user_id 25523702|order_id 4957857441|saved 2021-10-22 15:50:15.|sent 2021-10-22T16:47:49|received 2021-10-22T20:49:57
2021-22-10 03:50:15 PM|root|INFO|user_id 25523702|order_id 4957859268|saved 2021-10-22 15:50:15.|sent 2021-10-22T16:47:28|received 2021-10-22T20:50:01
2021-22-10 03:50:15 PM|root|INFO|user_id 25523702|order_id 4957858646|saved 2021-10-22 15:50:15.|sent 2021-10-22T16:48:53|received 2021-10-22T20:50:07
2021-22-10 03:55:11 PM|root|INFO|user_id 160190870|order_id 4957808226|saved 2021-10-22 15:55:11.|sent 2021-10-22T16:22:24|received 2021-10-22T20:54:45
2021-22-10 03:55:11 PM|root|INFO|user_id 160190870|order_id 4957586941|saved 2021-10-22 15:55:11.|sent 2021-10-22T14:45:36|received 2021-10-22T20:54:34
2021-22-10 03:55:11 PM|root|INFO|user_id 160190870|order_id 4957868223|saved 2021-10-22 15:55:11.|sent 2021-10-22T16:51:36|received 2021-10-22T20:54:30
2021-22-10 03:55:11 PM|root|INFO|user_id 160190870|order_id 4957870476|saved 2021-10-22 15:55:11.|sent 2021-10-22T16:52:40|received 2021-10-22T20:54:42
2021-22-10 03:55:11 PM|root|INFO|user_id 160190870|order_id 4957864668|saved 2021-10-22 15:55:11.|sent 2021-10-22T16:51:21|received 2021-10-22T20:54:46
2021-22-10 03:55:18 PM|root|INFO|user_id 25523702|order_id 4957776680|saved 2021-10-22 15:55:18.|sent 2021-10-22T16:09:30|received 2021-10-22T20:54:39
2021-22-10 04:05:13 PM|root|INFO|user_id 160190870|order_id 4957874689|saved 2021-10-22 16:05:13.|sent 2021-10-22T16:56:09|received 2021-10-22T20:58:55
2021-22-10 04:05:14 PM|root|INFO|user_id 160190870|order_id 4957882300|saved 2021-10-22 16:05:14.|sent 2021-10-22T16:58:46|received 2021-10-22T21:00:50
2021-22-10 04:05:14 PM|root|INFO|user_id 160190870|order_id 4957894044|saved 2021-10-22 16:05:14.|sent 2021-10-22T17:03:20|received 2021-10-22T21:04:49
2021-22-10 04:05:14 PM|root|INFO|user_id 160190870|order_id 4957892070|saved 2021-10-22 16:05:14.|sent 2021-10-22T17:03:20|received 2021-10-22T21:04:58
2021-22-10 04:05:20 PM|root|INFO|user_id 25523702|order_id 4957874344|saved 2021-10-22 16:05:20.|sent 2021-10-22T16:55:12|received 2021-10-22T20:57:35
2021-22-10 04:05:20 PM|root|INFO|user_id 25523702|order_id 4957876235|saved 2021-10-22 16:05:20.|sent 2021-10-22T16:55:36|received 2021-10-22T20:58:08
2021-22-10 04:05:20 PM|root|INFO|user_id 25523702|order_id 4957879336|saved 2021-10-22 16:05:20.|sent 2021-10-22T16:56:59|received 2021-10-22T21:01:14
2021-22-10 04:05:20 PM|root|INFO|user_id 25523702|order_id 4957888042|saved 2021-10-22 16:05:20.|sent 2021-10-22T17:00:00|received 2021-10-22T21:02:5
2021-22-10 04:05:21 PM|root|INFO|user_id 25523702|order_id 4957749953|saved 2021-10-22 16:05:21.|sent 2021-10-22T15:57:53|received 2021-10-22T21:04:53
2021-22-10 04:05:21 PM|root|INFO|user_id 25523702|order_id 4957891150|saved 2021-10-22 16:05:21.|sent 2021-10-22T17:02:36|received 2021-10-22T21:04:41
2021-22-10 04:10:10 PM|root|INFO|user_id 160190870|order_id 4957900424|saved 2021-10-22 16:10:10.|sent 2021-10-22T17:07:59|received 2021-10-22T21:09:53
2021-22-10 04:10:17 PM|root|INFO|user_id 25523702|order_id 4957896508|saved 2021-10-22 16:10:17.|sent 2021-10-22T17:05:50|received 2021-10-22T21:08:18
2021-22-10 04:10:17 PM|root|INFO|user_id 25523702|order_id 4957722477|saved 2021-10-22 16:10:17.|sent 2021-10-22T15:44:40|received 2021-10-22T21:10:08
2021-22-10 04:15:09 PM|root|INFO|user_id 160190870|order_id 4957907426|saved 2021-10-22 16:15:09.|sent 2021-10-22T17:10:55|received 2021-10-22T21:13:07
2021-22-10 04:15:09 PM|root|INFO|user_id 160190870|order_id 4957901747|saved 2021-10-22 16:15:09.|sent 2021-10-22T17:10:50|received 2021-10-22T21:13:27
2021-22-10 04:15:16 PM|root|INFO|user_id 25523702|order_id 4957730832|saved 2021-10-22 16:15:16.|sent 2021-10-22T15:49:31|received 2021-10-22T21:13:25
2021-22-10 04:20:10 PM|root|INFO|user_id 160190870|order_id 4957920064|saved 2021-10-22 16:20:10.|sent 2021-10-22T17:16:26|received 2021-10-22T21:18:23
2021-22-10 04:20:10 PM|root|INFO|user_id 160190870|order_id 4957918502|saved 2021-10-22 16:20:10.|sent 2021-10-22T17:17:09|received 2021-10-22T21:19:31
2021-22-10 04:20:16 PM|root|INFO|user_id 25523702|order_id 4957911791|saved 2021-10-22 16:20:16.|sent 2021-10-22T17:15:08|received 2021-10-22T21:17:22
2021-22-10 04:20:16 PM|root|INFO|user_id 25523702|order_id 4957923841|saved 2021-10-22 16:20:16.|sent 2021-10-22T17:19:35|received 2021-10-22T21:19:43
2021-22-10 04:25:09 PM|root|INFO|user_id 160190870|order_id 4957926501|saved 2021-10-22 16:25:09.|sent 2021-10-22T17:20:52|received 2021-10-22T21:23:33
2021-22-10 04:25:16 PM|root|INFO|user_id 25523702|order_id 4957932025|saved 2021-10-22 16:25:16.|sent 2021-10-22T17:21:28|received 2021-10-22T21:23:43
2021-22-10 04:25:16 PM|root|INFO|user_id 25523702|order_id 4957932382|saved 2021-10-22 16:25:16.|sent 2021-10-22T17:22:32|received 2021-10-22T21:24:39
2021-22-10 04:30:10 PM|root|INFO|user_id 160190870|order_id 4957938868|saved 2021-10-22 16:30:10.|sent 2021-10-22T17:28:00|received 2021-10-22T21:29:58
2021-22-10 04:30:10 PM|root|INFO|user_id 160190870|order_id 4957942372|saved 2021-10-22 16:30:10.|sent 2021-10-22T17:28:13|received 2021-10-22T21:29:59
2021-22-10 04:30:16 PM|root|INFO|user_id 25523702|order_id 4957934946|saved 2021-10-22 16:30:16.|sent 2021-10-22T17:25:50|received 2021-10-22T21:28:0
2021-22-10 04:30:16 PM|root|INFO|user_id 25523702|order_id 4957942003|saved 2021-10-22 16:30:16.|sent 2021-10-22T17:27:11|received 2021-10-22T21:29:15
2021-22-10 04:30:16 PM|root|INFO|user_id 25523702|order_id 4957798936|saved 2021-10-22 16:30:16.|sent 2021-10-22T16:19:59|received 2021-10-22T21:30:08
2021-22-10 04:35:08 PM|root|INFO|user_id 160190870|order_id 4957946604|saved 2021-10-22 16:35:08.|sent 2021-10-22T17:30:51|received 2021-10-22T21:33:07
2021-22-10 04:35:08 PM|root|INFO|user_id 160190870|order_id 4957949535|saved 2021-10-22 16:35:08.|sent 2021-10-22T17:31:52|received 2021-10-22T21:33:30
2021-22-10 04:35:08 PM|root|INFO|user_id 160190870|order_id 4957947881|saved 2021-10-22 16:35:08.|sent 2021-10-22T17:33:33|received 2021-10-22T21:34:47
2021-22-10 04:40:08 PM|root|INFO|user_id 160190870|order_id 4957956888|saved 2021-10-22 16:40:08.|sent 2021-10-22T17:38:29|received 2021-10-22T21:39:48
2021-22-10 04:40:15 PM|root|INFO|user_id 25523702|order_id 4957958786|saved 2021-10-22 16:40:15.|sent 2021-10-22T17:38:44|received 2021-10-22T21:40:00
2021-22-10 04:45:08 PM|root|INFO|user_id 160190870|order_id 4957966239|saved 2021-10-22 16:45:08.|sent 2021-10-22T17:39:30|received 2021-10-22T21:42:12
2021-22-10 04:45:08 PM|root|INFO|user_id 160190870|order_id 4957966867|saved 2021-10-22 16:45:08.|sent 2021-10-22T17:41:46|received 2021-10-22T21:44:0
2021-22-10 04:45:08 PM|root|INFO|user_id 160190870|order_id 4957968710|saved 2021-10-22 16:45:08.|sent 2021-10-22T17:41:46|received 2021-10-22T21:44:0
2021-22-10 04:45:08 PM|root|INFO|user_id 160190870|order_id 4957933423|saved 2021-10-22 16:45:08.|sent 2021-10-22T17:23:35|received 2021-10-22T21:44:46
2021-22-10 04:45:08 PM|root|INFO|user_id 160190870|order_id 4957970974|saved 2021-10-22 16:45:08.|sent 2021-10-22T17:43:46|received 2021-10-22T21:44:47
2021-22-10 04:45:15 PM|root|INFO|user_id 25523702|order_id 4957977175|saved 2021-10-22 16:45:15.|sent 2021-10-22T17:44:25|received 2021-10-22T21:44:34
2021-22-10 04:55:08 PM|root|INFO|user_id 160190870|order_id 4957981244|saved 2021-10-22 16:55:08.|sent 2021-10-22T17:47:21|received 2021-10-22T21:49:5
2021-22-10 04:55:08 PM|root|INFO|user_id 160190870|order_id 4957985084|saved 2021-10-22 16:55:08.|sent 2021-10-22T17:47:58|received 2021-10-22T21:49:59
2021-22-10 04:55:08 PM|root|INFO|user_id 160190870|order_id 4957984343|saved 2021-10-22 16:55:08.|sent 2021-10-22T17:49:03|received 2021-10-22T21:51:03
2021-22-10 04:55:08 PM|root|INFO|user_id 160190870|order_id 4957990992|saved 2021-10-22 16:55:08.|sent 2021-10-22T17:53:50|received 2021-10-22T21:53:5
2021-22-10 04:55:14 PM|root|INFO|user_id 25523702|order_id 4957990336|saved 2021-10-22 16:55:14.|sent 2021-10-22T17:51:43|received 2021-10-22T21:53:
2021-22-10 04:55:14 PM|root|INFO|user_id 25523702|order_id 4957994026|saved 2021-10-22 16:55:14.|sent 2021-10-22T17:52:18|received 2021-10-22T21:54:47
2021-22-10 04:55:14 PM|root|INFO|user_id 25523702|order_id 4957990877|saved 2021-10-22 16:55:14.|sent 2021-10-22T17:53:28|received 2021-10-22T21:54:56
2021-22-10 05:00:11 PM|root|INFO|user_id 160190870|order_id 4957996785|saved 2021-10-22 17:00:11.|sent 2021-10-22T17:56:14|received 2021-10-22T21:58:17
2021-22-10 05:00:11 PM|root|INFO|user_id 160190870|order_id 4957998772|saved 2021-10-22 17:00:11.|sent 2021-10-22T17:57:12|received 2021-10-22T21:59:20
2021-22-10 05:00:17 PM|root|INFO|user_id 25523702|order_id 4958001220|saved 2021-10-22 17:00:17.|sent 2021-10-22T17:56:39|received 2021-10-22T22:00:07
2021-22-10 05:00:17 PM|root|INFO|user_id 25523702|order_id 4958005091|saved 2021-10-22 17:00:17.|sent 2021-10-22T17:58:03|received 2021-10-22T21:59:32
2021-22-10 05:05:08 PM|root|INFO|user_id 160190870|order_id 4958006707|saved 2021-10-22 17:05:08.|sent 2021-10-22T18:00:59|received 2021-10-22T22:03:07
2021-22-10 05:05:08 PM|root|INFO|user_id 160190870|order_id 4958010841|saved 2021-10-22 17:05:08.|sent 2021-10-22T18:02:22|received 2021-10-22T22:04:01
2021-22-10 05:05:08 PM|root|INFO|user_id 160190870|order_id 4958009629|saved 2021-10-22 17:05:08.|sent 2021-10-22T18:02:46|received 2021-10-22T22:04:54
2021-22-10 05:05:14 PM|root|INFO|user_id 25523702|order_id 4958006505|saved 2021-10-22 17:05:14.|sent 2021-10-22T18:00:21|received 2021-10-22T22:02:26
2021-22-10 05:05:15 PM|root|INFO|user_id 25523702|order_id 4958012379|saved 2021-10-22 17:05:15.|sent 2021-10-22T18:01:49|received 2021-10-22T22:03:43
2021-22-10 05:05:15 PM|root|INFO|user_id 25523702|order_id 4958012940|saved 2021-10-22 17:05:15.|sent 2021-10-22T18:03:30|received 2021-10-22T22:04:36
2021-22-10 05:10:08 PM|root|INFO|user_id 160190870|order_id 4958024362|saved 2021-10-22 17:10:08.|sent 2021-10-22T18:09:01|received 2021-10-22T22:09:07
2021-22-10 05:10:14 PM|root|INFO|user_id 25523702|order_id 4958026010|saved 2021-10-22 17:10:14.|sent 2021-10-22T18:08:48|received 2021-10-22T22:08:55
2021-22-10 05:10:14 PM|root|INFO|user_id 25523702|order_id 4958029080|saved 2021-10-22 17:10:14.|sent 2021-10-22T18:09:33|received 2021-10-22T22:09:39
2021-22-10 05:15:14 PM|root|INFO|user_id 25523702|order_id 4957537635|saved 2021-10-22 17:15:14.|sent 2021-10-22T14:23:31|received 2021-10-22T22:14:04
2021-22-10 05:15:14 PM|root|INFO|user_id 25523702|order_id 4958039074|saved 2021-10-22 17:15:14.|sent 2021-10-22T18:14:54|received 2021-10-22T22:15:05
2021-22-10 05:20:09 PM|root|INFO|user_id 160190870|order_id 4958038592|saved 2021-10-22 17:20:09.|sent 2021-10-22T18:15:36|received 2021-10-22T22:17:46
2021-22-10 05:20:09 PM|root|INFO|user_id 160190870|order_id 4958039935|saved 2021-10-22 17:20:09.|sent 2021-10-22T18:17:23|received 2021-10-22T22:19:18
2021-22-10 05:20:15 PM|root|INFO|user_id 25523702|order_id 4958043029|saved 2021-10-22 17:20:15.|sent 2021-10-22T18:16:51|received 2021-10-22T22:18:41
2021-22-10 05:20:15 PM|root|INFO|user_id 25523702|order_id 4958041872|saved 2021-10-22 17:20:15.|sent 2021-10-22T18:18:14|received 2021-10-22T22:20:0
2021-22-10 05:20:15 PM|root|INFO|user_id 25523702|order_id 4958004303|saved 2021-10-22 17:20:15.|sent 2021-10-22T17:57:57|received 2021-10-22T22:20:05
2021-22-10 05:20:15 PM|root|INFO|user_id 25523702|order_id 4958044573|saved 2021-10-22 17:20:15.|sent 2021-10-22T18:19:19|received 2021-10-22T22:19:28
2021-22-10 05:25:08 PM|root|INFO|user_id 160190870|order_id 4958054056|saved 2021-10-22 17:25:08.|sent 2021-10-22T18:22:43|received 2021-10-22T22:24:58
2021-22-10 05:25:08 PM|root|INFO|user_id 160190870|order_id 4958055347|saved 2021-10-22 17:25:08.|sent 2021-10-22T18:23:54|received 2021-10-22T22:24:04
2021-22-10 05:25:14 PM|root|INFO|user_id 25523702|order_id 4958051202|saved 2021-10-22 17:25:14.|sent 2021-10-22T18:21:16|received 2021-10-22T22:22:53
2021-22-10 05:30:08 PM|root|INFO|user_id 160190870|order_id 4958069049|saved 2021-10-22 17:30:08.|sent 2021-10-22T18:29:45|received 2021-10-22T22:29:51
2021-22-10 05:30:14 PM|root|INFO|user_id 25523702|order_id 4958059367|saved 2021-10-22 17:30:14.|sent 2021-10-22T18:25:36|received 2021-10-22T22:27:26
2021-22-10 05:35:08 PM|root|INFO|user_id 160190870|order_id 4958064507|saved 2021-10-22 17:35:08.|sent 2021-10-22T18:29:06|received 2021-10-22T22:32:
2021-22-10 05:35:08 PM|root|INFO|user_id 160190870|order_id 4958076357|saved 2021-10-22 17:35:08.|sent 2021-10-22T18:33:37|received 2021-10-22T22:34:56
2021-22-10 05:35:14 PM|root|INFO|user_id 25523702|order_id 4958068793|saved 2021-10-22 17:35:14.|sent 2021-10-22T18:31:47|received 2021-10-22T22:34:04
2021-22-10 05:40:19 PM|root|INFO|user_id 160190870|order_id 4958074949|saved 2021-10-22 17:40:19.|sent 2021-10-22T18:35:49|received 2021-10-22T22:38:26
2021-22-10 05:40:35 PM|root|INFO|user_id 25523702|order_id 4958080564|saved 2021-10-22 17:40:35.|sent 2021-10-22T18:37:02|received 2021-10-22T22:39:05
2021-22-10 05:45:07 PM|root|INFO|user_id 160190870|order_id 4958097047|saved 2021-10-22 17:45:07.|sent 2021-10-22T18:43:56|received 2021-10-22T22:44:02
2021-22-10 05:45:14 PM|root|INFO|user_id 25523702|order_id 4958092320|saved 2021-10-22 17:45:14.|sent 2021-10-22T18:42:17|received 2021-10-22T22:44:10
2021-22-10 05:50:13 PM|root|INFO|user_id 25523702|order_id 4958099987|saved 2021-10-22 17:50:13.|sent 2021-10-22T18:49:00|received 2021-10-22T22:50:05
2021-22-10 05:50:13 PM|root|INFO|user_id 25523702|order_id 4958107158|saved 2021-10-22 17:50:13.|sent 2021-10-22T18:49:00|received 2021-10-22T22:50:05
2021-22-10 05:55:08 PM|root|INFO|user_id 160190870|order_id 4956684958|saved 2021-10-22 17:55:08.|sent 2021-10-22T07:57:37|received 2021-10-22T22:54:51
2021-22-10 05:55:14 PM|root|INFO|user_id 25523702|order_id 4958107793|saved 2021-10-22 17:55:14.|sent 2021-10-22T18:51:44|received 2021-10-22T22:54:3
2021-22-10 05:55:14 PM|root|INFO|user_id 25523702|order_id 4958117166|saved 2021-10-22 17:55:14.|sent 2021-10-22T18:54:05|received 2021-10-22T22:54:12
2021-22-10 06:05:08 PM|root|INFO|user_id 160190870|order_id 4958057237|saved 2021-10-22 18:05:08.|sent 2021-10-22T18:24:09|received 2021-10-22T23:03:48
2021-22-10 06:05:08 PM|root|INFO|user_id 160190870|order_id 4958135607|saved 2021-10-22 18:05:08.|sent 2021-10-22T19:04:41|received 2021-10-22T23:04:49
2021-22-10 06:05:14 PM|root|INFO|user_id 25523702|order_id 4958115886|saved 2021-10-22 18:05:14.|sent 2021-10-22T18:55:26|received 2021-10-22T22:56:53
2021-22-10 06:05:14 PM|root|INFO|user_id 25523702|order_id 4958123317|saved 2021-10-22 18:05:14.|sent 2021-10-22T18:57:41|received 2021-10-22T23:00:07
2021-22-10 06:05:14 PM|root|INFO|user_id 25523702|order_id 4958131776|saved 2021-10-22 18:05:14.|sent 2021-10-22T19:02:41|received 2021-10-22T23:04:4
2021-22-10 06:10:08 PM|root|INFO|user_id 160190870|order_id 4958144079|saved 2021-10-22 18:10:08.|sent 2021-10-22T19:07:12|received 2021-10-22T23:09:10
2021-22-10 06:10:08 PM|root|INFO|user_id 160190870|order_id 4958142676|saved 2021-10-22 18:10:08.|sent 2021-10-22T19:08:39|received 2021-10-22T23:08:46
2021-22-10 06:15:09 PM|root|INFO|user_id 160190870|order_id 4958154475|saved 2021-10-22 18:15:09.|sent 2021-10-22T19:13:36|received 2021-10-22T23:14:54
2021-22-10 06:15:15 PM|root|INFO|user_id 25523702|order_id 4958153750|saved 2021-10-22 18:15:15.|sent 2021-10-22T19:14:02|received 2021-10-22T23:14:09
2021-22-10 06:20:08 PM|root|INFO|user_id 160190870|order_id 4958157601|saved 2021-10-22 18:20:08.|sent 2021-10-22T19:16:13|received 2021-10-22T23:19:13
2021-22-10 06:20:08 PM|root|INFO|user_id 160190870|order_id 4958159485|saved 2021-10-22 18:20:08.|sent 2021-10-22T19:16:41|received 2021-10-22T23:18:33
2021-22-10 06:20:14 PM|root|INFO|user_id 25523702|order_id 4956190273|saved 2021-10-22 18:20:14.|sent 2021-10-21T21:45:47|received 2021-10-22T23:18:13
2021-22-10 06:25:09 PM|root|INFO|user_id 160190870|order_id 4958170026|saved 2021-10-22 18:25:09.|sent 2021-10-22T19:20:35|received 2021-10-22T23:23:3
2021-22-10 06:25:15 PM|root|INFO|user_id 25523702|order_id 4958166610|saved 2021-10-22 18:25:15.|sent 2021-10-22T19:20:14|received 2021-10-22T23:22:58
2021-22-10 06:25:15 PM|root|INFO|user_id 25523702|order_id 4958167756|saved 2021-10-22 18:25:15.|sent 2021-10-22T19:21:19|received 2021-10-22T23:24:12
2021-22-10 06:30:09 PM|root|INFO|user_id 160190870|order_id 4958180642|saved 2021-10-22 18:30:09.|sent 2021-10-22T19:27:09|received 2021-10-22T23:29:21
2021-22-10 06:30:09 PM|root|INFO|user_id 160190870|order_id 4958178892|saved 2021-10-22 18:30:09.|sent 2021-10-22T19:27:19|received 2021-10-22T23:29:20
2021-22-10 06:35:11 PM|root|INFO|user_id 160190870|order_id 4958194073|saved 2021-10-22 18:35:11.|sent 2021-10-22T19:33:17|received 2021-10-22T23:34:58
2021-22-10 06:35:20 PM|root|INFO|user_id 25523702|order_id 4958189276|saved 2021-10-22 18:35:20.|sent 2021-10-22T19:30:50|received 2021-10-22T23:35:02
2021-22-10 06:40:18 PM|root|INFO|user_id 25523702|order_id 4958193892|saved 2021-10-22 18:40:18.|sent 2021-10-22T19:35:26|received 2021-10-22T23:37:28
2021-22-10 06:40:19 PM|root|INFO|user_id 25523702|order_id 4958193679|saved 2021-10-22 18:40:19.|sent 2021-10-22T19:34:49|received 2021-10-22T23:38:51
2021-22-10 06:40:19 PM|root|INFO|user_id 25523702|order_id 4958196939|saved 2021-10-22 18:40:19.|sent 2021-10-22T19:37:52|received 2021-10-22T23:39:57
2021-22-10 06:40:19 PM|root|INFO|user_id 25523702|order_id 4957926905|saved 2021-10-22 18:40:19.|sent 2021-10-22T17:22:03|received 2021-10-22T23:38:00
2021-22-10 06:45:10 PM|root|INFO|user_id 160190870|order_id 4957381148|saved 2021-10-22 18:45:10.|sent 2021-10-22T13:19:16|received 2021-10-22T23:40:07
2021-22-10 06:45:10 PM|root|INFO|user_id 160190870|order_id 4956972446|saved 2021-10-22 18:45:10.|sent 2021-10-22T10:49:17|received 2021-10-22T23:41:39
2021-22-10 06:45:10 PM|root|INFO|user_id 160190870|order_id 4956969954|saved 2021-10-22 18:45:10.|sent 2021-10-22T10:50:28|received 2021-10-22T23:42:58
2021-22-10 06:45:10 PM|root|INFO|user_id 160190870|order_id 4958210228|saved 2021-10-22 18:45:10.|sent 2021-10-22T19:41:27|received 2021-10-22T23:44:21
2021-22-10 06:45:10 PM|root|INFO|user_id 160190870|order_id 4958214110|saved 2021-10-22 18:45:10.|sent 2021-10-22T19:43:20|received 2021-10-22T23:44:57
2021-22-10 06:45:10 PM|root|INFO|user_id 160190870|order_id 4956978373|saved 2021-10-22 18:45:10.|sent 2021-10-22T10:51:18|received 2021-10-22T23:44:57
2021-22-10 06:45:18 PM|root|INFO|user_id 25523702|order_id 4958208061|saved 2021-10-22 18:45:18.|sent 2021-10-22T19:40:04|received 2021-10-22T23:44:41
2021-22-10 06:45:19 PM|root|INFO|user_id 25523702|order_id 4958212593|saved 2021-10-22 18:45:19.|sent 2021-10-22T19:43:48|received 2021-10-22T23:45:05
2021-22-10 06:50:10 PM|root|INFO|user_id 160190870|order_id 4958216914|saved 2021-10-22 18:50:10.|sent 2021-10-22T19:46:29|received 2021-10-22T23:49:06
2021-22-10 06:50:10 PM|root|INFO|user_id 160190870|order_id 4956979827|saved 2021-10-22 18:50:10.|sent 2021-10-22T10:52:52|received 2021-10-22T23:49:39
2021-22-10 06:50:17 PM|root|INFO|user_id 25523702|order_id 4957316922|saved 2021-10-22 18:50:17.|sent 2021-10-22T12:54:52|received 2021-10-22T23:47:5
2021-22-10 06:50:18 PM|root|INFO|user_id 25523702|order_id 4958215480|saved 2021-10-22 18:50:18.|sent 2021-10-22T19:45:41|received 2021-10-22T23:48:16
2021-22-10 06:50:18 PM|root|INFO|user_id 25523702|order_id 4958221202|saved 2021-10-22 18:50:18.|sent 2021-10-22T19:47:20|received 2021-10-22T23:49:02
2021-22-10 06:50:18 PM|root|INFO|user_id 25523702|order_id 4958213864|saved 2021-10-22 18:50:18.|sent 2021-10-22T19:46:39|received 2021-10-22T23:49:37
2021-22-10 06:55:11 PM|root|INFO|user_id 160190870|order_id 4958223459|saved 2021-10-22 18:55:11.|sent 2021-10-22T19:49:37|received 2021-10-22T23:52:19
2021-22-10 06:55:11 PM|root|INFO|user_id 160190870|order_id 4958225705|saved 2021-10-22 18:55:11.|sent 2021-10-22T19:50:22|received 2021-10-22T23:52:1
2021-22-10 06:55:19 PM|root|INFO|user_id 25523702|order_id 4958228771|saved 2021-10-22 18:55:19.|sent 2021-10-22T19:52:06|received 2021-10-22T23:54:44
2021-22-10 06:55:20 PM|root|INFO|user_id 25523702|order_id 4958231030|saved 2021-10-22 18:55:20.|sent 2021-10-22T19:51:52|received 2021-10-22T23:55:09
2021-22-10 06:55:20 PM|root|INFO|user_id 25523702|order_id 4958230642|saved 2021-10-22 18:55:20.|sent 2021-10-22T19:53:15|received 2021-10-22T23:54:59
2021-22-10 07:05:01 PM|root|INFO|user_id 160190870|order_id 4958245561|saved 2021-10-22 19:05:01.|sent 2021-10-22T20:00:28|received 2021-10-23T00:02:33
2021-22-10 07:10:02 PM|root|INFO|user_id 160190870|order_id 4958262071|saved 2021-10-22 19:10:02.|sent 2021-10-22T20:07:51|received 2021-10-23T00:09:35
2021-22-10 07:10:02 PM|root|INFO|user_id 25523702|order_id 4958257344|saved 2021-10-22 19:10:02.|sent 2021-10-22T20:06:20|received 2021-10-23T00:08:3
2021-22-10 07:10:02 PM|root|INFO|user_id 25523702|order_id 4958254807|saved 2021-10-22 19:10:02.|sent 2021-10-22T20:06:30|received 2021-10-23T00:08:27
2021-22-10 07:10:02 PM|root|INFO|user_id 25523702|order_id 4958258457|saved 2021-10-22 19:10:02.|sent 2021-10-22T20:07:57|received 2021-10-23T00:09:56
2021-22-10 07:15:02 PM|root|INFO|user_id 160190870|order_id 4958266141|saved 2021-10-22 19:15:02.|sent 2021-10-22T20:11:36|received 2021-10-23T00:14:11
2021-22-10 07:15:02 PM|root|INFO|user_id 160190870|order_id 4958264340|saved 2021-10-22 19:15:02.|sent 2021-10-22T20:09:22|received 2021-10-23T00:13:59
2021-22-10 07:15:02 PM|root|INFO|user_id 160190870|order_id 4958270591|saved 2021-10-22 19:15:02.|sent 2021-10-22T20:14:44|received 2021-10-23T00:14:50
2021-22-10 07:15:03 PM|root|INFO|user_id 25523702|order_id 4958268682|saved 2021-10-22 19:15:03.|sent 2021-10-22T20:13:45|received 2021-10-23T00:13:54
2021-22-10 07:15:04 PM|root|INFO|user_id 25523702|order_id 4958270592|saved 2021-10-22 19:15:04.|sent 2021-10-22T20:14:44|received 2021-10-23T00:14:5
2021-22-10 07:20:02 PM|root|INFO|user_id 160190870|order_id 4958281202|saved 2021-10-22 19:20:02.|sent 2021-10-22T20:18:45|received 2021-10-23T00:18:53
2021-22-10 07:20:03 PM|root|INFO|user_id 25523702|order_id 4958266819|saved 2021-10-22 19:20:03.|sent 2021-10-22T20:14:43|received 2021-10-23T00:17:02
2021-22-10 07:20:04 PM|root|INFO|user_id 25523702|order_id 4958278869|saved 2021-10-22 19:20:04.|sent 2021-10-22T20:19:32|received 2021-10-23T00:19:39
2021-22-10 07:25:05 PM|root|INFO|user_id 160190870|order_id 4958277797|saved 2021-10-22 19:25:05.|sent 2021-10-22T20:20:30|received 2021-10-23T00:22:30
2021-22-10 07:25:05 PM|root|INFO|user_id 160190870|order_id 4958284856|saved 2021-10-22 19:25:05.|sent 2021-10-22T20:24:36|received 2021-10-23T00:24:42
2021-22-10 07:30:11 PM|root|INFO|user_id 25523702|order_id 4958297155|saved 2021-10-22 19:30:11.|sent 2021-10-22T20:26:52|received 2021-10-23T00:28:49
2021-22-10 07:30:11 PM|root|INFO|user_id 25523702|order_id 4958294512|saved 2021-10-22 19:30:11.|sent 2021-10-22T20:27:29|received 2021-10-23T00:29:29
2021-22-10 07:30:12 PM|root|INFO|user_id 25523702|order_id 4958297535|saved 2021-10-22 19:30:12.|sent 2021-10-22T20:28:05|received 2021-10-23T00:30:04
2021-22-10 07:30:12 PM|root|INFO|user_id 25523702|order_id 4958297642|saved 2021-10-22 19:30:12.|sent 2021-10-22T20:28:24|received 2021-10-23T00:30:05
2021-22-10 07:30:14 PM|root|INFO|user_id 25523702|order_id 4958299439|saved 2021-10-22 19:30:14.|sent 2021-10-22T20:29:12|received 2021-10-23T00:30:04
2021-22-10 07:35:03 PM|root|INFO|user_id 160190870|order_id 4958302320|saved 2021-10-22 19:35:03.|sent 2021-10-22T20:31:34|received 2021-10-23T00:34:57
2021-22-10 07:40:04 PM|root|INFO|user_id 160190870|order_id 4958311902|saved 2021-10-22 19:40:04.|sent 2021-10-22T20:37:48|received 2021-10-23T00:39:3
2021-22-10 07:40:05 PM|root|INFO|user_id 160190870|order_id 4958315345|saved 2021-10-22 19:40:05.|sent 2021-10-22T20:38:19|received 2021-10-23T00:39:
2021-22-10 07:40:05 PM|root|INFO|user_id 160190870|order_id 4958318241|saved 2021-10-22 19:40:05.|sent 2021-10-22T20:38:50|received 2021-10-23T00:38:58
2021-22-10 07:40:10 PM|root|INFO|user_id 25523702|order_id 4958309604|saved 2021-10-22 19:40:10.|sent 2021-10-22T20:36:02|received 2021-10-23T00:38:0
2021-22-10 07:50:04 PM|root|INFO|user_id 160190870|order_id 4958328229|saved 2021-10-22 19:50:04.|sent 2021-10-22T20:45:29|received 2021-10-23T00:47:2
2021-22-10 07:50:04 PM|root|INFO|user_id 160190870|order_id 4958331464|saved 2021-10-22 19:50:04.|sent 2021-10-22T20:47:22|received 2021-10-23T00:49:01
2021-22-10 07:50:06 PM|root|INFO|user_id 25523702|order_id 4958331137|saved 2021-10-22 19:50:06.|sent 2021-10-22T20:45:49|received 2021-10-23T00:47:54
2021-22-10 07:50:06 PM|root|INFO|user_id 25523702|order_id 4958334146|saved 2021-10-22 19:50:06.|sent 2021-10-22T20:47:59|received 2021-10-23T00:50:02
2021-22-10 07:55:07 PM|root|INFO|user_id 160190870|order_id 4958337628|saved 2021-10-22 19:55:07.|sent 2021-10-22T20:51:42|received 2021-10-23T00:53:35
2021-22-10 07:55:07 PM|root|INFO|user_id 160190870|order_id 4958338721|saved 2021-10-22 19:55:07.|sent 2021-10-22T20:53:18|received 2021-10-23T00:54:56
2021-22-10 07:55:07 PM|root|INFO|user_id 160190870|order_id 4958339841|saved 2021-10-22 19:55:07.|sent 2021-10-22T20:53:56|received 2021-10-23T00:54:37
2021-22-10 07:55:23 PM|root|INFO|user_id 25523702|order_id 4958342668|saved 2021-10-22 19:55:23.|sent 2021-10-22T20:54:58|received 2021-10-23T00:55:05
2021-22-10 08:10:05 PM|root|INFO|user_id 160190870|order_id 4958369249|saved 2021-10-22 20:10:05.|sent 2021-10-22T21:07:53|received 2021-10-23T01:09:42
2021-22-10 08:15:08 PM|root|INFO|user_id 160190870|order_id 4958369868|saved 2021-10-22 20:15:08.|sent 2021-10-22T21:10:07|received 2021-10-23T01:12:04
2021-22-10 08:15:08 PM|root|INFO|user_id 160190870|order_id 4958372483|saved 2021-10-22 20:15:08.|sent 2021-10-22T21:11:19|received 2021-10-23T01:13:22
2021-22-10 08:15:08 PM|root|INFO|user_id 160190870|order_id 4958375635|saved 2021-10-22 20:15:08.|sent 2021-10-22T21:12:53|received 2021-10-23T01:14:31
2021-22-10 08:15:14 PM|root|INFO|user_id 25523702|order_id 4958269826|saved 2021-10-22 20:15:14.|sent 2021-10-22T20:14:15|received 2021-10-23T01:14:34
2021-22-10 08:20:07 PM|root|INFO|user_id 160190870|order_id 4958382038|saved 2021-10-22 20:20:07.|sent 2021-10-22T21:15:09|received 2021-10-23T01:17:14
2021-22-10 08:20:09 PM|root|INFO|user_id 25523702|order_id 4958379711|saved 2021-10-22 20:20:09.|sent 2021-10-22T21:16:03|received 2021-10-23T01:19:04
2021-22-10 08:20:09 PM|root|INFO|user_id 25523702|order_id 4958382113|saved 2021-10-22 20:20:09.|sent 2021-10-22T21:15:28|received 2021-10-23T01:18:36
2021-22-10 08:20:09 PM|root|INFO|user_id 25523702|order_id 4958383635|saved 2021-10-22 20:20:09.|sent 2021-10-22T21:17:43|received 2021-10-23T01:19:44
2021-22-10 08:20:10 PM|root|INFO|user_id 25523702|order_id 4958383436|saved 2021-10-22 20:20:10.|sent 2021-10-22T21:17:01|received 2021-10-23T01:20:02
2021-22-10 08:25:04 PM|root|INFO|user_id 160190870|order_id 4958391179|saved 2021-10-22 20:25:04.|sent 2021-10-22T21:21:13|received 2021-10-23T01:24:05
2021-22-10 08:25:04 PM|root|INFO|user_id 160190870|order_id 4958387954|saved 2021-10-22 20:25:04.|sent 2021-10-22T21:21:29|received 2021-10-23T01:23:2
2021-22-10 08:25:05 PM|root|INFO|user_id 160190870|order_id 4958393167|saved 2021-10-22 20:25:05.|sent 2021-10-22T21:22:18|received 2021-10-23T01:24:15
2021-22-10 08:25:07 PM|root|INFO|user_id 25523702|order_id 4958385918|saved 2021-10-22 20:25:07.|sent 2021-10-22T21:20:25|received 2021-10-23T01:24:44
2021-22-10 08:25:07 PM|root|INFO|user_id 25523702|order_id 4958396324|saved 2021-10-22 20:25:07.|sent 2021-10-22T21:24:35|received 2021-10-23T01:24:4
2021-22-10 08:30:10 PM|root|INFO|user_id 160190870|order_id 4958393927|saved 2021-10-22 20:30:10.|sent 2021-10-22T21:25:00|received 2021-10-23T01:27:07
2021-22-10 08:30:10 PM|root|INFO|user_id 160190870|order_id 4958397876|saved 2021-10-22 20:30:10.|sent 2021-10-22T21:27:28|received 2021-10-23T01:29:54
2021-22-10 08:30:10 PM|root|INFO|user_id 160190870|order_id 4958399805|saved 2021-10-22 20:30:10.|sent 2021-10-22T21:28:01|received 2021-10-23T01:29:53
2021-22-10 08:30:15 PM|root|INFO|user_id 25523702|order_id 4958395483|saved 2021-10-22 20:30:15.|sent 2021-10-22T21:24:24|received 2021-10-23T01:28:20
2021-22-10 08:35:19 PM|root|INFO|user_id 25523702|order_id 4958409113|saved 2021-10-22 20:35:19.|sent 2021-10-22T21:31:08|received 2021-10-23T01:33:32
2021-22-10 08:35:20 PM|root|INFO|user_id 25523702|order_id 4958407606|saved 2021-10-22 20:35:20.|sent 2021-10-22T21:33:25|received 2021-10-23T01:35:06
2021-22-10 08:40:07 PM|root|INFO|user_id 160190870|order_id 4958416336|saved 2021-10-22 20:40:07.|sent 2021-10-22T21:37:05|received 2021-10-23T01:39:29
2021-22-10 08:40:12 PM|root|INFO|user_id 25523702|order_id 4958412650|saved 2021-10-22 20:40:12.|sent 2021-10-22T21:35:36|received 2021-10-23T01:37:29
2021-22-10 08:40:13 PM|root|INFO|user_id 25523702|order_id 4958413552|saved 2021-10-22 20:40:13.|sent 2021-10-22T21:35:53|received 2021-10-23T01:37:55
2021-22-10 08:45:09 PM|root|INFO|user_id 25523702|order_id 4958423480|saved 2021-10-22 20:45:09.|sent 2021-10-22T21:41:44|received 2021-10-23T01:43:50
2021-22-10 08:50:34 PM|root|INFO|user_id 25523702|order_id 4958430570|saved 2021-10-22 20:50:34.|sent 2021-10-22T21:45:51|received 2021-10-23T01:47:54
2021-22-10 08:50:34 PM|root|INFO|user_id 25523702|order_id 4958430819|saved 2021-10-22 20:50:34.|sent 2021-10-22T21:46:49|received 2021-10-23T01:48:48
2021-22-10 08:50:34 PM|root|INFO|user_id 25523702|order_id 4958437025|saved 2021-10-22 20:50:34.|sent 2021-10-22T21:48:06|received 2021-10-23T01:50:03
2021-22-10 09:00:10 PM|root|INFO|user_id 160190870|order_id 4958448463|saved 2021-10-22 21:00:10.|sent 2021-10-22T21:57:16|received 2021-10-23T01:59:34
2021-22-10 09:00:14 PM|root|INFO|user_id 25523702|order_id 4958446382|saved 2021-10-22 21:00:14.|sent 2021-10-22T21:55:21|received 2021-10-23T01:57:26
2021-22-10 09:00:15 PM|root|INFO|user_id 25523702|order_id 4958447738|saved 2021-10-22 21:00:15.|sent 2021-10-22T21:57:58|received 2021-10-23T02:00:05
2021-22-10 09:05:06 PM|root|INFO|user_id 160190870|order_id 4958453310|saved 2021-10-22 21:05:06.|sent 2021-10-22T22:00:30|received 2021-10-23T02:03:44
2021-22-10 09:05:06 PM|root|INFO|user_id 160190870|order_id 4958456366|saved 2021-10-22 21:05:06.|sent 2021-10-22T22:02:57|received 2021-10-23T02:04:59
2021-22-10 09:05:10 PM|root|INFO|user_id 25523702|order_id 4958462009|saved 2021-10-22 21:05:10.|sent 2021-10-22T22:04:41|received 2021-10-23T02:04:47
2021-22-10 09:05:10 PM|root|INFO|user_id 25523702|order_id 4958461374|saved 2021-10-22 21:05:10.|sent 2021-10-22T22:04:59|received 2021-10-23T02:05:04
2021-22-10 09:10:14 PM|root|INFO|user_id 160190870|order_id 4958458825|saved 2021-10-22 21:10:14.|sent 2021-10-22T22:05:01|received 2021-10-23T02:07:14
2021-22-10 09:10:14 PM|root|INFO|user_id 160190870|order_id 4958463769|saved 2021-10-22 21:10:14.|sent 2021-10-22T22:08:44|received 2021-10-23T02:08:52
2021-22-10 09:10:20 PM|root|INFO|user_id 25523702|order_id 4958467073|saved 2021-10-22 21:10:20.|sent 2021-10-22T22:08:05|received 2021-10-23T02:10:05
2021-22-10 09:20:06 PM|root|INFO|user_id 160190870|order_id 4958477032|saved 2021-10-22 21:20:06.|sent 2021-10-22T22:15:01|received 2021-10-23T02:16:56
2021-22-10 09:20:06 PM|root|INFO|user_id 160190870|order_id 4958480046|saved 2021-10-22 21:20:06.|sent 2021-10-22T22:16:58|received 2021-10-23T02:19:09
2021-22-10 09:20:14 PM|root|INFO|user_id 25523702|order_id 4958477144|saved 2021-10-22 21:20:14.|sent 2021-10-22T22:15:30|received 2021-10-23T02:17:26
2021-22-10 09:20:14 PM|root|INFO|user_id 25523702|order_id 4958480497|saved 2021-10-22 21:20:14.|sent 2021-10-22T22:18:59|received 2021-10-23T02:20:0
2021-22-10 09:20:14 PM|root|INFO|user_id 25523702|order_id 4958475911|saved 2021-10-22 21:20:14.|sent 2021-10-22T22:19:00|received 2021-10-23T02:19:07
2021-22-10 09:20:15 PM|root|INFO|user_id 25523702|order_id 4958481041|saved 2021-10-22 21:20:15.|sent 2021-10-22T22:19:00|received 2021-10-23T02:19:08
2021-22-10 09:25:06 PM|root|INFO|user_id 160190870|order_id 4958481436|saved 2021-10-22 21:25:06.|sent 2021-10-22T22:21:11|received 2021-10-23T02:23:57
2021-22-10 09:25:06 PM|root|INFO|user_id 160190870|order_id 4958484480|saved 2021-10-22 21:25:06.|sent 2021-10-22T22:22:11|received 2021-10-23T02:24:44
2021-22-10 09:25:06 PM|root|INFO|user_id 160190870|order_id 4958485705|saved 2021-10-22 21:25:06.|sent 2021-10-22T22:24:15|received 2021-10-23T02:24:24
2021-22-10 09:25:06 PM|root|INFO|user_id 160190870|order_id 4958487450|saved 2021-10-22 21:25:06.|sent 2021-10-22T22:24:41|received 2021-10-23T02:24:47
2021-22-10 09:30:08 PM|root|INFO|user_id 160190870|order_id 4958481980|saved 2021-10-22 21:30:08.|sent 2021-10-22T22:24:48|received 2021-10-23T02:27:59
2021-22-10 09:30:08 PM|root|INFO|user_id 160190870|order_id 4958489338|saved 2021-10-22 21:30:08.|sent 2021-10-22T22:25:58|received 2021-10-23T02:27:58
2021-22-10 09:30:08 PM|root|INFO|user_id 160190870|order_id 4958488970|saved 2021-10-22 21:30:08.|sent 2021-10-22T22:28:15|received 2021-10-23T02:29:5
2021-22-10 09:30:09 PM|root|INFO|user_id 160190870|order_id 4958493653|saved 2021-10-22 21:30:09.|sent 2021-10-22T22:29:13|received 2021-10-23T02:29:22
2021-22-10 09:30:09 PM|root|INFO|user_id 160190870|order_id 4958491608|saved 2021-10-22 21:30:09.|sent 2021-10-22T22:29:19|received 2021-10-23T02:29:25
2021-22-10 09:30:14 PM|root|INFO|user_id 25523702|order_id 4958455477|saved 2021-10-22 21:30:14.|sent 2021-10-22T22:01:20|received 2021-10-23T02:28:23
2021-22-10 09:35:08 PM|root|INFO|user_id 160190870|order_id 4958490920|saved 2021-10-22 21:35:08.|sent 2021-10-22T22:30:47|received 2021-10-23T02:33:19
2021-22-10 09:40:16 PM|root|INFO|user_id 25523702|order_id 4958504262|saved 2021-10-22 21:40:16.|sent 2021-10-22T22:36:25|received 2021-10-23T02:39:07
2021-22-10 09:40:17 PM|root|INFO|user_id 25523702|order_id 4958502639|saved 2021-10-22 21:40:17.|sent 2021-10-22T22:37:00|received 2021-10-23T02:39:52
2021-22-10 09:45:10 PM|root|INFO|user_id 160190870|order_id 4958511080|saved 2021-10-22 21:45:10.|sent 2021-10-22T22:41:12|received 2021-10-23T02:43:11
2021-22-10 09:45:10 PM|root|INFO|user_id 160190870|order_id 4958509804|saved 2021-10-22 21:45:10.|sent 2021-10-22T22:42:55|received 2021-10-23T02:44:58
2021-22-10 09:45:10 PM|root|INFO|user_id 160190870|order_id 4958511334|saved 2021-10-22 21:45:10.|sent 2021-10-22T22:42:52|received 2021-10-23T02:44:50
2021-22-10 09:45:10 PM|root|INFO|user_id 160190870|order_id 4958507673|saved 2021-10-22 21:45:10.|sent 2021-10-22T22:42:52|received 2021-10-23T02:44:50
2021-22-10 09:45:10 PM|root|INFO|user_id 160190870|order_id 4958510592|saved 2021-10-22 21:45:10.|sent 2021-10-22T22:43:18|received 2021-10-23T02:45:00
2021-22-10 09:50:11 PM|root|INFO|user_id 160190870|order_id 4958517256|saved 2021-10-22 21:50:11.|sent 2021-10-22T22:46:45|received 2021-10-23T02:48:3
2021-22-10 09:50:12 PM|root|INFO|user_id 160190870|order_id 4958517569|saved 2021-10-22 21:50:12.|sent 2021-10-22T22:48:21|received 2021-10-23T02:50:01
2021-22-10 09:50:12 PM|root|INFO|user_id 160190870|order_id 4958517687|saved 2021-10-22 21:50:12.|sent 2021-10-22T22:49:04|received 2021-10-23T02:49:11
2021-22-10 09:50:32 PM|root|INFO|user_id 25523702|order_id 4958514353|saved 2021-10-22 21:50:32.|sent 2021-10-22T22:45:40|received 2021-10-23T02:47:3
2021-22-10 09:50:32 PM|root|INFO|user_id 25523702|order_id 4958518091|saved 2021-10-22 21:50:32.|sent 2021-10-22T22:46:29|received 2021-10-23T02:48:11
2021-22-10 09:50:32 PM|root|INFO|user_id 25523702|order_id 4958517465|saved 2021-10-22 21:50:32.|sent 2021-10-22T22:47:49|received 2021-10-23T02:49:49
2021-22-10 09:55:12 PM|root|INFO|user_id 160190870|order_id 4958523624|saved 2021-10-22 21:55:12.|sent 2021-10-22T22:53:55|received 2021-10-23T02:54:03
2021-22-10 10:00:11 PM|root|INFO|user_id 160190870|order_id 4958527416|saved 2021-10-22 22:00:11.|sent 2021-10-22T22:56:47|received 2021-10-23T02:58:56
2021-22-10 10:00:11 PM|root|INFO|user_id 160190870|order_id 4958527414|saved 2021-10-22 22:00:11.|sent 2021-10-22T22:56:46|received 2021-10-23T02:59:26
2021-22-10 10:05:08 PM|root|INFO|user_id 160190870|order_id 4958530953|saved 2021-10-22 22:05:08.|sent 2021-10-22T23:03:09|received 2021-10-23T03:04:44
2021-22-10 10:05:14 PM|root|INFO|user_id 25523702|order_id 4958533706|saved 2021-10-22 22:05:14.|sent 2021-10-22T23:02:57|received 2021-10-23T03:04:54
2021-22-10 10:10:15 PM|root|INFO|user_id 25523702|order_id 4958538428|saved 2021-10-22 22:10:15.|sent 2021-10-22T23:06:27|received 2021-10-23T03:08:35
2021-22-10 10:10:15 PM|root|INFO|user_id 25523702|order_id 4958538555|saved 2021-10-22 22:10:15.|sent 2021-10-22T23:07:21|received 2021-10-23T03:10:05
2021-22-10 10:15:09 PM|root|INFO|user_id 160190870|order_id 4958543762|saved 2021-10-22 22:15:09.|sent 2021-10-22T23:13:54|received 2021-10-23T03:15:02
2021-22-10 10:15:15 PM|root|INFO|user_id 25523702|order_id 4958540981|saved 2021-10-22 22:15:15.|sent 2021-10-22T23:10:53|received 2021-10-23T03:12:59
2021-22-10 10:15:15 PM|root|INFO|user_id 25523702|order_id 4958544695|saved 2021-10-22 22:15:15.|sent 2021-10-22T23:12:11|received 2021-10-23T03:14:01
2021-22-10 10:20:15 PM|root|INFO|user_id 25523702|order_id 4958555050|saved 2021-10-22 22:20:15.|sent 2021-10-22T23:19:17|received 2021-10-23T03:19:57
2021-22-10 10:25:12 PM|root|INFO|user_id 160190870|order_id 4958557419|saved 2021-10-22 22:25:12.|sent 2021-10-22T23:23:32|received 2021-10-23T03:24:33
2021-22-10 10:25:20 PM|root|INFO|user_id 25523702|order_id 4958550998|saved 2021-10-22 22:25:20.|sent 2021-10-22T23:20:35|received 2021-10-23T03:22:43
2021-22-10 10:35:08 PM|root|INFO|user_id 160190870|order_id 4958557900|saved 2021-10-22 22:35:08.|sent 2021-10-22T23:26:48|received 2021-10-23T03:28:54
2021-22-10 10:35:08 PM|root|INFO|user_id 160190870|order_id 4958563534|saved 2021-10-22 22:35:08.|sent 2021-10-22T23:31:04|received 2021-10-23T03:33:51
2021-22-10 10:35:14 PM|root|INFO|user_id 25523702|order_id 4958557679|saved 2021-10-22 22:35:14.|sent 2021-10-22T23:25:18|received 2021-10-23T03:27:40
2021-22-10 10:35:14 PM|root|INFO|user_id 25523702|order_id 4958560546|saved 2021-10-22 22:35:14.|sent 2021-10-22T23:27:42|received 2021-10-23T03:29:3
2021-22-10 10:35:14 PM|root|INFO|user_id 25523702|order_id 4958560742|saved 2021-10-22 22:35:14.|sent 2021-10-22T23:29:03|received 2021-10-23T03:31:05
2021-22-10 10:40:15 PM|root|INFO|user_id 25523702|order_id 4958568649|saved 2021-10-22 22:40:15.|sent 2021-10-22T23:38:10|received 2021-10-23T03:40:03
2021-22-10 10:45:14 PM|root|INFO|user_id 25523702|order_id 4958576211|saved 2021-10-22 22:45:14.|sent 2021-10-22T23:43:44|received 2021-10-23T03:43:
2021-22-10 10:55:07 PM|root|INFO|user_id 160190870|order_id 4958583067|saved 2021-10-22 22:55:07.|sent 2021-10-22T23:50:18|received 2021-10-23T03:53:18
2021-22-10 11:00:12 PM|root|INFO|user_id 160190870|order_id 4958583762|saved 2021-10-22 23:00:12.|sent 2021-10-22T23:56:12|received 2021-10-23T03:58:54
2021-22-10 11:00:12 PM|root|INFO|user_id 160190870|order_id 4958587494|saved 2021-10-22 23:00:12.|sent 2021-10-22T23:57:52|received 2021-10-23T04:00:04
2021-22-10 11:00:12 PM|root|INFO|user_id 160190870|order_id 4958590130|saved 2021-10-22 23:00:12.|sent 2021-10-22T23:59:27|received 2021-10-23T03:59:34
2021-22-10 11:00:18 PM|root|INFO|user_id 25523702|order_id 4958589123|saved 2021-10-22 23:00:18.|sent 2021-10-22T23:57:43|received 2021-10-23T03:59:3
2021-22-10 11:00:18 PM|root|INFO|user_id 25523702|order_id 4958587490|saved 2021-10-22 23:00:18.|sent 2021-10-22T23:57:51|received 2021-10-23T03:59:34
2021-22-10 11:05:08 PM|root|INFO|user_id 160190870|order_id 4958585988|saved 2021-10-22 23:05:08.|sent 2021-10-23T00:00:49|received 2021-10-23T04:03:28
2021-22-10 11:10:08 PM|root|INFO|user_id 160190870|order_id 4958596235|saved 2021-10-22 23:10:08.|sent 2021-10-23T00:06:59|received 2021-10-23T04:08:49
2021-22-10 11:10:08 PM|root|INFO|user_id 160190870|order_id 4958591694|saved 2021-10-22 23:10:08.|sent 2021-10-23T00:06:17|received 2021-10-23T04:09:21
2021-22-10 11:10:13 PM|root|INFO|user_id 25523702|order_id 4958590889|saved 2021-10-22 23:10:13.|sent 2021-10-23T00:06:20|received 2021-10-23T04:08:09
2021-22-10 11:10:14 PM|root|INFO|user_id 25523702|order_id 4958591791|saved 2021-10-22 23:10:14.|sent 2021-10-23T00:07:26|received 2021-10-23T04:09:23
2021-22-10 11:10:14 PM|root|INFO|user_id 25523702|order_id 4958592803|saved 2021-10-22 23:10:14.|sent 2021-10-23T00:08:44|received 2021-10-23T04:09:56
2021-22-10 11:20:08 PM|root|INFO|user_id 160190870|order_id 4958600749|saved 2021-10-22 23:20:08.|sent 2021-10-23T00:18:33|received 2021-10-23T04:19:59
2021-22-10 11:25:13 PM|root|INFO|user_id 25523702|order_id 4958603814|saved 2021-10-22 23:25:13.|sent 2021-10-23T00:22:20|received 2021-10-23T04:24:23
2021-22-10 11:30:08 PM|root|INFO|user_id 160190870|order_id 4958604857|saved 2021-10-22 23:30:08.|sent 2021-10-23T00:25:12|received 2021-10-23T04:27:1
2021-22-10 11:30:14 PM|root|INFO|user_id 25523702|order_id 4958610305|saved 2021-10-22 23:30:14.|sent 2021-10-23T00:27:19|received 2021-10-23T04:29:33
2021-22-10 11:35:07 PM|root|INFO|user_id 160190870|order_id 4958613085|saved 2021-10-22 23:35:07.|sent 2021-10-23T00:31:59|received 2021-10-23T04:34:1
2021-22-10 11:35:13 PM|root|INFO|user_id 25523702|order_id 4958610886|saved 2021-10-22 23:35:13.|sent 2021-10-23T00:33:42|received 2021-10-23T04:33:47
2021-22-10 11:40:07 PM|root|INFO|user_id 160190870|order_id 4958615319|saved 2021-10-22 23:40:07.|sent 2021-10-23T00:35:33|received 2021-10-23T04:37:23
2021-22-10 11:40:07 PM|root|INFO|user_id 160190870|order_id 4958613577|saved 2021-10-22 23:40:07.|sent 2021-10-23T00:37:37|received 2021-10-23T04:39:36
2021-22-10 11:40:07 PM|root|INFO|user_id 160190870|order_id 4958612898|saved 2021-10-22 23:40:07.|sent 2021-10-23T00:37:40|received 2021-10-23T04:39:59
2021-22-10 11:40:13 PM|root|INFO|user_id 25523702|order_id 4958612900|saved 2021-10-22 23:40:13.|sent 2021-10-23T00:37:40|received 2021-10-23T04:39:51
2021-22-10 11:55:07 PM|root|INFO|user_id 160190870|order_id 4958623614|saved 2021-10-22 23:55:07.|sent 2021-10-23T00:52:33|received 2021-10-23T04:54:3
2021-22-10 11:55:07 PM|root|INFO|user_id 160190870|order_id 4958622689|saved 2021-10-22 23:55:07.|sent 2021-10-23T00:52:41|received 2021-10-23T04:54:14
2021-22-10 11:55:13 PM|root|INFO|user_id 25523702|order_id 4958621869|saved 2021-10-22 23:55:13.|sent 2021-10-23T00:54:05|received 2021-10-23T04:54:11
