2021-28-10 12:05:07 AM|root|INFO|user_id 160190870|order_id 4970821280|saved 2021-10-28 00:05:07.|sent 2021-10-28T00:56:42|received 2021-10-28T04:58:3
2021-28-10 12:05:07 AM|root|INFO|user_id 160190870|order_id 4970824043|saved 2021-10-28 00:05:07.|sent 2021-10-28T00:59:30|received 2021-10-28T05:01:24
2021-28-10 12:05:13 AM|root|INFO|user_id 25523702|order_id 4970827264|saved 2021-10-28 00:05:13.|sent 2021-10-28T01:04:44|received 2021-10-28T05:04:51
2021-28-10 12:10:07 AM|root|INFO|user_id 160190870|order_id 4970828227|saved 2021-10-28 00:10:07.|sent 2021-10-28T01:05:01|received 2021-10-28T05:07:35
2021-28-10 12:15:13 AM|root|INFO|user_id 25523702|order_id 4970833056|saved 2021-10-28 00:15:13.|sent 2021-10-28T01:12:20|received 2021-10-28T05:14:20
2021-28-10 12:15:13 AM|root|INFO|user_id 25523702|order_id 4970831342|saved 2021-10-28 00:15:13.|sent 2021-10-28T01:12:22|received 2021-10-28T05:14:24
2021-28-10 12:20:08 AM|root|INFO|user_id 160190870|order_id 4970836203|saved 2021-10-28 00:20:08.|sent 2021-10-28T01:16:33|received 2021-10-28T05:18:42
2021-28-10 12:20:08 AM|root|INFO|user_id 160190870|order_id 4970838118|saved 2021-10-28 00:20:08.|sent 2021-10-28T01:17:23|received 2021-10-28T05:19:50
2021-28-10 12:20:08 AM|root|INFO|user_id 160190870|order_id 4970834640|saved 2021-10-28 00:20:08.|sent 2021-10-28T01:18:35|received 2021-10-28T05:18:44
2021-28-10 12:20:13 AM|root|INFO|user_id 25523702|order_id 4970837412|saved 2021-10-28 00:20:13.|sent 2021-10-28T01:18:55|received 2021-10-28T05:19:02
2021-28-10 12:20:13 AM|root|INFO|user_id 25523702|order_id 4970836477|saved 2021-10-28 00:20:13.|sent 2021-10-28T01:19:21|received 2021-10-28T05:19:32
2021-28-10 12:35:08 AM|root|INFO|user_id 160190870|order_id 4970848419|saved 2021-10-28 00:35:08.|sent 2021-10-28T01:27:30|received 2021-10-28T05:29:51
2021-28-10 12:35:13 AM|root|INFO|user_id 25523702|order_id 4970851687|saved 2021-10-28 00:35:13.|sent 2021-10-28T01:33:25|received 2021-10-28T05:35:07
2021-28-10 12:45:12 AM|root|INFO|user_id 25523702|order_id 4970870656|saved 2021-10-28 00:45:12.|sent 2021-10-28T01:40:09|received 2021-10-28T05:42:11
2021-28-10 12:45:12 AM|root|INFO|user_id 25523702|order_id 4970870655|saved 2021-10-28 00:45:12.|sent 2021-10-28T01:40:09|received 2021-10-28T05:42:11
2021-28-10 12:45:12 AM|root|INFO|user_id 25523702|order_id 4970874406|saved 2021-10-28 00:45:12.|sent 2021-10-28T01:43:26|received 2021-10-28T05:44:56
2021-28-10 12:50:07 AM|root|INFO|user_id 160190870|order_id 4970876252|saved 2021-10-28 00:50:07.|sent 2021-10-28T01:46:23|received 2021-10-28T05:47:28
2021-28-10 12:50:07 AM|root|INFO|user_id 160190870|order_id 4970873726|saved 2021-10-28 00:50:07.|sent 2021-10-28T01:46:36|received 2021-10-28T05:48:46
2021-28-10 01:05:13 AM|root|INFO|user_id 25523702|order_id 4970879897|saved 2021-10-28 01:05:13.|sent 2021-10-28T02:00:40|received 2021-10-28T06:02:26
2021-28-10 01:10:13 AM|root|INFO|user_id 25523702|order_id 4970883689|saved 2021-10-28 01:10:13.|sent 2021-10-28T02:06:13|received 2021-10-28T06:07:50
2021-28-10 01:15:07 AM|root|INFO|user_id 160190870|order_id 4970884644|saved 2021-10-28 01:15:07.|sent 2021-10-28T02:14:40|received 2021-10-28T06:14:4
2021-28-10 01:20:07 AM|root|INFO|user_id 160190870|order_id 4970887791|saved 2021-10-28 01:20:07.|sent 2021-10-28T02:19:21|received 2021-10-28T06:19:59
2021-28-10 01:30:08 AM|root|INFO|user_id 160190870|order_id 4970894250|saved 2021-10-28 01:30:08.|sent 2021-10-28T02:28:51|received 2021-10-28T06:29:
2021-28-10 01:40:07 AM|root|INFO|user_id 160190870|order_id 4970891606|saved 2021-10-28 01:40:07.|sent 2021-10-28T02:35:54|received 2021-10-28T06:38:
2021-28-10 01:45:12 AM|root|INFO|user_id 25523702|order_id 4970897228|saved 2021-10-28 01:45:12.|sent 2021-10-28T02:40:06|received 2021-10-28T06:41:18
2021-28-10 01:55:12 AM|root|INFO|user_id 25523702|order_id 4970897752|saved 2021-10-28 01:55:12.|sent 2021-10-28T02:53:20|received 2021-10-28T06:54:30
2021-28-10 03:25:13 AM|root|INFO|user_id 25523702|order_id 4970914796|saved 2021-10-28 03:25:13.|sent 2021-10-28T04:23:31|received 2021-10-28T08:25:05
2021-28-10 04:00:12 AM|root|INFO|user_id 160190870|order_id 4970928150|saved 2021-10-28 04:00:12.|sent 2021-10-28T04:55:37|received 2021-10-28T08:57:45
2021-28-10 04:25:13 AM|root|INFO|user_id 25523702|order_id 4970933710|saved 2021-10-28 04:25:13.|sent 2021-10-28T05:22:13|received 2021-10-28T09:24:14
2021-28-10 04:40:08 AM|root|INFO|user_id 160190870|order_id 4970941386|saved 2021-10-28 04:40:08.|sent 2021-10-28T05:35:30|received 2021-10-28T09:37:30
2021-28-10 04:40:14 AM|root|INFO|user_id 25523702|order_id 4970941475|saved 2021-10-28 04:40:14.|sent 2021-10-28T05:36:39|received 2021-10-28T09:39:00
2021-28-10 04:55:07 AM|root|INFO|user_id 160190870|order_id 4970942750|saved 2021-10-28 04:55:07.|sent 2021-10-28T05:48:19|received 2021-10-28T09:49:21
2021-28-10 05:15:13 AM|root|INFO|user_id 25523702|order_id 4970955978|saved 2021-10-28 05:15:13.|sent 2021-10-28T06:13:03|received 2021-10-28T10:14:52
2021-28-10 06:05:13 AM|root|INFO|user_id 25523702|order_id 4971008889|saved 2021-10-28 06:05:13.|sent 2021-10-28T07:01:31|received 2021-10-28T11:03:34
2021-28-10 06:40:08 AM|root|INFO|user_id 25523702|order_id 4971063161|saved 2021-10-28 06:40:08.|sent 2021-10-28T07:38:19|received 2021-10-28T11:39:56
2021-28-10 06:45:08 AM|root|INFO|user_id 160190870|order_id 4971051742|saved 2021-10-28 06:45:08.|sent 2021-10-28T07:35:45|received 2021-10-28T11:38:2
2021-28-10 06:45:14 AM|root|INFO|user_id 25523702|order_id 4971068377|saved 2021-10-28 06:45:14.|sent 2021-10-28T07:44:20|received 2021-10-28T11:44:26
2021-28-10 07:05:08 AM|root|INFO|user_id 160190870|order_id 4971104108|saved 2021-10-28 07:05:08.|sent 2021-10-28T08:02:45|received 2021-10-28T12:04:46
2021-28-10 07:05:08 AM|root|INFO|user_id 160190870|order_id 4971096936|saved 2021-10-28 07:05:08.|sent 2021-10-28T08:02:46|received 2021-10-28T12:04:54
2021-28-10 07:05:08 AM|root|INFO|user_id 160190870|order_id 4971102260|saved 2021-10-28 07:05:08.|sent 2021-10-28T08:02:46|received 2021-10-28T12:04:54
2021-28-10 07:15:15 AM|root|INFO|user_id 25523702|order_id 4971123859|saved 2021-10-28 07:15:15.|sent 2021-10-28T08:14:23|received 2021-10-28T12:14:31
2021-28-10 07:20:14 AM|root|INFO|user_id 25523702|order_id 4971134136|saved 2021-10-28 07:20:14.|sent 2021-10-28T08:17:55|received 2021-10-28T12:19:48
2021-28-10 07:50:08 AM|root|INFO|user_id 160190870|order_id 4971202365|saved 2021-10-28 07:50:08.|sent 2021-10-28T08:49:42|received 2021-10-28T12:49:5
2021-28-10 07:55:08 AM|root|INFO|user_id 160190870|order_id 4971206397|saved 2021-10-28 07:55:08.|sent 2021-10-28T08:52:06|received 2021-10-28T12:54:0
2021-28-10 08:05:08 AM|root|INFO|user_id 160190870|order_id 4971225056|saved 2021-10-28 08:05:08.|sent 2021-10-28T08:59:43|received 2021-10-28T13:03:17
2021-28-10 08:05:14 AM|root|INFO|user_id 25523702|order_id 4971227363|saved 2021-10-28 08:05:14.|sent 2021-10-28T09:00:49|received 2021-10-28T13:03:0
2021-28-10 08:05:14 AM|root|INFO|user_id 25523702|order_id 4971234825|saved 2021-10-28 08:05:14.|sent 2021-10-28T09:04:21|received 2021-10-28T13:04:28
2021-28-10 08:10:09 AM|root|INFO|user_id 160190870|order_id 4971236895|saved 2021-10-28 08:10:09.|sent 2021-10-28T09:07:06|received 2021-10-28T13:09:53
2021-28-10 08:10:15 AM|root|INFO|user_id 25523702|order_id 4971236672|saved 2021-10-28 08:10:15.|sent 2021-10-28T09:06:18|received 2021-10-28T13:08:11
2021-28-10 08:10:15 AM|root|INFO|user_id 25523702|order_id 4971243016|saved 2021-10-28 08:10:15.|sent 2021-10-28T09:06:49|received 2021-10-28T13:09:50
2021-28-10 08:10:15 AM|root|INFO|user_id 25523702|order_id 4971237424|saved 2021-10-28 08:10:15.|sent 2021-10-28T09:06:17|received 2021-10-28T13:09:04
2021-28-10 08:15:07 AM|root|INFO|user_id 160190870|order_id 4971249596|saved 2021-10-28 08:15:07.|sent 2021-10-28T09:10:55|received 2021-10-28T13:13:12
2021-28-10 08:15:13 AM|root|INFO|user_id 25523702|order_id 4971249487|saved 2021-10-28 08:15:13.|sent 2021-10-28T09:10:34|received 2021-10-28T13:12:37
2021-28-10 08:15:13 AM|root|INFO|user_id 25523702|order_id 4971248517|saved 2021-10-28 08:15:13.|sent 2021-10-28T09:10:33|received 2021-10-28T13:13:35
2021-28-10 08:15:14 AM|root|INFO|user_id 25523702|order_id 4971258393|saved 2021-10-28 08:15:14.|sent 2021-10-28T09:12:37|received 2021-10-28T13:14:25
2021-28-10 08:20:09 AM|root|INFO|user_id 160190870|order_id 4971274763|saved 2021-10-28 08:20:09.|sent 2021-10-28T09:19:45|received 2021-10-28T13:19:51
2021-28-10 08:25:14 AM|root|INFO|user_id 25523702|order_id 4971277207|saved 2021-10-28 08:25:14.|sent 2021-10-28T09:20:49|received 2021-10-28T13:23:05
2021-28-10 08:35:09 AM|root|INFO|user_id 160190870|order_id 4971294745|saved 2021-10-28 08:35:09.|sent 2021-10-28T09:29:05|received 2021-10-28T13:31:09
2021-28-10 08:35:09 AM|root|INFO|user_id 160190870|order_id 4971305649|saved 2021-10-28 08:35:09.|sent 2021-10-28T09:32:18|received 2021-10-28T13:34:34
2021-28-10 08:35:17 AM|root|INFO|user_id 25523702|order_id 4971287816|saved 2021-10-28 08:35:17.|sent 2021-10-28T09:25:39|received 2021-10-28T13:29:04
2021-28-10 08:40:10 AM|root|INFO|user_id 160190870|order_id 4971322174|saved 2021-10-28 08:40:10.|sent 2021-10-28T09:36:41|received 2021-10-28T13:39:0
2021-28-10 08:40:10 AM|root|INFO|user_id 160190870|order_id 4971322591|saved 2021-10-28 08:40:10.|sent 2021-10-28T09:38:18|received 2021-10-28T13:39:39
2021-28-10 08:45:15 AM|root|INFO|user_id 25523702|order_id 4971336072|saved 2021-10-28 08:45:15.|sent 2021-10-28T09:41:12|received 2021-10-28T13:43:08
2021-28-10 08:50:09 AM|root|INFO|user_id 160190870|order_id 4971343979|saved 2021-10-28 08:50:09.|sent 2021-10-28T09:45:03|received 2021-10-28T13:46:47
2021-28-10 08:50:09 AM|root|INFO|user_id 160190870|order_id 4971352991|saved 2021-10-28 08:50:09.|sent 2021-10-28T09:48:42|received 2021-10-28T13:49:56
2021-28-10 08:50:15 AM|root|INFO|user_id 25523702|order_id 4971272926|saved 2021-10-28 08:50:15.|sent 2021-10-28T09:20:01|received 2021-10-28T13:48:25
2021-28-10 08:50:15 AM|root|INFO|user_id 25523702|order_id 4971355292|saved 2021-10-28 08:50:15.|sent 2021-10-28T09:47:59|received 2021-10-28T13:50:0
2021-28-10 08:55:08 AM|root|INFO|user_id 160190870|order_id 4971374204|saved 2021-10-28 08:55:08.|sent 2021-10-28T09:54:58|received 2021-10-28T13:55:01
2021-28-10 09:05:08 AM|root|INFO|user_id 160190870|order_id 4971394399|saved 2021-10-28 09:05:08.|sent 2021-10-28T10:01:39|received 2021-10-28T14:03:55
2021-28-10 09:05:08 AM|root|INFO|user_id 160190870|order_id 4971397943|saved 2021-10-28 09:05:08.|sent 2021-10-28T10:04:10|received 2021-10-28T14:04:16
2021-28-10 09:10:09 AM|root|INFO|user_id 160190870|order_id 4970725858|saved 2021-10-28 09:10:09.|sent 2021-10-27T23:23:04|received 2021-10-28T14:07:29
2021-28-10 09:10:16 AM|root|INFO|user_id 25523702|order_id 4971404445|saved 2021-10-28 09:10:16.|sent 2021-10-28T10:05:38|received 2021-10-28T14:08:19
2021-28-10 09:10:16 AM|root|INFO|user_id 25523702|order_id 4971408794|saved 2021-10-28 09:10:16.|sent 2021-10-28T10:08:24|received 2021-10-28T14:09:35
2021-28-10 09:15:08 AM|root|INFO|user_id 160190870|order_id 4971423391|saved 2021-10-28 09:15:08.|sent 2021-10-28T10:11:18|received 2021-10-28T14:13:2
2021-28-10 09:15:15 AM|root|INFO|user_id 25523702|order_id 4971423179|saved 2021-10-28 09:15:15.|sent 2021-10-28T10:10:58|received 2021-10-28T14:13:15
2021-28-10 09:15:15 AM|root|INFO|user_id 25523702|order_id 4971422986|saved 2021-10-28 09:15:15.|sent 2021-10-28T10:12:33|received 2021-10-28T14:15:02
2021-28-10 09:20:08 AM|root|INFO|user_id 160190870|order_id 4970750840|saved 2021-10-28 09:20:08.|sent 2021-10-27T23:43:48|received 2021-10-28T14:18:45
2021-28-10 09:20:09 AM|root|INFO|user_id 160190870|order_id 4971448045|saved 2021-10-28 09:20:09.|sent 2021-10-28T10:19:02|received 2021-10-28T14:19:09
2021-28-10 09:20:15 AM|root|INFO|user_id 25523702|order_id 4971441795|saved 2021-10-28 09:20:15.|sent 2021-10-28T10:17:53|received 2021-10-28T14:19:54
2021-28-10 09:25:07 AM|root|INFO|user_id 160190870|order_id 4971460167|saved 2021-10-28 09:25:07.|sent 2021-10-28T10:23:52|received 2021-10-28T14:25:00
2021-28-10 09:25:07 AM|root|INFO|user_id 160190870|order_id 4971455833|saved 2021-10-28 09:25:07.|sent 2021-10-28T10:24:47|received 2021-10-28T14:24:55
2021-28-10 09:25:14 AM|root|INFO|user_id 25523702|order_id 4971463219|saved 2021-10-28 09:25:14.|sent 2021-10-28T10:24:26|received 2021-10-28T14:24:35
2021-28-10 09:30:09 AM|root|INFO|user_id 160190870|order_id 4971456589|saved 2021-10-28 09:30:09.|sent 2021-10-28T10:23:02|received 2021-10-28T14:27:52
2021-28-10 09:30:16 AM|root|INFO|user_id 25523702|order_id 4971475574|saved 2021-10-28 09:30:16.|sent 2021-10-28T10:28:56|received 2021-10-28T14:30:01
2021-28-10 09:35:08 AM|root|INFO|user_id 160190870|order_id 4971480853|saved 2021-10-28 09:35:08.|sent 2021-10-28T10:31:16|received 2021-10-28T14:33:34
2021-28-10 09:35:15 AM|root|INFO|user_id 25523702|order_id 4971484452|saved 2021-10-28 09:35:15.|sent 2021-10-28T10:32:09|received 2021-10-28T14:34:1
2021-28-10 09:35:15 AM|root|INFO|user_id 25523702|order_id 4971493453|saved 2021-10-28 09:35:15.|sent 2021-10-28T10:34:52|received 2021-10-28T14:34:59
2021-28-10 09:35:15 AM|root|INFO|user_id 25523702|order_id 4971494026|saved 2021-10-28 09:35:15.|sent 2021-10-28T10:34:52|received 2021-10-28T14:35:00
2021-28-10 09:40:15 AM|root|INFO|user_id 25523702|order_id 4971488976|saved 2021-10-28 09:40:15.|sent 2021-10-28T10:35:39|received 2021-10-28T14:39:13
2021-28-10 09:45:07 AM|root|INFO|user_id 160190870|order_id 4971514491|saved 2021-10-28 09:45:07.|sent 2021-10-28T10:41:54|received 2021-10-28T14:44:14
2021-28-10 09:45:08 AM|root|INFO|user_id 160190870|order_id 4971518328|saved 2021-10-28 09:45:08.|sent 2021-10-28T10:43:15|received 2021-10-28T14:44:54
2021-28-10 09:45:14 AM|root|INFO|user_id 25523702|order_id 4971500784|saved 2021-10-28 09:45:14.|sent 2021-10-28T10:39:30|received 2021-10-28T14:42:32
2021-28-10 09:45:14 AM|root|INFO|user_id 25523702|order_id 4971511667|saved 2021-10-28 09:45:14.|sent 2021-10-28T10:42:22|received 2021-10-28T14:44:47
2021-28-10 09:45:14 AM|root|INFO|user_id 25523702|order_id 4971519370|saved 2021-10-28 09:45:14.|sent 2021-10-28T10:43:29|received 2021-10-28T14:45:05
2021-28-10 09:50:08 AM|root|INFO|user_id 160190870|order_id 4971528820|saved 2021-10-28 09:50:08.|sent 2021-10-28T10:48:58|received 2021-10-28T14:50:00
2021-28-10 09:50:08 AM|root|INFO|user_id 160190870|order_id 4971534432|saved 2021-10-28 09:50:08.|sent 2021-10-28T10:48:58|received 2021-10-28T14:49:34
2021-28-10 09:50:14 AM|root|INFO|user_id 25523702|order_id 4971527070|saved 2021-10-28 09:50:14.|sent 2021-10-28T10:45:05|received 2021-10-28T14:46:59
2021-28-10 09:50:14 AM|root|INFO|user_id 25523702|order_id 4971524281|saved 2021-10-28 09:50:14.|sent 2021-10-28T10:45:20|received 2021-10-28T14:47:51
2021-28-10 09:55:08 AM|root|INFO|user_id 160190870|order_id 4971540294|saved 2021-10-28 09:55:08.|sent 2021-10-28T10:51:23|received 2021-10-28T14:54:05
2021-28-10 09:55:08 AM|root|INFO|user_id 160190870|order_id 4971291601|saved 2021-10-28 09:55:08.|sent 2021-10-28T09:25:45|received 2021-10-28T14:54:23
2021-28-10 09:55:08 AM|root|INFO|user_id 160190870|order_id 4970931993|saved 2021-10-28 09:55:08.|sent 2021-10-28T05:24:59|received 2021-10-28T14:54:55
2021-28-10 09:55:14 AM|root|INFO|user_id 25523702|order_id 4971547352|saved 2021-10-28 09:55:14.|sent 2021-10-28T10:52:40|received 2021-10-28T14:55:03
2021-28-10 09:55:14 AM|root|INFO|user_id 25523702|order_id 4971545223|saved 2021-10-28 09:55:14.|sent 2021-10-28T10:52:21|received 2021-10-28T14:55:05
2021-28-10 09:55:14 AM|root|INFO|user_id 25523702|order_id 4971551200|saved 2021-10-28 09:55:14.|sent 2021-10-28T10:54:19|received 2021-10-28T14:54:57
2021-28-10 10:00:20 AM|root|INFO|user_id 25523702|order_id 4971564554|saved 2021-10-28 10:00:20.|sent 2021-10-28T10:58:52|received 2021-10-28T14:59:02
2021-28-10 10:00:20 AM|root|INFO|user_id 25523702|order_id 4971570162|saved 2021-10-28 10:00:20.|sent 2021-10-28T10:59:59|received 2021-10-28T15:00:10
2021-28-10 10:05:08 AM|root|INFO|user_id 160190870|order_id 4971566535|saved 2021-10-28 10:05:08.|sent 2021-10-28T10:58:51|received 2021-10-28T15:02:46
2021-28-10 10:05:08 AM|root|INFO|user_id 160190870|order_id 4971575419|saved 2021-10-28 10:05:08.|sent 2021-10-28T11:02:46|received 2021-10-28T15:04:58
2021-28-10 10:05:15 AM|root|INFO|user_id 25523702|order_id 4970412338|saved 2021-10-28 10:05:15.|sent 2021-10-27T20:48:11|received 2021-10-28T15:04:51
2021-28-10 10:10:09 AM|root|INFO|user_id 160190870|order_id 4971591255|saved 2021-10-28 10:10:09.|sent 2021-10-28T11:06:38|received 2021-10-28T15:08:4
2021-28-10 10:10:09 AM|root|INFO|user_id 160190870|order_id 4971596022|saved 2021-10-28 10:10:09.|sent 2021-10-28T11:08:11|received 2021-10-28T15:09:55
2021-28-10 10:10:09 AM|root|INFO|user_id 160190870|order_id 4971595298|saved 2021-10-28 10:10:09.|sent 2021-10-28T11:08:27|received 2021-10-28T15:09:5
2021-28-10 10:10:09 AM|root|INFO|user_id 160190870|order_id 4971596335|saved 2021-10-28 10:10:09.|sent 2021-10-28T11:08:45|received 2021-10-28T15:09:49
2021-28-10 10:10:15 AM|root|INFO|user_id 25523702|order_id 4971587014|saved 2021-10-28 10:10:15.|sent 2021-10-28T11:05:37|received 2021-10-28T15:07:58
2021-28-10 10:15:08 AM|root|INFO|user_id 160190870|order_id 4971612140|saved 2021-10-28 10:15:08.|sent 2021-10-28T11:13:54|received 2021-10-28T15:14:56
2021-28-10 10:15:14 AM|root|INFO|user_id 25523702|order_id 4971599350|saved 2021-10-28 10:15:14.|sent 2021-10-28T11:10:21|received 2021-10-28T15:12:34
2021-28-10 10:15:14 AM|root|INFO|user_id 25523702|order_id 4971606645|saved 2021-10-28 10:15:14.|sent 2021-10-28T11:14:42|received 2021-10-28T15:14:5
2021-28-10 10:15:14 AM|root|INFO|user_id 25523702|order_id 4971609336|saved 2021-10-28 10:15:14.|sent 2021-10-28T11:14:42|received 2021-10-28T15:14:50
2021-28-10 10:20:09 AM|root|INFO|user_id 160190870|order_id 4971619473|saved 2021-10-28 10:20:09.|sent 2021-10-28T11:17:38|received 2021-10-28T15:19:58
2021-28-10 10:20:09 AM|root|INFO|user_id 160190870|order_id 4971626141|saved 2021-10-28 10:20:09.|sent 2021-10-28T11:18:17|received 2021-10-28T15:19:52
2021-28-10 10:20:09 AM|root|INFO|user_id 160190870|order_id 4971626409|saved 2021-10-28 10:20:09.|sent 2021-10-28T11:18:48|received 2021-10-28T15:18:55
2021-28-10 10:20:16 AM|root|INFO|user_id 25523702|order_id 4971622212|saved 2021-10-28 10:20:16.|sent 2021-10-28T11:17:52|received 2021-10-28T15:19:50
2021-28-10 10:20:16 AM|root|INFO|user_id 25523702|order_id 4971621608|saved 2021-10-28 10:20:16.|sent 2021-10-28T11:19:19|received 2021-10-28T15:20:04
2021-28-10 10:25:14 AM|root|INFO|user_id 25523702|order_id 4971636827|saved 2021-10-28 10:25:14.|sent 2021-10-28T11:23:07|received 2021-10-28T15:24:52
2021-28-10 10:30:09 AM|root|INFO|user_id 160190870|order_id 4971645413|saved 2021-10-28 10:30:09.|sent 2021-10-28T11:26:07|received 2021-10-28T15:28:13
2021-28-10 10:30:09 AM|root|INFO|user_id 160190870|order_id 4971650969|saved 2021-10-28 10:30:09.|sent 2021-10-28T11:27:58|received 2021-10-28T15:29:49
2021-28-10 10:30:15 AM|root|INFO|user_id 25523702|order_id 4971645297|saved 2021-10-28 10:30:15.|sent 2021-10-28T11:25:55|received 2021-10-28T15:27:57
2021-28-10 10:30:16 AM|root|INFO|user_id 25523702|order_id 4971646865|saved 2021-10-28 10:30:16.|sent 2021-10-28T11:26:59|received 2021-10-28T15:29:01
2021-28-10 10:30:16 AM|root|INFO|user_id 25523702|order_id 4971651016|saved 2021-10-28 10:30:16.|sent 2021-10-28T11:27:15|received 2021-10-28T15:29:16
2021-28-10 10:35:08 AM|root|INFO|user_id 160190870|order_id 4971657424|saved 2021-10-28 10:35:08.|sent 2021-10-28T11:30:02|received 2021-10-28T15:32:56
2021-28-10 10:35:08 AM|root|INFO|user_id 160190870|order_id 4971660547|saved 2021-10-28 10:35:08.|sent 2021-10-28T11:31:04|received 2021-10-28T15:33:09
2021-28-10 10:35:15 AM|root|INFO|user_id 25523702|order_id 4971673021|saved 2021-10-28 10:35:15.|sent 2021-10-28T11:34:37|received 2021-10-28T15:34:43
2021-28-10 10:40:08 AM|root|INFO|user_id 160190870|order_id 4971676089|saved 2021-10-28 10:40:08.|sent 2021-10-28T11:35:43|received 2021-10-28T15:38:25
2021-28-10 10:40:09 AM|root|INFO|user_id 160190870|order_id 4971673888|saved 2021-10-28 10:40:08.|sent 2021-10-28T11:38:41|received 2021-10-28T15:39:53
2021-28-10 10:40:15 AM|root|INFO|user_id 25523702|order_id 4971673017|saved 2021-10-28 10:40:15.|sent 2021-10-28T11:34:35|received 2021-10-28T15:38:06
2021-28-10 10:40:15 AM|root|INFO|user_id 25523702|order_id 4971663889|saved 2021-10-28 10:40:15.|sent 2021-10-28T11:34:36|received 2021-10-28T15:36:50
2021-28-10 10:40:15 AM|root|INFO|user_id 25523702|order_id 4971673020|saved 2021-10-28 10:40:15.|sent 2021-10-28T11:34:36|received 2021-10-28T15:37:43
2021-28-10 10:40:15 AM|root|INFO|user_id 25523702|order_id 4971677084|saved 2021-10-28 10:40:15.|sent 2021-10-28T11:35:34|received 2021-10-28T15:37:43
2021-28-10 10:40:15 AM|root|INFO|user_id 25523702|order_id 4971663887|saved 2021-10-28 10:40:15.|sent 2021-10-28T11:34:35|received 2021-10-28T15:37:51
2021-28-10 10:40:15 AM|root|INFO|user_id 25523702|order_id 4971675568|saved 2021-10-28 10:40:15.|sent 2021-10-28T11:36:17|received 2021-10-28T15:39:07
2021-28-10 10:40:15 AM|root|INFO|user_id 25523702|order_id 4971686338|saved 2021-10-28 10:40:15.|sent 2021-10-28T11:39:46|received 2021-10-28T15:39:5
2021-28-10 10:45:07 AM|root|INFO|user_id 160190870|order_id 4971626634|saved 2021-10-28 10:45:07.|sent 2021-10-28T11:19:15|received 2021-10-28T15:43:42
2021-28-10 10:45:08 AM|root|INFO|user_id 160190870|order_id 4971693100|saved 2021-10-28 10:45:08.|sent 2021-10-28T11:41:15|received 2021-10-28T15:43:30
2021-28-10 10:45:08 AM|root|INFO|user_id 160190870|order_id 4971696133|saved 2021-10-28 10:45:08.|sent 2021-10-28T11:42:13|received 2021-10-28T15:44:21
2021-28-10 10:45:08 AM|root|INFO|user_id 160190870|order_id 4971696132|saved 2021-10-28 10:45:08.|sent 2021-10-28T11:42:13|received 2021-10-28T15:44:36
2021-28-10 10:45:08 AM|root|INFO|user_id 160190870|order_id 4971699357|saved 2021-10-28 10:45:08.|sent 2021-10-28T11:43:58|received 2021-10-28T15:44:05
2021-28-10 10:45:08 AM|root|INFO|user_id 160190870|order_id 4971701471|saved 2021-10-28 10:45:08.|sent 2021-10-28T11:44:25|received 2021-10-28T15:44:32
2021-28-10 10:50:09 AM|root|INFO|user_id 160190870|order_id 4971702709|saved 2021-10-28 10:50:09.|sent 2021-10-28T11:47:11|received 2021-10-28T15:49:19
2021-28-10 10:50:09 AM|root|INFO|user_id 160190870|order_id 4971709484|saved 2021-10-28 10:50:09.|sent 2021-10-28T11:47:45|received 2021-10-28T15:49:45
2021-28-10 10:50:09 AM|root|INFO|user_id 160190870|order_id 4971708458|saved 2021-10-28 10:50:09.|sent 2021-10-28T11:48:51|received 2021-10-28T15:49:54
2021-28-10 10:55:08 AM|root|INFO|user_id 160190870|order_id 4971713858|saved 2021-10-28 10:55:08.|sent 2021-10-28T11:51:34|received 2021-10-28T15:53:42
2021-28-10 10:55:08 AM|root|INFO|user_id 160190870|order_id 4971725283|saved 2021-10-28 10:55:08.|sent 2021-10-28T11:53:25|received 2021-10-28T15:54:54
2021-28-10 10:55:14 AM|root|INFO|user_id 25523702|order_id 4971713394|saved 2021-10-28 10:55:14.|sent 2021-10-28T11:50:04|received 2021-10-28T15:52:32
2021-28-10 10:55:14 AM|root|INFO|user_id 25523702|order_id 4971713403|saved 2021-10-28 10:55:14.|sent 2021-10-28T11:50:04|received 2021-10-28T15:53:27
2021-28-10 10:55:15 AM|root|INFO|user_id 25523702|order_id 4971630131|saved 2021-10-28 10:55:14.|sent 2021-10-28T11:19:51|received 2021-10-28T15:54:30
2021-28-10 11:00:11 AM|root|INFO|user_id 160190870|order_id 4971733404|saved 2021-10-28 11:00:11.|sent 2021-10-28T11:55:15|received 2021-10-28T15:57:17
2021-28-10 11:00:11 AM|root|INFO|user_id 160190870|order_id 4971731183|saved 2021-10-28 11:00:11.|sent 2021-10-28T11:54:40|received 2021-10-28T15:58:06
2021-28-10 11:00:11 AM|root|INFO|user_id 160190870|order_id 4971725814|saved 2021-10-28 11:00:11.|sent 2021-10-28T11:55:46|received 2021-10-28T15:57:54
2021-28-10 11:00:11 AM|root|INFO|user_id 160190870|order_id 4971737017|saved 2021-10-28 11:00:11.|sent 2021-10-28T11:56:13|received 2021-10-28T15:58:19
2021-28-10 11:00:11 AM|root|INFO|user_id 160190870|order_id 4971736726|saved 2021-10-28 11:00:11.|sent 2021-10-28T11:56:31|received 2021-10-28T15:58:59
2021-28-10 11:00:12 AM|root|INFO|user_id 160190870|order_id 4971745642|saved 2021-10-28 11:00:12.|sent 2021-10-28T11:59:30|received 2021-10-28T15:59:38
2021-28-10 11:00:18 AM|root|INFO|user_id 25523702|order_id 4971736122|saved 2021-10-28 11:00:18.|sent 2021-10-28T11:55:21|received 2021-10-28T15:59:22
2021-28-10 11:00:18 AM|root|INFO|user_id 25523702|order_id 4971735616|saved 2021-10-28 11:00:18.|sent 2021-10-28T11:56:16|received 2021-10-28T15:59:31
2021-28-10 11:05:09 AM|root|INFO|user_id 160190870|order_id 4971548407|saved 2021-10-28 11:05:09.|sent 2021-10-28T10:52:53|received 2021-10-28T16:03:07
2021-28-10 11:05:16 AM|root|INFO|user_id 25523702|order_id 4971753783|saved 2021-10-28 11:05:16.|sent 2021-10-28T12:02:38|received 2021-10-28T16:05:0
2021-28-10 11:05:16 AM|root|INFO|user_id 25523702|order_id 4971755302|saved 2021-10-28 11:05:16.|sent 2021-10-28T12:02:41|received 2021-10-28T16:04:41
2021-28-10 11:05:16 AM|root|INFO|user_id 25523702|order_id 4971759342|saved 2021-10-28 11:05:16.|sent 2021-10-28T12:03:39|received 2021-10-28T16:03:47
2021-28-10 11:05:16 AM|root|INFO|user_id 25523702|order_id 4971751809|saved 2021-10-28 11:05:16.|sent 2021-10-28T12:04:18|received 2021-10-28T16:04:5
2021-28-10 11:10:08 AM|root|INFO|user_id 160190870|order_id 4971762327|saved 2021-10-28 11:10:08.|sent 2021-10-28T12:05:04|received 2021-10-28T16:09:41
2021-28-10 11:10:15 AM|root|INFO|user_id 25523702|order_id 4971765533|saved 2021-10-28 11:10:15.|sent 2021-10-28T12:07:28|received 2021-10-28T16:09:36
2021-28-10 11:10:15 AM|root|INFO|user_id 25523702|order_id 4971771743|saved 2021-10-28 11:10:15.|sent 2021-10-28T12:08:35|received 2021-10-28T16:10:02
2021-28-10 11:15:08 AM|root|INFO|user_id 160190870|order_id 4971781335|saved 2021-10-28 11:15:08.|sent 2021-10-28T12:12:20|received 2021-10-28T16:14:56
2021-28-10 11:15:15 AM|root|INFO|user_id 25523702|order_id 4971786987|saved 2021-10-28 11:15:15.|sent 2021-10-28T12:14:34|received 2021-10-28T16:14:42
2021-28-10 11:20:08 AM|root|INFO|user_id 160190870|order_id 4971795129|saved 2021-10-28 11:20:08.|sent 2021-10-28T12:15:55|received 2021-10-28T16:18:03
2021-28-10 11:20:08 AM|root|INFO|user_id 160190870|order_id 4971791252|saved 2021-10-28 11:20:08.|sent 2021-10-28T12:15:37|received 2021-10-28T16:18:59
2021-28-10 11:20:08 AM|root|INFO|user_id 160190870|order_id 4971796843|saved 2021-10-28 11:20:08.|sent 2021-10-28T12:18:06|received 2021-10-28T16:19:59
2021-28-10 11:20:08 AM|root|INFO|user_id 160190870|order_id 4971797446|saved 2021-10-28 11:20:08.|sent 2021-10-28T12:18:39|received 2021-10-28T16:19:56
2021-28-10 11:20:08 AM|root|INFO|user_id 160190870|order_id 4971791957|saved 2021-10-28 11:20:08.|sent 2021-10-28T12:18:38|received 2021-10-28T16:19:48
2021-28-10 11:25:07 AM|root|INFO|user_id 160190870|order_id 4971806771|saved 2021-10-28 11:25:07.|sent 2021-10-28T12:20:48|received 2021-10-28T16:22:48
2021-28-10 11:25:14 AM|root|INFO|user_id 25523702|order_id 4971811998|saved 2021-10-28 11:25:14.|sent 2021-10-28T12:23:15|received 2021-10-28T16:25:04
2021-28-10 11:30:09 AM|root|INFO|user_id 160190870|order_id 4971819374|saved 2021-10-28 11:30:09.|sent 2021-10-28T12:25:18|received 2021-10-28T16:27:39
2021-28-10 11:30:09 AM|root|INFO|user_id 160190870|order_id 4971829496|saved 2021-10-28 11:30:09.|sent 2021-10-28T12:29:27|received 2021-10-28T16:29:33
2021-28-10 11:30:09 AM|root|INFO|user_id 160190870|order_id 4971834445|saved 2021-10-28 11:30:09.|sent 2021-10-28T12:29:53|received 2021-10-28T16:30:00
2021-28-10 11:30:16 AM|root|INFO|user_id 25523702|order_id 4971822620|saved 2021-10-28 11:30:16.|sent 2021-10-28T12:26:23|received 2021-10-28T16:28:29
2021-28-10 11:30:16 AM|root|INFO|user_id 25523702|order_id 4971832271|saved 2021-10-28 11:30:16.|sent 2021-10-28T12:29:06|received 2021-10-28T16:29:1
2021-28-10 11:35:07 AM|root|INFO|user_id 160190870|order_id 4971842160|saved 2021-10-28 11:35:07.|sent 2021-10-28T12:32:34|received 2021-10-28T16:34:47
2021-28-10 11:35:07 AM|root|INFO|user_id 160190870|order_id 4971831937|saved 2021-10-28 11:35:07.|sent 2021-10-28T12:32:16|received 2021-10-28T16:34:57
2021-28-10 11:35:07 AM|root|INFO|user_id 160190870|order_id 4971847063|saved 2021-10-28 11:35:07.|sent 2021-10-28T12:33:27|received 2021-10-28T16:34:59
2021-28-10 11:35:08 AM|root|INFO|user_id 160190870|order_id 4971850080|saved 2021-10-28 11:35:08.|sent 2021-10-28T12:34:49|received 2021-10-28T16:34:55
2021-28-10 11:35:15 AM|root|INFO|user_id 25523702|order_id 4971846356|saved 2021-10-28 11:35:15.|sent 2021-10-28T12:33:47|received 2021-10-28T16:35:05
2021-28-10 11:40:08 AM|root|INFO|user_id 160190870|order_id 4971850270|saved 2021-10-28 11:40:08.|sent 2021-10-28T12:35:12|received 2021-10-28T16:38:17
2021-28-10 11:45:14 AM|root|INFO|user_id 25523702|order_id 4971860592|saved 2021-10-28 11:45:14.|sent 2021-10-28T12:41:09|received 2021-10-28T16:44:01
2021-28-10 11:45:14 AM|root|INFO|user_id 25523702|order_id 4971866422|saved 2021-10-28 11:45:14.|sent 2021-10-28T12:41:33|received 2021-10-28T16:43:52
2021-28-10 11:45:14 AM|root|INFO|user_id 25523702|order_id 4971867688|saved 2021-10-28 11:45:14.|sent 2021-10-28T12:42:34|received 2021-10-28T16:44:39
2021-28-10 11:45:14 AM|root|INFO|user_id 25523702|order_id 4971870242|saved 2021-10-28 11:45:14.|sent 2021-10-28T12:41:55|received 2021-10-28T16:45:00
2021-28-10 11:45:14 AM|root|INFO|user_id 25523702|order_id 4971869635|saved 2021-10-28 11:45:14.|sent 2021-10-28T12:43:31|received 2021-10-28T16:44:54
2021-28-10 11:45:14 AM|root|INFO|user_id 25523702|order_id 4971875398|saved 2021-10-28 11:45:14.|sent 2021-10-28T12:44:02|received 2021-10-28T16:44:10
2021-28-10 11:45:14 AM|root|INFO|user_id 25523702|order_id 4971875687|saved 2021-10-28 11:45:14.|sent 2021-10-28T12:44:35|received 2021-10-28T16:44:42
2021-28-10 11:50:08 AM|root|INFO|user_id 160190870|order_id 4971878566|saved 2021-10-28 11:50:08.|sent 2021-10-28T12:45:40|received 2021-10-28T16:48:10
2021-28-10 11:50:08 AM|root|INFO|user_id 160190870|order_id 4971879699|saved 2021-10-28 11:50:08.|sent 2021-10-28T12:47:42|received 2021-10-28T16:49:52
2021-28-10 11:50:15 AM|root|INFO|user_id 25523702|order_id 4971894246|saved 2021-10-28 11:50:15.|sent 2021-10-28T12:50:04|received 2021-10-28T16:50:06
2021-28-10 11:55:08 AM|root|INFO|user_id 160190870|order_id 4971892498|saved 2021-10-28 11:55:08.|sent 2021-10-28T12:51:02|received 2021-10-28T16:53:46
2021-28-10 11:55:08 AM|root|INFO|user_id 160190870|order_id 4971898782|saved 2021-10-28 11:55:08.|sent 2021-10-28T12:54:01|received 2021-10-28T16:54:08
2021-28-10 12:05:09 PM|root|INFO|user_id 160190870|order_id 4971906616|saved 2021-10-28 12:05:09.|sent 2021-10-28T12:55:57|received 2021-10-28T16:59:
2021-28-10 12:05:09 PM|root|INFO|user_id 160190870|order_id 4971912960|saved 2021-10-28 12:05:09.|sent 2021-10-28T12:57:06|received 2021-10-28T16:59:17
2021-28-10 12:05:15 PM|root|INFO|user_id 25523702|order_id 4971916263|saved 2021-10-28 12:05:15.|sent 2021-10-28T12:57:40|received 2021-10-28T17:00:20
2021-28-10 12:05:15 PM|root|INFO|user_id 25523702|order_id 4971932248|saved 2021-10-28 12:05:15.|sent 2021-10-28T13:02:55|received 2021-10-28T17:05:05
2021-28-10 12:10:08 PM|root|INFO|user_id 160190870|order_id 4971942490|saved 2021-10-28 12:10:08.|sent 2021-10-28T13:08:37|received 2021-10-28T17:09:56
2021-28-10 12:10:14 PM|root|INFO|user_id 25523702|order_id 4971936517|saved 2021-10-28 12:10:14.|sent 2021-10-28T13:06:09|received 2021-10-28T17:09:17
2021-28-10 12:10:14 PM|root|INFO|user_id 25523702|order_id 4971948109|saved 2021-10-28 12:10:14.|sent 2021-10-28T13:08:52|received 2021-10-28T17:09:59
2021-28-10 12:15:08 PM|root|INFO|user_id 160190870|order_id 4971952891|saved 2021-10-28 12:15:08.|sent 2021-10-28T13:11:23|received 2021-10-28T17:13:24
2021-28-10 12:15:14 PM|root|INFO|user_id 25523702|order_id 4971943877|saved 2021-10-28 12:15:14.|sent 2021-10-28T13:10:34|received 2021-10-28T17:14:0
2021-28-10 12:15:14 PM|root|INFO|user_id 25523702|order_id 4971963664|saved 2021-10-28 12:15:14.|sent 2021-10-28T13:14:48|received 2021-10-28T17:14:57
2021-28-10 12:20:08 PM|root|INFO|user_id 160190870|order_id 4971964949|saved 2021-10-28 12:20:08.|sent 2021-10-28T13:15:45|received 2021-10-28T17:18:13
2021-28-10 12:20:14 PM|root|INFO|user_id 25523702|order_id 4971970063|saved 2021-10-28 12:20:14.|sent 2021-10-28T13:15:49|received 2021-10-28T17:18:50
2021-28-10 12:20:14 PM|root|INFO|user_id 25523702|order_id 4971967795|saved 2021-10-28 12:20:14.|sent 2021-10-28T13:19:12|received 2021-10-28T17:19:20
2021-28-10 12:25:08 PM|root|INFO|user_id 160190870|order_id 4971985256|saved 2021-10-28 12:25:08.|sent 2021-10-28T13:21:52|received 2021-10-28T17:24:01
2021-28-10 12:25:08 PM|root|INFO|user_id 160190870|order_id 4971989492|saved 2021-10-28 12:25:08.|sent 2021-10-28T13:24:22|received 2021-10-28T17:24:32
2021-28-10 12:25:14 PM|root|INFO|user_id 25523702|order_id 4971988468|saved 2021-10-28 12:25:14.|sent 2021-10-28T13:24:19|received 2021-10-28T17:24:26
2021-28-10 12:35:07 PM|root|INFO|user_id 160190870|order_id 4971989963|saved 2021-10-28 12:35:07.|sent 2021-10-28T13:25:19|received 2021-10-28T17:27:12
2021-28-10 12:35:07 PM|root|INFO|user_id 160190870|order_id 4971996039|saved 2021-10-28 12:35:07.|sent 2021-10-28T13:25:27|received 2021-10-28T17:27:42
2021-28-10 12:35:07 PM|root|INFO|user_id 160190870|order_id 4972005812|saved 2021-10-28 12:35:07.|sent 2021-10-28T13:32:17|received 2021-10-28T17:34:50
2021-28-10 12:35:08 PM|root|INFO|user_id 160190870|order_id 4972020679|saved 2021-10-28 12:35:08.|sent 2021-10-28T13:34:56|received 2021-10-28T17:35:00
2021-28-10 12:35:13 PM|root|INFO|user_id 25523702|order_id 4971461319|saved 2021-10-28 12:35:13.|sent 2021-10-28T10:24:09|received 2021-10-28T17:28:5
2021-28-10 12:35:13 PM|root|INFO|user_id 25523702|order_id 4971998270|saved 2021-10-28 12:35:13.|sent 2021-10-28T13:26:29|received 2021-10-28T17:28:2
2021-28-10 12:35:13 PM|root|INFO|user_id 25523702|order_id 4972000447|saved 2021-10-28 12:35:13.|sent 2021-10-28T13:28:26|received 2021-10-28T17:30:26
2021-28-10 12:35:13 PM|root|INFO|user_id 25523702|order_id 4972003549|saved 2021-10-28 12:35:13.|sent 2021-10-28T13:29:14|received 2021-10-28T17:31:18
2021-28-10 12:35:13 PM|root|INFO|user_id 25523702|order_id 4972007225|saved 2021-10-28 12:35:13.|sent 2021-10-28T13:29:50|received 2021-10-28T17:33:48
2021-28-10 12:35:13 PM|root|INFO|user_id 25523702|order_id 4972018023|saved 2021-10-28 12:35:13.|sent 2021-10-28T13:33:00|received 2021-10-28T17:35:01
2021-28-10 12:35:14 PM|root|INFO|user_id 25523702|order_id 4972015774|saved 2021-10-28 12:35:14.|sent 2021-10-28T13:33:52|received 2021-10-28T17:34:01
2021-28-10 12:35:14 PM|root|INFO|user_id 25523702|order_id 4972020190|saved 2021-10-28 12:35:14.|sent 2021-10-28T13:33:57|received 2021-10-28T17:34:05
2021-28-10 12:35:14 PM|root|INFO|user_id 25523702|order_id 4972021528|saved 2021-10-28 12:35:14.|sent 2021-10-28T13:34:48|received 2021-10-28T17:35:01
2021-28-10 12:40:08 PM|root|INFO|user_id 160190870|order_id 4972017437|saved 2021-10-28 12:40:08.|sent 2021-10-28T13:34:35|received 2021-10-28T17:37:40
2021-28-10 12:40:08 PM|root|INFO|user_id 160190870|order_id 4972027601|saved 2021-10-28 12:40:08.|sent 2021-10-28T13:37:33|received 2021-10-28T17:39:3
2021-28-10 12:40:14 PM|root|INFO|user_id 25523702|order_id 4972019673|saved 2021-10-28 12:40:14.|sent 2021-10-28T13:35:58|received 2021-10-28T17:38:17
2021-28-10 12:40:15 PM|root|INFO|user_id 25523702|order_id 4972032633|saved 2021-10-28 12:40:15.|sent 2021-10-28T13:39:04|received 2021-10-28T17:39:13
2021-28-10 12:40:15 PM|root|INFO|user_id 25523702|order_id 4972037031|saved 2021-10-28 12:40:15.|sent 2021-10-28T13:39:49|received 2021-10-28T17:39:56
2021-28-10 12:45:07 PM|root|INFO|user_id 160190870|order_id 4972043562|saved 2021-10-28 12:45:07.|sent 2021-10-28T13:43:04|received 2021-10-28T17:44:59
2021-28-10 12:45:08 PM|root|INFO|user_id 160190870|order_id 4972044800|saved 2021-10-28 12:45:08.|sent 2021-10-28T13:43:37|received 2021-10-28T17:43:43
2021-28-10 12:45:08 PM|root|INFO|user_id 160190870|order_id 4972036806|saved 2021-10-28 12:45:08.|sent 2021-10-28T13:42:48|received 2021-10-28T17:44:40
2021-28-10 12:45:08 PM|root|INFO|user_id 160190870|order_id 4972049184|saved 2021-10-28 12:45:08.|sent 2021-10-28T13:44:22|received 2021-10-28T17:44:28
2021-28-10 12:45:08 PM|root|INFO|user_id 160190870|order_id 4972047975|saved 2021-10-28 12:45:08.|sent 2021-10-28T13:44:45|received 2021-10-28T17:44:54
2021-28-10 12:45:14 PM|root|INFO|user_id 25523702|order_id 4972038241|saved 2021-10-28 12:45:14.|sent 2021-10-28T13:40:21|received 2021-10-28T17:43:07
2021-28-10 12:50:09 PM|root|INFO|user_id 160190870|order_id 4972061830|saved 2021-10-28 12:50:09.|sent 2021-10-28T13:49:54|received 2021-10-28T17:50:00
2021-28-10 12:50:15 PM|root|INFO|user_id 25523702|order_id 4972057041|saved 2021-10-28 12:50:15.|sent 2021-10-28T13:46:36|received 2021-10-28T17:48:57
2021-28-10 12:50:15 PM|root|INFO|user_id 25523702|order_id 4971891404|saved 2021-10-28 12:50:15.|sent 2021-10-28T12:49:56|received 2021-10-28T17:49:55
2021-28-10 12:50:15 PM|root|INFO|user_id 25523702|order_id 4972064030|saved 2021-10-28 12:50:15.|sent 2021-10-28T13:48:58|received 2021-10-28T17:49:06
2021-28-10 12:55:09 PM|root|INFO|user_id 160190870|order_id 4972074302|saved 2021-10-28 12:55:09.|sent 2021-10-28T13:53:01|received 2021-10-28T17:54:53
2021-28-10 12:55:16 PM|root|INFO|user_id 25523702|order_id 4972064946|saved 2021-10-28 12:55:16.|sent 2021-10-28T13:50:45|received 2021-10-28T17:52:58
2021-28-10 12:55:16 PM|root|INFO|user_id 25523702|order_id 4972021372|saved 2021-10-28 12:55:16.|sent 2021-10-28T13:34:31|received 2021-10-28T17:54:56
2021-28-10 01:00:12 PM|root|INFO|user_id 160190870|order_id 4972083045|saved 2021-10-28 13:00:12.|sent 2021-10-28T13:55:05|received 2021-10-28T17:56:57
2021-28-10 01:00:12 PM|root|INFO|user_id 160190870|order_id 4972083725|saved 2021-10-28 13:00:12.|sent 2021-10-28T13:56:26|received 2021-10-28T17:59:2
2021-28-10 01:00:13 PM|root|INFO|user_id 160190870|order_id 4972085989|saved 2021-10-28 13:00:13.|sent 2021-10-28T13:58:35|received 2021-10-28T18:00:02
2021-28-10 01:05:08 PM|root|INFO|user_id 160190870|order_id 4972094728|saved 2021-10-28 13:05:08.|sent 2021-10-28T14:00:23|received 2021-10-28T18:02:1
2021-28-10 01:05:16 PM|root|INFO|user_id 25523702|order_id 4972105680|saved 2021-10-28 13:05:16.|sent 2021-10-28T14:04:27|received 2021-10-28T18:04:34
2021-28-10 01:10:08 PM|root|INFO|user_id 160190870|order_id 4972101828|saved 2021-10-28 13:10:08.|sent 2021-10-28T14:06:19|received 2021-10-28T18:09:00
2021-28-10 01:10:09 PM|root|INFO|user_id 160190870|order_id 4972102963|saved 2021-10-28 13:10:09.|sent 2021-10-28T14:07:22|received 2021-10-28T18:09:30
2021-28-10 01:10:15 PM|root|INFO|user_id 25523702|order_id 4972101984|saved 2021-10-28 13:10:15.|sent 2021-10-28T14:07:05|received 2021-10-28T18:09:3
2021-28-10 01:10:16 PM|root|INFO|user_id 25523702|order_id 4972118102|saved 2021-10-28 13:10:16.|sent 2021-10-28T14:07:56|received 2021-10-28T18:09:5
2021-28-10 01:15:08 PM|root|INFO|user_id 160190870|order_id 4972118506|saved 2021-10-28 13:15:08.|sent 2021-10-28T14:10:06|received 2021-10-28T18:13:01
2021-28-10 01:15:08 PM|root|INFO|user_id 160190870|order_id 4972128184|saved 2021-10-28 13:15:08.|sent 2021-10-28T14:12:29|received 2021-10-28T18:14:3
2021-28-10 01:15:14 PM|root|INFO|user_id 25523702|order_id 4972120737|saved 2021-10-28 13:15:14.|sent 2021-10-28T14:12:21|received 2021-10-28T18:15:01
2021-28-10 01:15:14 PM|root|INFO|user_id 25523702|order_id 4972129610|saved 2021-10-28 13:15:14.|sent 2021-10-28T14:13:01|received 2021-10-28T18:14:54
2021-28-10 01:20:08 PM|root|INFO|user_id 160190870|order_id 4972147289|saved 2021-10-28 13:20:08.|sent 2021-10-28T14:18:36|received 2021-10-28T18:18:42
2021-28-10 01:25:07 PM|root|INFO|user_id 160190870|order_id 4972139747|saved 2021-10-28 13:25:07.|sent 2021-10-28T14:19:15|received 2021-10-28T18:23:04
2021-28-10 01:25:07 PM|root|INFO|user_id 160190870|order_id 4972157295|saved 2021-10-28 13:25:07.|sent 2021-10-28T14:22:49|received 2021-10-28T18:24:4
2021-28-10 01:25:07 PM|root|INFO|user_id 160190870|order_id 4972157579|saved 2021-10-28 13:25:07.|sent 2021-10-28T14:23:22|received 2021-10-28T18:24:57
2021-28-10 01:25:14 PM|root|INFO|user_id 25523702|order_id 4972160248|saved 2021-10-28 13:25:14.|sent 2021-10-28T14:23:38|received 2021-10-28T18:24:45
2021-28-10 01:30:09 PM|root|INFO|user_id 160190870|order_id 4972165203|saved 2021-10-28 13:30:09.|sent 2021-10-28T14:25:59|received 2021-10-28T18:28:59
2021-28-10 01:30:09 PM|root|INFO|user_id 160190870|order_id 4972169595|saved 2021-10-28 13:30:09.|sent 2021-10-28T14:27:35|received 2021-10-28T18:29:5
2021-28-10 01:30:09 PM|root|INFO|user_id 160190870|order_id 4972175292|saved 2021-10-28 13:30:09.|sent 2021-10-28T14:29:11|received 2021-10-28T18:29:19
2021-28-10 01:30:09 PM|root|INFO|user_id 160190870|order_id 4972177005|saved 2021-10-28 13:30:09.|sent 2021-10-28T14:29:37|received 2021-10-28T18:29:43
2021-28-10 01:30:15 PM|root|INFO|user_id 25523702|order_id 4972162746|saved 2021-10-28 13:30:15.|sent 2021-10-28T14:25:46|received 2021-10-28T18:28:17
2021-28-10 01:35:14 PM|root|INFO|user_id 25523702|order_id 4972185297|saved 2021-10-28 13:35:14.|sent 2021-10-28T14:32:58|received 2021-10-28T18:35:01
2021-28-10 01:35:14 PM|root|INFO|user_id 25523702|order_id 4972055699|saved 2021-10-28 13:35:14.|sent 2021-10-28T13:47:36|received 2021-10-28T18:35:05
2021-28-10 01:45:07 PM|root|INFO|user_id 160190870|order_id 4972214500|saved 2021-10-28 13:45:07.|sent 2021-10-28T14:44:35|received 2021-10-28T18:44:42
2021-28-10 01:45:13 PM|root|INFO|user_id 25523702|order_id 4972205560|saved 2021-10-28 13:45:13.|sent 2021-10-28T14:40:11|received 2021-10-28T18:42:20
2021-28-10 01:45:13 PM|root|INFO|user_id 25523702|order_id 4971758834|saved 2021-10-28 13:45:13.|sent 2021-10-28T12:04:40|received 2021-10-28T18:43:14
2021-28-10 01:45:14 PM|root|INFO|user_id 25523702|order_id 4972212024|saved 2021-10-28 13:45:14.|sent 2021-10-28T14:41:32|received 2021-10-28T18:43:42
2021-28-10 01:45:14 PM|root|INFO|user_id 25523702|order_id 4970666579|saved 2021-10-28 13:45:14.|sent 2021-10-27T22:45:47|received 2021-10-28T18:44:53
2021-28-10 01:50:15 PM|root|INFO|user_id 25523702|order_id 4972227590|saved 2021-10-28 13:50:15.|sent 2021-10-28T14:48:32|received 2021-10-28T18:50:02
2021-28-10 01:55:07 PM|root|INFO|user_id 160190870|order_id 4972234599|saved 2021-10-28 13:55:07.|sent 2021-10-28T14:50:55|received 2021-10-28T18:53:3
2021-28-10 01:55:07 PM|root|INFO|user_id 160190870|order_id 4972234932|saved 2021-10-28 13:55:07.|sent 2021-10-28T14:51:43|received 2021-10-28T18:53:54
2021-28-10 01:55:08 PM|root|INFO|user_id 160190870|order_id 4972233941|saved 2021-10-28 13:55:08.|sent 2021-10-28T14:52:40|received 2021-10-28T18:54:51
2021-28-10 01:55:08 PM|root|INFO|user_id 160190870|order_id 4972238567|saved 2021-10-28 13:55:08.|sent 2021-10-28T14:52:45|received 2021-10-28T18:54:42
2021-28-10 01:55:08 PM|root|INFO|user_id 160190870|order_id 4972237897|saved 2021-10-28 13:55:08.|sent 2021-10-28T14:52:57|received 2021-10-28T18:54:47
2021-28-10 01:55:14 PM|root|INFO|user_id 25523702|order_id 4972237181|saved 2021-10-28 13:55:14.|sent 2021-10-28T14:51:25|received 2021-10-28T18:53:40
2021-28-10 01:55:14 PM|root|INFO|user_id 25523702|order_id 4972242484|saved 2021-10-28 13:55:14.|sent 2021-10-28T14:54:28|received 2021-10-28T18:54:34
2021-28-10 01:55:14 PM|root|INFO|user_id 25523702|order_id 4972247207|saved 2021-10-28 13:55:14.|sent 2021-10-28T14:54:27|received 2021-10-28T18:54:36
2021-28-10 02:00:15 PM|root|INFO|user_id 160190870|order_id 4972244663|saved 2021-10-28 14:00:15.|sent 2021-10-28T14:55:02|received 2021-10-28T18:57:23
2021-28-10 02:00:15 PM|root|INFO|user_id 160190870|order_id 4972255423|saved 2021-10-28 14:00:15.|sent 2021-10-28T14:59:00|received 2021-10-28T18:59:42
2021-28-10 02:00:21 PM|root|INFO|user_id 25523702|order_id 4972247117|saved 2021-10-28 14:00:21.|sent 2021-10-28T14:54:17|received 2021-10-28T18:57:12
2021-28-10 02:00:21 PM|root|INFO|user_id 25523702|order_id 4972242692|saved 2021-10-28 14:00:21.|sent 2021-10-28T14:55:08|received 2021-10-28T18:57:1
2021-28-10 02:00:21 PM|root|INFO|user_id 25523702|order_id 4972245883|saved 2021-10-28 14:00:21.|sent 2021-10-28T14:56:51|received 2021-10-28T18:58:53
2021-28-10 02:00:22 PM|root|INFO|user_id 25523702|order_id 4971715004|saved 2021-10-28 14:00:22.|sent 2021-10-28T11:48:45|received 2021-10-28T18:59:33
2021-28-10 02:00:22 PM|root|INFO|user_id 25523702|order_id 4972253480|saved 2021-10-28 14:00:22.|sent 2021-10-28T14:58:09|received 2021-10-28T19:00:13
2021-28-10 02:05:08 PM|root|INFO|user_id 160190870|order_id 4972261201|saved 2021-10-28 14:05:08.|sent 2021-10-28T15:00:12|received 2021-10-28T19:03:10
2021-28-10 02:05:14 PM|root|INFO|user_id 25523702|order_id 4972263095|saved 2021-10-28 14:05:14.|sent 2021-10-28T15:00:14|received 2021-10-28T19:02:14
2021-28-10 02:10:09 PM|root|INFO|user_id 160190870|order_id 4972277335|saved 2021-10-28 14:10:09.|sent 2021-10-28T15:06:05|received 2021-10-28T19:08:5
2021-28-10 02:10:09 PM|root|INFO|user_id 160190870|order_id 4972278386|saved 2021-10-28 14:10:09.|sent 2021-10-28T15:06:48|received 2021-10-28T19:08:57
2021-28-10 02:15:08 PM|root|INFO|user_id 160190870|order_id 4972295158|saved 2021-10-28 14:15:08.|sent 2021-10-28T15:12:11|received 2021-10-28T19:13:57
2021-28-10 02:15:08 PM|root|INFO|user_id 160190870|order_id 4972289756|saved 2021-10-28 14:15:08.|sent 2021-10-28T15:12:24|received 2021-10-28T19:14:57
2021-28-10 02:15:08 PM|root|INFO|user_id 160190870|order_id 4972293971|saved 2021-10-28 14:15:08.|sent 2021-10-28T15:13:10|received 2021-10-28T19:14:55
2021-28-10 02:15:14 PM|root|INFO|user_id 25523702|order_id 4972290155|saved 2021-10-28 14:15:14.|sent 2021-10-28T15:10:47|received 2021-10-28T19:12:4
2021-28-10 02:20:08 PM|root|INFO|user_id 160190870|order_id 4972196478|saved 2021-10-28 14:20:08.|sent 2021-10-28T14:37:29|received 2021-10-28T19:19:53
2021-28-10 02:20:08 PM|root|INFO|user_id 160190870|order_id 4972304948|saved 2021-10-28 14:20:08.|sent 2021-10-28T15:17:23|received 2021-10-28T19:19:28
2021-28-10 02:25:08 PM|root|INFO|user_id 160190870|order_id 4972318469|saved 2021-10-28 14:25:08.|sent 2021-10-28T15:21:35|received 2021-10-28T19:23:40
2021-28-10 02:25:24 PM|root|INFO|user_id 25523702|order_id 4972318750|saved 2021-10-28 14:25:24.|sent 2021-10-28T15:22:29|received 2021-10-28T19:25:07
2021-28-10 02:25:24 PM|root|INFO|user_id 25523702|order_id 4972322664|saved 2021-10-28 14:25:24.|sent 2021-10-28T15:23:28|received 2021-10-28T19:24:50
2021-28-10 02:25:24 PM|root|INFO|user_id 25523702|order_id 4972330084|saved 2021-10-28 14:25:24.|sent 2021-10-28T15:24:24|received 2021-10-28T19:24:32
2021-28-10 02:30:09 PM|root|INFO|user_id 25523702|order_id 4972331276|saved 2021-10-28 14:30:09.|sent 2021-10-28T15:26:22|received 2021-10-28T19:28:50
2021-28-10 02:35:08 PM|root|INFO|user_id 160190870|order_id 4972325892|saved 2021-10-28 14:35:08.|sent 2021-10-28T15:26:21|received 2021-10-28T19:29:30
2021-28-10 02:35:08 PM|root|INFO|user_id 160190870|order_id 4972331373|saved 2021-10-28 14:35:08.|sent 2021-10-28T15:26:41|received 2021-10-28T19:29:45
2021-28-10 02:35:08 PM|root|INFO|user_id 160190870|order_id 4972338097|saved 2021-10-28 14:35:08.|sent 2021-10-28T15:28:37|received 2021-10-28T19:31:06
2021-28-10 02:35:08 PM|root|INFO|user_id 160190870|order_id 4972337900|saved 2021-10-28 14:35:08.|sent 2021-10-28T15:29:51|received 2021-10-28T19:32:04
2021-28-10 02:35:08 PM|root|INFO|user_id 160190870|order_id 4972355191|saved 2021-10-28 14:35:08.|sent 2021-10-28T15:34:50|received 2021-10-28T19:34:57
2021-28-10 02:35:14 PM|root|INFO|user_id 25523702|order_id 4972346080|saved 2021-10-28 14:35:14.|sent 2021-10-28T15:31:03|received 2021-10-28T19:33:11
2021-28-10 02:35:14 PM|root|INFO|user_id 25523702|order_id 4972342942|saved 2021-10-28 14:35:14.|sent 2021-10-28T15:32:15|received 2021-10-28T19:34:20
2021-28-10 02:35:14 PM|root|INFO|user_id 25523702|order_id 4972219149|saved 2021-10-28 14:35:14.|sent 2021-10-28T14:45:05|received 2021-10-28T19:34:49
2021-28-10 02:35:15 PM|root|INFO|user_id 25523702|order_id 4972347710|saved 2021-10-28 14:35:15.|sent 2021-10-28T15:32:35|received 2021-10-28T19:34:30
2021-28-10 02:35:15 PM|root|INFO|user_id 25523702|order_id 4972347711|saved 2021-10-28 14:35:15.|sent 2021-10-28T15:32:35|received 2021-10-28T19:34:47
2021-28-10 02:35:15 PM|root|INFO|user_id 25523702|order_id 4972349964|saved 2021-10-28 14:35:15.|sent 2021-10-28T15:34:18|received 2021-10-28T19:34:24
2021-28-10 02:40:08 PM|root|INFO|user_id 160190870|order_id 4972365552|saved 2021-10-28 14:40:08.|sent 2021-10-28T15:38:51|received 2021-10-28T19:39:57
2021-28-10 02:40:17 PM|root|INFO|user_id 25523702|order_id 4972361352|saved 2021-10-28 14:40:17.|sent 2021-10-28T15:37:22|received 2021-10-28T19:39:31
2021-28-10 02:40:17 PM|root|INFO|user_id 25523702|order_id 4972365966|saved 2021-10-28 14:40:17.|sent 2021-10-28T15:39:47|received 2021-10-28T19:39:54
2021-28-10 02:45:14 PM|root|INFO|user_id 25523702|order_id 4972371374|saved 2021-10-28 14:45:14.|sent 2021-10-28T15:40:37|received 2021-10-28T19:43:09
2021-28-10 02:50:08 PM|root|INFO|user_id 25523702|order_id 4972389370|saved 2021-10-28 14:50:08.|sent 2021-10-28T15:47:32|received 2021-10-28T19:49:30
2021-28-10 02:50:09 PM|root|INFO|user_id 25523702|order_id 4972395417|saved 2021-10-28 14:50:09.|sent 2021-10-28T15:49:52|received 2021-10-28T19:50:00
2021-28-10 02:55:07 PM|root|INFO|user_id 160190870|order_id 4972382477|saved 2021-10-28 14:55:07.|sent 2021-10-28T15:45:22|received 2021-10-28T19:47:37
2021-28-10 02:55:08 PM|root|INFO|user_id 160190870|order_id 4972389552|saved 2021-10-28 14:55:08.|sent 2021-10-28T15:47:58|received 2021-10-28T19:50:49
2021-28-10 02:55:14 PM|root|INFO|user_id 25523702|order_id 4972399302|saved 2021-10-28 14:55:14.|sent 2021-10-28T15:51:39|received 2021-10-28T19:53:39
2021-28-10 02:55:14 PM|root|INFO|user_id 25523702|order_id 4972396717|saved 2021-10-28 14:55:14.|sent 2021-10-28T15:52:28|received 2021-10-28T19:53:30
2021-28-10 02:55:14 PM|root|INFO|user_id 25523702|order_id 4972402276|saved 2021-10-28 14:55:14.|sent 2021-10-28T15:53:06|received 2021-10-28T19:54:4
2021-28-10 03:00:13 PM|root|INFO|user_id 160190870|order_id 4972420042|saved 2021-10-28 15:00:13.|sent 2021-10-28T15:59:30|received 2021-10-28T19:59:37
2021-28-10 03:00:20 PM|root|INFO|user_id 25523702|order_id 4972409601|saved 2021-10-28 15:00:20.|sent 2021-10-28T15:56:14|received 2021-10-28T19:58:20
2021-28-10 03:05:09 PM|root|INFO|user_id 160190870|order_id 4971440904|saved 2021-10-28 15:05:09.|sent 2021-10-28T10:18:03|received 2021-10-28T20:04:36
2021-28-10 03:05:17 PM|root|INFO|user_id 25523702|order_id 4972426268|saved 2021-10-28 15:05:17.|sent 2021-10-28T16:02:29|received 2021-10-28T20:04:42
2021-28-10 03:05:18 PM|root|INFO|user_id 25523702|order_id 4972426660|saved 2021-10-28 15:05:18.|sent 2021-10-28T16:04:02|received 2021-10-28T20:04:08
2021-28-10 03:05:18 PM|root|INFO|user_id 25523702|order_id 4972430608|saved 2021-10-28 15:05:18.|sent 2021-10-28T16:04:28|received 2021-10-28T20:04:35
2021-28-10 03:10:09 PM|root|INFO|user_id 160190870|order_id 4972436784|saved 2021-10-28 15:10:09.|sent 2021-10-28T16:07:15|received 2021-10-28T20:09:11
2021-28-10 03:10:10 PM|root|INFO|user_id 160190870|order_id 4972443731|saved 2021-10-28 15:10:10.|sent 2021-10-28T16:09:47|received 2021-10-28T20:09:58
2021-28-10 03:15:08 PM|root|INFO|user_id 160190870|order_id 4972454077|saved 2021-10-28 15:15:08.|sent 2021-10-28T16:12:58|received 2021-10-28T20:15:00
2021-28-10 03:15:08 PM|root|INFO|user_id 160190870|order_id 4972452319|saved 2021-10-28 15:15:08.|sent 2021-10-28T16:13:28|received 2021-10-28T20:14:39
2021-28-10 03:15:08 PM|root|INFO|user_id 160190870|order_id 4972451730|saved 2021-10-28 15:15:08.|sent 2021-10-28T16:14:17|received 2021-10-28T20:14:23
2021-28-10 03:20:10 PM|root|INFO|user_id 160190870|order_id 4972461310|saved 2021-10-28 15:20:10.|sent 2021-10-28T16:16:04|received 2021-10-28T20:18:05
2021-28-10 03:25:08 PM|root|INFO|user_id 160190870|order_id 4972464913|saved 2021-10-28 15:25:08.|sent 2021-10-28T16:20:05|received 2021-10-28T20:22:4
2021-28-10 03:25:08 PM|root|INFO|user_id 160190870|order_id 4972469875|saved 2021-10-28 15:25:08.|sent 2021-10-28T16:20:47|received 2021-10-28T20:23:2
2021-28-10 03:25:08 PM|root|INFO|user_id 160190870|order_id 4972475329|saved 2021-10-28 15:25:08.|sent 2021-10-28T16:21:52|received 2021-10-28T20:23:55
2021-28-10 03:25:14 PM|root|INFO|user_id 25523702|order_id 4972476033|saved 2021-10-28 15:25:14.|sent 2021-10-28T16:22:16|received 2021-10-28T20:24:36
2021-28-10 03:25:14 PM|root|INFO|user_id 25523702|order_id 4972476839|saved 2021-10-28 15:25:14.|sent 2021-10-28T16:24:14|received 2021-10-28T20:24:20
2021-28-10 03:25:14 PM|root|INFO|user_id 25523702|order_id 4972483062|saved 2021-10-28 15:25:14.|sent 2021-10-28T16:24:47|received 2021-10-28T20:24:56
2021-28-10 03:30:09 PM|root|INFO|user_id 160190870|order_id 4972480562|saved 2021-10-28 15:30:09.|sent 2021-10-28T16:25:21|received 2021-10-28T20:27:49
2021-28-10 03:30:15 PM|root|INFO|user_id 25523702|order_id 4972481867|saved 2021-10-28 15:30:15.|sent 2021-10-28T16:25:46|received 2021-10-28T20:27:31
2021-28-10 03:30:16 PM|root|INFO|user_id 25523702|order_id 4972483846|saved 2021-10-28 15:30:16.|sent 2021-10-28T16:26:44|received 2021-10-28T20:29:48
2021-28-10 03:30:16 PM|root|INFO|user_id 25523702|order_id 4972485785|saved 2021-10-28 15:30:16.|sent 2021-10-28T16:26:58|received 2021-10-28T20:29:05
2021-28-10 03:35:11 PM|root|INFO|user_id 160190870|order_id 4972491852|saved 2021-10-28 15:35:11.|sent 2021-10-28T16:30:21|received 2021-10-28T20:32:26
2021-28-10 03:40:08 PM|root|INFO|user_id 160190870|order_id 4972512097|saved 2021-10-28 15:40:08.|sent 2021-10-28T16:37:07|received 2021-10-28T20:39:14
2021-28-10 03:40:08 PM|root|INFO|user_id 160190870|order_id 4972511411|saved 2021-10-28 15:40:08.|sent 2021-10-28T16:37:41|received 2021-10-28T20:39:50
2021-28-10 03:45:13 PM|root|INFO|user_id 25523702|order_id 4972520360|saved 2021-10-28 15:45:13.|sent 2021-10-28T16:40:39|received 2021-10-28T20:42:45
2021-28-10 03:45:13 PM|root|INFO|user_id 25523702|order_id 4972522266|saved 2021-10-28 15:45:13.|sent 2021-10-28T16:41:18|received 2021-10-28T20:43:3
2021-28-10 03:50:08 PM|root|INFO|user_id 160190870|order_id 4972541107|saved 2021-10-28 15:50:08.|sent 2021-10-28T16:48:55|received 2021-10-28T20:49:02
2021-28-10 03:50:08 PM|root|INFO|user_id 160190870|order_id 4972540632|saved 2021-10-28 15:50:08.|sent 2021-10-28T16:49:47|received 2021-10-28T20:49:55
2021-28-10 03:50:15 PM|root|INFO|user_id 25523702|order_id 4972530724|saved 2021-10-28 15:50:15.|sent 2021-10-28T16:46:01|received 2021-10-28T20:48:00
2021-28-10 03:50:15 PM|root|INFO|user_id 25523702|order_id 4972540732|saved 2021-10-28 15:50:15.|sent 2021-10-28T16:50:02|received 2021-10-28T20:50:06
2021-28-10 03:55:07 PM|root|INFO|user_id 160190870|order_id 4972541449|saved 2021-10-28 15:55:07.|sent 2021-10-28T16:50:22|received 2021-10-28T20:52:56
2021-28-10 03:55:07 PM|root|INFO|user_id 160190870|order_id 4972541664|saved 2021-10-28 15:55:07.|sent 2021-10-28T16:51:09|received 2021-10-28T20:52:58
2021-28-10 03:55:08 PM|root|INFO|user_id 160190870|order_id 4972552330|saved 2021-10-28 15:55:08.|sent 2021-10-28T16:53:53|received 2021-10-28T20:54:01
2021-28-10 03:55:08 PM|root|INFO|user_id 160190870|order_id 4972545521|saved 2021-10-28 15:55:08.|sent 2021-10-28T16:52:18|received 2021-10-28T20:54:11
2021-28-10 03:55:13 PM|root|INFO|user_id 25523702|order_id 4972542671|saved 2021-10-28 15:55:13.|sent 2021-10-28T16:50:32|received 2021-10-28T20:52:49
2021-28-10 03:55:14 PM|root|INFO|user_id 25523702|order_id 4972548693|saved 2021-10-28 15:55:14.|sent 2021-10-28T16:53:01|received 2021-10-28T20:54:53
2021-28-10 04:00:11 PM|root|INFO|user_id 160190870|order_id 4972551836|saved 2021-10-28 16:00:11.|sent 2021-10-28T16:55:53|received 2021-10-28T20:58:23
2021-28-10 04:00:12 PM|root|INFO|user_id 160190870|order_id 4972554584|saved 2021-10-28 16:00:12.|sent 2021-10-28T16:56:27|received 2021-10-28T20:58:43
2021-28-10 04:00:12 PM|root|INFO|user_id 160190870|order_id 4972556257|saved 2021-10-28 16:00:12.|sent 2021-10-28T16:55:10|received 2021-10-28T20:59:18
2021-28-10 04:05:08 PM|root|INFO|user_id 160190870|order_id 4972566732|saved 2021-10-28 16:05:08.|sent 2021-10-28T17:01:51|received 2021-10-28T21:04:41
2021-28-10 04:10:08 PM|root|INFO|user_id 160190870|order_id 4972587399|saved 2021-10-28 16:10:08.|sent 2021-10-28T17:09:29|received 2021-10-28T21:09:36
2021-28-10 04:10:14 PM|root|INFO|user_id 25523702|order_id 4972095213|saved 2021-10-28 16:10:14.|sent 2021-10-28T13:59:26|received 2021-10-28T21:08:57
2021-28-10 04:10:14 PM|root|INFO|user_id 25523702|order_id 4972581503|saved 2021-10-28 16:10:14.|sent 2021-10-28T17:06:55|received 2021-10-28T21:09:24
2021-28-10 04:15:14 PM|root|INFO|user_id 25523702|order_id 4972587604|saved 2021-10-28 16:15:14.|sent 2021-10-28T17:10:20|received 2021-10-28T21:12:19
2021-28-10 04:15:14 PM|root|INFO|user_id 25523702|order_id 4972590424|saved 2021-10-28 16:15:14.|sent 2021-10-28T17:10:32|received 2021-10-28T21:13:15
2021-28-10 04:15:14 PM|root|INFO|user_id 25523702|order_id 4972598016|saved 2021-10-28 16:15:14.|sent 2021-10-28T17:12:18|received 2021-10-28T21:14:18
2021-28-10 04:15:14 PM|root|INFO|user_id 25523702|order_id 4972591791|saved 2021-10-28 16:15:14.|sent 2021-10-28T17:12:32|received 2021-10-28T21:15:
2021-28-10 04:20:08 PM|root|INFO|user_id 160190870|order_id 4972612165|saved 2021-10-28 16:20:08.|sent 2021-10-28T17:18:49|received 2021-10-28T21:18:57
2021-28-10 04:20:15 PM|root|INFO|user_id 25523702|order_id 4972599771|saved 2021-10-28 16:20:14.|sent 2021-10-28T17:15:13|received 2021-10-28T21:17:13
2021-28-10 04:20:15 PM|root|INFO|user_id 25523702|order_id 4972602273|saved 2021-10-28 16:20:15.|sent 2021-10-28T17:15:24|received 2021-10-28T21:18:07
2021-28-10 04:20:15 PM|root|INFO|user_id 25523702|order_id 4972603343|saved 2021-10-28 16:20:15.|sent 2021-10-28T17:15:38|received 2021-10-28T21:17:3
2021-28-10 04:25:08 PM|root|INFO|user_id 160190870|order_id 4972619024|saved 2021-10-28 16:25:08.|sent 2021-10-28T17:21:34|received 2021-10-28T21:23:59
2021-28-10 04:25:08 PM|root|INFO|user_id 160190870|order_id 4972625182|saved 2021-10-28 16:25:08.|sent 2021-10-28T17:24:34|received 2021-10-28T21:24:40
2021-28-10 04:25:14 PM|root|INFO|user_id 25523702|order_id 4972617054|saved 2021-10-28 16:25:14.|sent 2021-10-28T17:21:00|received 2021-10-28T21:23:00
2021-28-10 04:25:14 PM|root|INFO|user_id 25523702|order_id 4972621108|saved 2021-10-28 16:25:14.|sent 2021-10-28T17:22:42|received 2021-10-28T21:24:4
2021-28-10 04:25:14 PM|root|INFO|user_id 25523702|order_id 4972621781|saved 2021-10-28 16:25:14.|sent 2021-10-28T17:24:21|received 2021-10-28T21:24:30
2021-28-10 04:30:09 PM|root|INFO|user_id 160190870|order_id 4972627203|saved 2021-10-28 16:30:09.|sent 2021-10-28T17:25:32|received 2021-10-28T21:27:31
2021-28-10 04:30:10 PM|root|INFO|user_id 160190870|order_id 4972623886|saved 2021-10-28 16:30:10.|sent 2021-10-28T17:26:58|received 2021-10-28T21:29:27
2021-28-10 04:35:08 PM|root|INFO|user_id 160190870|order_id 4972638200|saved 2021-10-28 16:35:08.|sent 2021-10-28T17:30:26|received 2021-10-28T21:32:29
2021-28-10 04:45:08 PM|root|INFO|user_id 160190870|order_id 4972660443|saved 2021-10-28 16:45:08.|sent 2021-10-28T17:40:37|received 2021-10-28T21:43:16
2021-28-10 04:45:08 PM|root|INFO|user_id 160190870|order_id 4972662906|saved 2021-10-28 16:45:08.|sent 2021-10-28T17:42:26|received 2021-10-28T21:44:31
2021-28-10 04:50:08 PM|root|INFO|user_id 160190870|order_id 4972669835|saved 2021-10-28 16:50:08.|sent 2021-10-28T17:46:37|received 2021-10-28T21:48:42
2021-28-10 04:50:08 PM|root|INFO|user_id 160190870|order_id 4972667906|saved 2021-10-28 16:50:08.|sent 2021-10-28T17:46:37|received 2021-10-28T21:48:42
2021-28-10 04:50:08 PM|root|INFO|user_id 160190870|order_id 4972676413|saved 2021-10-28 16:50:08.|sent 2021-10-28T17:47:12|received 2021-10-28T21:49:05
2021-28-10 04:50:15 PM|root|INFO|user_id 25523702|order_id 4972678294|saved 2021-10-28 16:50:15.|sent 2021-10-28T17:48:06|received 2021-10-28T21:50:03
2021-28-10 04:55:08 PM|root|INFO|user_id 160190870|order_id 4972693054|saved 2021-10-28 16:55:08.|sent 2021-10-28T17:53:25|received 2021-10-28T21:54:56
2021-28-10 04:55:14 PM|root|INFO|user_id 25523702|order_id 4972686068|saved 2021-10-28 16:55:14.|sent 2021-10-28T17:50:58|received 2021-10-28T21:53:2
2021-28-10 04:55:14 PM|root|INFO|user_id 25523702|order_id 4971570074|saved 2021-10-28 16:55:14.|sent 2021-10-28T10:59:49|received 2021-10-28T21:54:56
2021-28-10 05:00:15 PM|root|INFO|user_id 160190870|order_id 4972694575|saved 2021-10-28 17:00:15.|sent 2021-10-28T17:54:59|received 2021-10-28T21:57:03
2021-28-10 05:00:15 PM|root|INFO|user_id 160190870|order_id 4972702287|saved 2021-10-28 17:00:15.|sent 2021-10-28T17:57:51|received 2021-10-28T22:00:06
2021-28-10 05:05:08 PM|root|INFO|user_id 160190870|order_id 4972702921|saved 2021-10-28 17:05:08.|sent 2021-10-28T17:59:28|received 2021-10-28T22:04:51
2021-28-10 05:05:08 PM|root|INFO|user_id 160190870|order_id 4972713078|saved 2021-10-28 17:05:08.|sent 2021-10-28T18:02:24|received 2021-10-28T22:04:56
2021-28-10 05:10:08 PM|root|INFO|user_id 160190870|order_id 4972730328|saved 2021-10-28 17:10:08.|sent 2021-10-28T18:09:39|received 2021-10-28T22:09:47
2021-28-10 05:15:07 PM|root|INFO|user_id 160190870|order_id 4972730826|saved 2021-10-28 17:15:07.|sent 2021-10-28T18:10:54|received 2021-10-28T22:14:47
2021-28-10 05:15:07 PM|root|INFO|user_id 160190870|order_id 4972736671|saved 2021-10-28 17:15:07.|sent 2021-10-28T18:12:58|received 2021-10-28T22:14:53
2021-28-10 05:20:16 PM|root|INFO|user_id 25523702|order_id 4972741767|saved 2021-10-28 17:20:16.|sent 2021-10-28T18:15:39|received 2021-10-28T22:17:50
2021-28-10 05:25:14 PM|root|INFO|user_id 25523702|order_id 4972677694|saved 2021-10-28 17:25:14.|sent 2021-10-28T17:48:43|received 2021-10-28T22:23:36
2021-28-10 05:30:15 PM|root|INFO|user_id 25523702|order_id 4972767307|saved 2021-10-28 17:30:15.|sent 2021-10-28T18:25:57|received 2021-10-28T22:27:48
2021-28-10 05:30:15 PM|root|INFO|user_id 25523702|order_id 4972763982|saved 2021-10-28 17:30:15.|sent 2021-10-28T18:26:19|received 2021-10-28T22:28:12
2021-28-10 05:35:07 PM|root|INFO|user_id 160190870|order_id 4972772934|saved 2021-10-28 17:35:07.|sent 2021-10-28T18:30:32|received 2021-10-28T22:32:49
2021-28-10 05:35:07 PM|root|INFO|user_id 160190870|order_id 4972782325|saved 2021-10-28 17:35:07.|sent 2021-10-28T18:32:26|received 2021-10-28T22:34:10
2021-28-10 05:35:14 PM|root|INFO|user_id 25523702|order_id 4972778336|saved 2021-10-28 17:35:14.|sent 2021-10-28T18:31:04|received 2021-10-28T22:33:42
2021-28-10 05:40:07 PM|root|INFO|user_id 160190870|order_id 4972789757|saved 2021-10-28 17:40:07.|sent 2021-10-28T18:37:11|received 2021-10-28T22:39:3
2021-28-10 05:40:07 PM|root|INFO|user_id 160190870|order_id 4972792212|saved 2021-10-28 17:40:07.|sent 2021-10-28T18:37:11|received 2021-10-28T22:39:3
2021-28-10 05:40:07 PM|root|INFO|user_id 160190870|order_id 4972791798|saved 2021-10-28 17:40:07.|sent 2021-10-28T18:37:22|received 2021-10-28T22:39:26
2021-28-10 05:40:07 PM|root|INFO|user_id 160190870|order_id 4972797058|saved 2021-10-28 17:40:07.|sent 2021-10-28T18:38:17|received 2021-10-28T22:39:59
2021-28-10 05:40:13 PM|root|INFO|user_id 25523702|order_id 4972784880|saved 2021-10-28 17:40:13.|sent 2021-10-28T18:36:02|received 2021-10-28T22:39:24
2021-28-10 05:40:13 PM|root|INFO|user_id 25523702|order_id 4972718654|saved 2021-10-28 17:40:13.|sent 2021-10-28T18:05:25|received 2021-10-28T22:39:51
2021-28-10 05:40:13 PM|root|INFO|user_id 25523702|order_id 4972789897|saved 2021-10-28 17:40:13.|sent 2021-10-28T18:37:35|received 2021-10-28T22:39:41
2021-28-10 05:40:13 PM|root|INFO|user_id 25523702|order_id 4972796511|saved 2021-10-28 17:40:13.|sent 2021-10-28T18:39:11|received 2021-10-28T22:39:18
2021-28-10 05:45:08 PM|root|INFO|user_id 160190870|order_id 4972807375|saved 2021-10-28 17:45:08.|sent 2021-10-28T18:43:14|received 2021-10-28T22:45:00
2021-28-10 05:45:08 PM|root|INFO|user_id 160190870|order_id 4972808323|saved 2021-10-28 17:45:08.|sent 2021-10-28T18:43:14|received 2021-10-28T22:45:00
2021-28-10 05:45:15 PM|root|INFO|user_id 25523702|order_id 4972803030|saved 2021-10-28 17:45:15.|sent 2021-10-28T18:40:24|received 2021-10-28T22:42:21
2021-28-10 05:45:15 PM|root|INFO|user_id 25523702|order_id 4972806109|saved 2021-10-28 17:45:15.|sent 2021-10-28T18:42:00|received 2021-10-28T22:43:42
2021-28-10 05:50:15 PM|root|INFO|user_id 25523702|order_id 4972824052|saved 2021-10-28 17:50:15.|sent 2021-10-28T18:49:18|received 2021-10-28T22:49:25
2021-28-10 06:00:19 PM|root|INFO|user_id 25523702|order_id 4972831427|saved 2021-10-28 18:00:19.|sent 2021-10-28T18:53:46|received 2021-10-28T22:57:41
2021-28-10 06:00:19 PM|root|INFO|user_id 25523702|order_id 4972826904|saved 2021-10-28 18:00:19.|sent 2021-10-28T18:53:46|received 2021-10-28T22:57:41
2021-28-10 06:00:19 PM|root|INFO|user_id 25523702|order_id 4972643179|saved 2021-10-28 18:00:19.|sent 2021-10-28T17:32:12|received 2021-10-28T22:59:51
2021-28-10 06:00:19 PM|root|INFO|user_id 25523702|order_id 4972847206|saved 2021-10-28 18:00:19.|sent 2021-10-28T18:59:33|received 2021-10-28T22:59:39
2021-28-10 06:00:19 PM|root|INFO|user_id 25523702|order_id 4971913650|saved 2021-10-28 18:00:19.|sent 2021-10-28T12:57:50|received 2021-10-28T23:00:00
2021-28-10 06:05:13 PM|root|INFO|user_id 25523702|order_id 4972855002|saved 2021-10-28 18:05:13.|sent 2021-10-28T19:01:46|received 2021-10-28T23:04:01
2021-28-10 06:10:09 PM|root|INFO|user_id 160190870|order_id 4972858152|saved 2021-10-28 18:10:09.|sent 2021-10-28T19:04:19|received 2021-10-28T23:07:31
2021-28-10 06:10:09 PM|root|INFO|user_id 160190870|order_id 4972869145|saved 2021-10-28 18:10:09.|sent 2021-10-28T19:08:42|received 2021-10-28T23:10:00
2021-28-10 06:10:09 PM|root|INFO|user_id 160190870|order_id 4972867944|saved 2021-10-28 18:10:09.|sent 2021-10-28T19:09:50|received 2021-10-28T23:09:58
2021-28-10 06:10:15 PM|root|INFO|user_id 25523702|order_id 4972858155|saved 2021-10-28 18:10:15.|sent 2021-10-28T19:04:20|received 2021-10-28T23:08:06
2021-28-10 06:10:15 PM|root|INFO|user_id 25523702|order_id 4972854825|saved 2021-10-28 18:10:15.|sent 2021-10-28T19:05:39|received 2021-10-28T23:08:12
2021-28-10 06:10:15 PM|root|INFO|user_id 25523702|order_id 4972866178|saved 2021-10-28 18:10:15.|sent 2021-10-28T19:07:11|received 2021-10-28T23:09:33
2021-28-10 06:15:09 PM|root|INFO|user_id 160190870|order_id 4972881143|saved 2021-10-28 18:15:09.|sent 2021-10-28T19:13:36|received 2021-10-28T23:14:53
2021-28-10 06:15:15 PM|root|INFO|user_id 25523702|order_id 4972873215|saved 2021-10-28 18:15:15.|sent 2021-10-28T19:10:22|received 2021-10-28T23:12:30
2021-28-10 06:15:15 PM|root|INFO|user_id 25523702|order_id 4972874154|saved 2021-10-28 18:15:15.|sent 2021-10-28T19:10:21|received 2021-10-28T23:12:30
2021-28-10 06:15:15 PM|root|INFO|user_id 25523702|order_id 4972871874|saved 2021-10-28 18:15:15.|sent 2021-10-28T19:11:30|received 2021-10-28T23:12:52
2021-28-10 06:15:15 PM|root|INFO|user_id 25523702|order_id 4972877015|saved 2021-10-28 18:15:15.|sent 2021-10-28T19:11:41|received 2021-10-28T23:13:33
2021-28-10 06:15:15 PM|root|INFO|user_id 25523702|order_id 4972875778|saved 2021-10-28 18:15:15.|sent 2021-10-28T19:12:42|received 2021-10-28T23:14:36
2021-28-10 06:20:08 PM|root|INFO|user_id 160190870|order_id 4972892724|saved 2021-10-28 18:20:08.|sent 2021-10-28T19:19:17|received 2021-10-28T23:19:2
2021-28-10 06:20:08 PM|root|INFO|user_id 160190870|order_id 4972890509|saved 2021-10-28 18:20:08.|sent 2021-10-28T19:19:08|received 2021-10-28T23:19:44
2021-28-10 06:20:08 PM|root|INFO|user_id 160190870|order_id 4972891466|saved 2021-10-28 18:20:08.|sent 2021-10-28T19:19:06|received 2021-10-28T23:19:46
2021-28-10 06:20:14 PM|root|INFO|user_id 25523702|order_id 4972884229|saved 2021-10-28 18:20:14.|sent 2021-10-28T19:15:07|received 2021-10-28T23:16:57
2021-28-10 06:20:14 PM|root|INFO|user_id 25523702|order_id 4972881741|saved 2021-10-28 18:20:14.|sent 2021-10-28T19:15:08|received 2021-10-28T23:17:2
2021-28-10 06:20:14 PM|root|INFO|user_id 25523702|order_id 4972884725|saved 2021-10-28 18:20:14.|sent 2021-10-28T19:16:18|received 2021-10-28T23:18:20
2021-28-10 06:25:07 PM|root|INFO|user_id 160190870|order_id 4972891474|saved 2021-10-28 18:25:07.|sent 2021-10-28T19:19:07|received 2021-10-28T23:22:16
2021-28-10 06:25:07 PM|root|INFO|user_id 160190870|order_id 4972890505|saved 2021-10-28 18:25:07.|sent 2021-10-28T19:19:06|received 2021-10-28T23:22:40
2021-28-10 06:25:08 PM|root|INFO|user_id 160190870|order_id 4972897595|saved 2021-10-28 18:25:08.|sent 2021-10-28T19:21:33|received 2021-10-28T23:23:4
2021-28-10 06:25:08 PM|root|INFO|user_id 160190870|order_id 4972907190|saved 2021-10-28 18:25:08.|sent 2021-10-28T19:24:53|received 2021-10-28T23:24:59
2021-28-10 06:30:09 PM|root|INFO|user_id 25523702|order_id 4972904854|saved 2021-10-28 18:30:09.|sent 2021-10-28T19:25:34|received 2021-10-28T23:27:44
2021-28-10 06:30:12 PM|root|INFO|user_id 25523702|order_id 4972908547|saved 2021-10-28 18:30:12.|sent 2021-10-28T19:27:28|received 2021-10-28T23:29:57
2021-28-10 06:30:12 PM|root|INFO|user_id 25523702|order_id 4972914020|saved 2021-10-28 18:30:12.|sent 2021-10-28T19:27:28|received 2021-10-28T23:29:57
2021-28-10 06:30:12 PM|root|INFO|user_id 25523702|order_id 4972915406|saved 2021-10-28 18:30:12.|sent 2021-10-28T19:28:45|received 2021-10-28T23:29:58
2021-28-10 06:35:12 PM|root|INFO|user_id 160190870|order_id 4972910518|saved 2021-10-28 18:35:12.|sent 2021-10-28T19:27:30|received 2021-10-28T23:29:49
2021-28-10 06:35:12 PM|root|INFO|user_id 160190870|order_id 4972914029|saved 2021-10-28 18:35:12.|sent 2021-10-28T19:27:30|received 2021-10-28T23:29:31
2021-28-10 06:35:20 PM|root|INFO|user_id 25523702|order_id 4972394968|saved 2021-10-28 18:35:20.|sent 2021-10-28T15:50:56|received 2021-10-28T23:32:44
2021-28-10 06:35:20 PM|root|INFO|user_id 25523702|order_id 4972914873|saved 2021-10-28 18:35:20.|sent 2021-10-28T19:30:53|received 2021-10-28T23:32:5
2021-28-10 06:35:20 PM|root|INFO|user_id 25523702|order_id 4972927085|saved 2021-10-28 18:35:20.|sent 2021-10-28T19:33:28|received 2021-10-28T23:34:39
2021-28-10 06:40:09 PM|root|INFO|user_id 160190870|order_id 4972865900|saved 2021-10-28 18:40:09.|sent 2021-10-28T19:08:52|received 2021-10-28T23:39:40
2021-28-10 06:45:13 PM|root|INFO|user_id 160190870|order_id 4972945104|saved 2021-10-28 18:45:13.|sent 2021-10-28T19:40:41|received 2021-10-28T23:42:30
2021-28-10 06:45:19 PM|root|INFO|user_id 25523702|order_id 4972949103|saved 2021-10-28 18:45:19.|sent 2021-10-28T19:42:14|received 2021-10-28T23:44:22
2021-28-10 06:45:19 PM|root|INFO|user_id 25523702|order_id 4972947733|saved 2021-10-28 18:45:19.|sent 2021-10-28T19:42:38|received 2021-10-28T23:44:45
2021-28-10 06:45:19 PM|root|INFO|user_id 25523702|order_id 4972952450|saved 2021-10-28 18:45:19.|sent 2021-10-28T19:44:25|received 2021-10-28T23:44:31
2021-28-10 06:45:22 PM|root|INFO|user_id 25523702|order_id 4972952119|saved 2021-10-28 18:45:22.|sent 2021-10-28T19:43:34|received 2021-10-28T23:45:10
2021-28-10 06:50:08 PM|root|INFO|user_id 160190870|order_id 4972953733|saved 2021-10-28 18:50:08.|sent 2021-10-28T19:45:50|received 2021-10-28T23:48:04
2021-28-10 06:50:09 PM|root|INFO|user_id 160190870|order_id 4972960326|saved 2021-10-28 18:50:09.|sent 2021-10-28T19:48:28|received 2021-10-28T23:49:57
2021-28-10 06:50:15 PM|root|INFO|user_id 25523702|order_id 4972958641|saved 2021-10-28 18:50:15.|sent 2021-10-28T19:47:23|received 2021-10-28T23:49:23
2021-28-10 06:50:15 PM|root|INFO|user_id 25523702|order_id 4972961827|saved 2021-10-28 18:50:15.|sent 2021-10-28T19:48:52|received 2021-10-28T23:49:07
2021-28-10 06:50:15 PM|root|INFO|user_id 25523702|order_id 4972962449|saved 2021-10-28 18:50:15.|sent 2021-10-28T19:48:59|received 2021-10-28T23:49:08
2021-28-10 06:50:15 PM|root|INFO|user_id 25523702|order_id 4972965367|saved 2021-10-28 18:50:15.|sent 2021-10-28T19:49:44|received 2021-10-28T23:49:5
2021-28-10 06:55:08 PM|root|INFO|user_id 160190870|order_id 4972967338|saved 2021-10-28 18:55:08.|sent 2021-10-28T19:50:00|received 2021-10-28T23:52:05
2021-28-10 06:55:14 PM|root|INFO|user_id 25523702|order_id 4972976031|saved 2021-10-28 18:55:14.|sent 2021-10-28T19:53:32|received 2021-10-28T23:54:58
2021-28-10 07:05:02 PM|root|INFO|user_id 25523702|order_id 4972998200|saved 2021-10-28 19:05:02.|sent 2021-10-28T20:03:11|received 2021-10-29T00:04:52
2021-28-10 07:05:02 PM|root|INFO|user_id 25523702|order_id 4973001040|saved 2021-10-28 19:05:02.|sent 2021-10-28T20:03:47|received 2021-10-29T00:04:55
2021-28-10 07:10:02 PM|root|INFO|user_id 160190870|order_id 4973001444|saved 2021-10-28 19:10:02.|sent 2021-10-28T20:05:24|received 2021-10-29T00:07:21
2021-28-10 07:10:02 PM|root|INFO|user_id 160190870|order_id 4973008102|saved 2021-10-28 19:10:02.|sent 2021-10-28T20:06:56|received 2021-10-29T00:09:54
2021-28-10 07:10:03 PM|root|INFO|user_id 160190870|order_id 4973010168|saved 2021-10-28 19:10:03.|sent 2021-10-28T20:08:23|received 2021-10-29T00:09:53
2021-28-10 07:10:03 PM|root|INFO|user_id 160190870|order_id 4973013354|saved 2021-10-28 19:10:03.|sent 2021-10-28T20:09:13|received 2021-10-29T00:09:21
2021-28-10 07:10:03 PM|root|INFO|user_id 25523702|order_id 4973000726|saved 2021-10-28 19:10:03.|sent 2021-10-28T20:05:08|received 2021-10-29T00:07:3
2021-28-10 07:20:02 PM|root|INFO|user_id 160190870|order_id 4973025928|saved 2021-10-28 19:20:02.|sent 2021-10-28T20:17:34|received 2021-10-29T00:19:50
2021-28-10 07:20:02 PM|root|INFO|user_id 160190870|order_id 4973027449|saved 2021-10-28 19:20:02.|sent 2021-10-28T20:16:37|received 2021-10-29T00:19:49
2021-28-10 07:20:03 PM|root|INFO|user_id 25523702|order_id 4973023834|saved 2021-10-28 19:20:03.|sent 2021-10-28T20:15:27|received 2021-10-29T00:17:49
2021-28-10 07:25:02 PM|root|INFO|user_id 160190870|order_id 4973034586|saved 2021-10-28 19:25:02.|sent 2021-10-28T20:19:20|received 2021-10-29T00:22:
2021-28-10 07:25:02 PM|root|INFO|user_id 160190870|order_id 4973041295|saved 2021-10-28 19:25:02.|sent 2021-10-28T20:21:40|received 2021-10-29T00:23:5
2021-28-10 07:25:03 PM|root|INFO|user_id 25523702|order_id 4973041052|saved 2021-10-28 19:25:03.|sent 2021-10-28T20:21:06|received 2021-10-29T00:22:31
2021-28-10 07:25:03 PM|root|INFO|user_id 25523702|order_id 4973045003|saved 2021-10-28 19:25:03.|sent 2021-10-28T20:23:00|received 2021-10-29T00:24:59
2021-28-10 07:25:03 PM|root|INFO|user_id 25523702|order_id 4973044951|saved 2021-10-28 19:25:03.|sent 2021-10-28T20:24:10|received 2021-10-29T00:24:18
2021-28-10 07:30:04 PM|root|INFO|user_id 160190870|order_id 4973050313|saved 2021-10-28 19:30:04.|sent 2021-10-28T20:25:08|received 2021-10-29T00:27:20
2021-28-10 07:30:04 PM|root|INFO|user_id 160190870|order_id 4973046595|saved 2021-10-28 19:30:04.|sent 2021-10-28T20:25:37|received 2021-10-29T00:27:57
2021-28-10 07:30:04 PM|root|INFO|user_id 160190870|order_id 4973051069|saved 2021-10-28 19:30:04.|sent 2021-10-28T20:25:39|received 2021-10-29T00:28:23
2021-28-10 07:30:05 PM|root|INFO|user_id 25523702|order_id 4973053174|saved 2021-10-28 19:30:05.|sent 2021-10-28T20:26:05|received 2021-10-29T00:28:08
2021-28-10 07:30:06 PM|root|INFO|user_id 25523702|order_id 4973055554|saved 2021-10-28 19:30:06.|sent 2021-10-28T20:28:15|received 2021-10-29T00:29:57
2021-28-10 07:35:03 PM|root|INFO|user_id 160190870|order_id 4973068377|saved 2021-10-28 19:35:03.|sent 2021-10-28T20:33:22|received 2021-10-29T00:34:49
2021-28-10 07:35:05 PM|root|INFO|user_id 25523702|order_id 4973064183|saved 2021-10-28 19:35:05.|sent 2021-10-28T20:31:09|received 2021-10-29T00:33:16
2021-28-10 07:35:05 PM|root|INFO|user_id 25523702|order_id 4973067186|saved 2021-10-28 19:35:05.|sent 2021-10-28T20:32:24|received 2021-10-29T00:34:21
2021-28-10 07:35:05 PM|root|INFO|user_id 25523702|order_id 4973071228|saved 2021-10-28 19:35:05.|sent 2021-10-28T20:34:19|received 2021-10-29T00:34:24
2021-28-10 07:35:05 PM|root|INFO|user_id 25523702|order_id 4973072551|saved 2021-10-28 19:35:05.|sent 2021-10-28T20:34:44|received 2021-10-29T00:34:53
2021-28-10 07:40:06 PM|root|INFO|user_id 25523702|order_id 4973071351|saved 2021-10-28 19:40:06.|sent 2021-10-28T20:34:49|received 2021-10-29T00:37:26
2021-28-10 07:40:06 PM|root|INFO|user_id 25523702|order_id 4973079704|saved 2021-10-28 19:40:06.|sent 2021-10-28T20:38:48|received 2021-10-29T00:40:01
2021-28-10 07:45:02 PM|root|INFO|user_id 160190870|order_id 4973088609|saved 2021-10-28 19:45:02.|sent 2021-10-28T20:42:22|received 2021-10-29T00:44:41
2021-28-10 07:45:04 PM|root|INFO|user_id 25523702|order_id 4973086235|saved 2021-10-28 19:45:04.|sent 2021-10-28T20:40:37|received 2021-10-29T00:43:51
2021-28-10 07:45:04 PM|root|INFO|user_id 25523702|order_id 4973084734|saved 2021-10-28 19:45:04.|sent 2021-10-28T20:42:12|received 2021-10-29T00:44:04
2021-28-10 07:50:03 PM|root|INFO|user_id 160190870|order_id 4973103374|saved 2021-10-28 19:50:03.|sent 2021-10-28T20:48:32|received 2021-10-29T00:49:51
2021-28-10 07:55:07 PM|root|INFO|user_id 25523702|order_id 4973110039|saved 2021-10-28 19:55:07.|sent 2021-10-28T20:50:42|received 2021-10-29T00:52:45
2021-28-10 08:05:03 PM|root|INFO|user_id 160190870|order_id 4973125432|saved 2021-10-28 20:05:03.|sent 2021-10-28T20:57:06|received 2021-10-29T01:01:50
2021-28-10 08:05:03 PM|root|INFO|user_id 160190870|order_id 4973131853|saved 2021-10-28 20:05:03.|sent 2021-10-28T21:01:47|received 2021-10-29T01:04:22
2021-28-10 08:05:04 PM|root|INFO|user_id 160190870|order_id 4973133644|saved 2021-10-28 20:05:04.|sent 2021-10-28T21:01:47|received 2021-10-29T01:04:22
2021-28-10 08:05:04 PM|root|INFO|user_id 160190870|order_id 4973141007|saved 2021-10-28 20:05:04.|sent 2021-10-28T21:03:14|received 2021-10-29T01:04:19
2021-28-10 08:05:07 PM|root|INFO|user_id 25523702|order_id 4973125405|saved 2021-10-28 20:05:07.|sent 2021-10-28T20:57:02|received 2021-10-29T01:00:5
2021-28-10 08:05:07 PM|root|INFO|user_id 25523702|order_id 4973127517|saved 2021-10-28 20:05:07.|sent 2021-10-28T20:58:48|received 2021-10-29T01:01:07
2021-28-10 08:05:07 PM|root|INFO|user_id 25523702|order_id 4973137208|saved 2021-10-28 20:05:07.|sent 2021-10-28T21:02:12|received 2021-10-29T01:04:22
2021-28-10 08:05:07 PM|root|INFO|user_id 25523702|order_id 4973137453|saved 2021-10-28 20:05:07.|sent 2021-10-28T21:03:15|received 2021-10-29T01:05:0
2021-28-10 08:15:04 PM|root|INFO|user_id 160190870|order_id 4973163063|saved 2021-10-28 20:15:04.|sent 2021-10-28T21:13:35|received 2021-10-29T01:14:53
2021-28-10 08:15:07 PM|root|INFO|user_id 25523702|order_id 4973153457|saved 2021-10-28 20:15:07.|sent 2021-10-28T21:10:25|received 2021-10-29T01:12:22
2021-28-10 08:15:07 PM|root|INFO|user_id 25523702|order_id 4973154965|saved 2021-10-28 20:15:07.|sent 2021-10-28T21:11:48|received 2021-10-29T01:13:59
2021-28-10 08:20:04 PM|root|INFO|user_id 160190870|order_id 4973175188|saved 2021-10-28 20:20:04.|sent 2021-10-28T21:19:00|received 2021-10-29T01:19:47
2021-28-10 08:25:06 PM|root|INFO|user_id 160190870|order_id 4973180324|saved 2021-10-28 20:25:06.|sent 2021-10-28T21:21:31|received 2021-10-29T01:23:11
2021-28-10 08:25:06 PM|root|INFO|user_id 160190870|order_id 4973187189|saved 2021-10-28 20:25:06.|sent 2021-10-28T21:23:57|received 2021-10-29T01:24:05
2021-28-10 08:30:05 PM|root|INFO|user_id 25523702|order_id 4973189690|saved 2021-10-28 20:30:05.|sent 2021-10-28T21:27:31|received 2021-10-29T01:29:34
2021-28-10 08:30:06 PM|root|INFO|user_id 25523702|order_id 4973190690|saved 2021-10-28 20:30:06.|sent 2021-10-28T21:27:51|received 2021-10-29T01:29:59
2021-28-10 08:35:09 PM|root|INFO|user_id 25523702|order_id 4973200507|saved 2021-10-28 20:35:09.|sent 2021-10-28T21:32:23|received 2021-10-29T01:34:57
2021-28-10 08:40:06 PM|root|INFO|user_id 160190870|order_id 4973208553|saved 2021-10-28 20:40:06.|sent 2021-10-28T21:36:25|received 2021-10-29T01:38:
2021-28-10 08:40:10 PM|root|INFO|user_id 25523702|order_id 4973208857|saved 2021-10-28 20:40:10.|sent 2021-10-28T21:37:45|received 2021-10-29T01:40:0
2021-28-10 08:45:05 PM|root|INFO|user_id 160190870|order_id 4973224786|saved 2021-10-28 20:45:05.|sent 2021-10-28T21:42:52|received 2021-10-29T01:44:49
2021-28-10 08:45:05 PM|root|INFO|user_id 160190870|order_id 4973231080|saved 2021-10-28 20:45:05.|sent 2021-10-28T21:44:13|received 2021-10-29T01:44:19
2021-28-10 08:50:06 PM|root|INFO|user_id 160190870|order_id 4973187044|saved 2021-10-28 20:50:06.|sent 2021-10-28T21:23:33|received 2021-10-29T01:47:44
2021-28-10 08:50:09 PM|root|INFO|user_id 25523702|order_id 4973225586|saved 2021-10-28 20:50:09.|sent 2021-10-28T21:45:12|received 2021-10-29T01:47:50
2021-28-10 08:55:05 PM|root|INFO|user_id 160190870|order_id 4973242508|saved 2021-10-28 20:55:05.|sent 2021-10-28T21:50:52|received 2021-10-29T01:54:46
2021-28-10 08:55:05 PM|root|INFO|user_id 160190870|order_id 4973248856|saved 2021-10-28 20:55:05.|sent 2021-10-28T21:54:56|received 2021-10-29T01:55:01
2021-28-10 08:55:09 PM|root|INFO|user_id 25523702|order_id 4973242287|saved 2021-10-28 20:55:09.|sent 2021-10-28T21:50:14|received 2021-10-29T01:52:23
2021-28-10 08:55:09 PM|root|INFO|user_id 25523702|order_id 4973240331|saved 2021-10-28 20:55:09.|sent 2021-10-28T21:50:15|received 2021-10-29T01:51:58
2021-28-10 09:00:10 PM|root|INFO|user_id 160190870|order_id 4973246768|saved 2021-10-28 21:00:10.|sent 2021-10-28T21:54:44|received 2021-10-29T01:55:48
2021-28-10 09:00:10 PM|root|INFO|user_id 160190870|order_id 4973244913|saved 2021-10-28 21:00:10.|sent 2021-10-28T21:54:49|received 2021-10-29T01:57:15
2021-28-10 09:00:14 PM|root|INFO|user_id 25523702|order_id 4973254911|saved 2021-10-28 21:00:14.|sent 2021-10-28T21:58:01|received 2021-10-29T01:59:53
2021-28-10 09:05:06 PM|root|INFO|user_id 160190870|order_id 4973267437|saved 2021-10-28 21:05:06.|sent 2021-10-28T22:03:02|received 2021-10-29T02:04:52
2021-28-10 09:05:07 PM|root|INFO|user_id 160190870|order_id 4973272008|saved 2021-10-28 21:05:07.|sent 2021-10-28T22:04:27|received 2021-10-29T02:04:36
2021-28-10 09:10:06 PM|root|INFO|user_id 160190870|order_id 4973274355|saved 2021-10-28 21:10:06.|sent 2021-10-28T22:06:07|received 2021-10-29T02:07:59
2021-28-10 09:10:10 PM|root|INFO|user_id 25523702|order_id 4973274026|saved 2021-10-28 21:10:10.|sent 2021-10-28T22:05:03|received 2021-10-29T02:07:01
2021-28-10 09:10:10 PM|root|INFO|user_id 25523702|order_id 4973277230|saved 2021-10-28 21:10:10.|sent 2021-10-28T22:08:21|received 2021-10-29T02:10:05
2021-28-10 09:10:10 PM|root|INFO|user_id 25523702|order_id 4973155729|saved 2021-10-28 21:10:10.|sent 2021-10-28T21:11:52|received 2021-10-29T02:09:41
2021-28-10 09:15:16 PM|root|INFO|user_id 25523702|order_id 4973278475|saved 2021-10-28 21:15:16.|sent 2021-10-28T22:10:05|received 2021-10-29T02:12:03
2021-28-10 09:20:08 PM|root|INFO|user_id 160190870|order_id 4973292369|saved 2021-10-28 21:20:08.|sent 2021-10-28T22:16:11|received 2021-10-29T02:18:0
2021-28-10 09:20:08 PM|root|INFO|user_id 160190870|order_id 4973294085|saved 2021-10-28 21:20:08.|sent 2021-10-28T22:17:29|received 2021-10-29T02:19:5
2021-28-10 09:20:14 PM|root|INFO|user_id 25523702|order_id 4973289544|saved 2021-10-28 21:20:14.|sent 2021-10-28T22:16:11|received 2021-10-29T02:18:55
2021-28-10 09:20:14 PM|root|INFO|user_id 25523702|order_id 4973294123|saved 2021-10-28 21:20:14.|sent 2021-10-28T22:17:37|received 2021-10-29T02:19:57
2021-28-10 09:20:14 PM|root|INFO|user_id 25523702|order_id 4973295290|saved 2021-10-28 21:20:14.|sent 2021-10-28T22:18:17|received 2021-10-29T02:20:
2021-28-10 09:25:13 PM|root|INFO|user_id 25523702|order_id 4973300183|saved 2021-10-28 21:25:13.|sent 2021-10-28T22:21:17|received 2021-10-29T02:23:00
2021-28-10 09:25:13 PM|root|INFO|user_id 25523702|order_id 4973300265|saved 2021-10-28 21:25:13.|sent 2021-10-28T22:21:34|received 2021-10-29T02:23:4
2021-28-10 09:30:07 PM|root|INFO|user_id 160190870|order_id 4973312118|saved 2021-10-28 21:30:07.|sent 2021-10-28T22:28:09|received 2021-10-29T02:29:58
2021-28-10 09:30:07 PM|root|INFO|user_id 160190870|order_id 4973269452|saved 2021-10-28 21:30:07.|sent 2021-10-28T22:05:29|received 2021-10-29T02:29:52
2021-28-10 09:35:08 PM|root|INFO|user_id 160190870|order_id 4973314914|saved 2021-10-28 21:35:08.|sent 2021-10-28T22:32:13|received 2021-10-29T02:34:15
2021-28-10 09:35:09 PM|root|INFO|user_id 160190870|order_id 4973322025|saved 2021-10-28 21:35:09.|sent 2021-10-28T22:32:16|received 2021-10-29T02:34:18
2021-28-10 09:35:09 PM|root|INFO|user_id 160190870|order_id 4973323154|saved 2021-10-28 21:35:09.|sent 2021-10-28T22:33:08|received 2021-10-29T02:34:56
2021-28-10 09:35:16 PM|root|INFO|user_id 25523702|order_id 4973316771|saved 2021-10-28 21:35:16.|sent 2021-10-28T22:30:33|received 2021-10-29T02:32:38
2021-28-10 09:40:06 PM|root|INFO|user_id 160190870|order_id 4973324920|saved 2021-10-28 21:40:06.|sent 2021-10-28T22:37:17|received 2021-10-29T02:39:46
2021-28-10 09:45:06 PM|root|INFO|user_id 160190870|order_id 4973339155|saved 2021-10-28 21:45:06.|sent 2021-10-28T22:43:05|received 2021-10-29T02:45:0
2021-28-10 09:45:06 PM|root|INFO|user_id 160190870|order_id 4973340171|saved 2021-10-28 21:45:06.|sent 2021-10-28T22:43:19|received 2021-10-29T02:45:0
2021-28-10 09:45:11 PM|root|INFO|user_id 25523702|order_id 4973334489|saved 2021-10-28 21:45:11.|sent 2021-10-28T22:40:36|received 2021-10-29T02:42:30
2021-28-10 09:45:12 PM|root|INFO|user_id 25523702|order_id 4973335831|saved 2021-10-28 21:45:12.|sent 2021-10-28T22:42:18|received 2021-10-29T02:44:1
2021-28-10 09:45:12 PM|root|INFO|user_id 25523702|order_id 4973340469|saved 2021-10-28 21:45:12.|sent 2021-10-28T22:44:34|received 2021-10-29T02:44:41
2021-28-10 09:50:08 PM|root|INFO|user_id 160190870|order_id 4973339574|saved 2021-10-28 21:50:08.|sent 2021-10-28T22:45:17|received 2021-10-29T02:47:15
2021-28-10 09:50:08 PM|root|INFO|user_id 160190870|order_id 4973336768|saved 2021-10-28 21:50:08.|sent 2021-10-28T22:45:16|received 2021-10-29T02:47:54
2021-28-10 09:50:08 PM|root|INFO|user_id 160190870|order_id 4973339567|saved 2021-10-28 21:50:08.|sent 2021-10-28T22:45:14|received 2021-10-29T02:47:42
2021-28-10 09:50:08 PM|root|INFO|user_id 160190870|order_id 4973336761|saved 2021-10-28 21:50:08.|sent 2021-10-28T22:45:14|received 2021-10-29T02:48:3
2021-28-10 09:50:09 PM|root|INFO|user_id 160190870|order_id 4973336772|saved 2021-10-28 21:50:08.|sent 2021-10-28T22:45:17|received 2021-10-29T02:48:23
2021-28-10 09:50:09 PM|root|INFO|user_id 160190870|order_id 4973338567|saved 2021-10-28 21:50:09.|sent 2021-10-28T22:45:15|received 2021-10-29T02:48:58
2021-28-10 09:50:10 PM|root|INFO|user_id 160190870|order_id 4973338568|saved 2021-10-28 21:50:10.|sent 2021-10-28T22:45:16|received 2021-10-29T02:48:53
2021-28-10 09:50:10 PM|root|INFO|user_id 160190870|order_id 4973336759|saved 2021-10-28 21:50:10.|sent 2021-10-28T22:45:14|received 2021-10-29T02:49:12
2021-28-10 09:50:10 PM|root|INFO|user_id 160190870|order_id 4973338566|saved 2021-10-28 21:50:10.|sent 2021-10-28T22:45:15|received 2021-10-29T02:49:52
2021-28-10 09:50:15 PM|root|INFO|user_id 25523702|order_id 4973338666|saved 2021-10-28 21:50:15.|sent 2021-10-28T22:45:44|received 2021-10-29T02:47:4
2021-28-10 09:50:15 PM|root|INFO|user_id 25523702|order_id 4973348505|saved 2021-10-28 21:50:15.|sent 2021-10-28T22:49:44|received 2021-10-29T02:49:50
2021-28-10 09:55:07 PM|root|INFO|user_id 160190870|order_id 4973351017|saved 2021-10-28 21:55:07.|sent 2021-10-28T22:50:45|received 2021-10-29T02:52:23
2021-28-10 09:55:07 PM|root|INFO|user_id 160190870|order_id 4973352111|saved 2021-10-28 21:55:07.|sent 2021-10-28T22:51:05|received 2021-10-29T02:52:48
2021-28-10 09:55:13 PM|root|INFO|user_id 25523702|order_id 4973353087|saved 2021-10-28 21:55:13.|sent 2021-10-28T22:51:15|received 2021-10-29T02:53:1
2021-28-10 10:00:14 PM|root|INFO|user_id 160190870|order_id 4973357178|saved 2021-10-28 22:00:14.|sent 2021-10-28T22:55:00|received 2021-10-29T02:56:56
2021-28-10 10:00:14 PM|root|INFO|user_id 160190870|order_id 4973358117|saved 2021-10-28 22:00:14.|sent 2021-10-28T22:55:15|received 2021-10-29T02:57:16
2021-28-10 10:00:20 PM|root|INFO|user_id 25523702|order_id 4973357400|saved 2021-10-28 22:00:20.|sent 2021-10-28T22:55:54|received 2021-10-29T02:58:02
2021-28-10 10:00:20 PM|root|INFO|user_id 25523702|order_id 4973356954|saved 2021-10-28 22:00:20.|sent 2021-10-28T22:56:57|received 2021-10-29T02:58:58
2021-28-10 10:00:20 PM|root|INFO|user_id 25523702|order_id 4973361141|saved 2021-10-28 22:00:20.|sent 2021-10-28T22:56:57|received 2021-10-29T02:58:58
2021-28-10 10:05:14 PM|root|INFO|user_id 25523702|order_id 4973363656|saved 2021-10-28 22:05:14.|sent 2021-10-28T23:00:09|received 2021-10-29T03:02:3
2021-28-10 10:05:14 PM|root|INFO|user_id 25523702|order_id 4973367511|saved 2021-10-28 22:05:14.|sent 2021-10-28T23:01:27|received 2021-10-29T03:03:35
2021-28-10 10:05:14 PM|root|INFO|user_id 25523702|order_id 4973364948|saved 2021-10-28 22:05:14.|sent 2021-10-28T23:02:34|received 2021-10-29T03:04:47
2021-28-10 10:10:14 PM|root|INFO|user_id 25523702|order_id 4973380033|saved 2021-10-28 22:10:14.|sent 2021-10-28T23:08:13|received 2021-10-29T03:10:02
2021-28-10 10:15:08 PM|root|INFO|user_id 160190870|order_id 4973388368|saved 2021-10-28 22:15:08.|sent 2021-10-28T23:14:36|received 2021-10-29T03:14:44
2021-28-10 10:20:07 PM|root|INFO|user_id 160190870|order_id 4973387415|saved 2021-10-28 22:20:07.|sent 2021-10-28T23:15:06|received 2021-10-29T03:17:08
2021-28-10 10:20:08 PM|root|INFO|user_id 160190870|order_id 4973387658|saved 2021-10-28 22:20:08.|sent 2021-10-28T23:15:58|received 2021-10-29T03:18:10
2021-28-10 10:20:08 PM|root|INFO|user_id 160190870|order_id 4973393053|saved 2021-10-28 22:20:08.|sent 2021-10-28T23:17:07|received 2021-10-29T03:19:17
2021-28-10 10:20:14 PM|root|INFO|user_id 25523702|order_id 4973395104|saved 2021-10-28 22:20:14.|sent 2021-10-28T23:18:11|received 2021-10-29T03:19:58
2021-28-10 10:25:08 PM|root|INFO|user_id 160190870|order_id 4973398251|saved 2021-10-28 22:25:08.|sent 2021-10-28T23:22:48|received 2021-10-29T03:24:55
2021-28-10 10:30:14 PM|root|INFO|user_id 25523702|order_id 4973399866|saved 2021-10-28 22:30:14.|sent 2021-10-28T23:26:37|received 2021-10-29T03:28:35
2021-28-10 10:30:14 PM|root|INFO|user_id 25523702|order_id 4973408185|saved 2021-10-28 22:30:14.|sent 2021-10-28T23:28:42|received 2021-10-29T03:30:02
2021-28-10 10:35:07 PM|root|INFO|user_id 160190870|order_id 4973413136|saved 2021-10-28 22:35:07.|sent 2021-10-28T23:33:03|received 2021-10-29T03:35:00
2021-28-10 10:35:14 PM|root|INFO|user_id 25523702|order_id 4973413303|saved 2021-10-28 22:35:14.|sent 2021-10-28T23:33:53|received 2021-10-29T03:35:04
2021-28-10 10:45:08 PM|root|INFO|user_id 160190870|order_id 4973427006|saved 2021-10-28 22:45:08.|sent 2021-10-28T23:43:53|received 2021-10-29T03:44:01
2021-28-10 10:45:13 PM|root|INFO|user_id 25523702|order_id 4973420632|saved 2021-10-28 22:45:13.|sent 2021-10-28T23:41:41|received 2021-10-29T03:43:4
2021-28-10 10:45:13 PM|root|INFO|user_id 25523702|order_id 4973423273|saved 2021-10-28 22:45:13.|sent 2021-10-28T23:43:05|received 2021-10-29T03:45:04
2021-28-10 10:50:08 PM|root|INFO|user_id 160190870|order_id 4973433020|saved 2021-10-28 22:50:08.|sent 2021-10-28T23:49:38|received 2021-10-29T03:49:43
2021-28-10 10:50:08 PM|root|INFO|user_id 160190870|order_id 4973427935|saved 2021-10-28 22:50:08.|sent 2021-10-28T23:49:41|received 2021-10-29T03:49:48
2021-28-10 10:50:17 PM|root|INFO|user_id 25523702|order_id 4973429156|saved 2021-10-28 22:50:17.|sent 2021-10-28T23:48:41|received 2021-10-29T03:49:59
2021-28-10 10:55:07 PM|root|INFO|user_id 160190870|order_id 4973433133|saved 2021-10-28 22:55:07.|sent 2021-10-28T23:50:18|received 2021-10-29T03:52:12
2021-28-10 10:55:07 PM|root|INFO|user_id 160190870|order_id 4973434229|saved 2021-10-28 22:55:07.|sent 2021-10-28T23:51:11|received 2021-10-29T03:53:
2021-28-10 10:55:07 PM|root|INFO|user_id 160190870|order_id 4973434264|saved 2021-10-28 22:55:07.|sent 2021-10-28T23:51:20|received 2021-10-29T03:53:52
2021-28-10 10:55:07 PM|root|INFO|user_id 160190870|order_id 4973434298|saved 2021-10-28 22:55:07.|sent 2021-10-28T23:51:31|received 2021-10-29T03:53:30
2021-28-10 10:55:07 PM|root|INFO|user_id 160190870|order_id 4973432518|saved 2021-10-28 22:55:07.|sent 2021-10-28T23:51:56|received 2021-10-29T03:53:56
2021-28-10 10:55:07 PM|root|INFO|user_id 160190870|order_id 4973434385|saved 2021-10-28 22:55:07.|sent 2021-10-28T23:51:59|received 2021-10-29T03:53:52
2021-28-10 10:55:08 PM|root|INFO|user_id 160190870|order_id 4973434441|saved 2021-10-28 22:55:08.|sent 2021-10-28T23:52:19|received 2021-10-29T03:54:20
2021-28-10 11:00:18 PM|root|INFO|user_id 25523702|order_id 4973440339|saved 2021-10-28 23:00:18.|sent 2021-10-28T23:57:45|received 2021-10-29T03:59:58
2021-28-10 11:00:18 PM|root|INFO|user_id 25523702|order_id 4973436530|saved 2021-10-28 23:00:18.|sent 2021-10-28T23:57:34|received 2021-10-29T03:59:3
2021-28-10 11:05:08 PM|root|INFO|user_id 160190870|order_id 4973437712|saved 2021-10-28 23:05:08.|sent 2021-10-28T23:59:08|received 2021-10-29T04:03:10
2021-28-10 11:05:14 PM|root|INFO|user_id 25523702|order_id 4973437945|saved 2021-10-28 23:05:14.|sent 2021-10-29T00:00:37|received 2021-10-29T04:02:34
2021-28-10 11:05:14 PM|root|INFO|user_id 25523702|order_id 4973442350|saved 2021-10-28 23:05:14.|sent 2021-10-29T00:02:16|received 2021-10-29T04:04:33
2021-28-10 11:05:14 PM|root|INFO|user_id 25523702|order_id 4973448207|saved 2021-10-28 23:05:14.|sent 2021-10-29T00:03:34|received 2021-10-29T04:04:51
2021-28-10 11:05:14 PM|root|INFO|user_id 25523702|order_id 4973442344|saved 2021-10-28 23:05:14.|sent 2021-10-29T00:02:15|received 2021-10-29T04:05:02
2021-28-10 11:10:10 PM|root|INFO|user_id 160190870|order_id 4973442676|saved 2021-10-28 23:10:10.|sent 2021-10-29T00:04:39|received 2021-10-29T04:07:26
2021-28-10 11:10:10 PM|root|INFO|user_id 160190870|order_id 4973444573|saved 2021-10-28 23:10:10.|sent 2021-10-29T00:04:44|received 2021-10-29T04:07:32
2021-28-10 11:15:07 PM|root|INFO|user_id 160190870|order_id 4973453277|saved 2021-10-28 23:15:07.|sent 2021-10-29T00:10:44|received 2021-10-29T04:13:49
2021-28-10 11:15:07 PM|root|INFO|user_id 160190870|order_id 4973449661|saved 2021-10-28 23:15:07.|sent 2021-10-29T00:12:11|received 2021-10-29T04:13:56
2021-28-10 11:15:13 PM|root|INFO|user_id 25523702|order_id 4973452846|saved 2021-10-28 23:15:13.|sent 2021-10-29T00:14:47|received 2021-10-29T04:14:54
2021-28-10 11:20:07 PM|root|INFO|user_id 160190870|order_id 4973457124|saved 2021-10-28 23:20:07.|sent 2021-10-29T00:16:06|received 2021-10-29T04:18:14
2021-28-10 11:20:07 PM|root|INFO|user_id 160190870|order_id 4973459195|saved 2021-10-28 23:20:07.|sent 2021-10-29T00:17:33|received 2021-10-29T04:19:20
2021-28-10 11:20:07 PM|root|INFO|user_id 160190870|order_id 4973460407|saved 2021-10-28 23:20:07.|sent 2021-10-29T00:19:15|received 2021-10-29T04:19:21
2021-28-10 11:20:07 PM|root|INFO|user_id 160190870|order_id 4973459266|saved 2021-10-28 23:20:07.|sent 2021-10-29T00:18:01|received 2021-10-29T04:19:26
2021-28-10 11:20:07 PM|root|INFO|user_id 160190870|order_id 4973461484|saved 2021-10-28 23:20:07.|sent 2021-10-29T00:19:57|received 2021-10-29T04:19:59
2021-28-10 11:20:13 PM|root|INFO|user_id 25523702|order_id 4973456126|saved 2021-10-28 23:20:13.|sent 2021-10-29T00:16:02|received 2021-10-29T04:19:22
2021-28-10 11:25:07 PM|root|INFO|user_id 160190870|order_id 4973459721|saved 2021-10-28 23:25:07.|sent 2021-10-29T00:21:35|received 2021-10-29T04:23:33
2021-28-10 11:25:07 PM|root|INFO|user_id 160190870|order_id 4973457996|saved 2021-10-28 23:25:07.|sent 2021-10-29T00:23:13|received 2021-10-29T04:24:58
2021-28-10 11:30:08 PM|root|INFO|user_id 160190870|order_id 4973469459|saved 2021-10-28 23:30:08.|sent 2021-10-29T00:29:44|received 2021-10-29T04:29:50
2021-28-10 11:30:14 PM|root|INFO|user_id 25523702|order_id 4973467634|saved 2021-10-28 23:30:14.|sent 2021-10-29T00:28:58|received 2021-10-29T04:29:09
2021-28-10 11:35:06 PM|root|INFO|user_id 160190870|order_id 4973468613|saved 2021-10-28 23:35:06.|sent 2021-10-29T00:29:27|received 2021-10-29T04:32:02
2021-28-10 11:35:12 PM|root|INFO|user_id 25523702|order_id 4973466934|saved 2021-10-28 23:35:12.|sent 2021-10-29T00:31:36|received 2021-10-29T04:33:38
2021-28-10 11:45:13 PM|root|INFO|user_id 25523702|order_id 4973478213|saved 2021-10-28 23:45:13.|sent 2021-10-29T00:42:31|received 2021-10-29T04:44:38
2021-28-10 11:45:13 PM|root|INFO|user_id 25523702|order_id 4973477194|saved 2021-10-28 23:45:13.|sent 2021-10-29T00:42:01|received 2021-10-29T04:44:30
2021-28-10 11:45:13 PM|root|INFO|user_id 25523702|order_id 4973481061|saved 2021-10-28 23:45:13.|sent 2021-10-29T00:42:01|received 2021-10-29T04:44:30
2021-28-10 11:50:13 PM|root|INFO|user_id 25523702|order_id 4973481483|saved 2021-10-28 23:50:13.|sent 2021-10-29T00:46:20|received 2021-10-29T04:48:0
2021-28-10 11:50:13 PM|root|INFO|user_id 25523702|order_id 4973481478|saved 2021-10-28 23:50:13.|sent 2021-10-29T00:46:19|received 2021-10-29T04:48:57
2021-28-10 11:50:13 PM|root|INFO|user_id 25523702|order_id 4973477639|saved 2021-10-28 23:50:13.|sent 2021-10-29T00:46:19|received 2021-10-29T04:49:04
