2021-02-10 12:05:07 AM|root|INFO|user_id 160190870|order_id 4906724696|saved 2021-10-02 00:05:07.|sent 2021-10-02T00:55:34|received 2021-10-02T04:57:15
2021-02-10 12:05:07 AM|root|INFO|user_id 160190870|order_id 4906723944|saved 2021-10-02 00:05:07.|sent 2021-10-02T00:56:36|received 2021-10-02T05:00:4
2021-02-10 12:05:07 AM|root|INFO|user_id 160190870|order_id 4906729108|saved 2021-10-02 00:05:07.|sent 2021-10-02T00:58:09|received 2021-10-02T05:00:51
2021-02-10 12:05:07 AM|root|INFO|user_id 160190870|order_id 4906728789|saved 2021-10-02 00:05:07.|sent 2021-10-02T01:02:29|received 2021-10-02T05:04:16
2021-02-10 12:05:08 AM|root|INFO|user_id 160190870|order_id 4906731412|saved 2021-10-02 00:05:08.|sent 2021-10-02T01:02:53|received 2021-10-02T05:04:39
2021-02-10 12:05:14 AM|root|INFO|user_id 25523702|order_id 4906729014|saved 2021-10-02 00:05:14.|sent 2021-10-02T00:56:52|received 2021-10-02T04:58:57
2021-02-10 12:05:14 AM|root|INFO|user_id 25523702|order_id 4906730101|saved 2021-10-02 00:05:14.|sent 2021-10-02T00:58:36|received 2021-10-02T05:00:35
2021-02-10 12:10:14 AM|root|INFO|user_id 25523702|order_id 4906734264|saved 2021-10-02 00:10:14.|sent 2021-10-02T01:08:35|received 2021-10-02T05:09:53
2021-02-10 12:15:08 AM|root|INFO|user_id 160190870|order_id 4906736059|saved 2021-10-02 00:15:08.|sent 2021-10-02T01:10:37|received 2021-10-02T05:12:43
2021-02-10 12:15:08 AM|root|INFO|user_id 160190870|order_id 4906732929|saved 2021-10-02 00:15:08.|sent 2021-10-02T01:12:20|received 2021-10-02T05:14:15
2021-02-10 12:15:08 AM|root|INFO|user_id 160190870|order_id 4906733885|saved 2021-10-02 00:15:08.|sent 2021-10-02T01:12:20|received 2021-10-02T05:14:15
2021-02-10 12:15:14 AM|root|INFO|user_id 25523702|order_id 4906732912|saved 2021-10-02 00:15:14.|sent 2021-10-02T01:12:03|received 2021-10-02T05:13:4
2021-02-10 12:15:14 AM|root|INFO|user_id 25523702|order_id 4906733886|saved 2021-10-02 00:15:14.|sent 2021-10-02T01:12:20|received 2021-10-02T05:13:34
2021-02-10 12:15:14 AM|root|INFO|user_id 25523702|order_id 4906734583|saved 2021-10-02 00:15:14.|sent 2021-10-02T01:13:03|received 2021-10-02T05:14:59
2021-02-10 12:20:09 AM|root|INFO|user_id 160190870|order_id 4906739915|saved 2021-10-02 00:20:09.|sent 2021-10-02T01:17:11|received 2021-10-02T05:19:39
2021-02-10 12:20:15 AM|root|INFO|user_id 25523702|order_id 4906743501|saved 2021-10-02 00:20:15.|sent 2021-10-02T01:18:02|received 2021-10-02T05:19:50
2021-02-10 12:35:07 AM|root|INFO|user_id 160190870|order_id 4906765603|saved 2021-10-02 00:35:07.|sent 2021-10-02T01:33:08|received 2021-10-02T05:34:52
2021-02-10 12:35:13 AM|root|INFO|user_id 25523702|order_id 4906747804|saved 2021-10-02 00:35:13.|sent 2021-10-02T01:33:28|received 2021-10-02T05:34:44
2021-02-10 12:35:15 AM|root|INFO|user_id 25523702|order_id 4906764719|saved 2021-10-02 00:35:15.|sent 2021-10-02T01:33:25|received 2021-10-02T05:34:34
2021-02-10 12:40:08 AM|root|INFO|user_id 160190870|order_id 4906755506|saved 2021-10-02 00:40:08.|sent 2021-10-02T01:34:11|received 2021-10-02T05:36:53
2021-02-10 12:40:14 AM|root|INFO|user_id 25523702|order_id 4906759569|saved 2021-10-02 00:40:14.|sent 2021-10-02T01:37:36|received 2021-10-02T05:39:42
2021-02-10 12:45:13 AM|root|INFO|user_id 25523702|order_id 4906772224|saved 2021-10-02 00:45:13.|sent 2021-10-02T01:41:15|received 2021-10-02T05:43:13
2021-02-10 12:45:13 AM|root|INFO|user_id 25523702|order_id 4906774214|saved 2021-10-02 00:45:13.|sent 2021-10-02T01:42:03|received 2021-10-02T05:44:02
2021-02-10 01:00:12 AM|root|INFO|user_id 160190870|order_id 4906778496|saved 2021-10-02 01:00:12.|sent 2021-10-02T01:55:58|received 2021-10-02T05:57:50
2021-02-10 01:00:12 AM|root|INFO|user_id 160190870|order_id 4906775995|saved 2021-10-02 01:00:12.|sent 2021-10-02T01:55:26|received 2021-10-02T05:57:48
2021-02-10 01:00:12 AM|root|INFO|user_id 160190870|order_id 4906776871|saved 2021-10-02 01:00:12.|sent 2021-10-02T01:55:51|received 2021-10-02T05:58:13
2021-02-10 01:10:07 AM|root|INFO|user_id 160190870|order_id 4906784088|saved 2021-10-02 01:10:07.|sent 2021-10-02T02:06:54|received 2021-10-02T06:08:48
2021-02-10 01:20:13 AM|root|INFO|user_id 25523702|order_id 4906780956|saved 2021-10-02 01:20:13.|sent 2021-10-02T02:15:50|received 2021-10-02T06:19:11
2021-02-10 01:20:13 AM|root|INFO|user_id 25523702|order_id 4906786039|saved 2021-10-02 01:20:13.|sent 2021-10-02T02:16:38|received 2021-10-02T06:19:33
2021-02-10 01:30:14 AM|root|INFO|user_id 25523702|order_id 4906790010|saved 2021-10-02 01:30:14.|sent 2021-10-02T02:24:26|received 2021-10-02T06:29:4
2021-02-10 01:40:08 AM|root|INFO|user_id 160190870|order_id 4906788687|saved 2021-10-02 01:40:08.|sent 2021-10-02T02:38:46|received 2021-10-02T06:39:51
2021-02-10 01:45:13 AM|root|INFO|user_id 25523702|order_id 4906786957|saved 2021-10-02 01:45:13.|sent 2021-10-02T02:40:10|received 2021-10-02T06:41:50
2021-02-10 01:50:07 AM|root|INFO|user_id 160190870|order_id 4906791535|saved 2021-10-02 01:50:07.|sent 2021-10-02T02:49:52|received 2021-10-02T06:50:00
2021-02-10 01:50:13 AM|root|INFO|user_id 25523702|order_id 4906788966|saved 2021-10-02 01:50:13.|sent 2021-10-02T02:47:54|received 2021-10-02T06:49:44
2021-02-10 02:10:14 AM|root|INFO|user_id 25523702|order_id 4906794735|saved 2021-10-02 02:10:14.|sent 2021-10-02T03:08:21|received 2021-10-02T07:09:58
2021-02-10 02:15:12 AM|root|INFO|user_id 25523702|order_id 4906797345|saved 2021-10-02 02:15:12.|sent 2021-10-02T03:12:18|received 2021-10-02T07:14:12
2021-02-10 02:25:07 AM|root|INFO|user_id 160190870|order_id 4906801023|saved 2021-10-02 02:25:07.|sent 2021-10-02T03:19:18|received 2021-10-02T07:22:13
2021-02-10 02:35:07 AM|root|INFO|user_id 160190870|order_id 4906798488|saved 2021-10-02 02:35:07.|sent 2021-10-02T03:25:45|received 2021-10-02T07:27:41
2021-02-10 02:50:13 AM|root|INFO|user_id 25523702|order_id 4906802287|saved 2021-10-02 02:50:13.|sent 2021-10-02T03:45:50|received 2021-10-02T07:48:2
2021-02-10 03:10:07 AM|root|INFO|user_id 160190870|order_id 4906806343|saved 2021-10-02 03:10:07.|sent 2021-10-02T04:07:14|received 2021-10-02T08:09:10
2021-02-10 03:10:07 AM|root|INFO|user_id 160190870|order_id 4906803770|saved 2021-10-02 03:10:07.|sent 2021-10-02T04:08:50|received 2021-10-02T08:09:54
2021-02-10 03:30:09 AM|root|INFO|user_id 160190870|order_id 4906809170|saved 2021-10-02 03:30:09.|sent 2021-10-02T04:26:42|received 2021-10-02T08:28:41
2021-02-10 03:55:07 AM|root|INFO|user_id 160190870|order_id 4906811605|saved 2021-10-02 03:55:07.|sent 2021-10-02T04:50:35|received 2021-10-02T08:53:3
2021-02-10 04:45:07 AM|root|INFO|user_id 160190870|order_id 4906822707|saved 2021-10-02 04:45:07.|sent 2021-10-02T05:43:44|received 2021-10-02T09:44:50
2021-02-10 05:10:14 AM|root|INFO|user_id 25523702|order_id 4906831899|saved 2021-10-02 05:10:14.|sent 2021-10-02T06:08:58|received 2021-10-02T10:09:04
2021-02-10 05:15:07 AM|root|INFO|user_id 160190870|order_id 4906834588|saved 2021-10-02 05:15:07.|sent 2021-10-02T06:13:57|received 2021-10-02T10:14:03
2021-02-10 05:20:07 AM|root|INFO|user_id 160190870|order_id 4906832847|saved 2021-10-02 05:20:07.|sent 2021-10-02T06:15:29|received 2021-10-02T10:17:22
2021-02-10 05:35:08 AM|root|INFO|user_id 160190870|order_id 4906843426|saved 2021-10-02 05:35:08.|sent 2021-10-02T06:33:49|received 2021-10-02T10:34:5
2021-02-10 06:30:09 AM|root|INFO|user_id 160190870|order_id 4906876671|saved 2021-10-02 06:30:09.|sent 2021-10-02T07:25:50|received 2021-10-02T11:27:43
2021-02-10 06:45:08 AM|root|INFO|user_id 160190870|order_id 4906896168|saved 2021-10-02 06:45:08.|sent 2021-10-02T07:42:37|received 2021-10-02T11:44:24
2021-02-10 07:00:18 AM|root|INFO|user_id 25523702|order_id 4906912343|saved 2021-10-02 07:00:18.|sent 2021-10-02T07:56:00|received 2021-10-02T11:58:10
2021-02-10 07:15:13 AM|root|INFO|user_id 25523702|order_id 4906927394|saved 2021-10-02 07:15:13.|sent 2021-10-02T08:12:15|received 2021-10-02T12:14:23
2021-02-10 07:40:08 AM|root|INFO|user_id 160190870|order_id 4906955746|saved 2021-10-02 07:40:08.|sent 2021-10-02T08:36:37|received 2021-10-02T12:38:31
2021-02-10 07:40:15 AM|root|INFO|user_id 25523702|order_id 4906966002|saved 2021-10-02 07:40:15.|sent 2021-10-02T08:37:45|received 2021-10-02T12:39:47
2021-02-10 07:55:08 AM|root|INFO|user_id 160190870|order_id 4906987113|saved 2021-10-02 07:55:08.|sent 2021-10-02T08:50:47|received 2021-10-02T12:53:52
2021-02-10 07:55:15 AM|root|INFO|user_id 25523702|order_id 4906980864|saved 2021-10-02 07:55:15.|sent 2021-10-02T08:52:16|received 2021-10-02T12:54:19
2021-02-10 07:55:15 AM|root|INFO|user_id 25523702|order_id 4906983913|saved 2021-10-02 07:55:15.|sent 2021-10-02T08:55:00|received 2021-10-02T12:55:06
2021-02-10 08:05:14 AM|root|INFO|user_id 25523702|order_id 4907004324|saved 2021-10-02 08:05:14.|sent 2021-10-02T09:03:07|received 2021-10-02T13:05:05
2021-02-10 08:10:09 AM|root|INFO|user_id 160190870|order_id 4907008780|saved 2021-10-02 08:10:09.|sent 2021-10-02T09:08:37|received 2021-10-02T13:08:45
2021-02-10 08:10:09 AM|root|INFO|user_id 160190870|order_id 4907014372|saved 2021-10-02 08:10:09.|sent 2021-10-02T09:09:46|received 2021-10-02T13:09:53
2021-02-10 08:15:08 AM|root|INFO|user_id 160190870|order_id 4907014683|saved 2021-10-02 08:15:08.|sent 2021-10-02T09:10:53|received 2021-10-02T13:12:37
2021-02-10 08:20:15 AM|root|INFO|user_id 25523702|order_id 4907029161|saved 2021-10-02 08:20:15.|sent 2021-10-02T09:17:38|received 2021-10-02T13:19:34
2021-02-10 08:30:10 AM|root|INFO|user_id 25523702|order_id 4907043238|saved 2021-10-02 08:30:10.|sent 2021-10-02T09:27:24|received 2021-10-02T13:29:21
2021-02-10 08:30:10 AM|root|INFO|user_id 25523702|order_id 4907045110|saved 2021-10-02 08:30:10.|sent 2021-10-02T09:28:03|received 2021-10-02T13:29:53
2021-02-10 08:30:10 AM|root|INFO|user_id 25523702|order_id 4907044517|saved 2021-10-02 08:30:10.|sent 2021-10-02T09:28:38|received 2021-10-02T13:29:59
2021-02-10 08:35:20 AM|root|INFO|user_id 25523702|order_id 4907045846|saved 2021-10-02 08:35:20.|sent 2021-10-02T09:30:40|received 2021-10-02T13:32:34
2021-02-10 08:35:21 AM|root|INFO|user_id 25523702|order_id 4907045907|saved 2021-10-02 08:35:21.|sent 2021-10-02T09:30:53|received 2021-10-02T13:33:00
2021-02-10 08:40:09 AM|root|INFO|user_id 160190870|order_id 4907058313|saved 2021-10-02 08:40:09.|sent 2021-10-02T09:38:11|received 2021-10-02T13:39:53
2021-02-10 08:40:09 AM|root|INFO|user_id 160190870|order_id 4907058311|saved 2021-10-02 08:40:09.|sent 2021-10-02T09:38:10|received 2021-10-02T13:39:53
2021-02-10 08:40:16 AM|root|INFO|user_id 25523702|order_id 4907059988|saved 2021-10-02 08:40:16.|sent 2021-10-02T09:39:45|received 2021-10-02T13:39:50
2021-02-10 08:45:09 AM|root|INFO|user_id 160190870|order_id 4907068011|saved 2021-10-02 08:45:09.|sent 2021-10-02T09:41:15|received 2021-10-02T13:43:36
2021-02-10 08:45:10 AM|root|INFO|user_id 160190870|order_id 4907070474|saved 2021-10-02 08:45:10.|sent 2021-10-02T09:44:43|received 2021-10-02T13:44:50
2021-02-10 08:55:08 AM|root|INFO|user_id 160190870|order_id 4907081126|saved 2021-10-02 08:55:08.|sent 2021-10-02T09:49:53|received 2021-10-02T13:52:47
2021-02-10 09:00:12 AM|root|INFO|user_id 160190870|order_id 4907094291|saved 2021-10-02 09:00:12.|sent 2021-10-02T09:57:03|received 2021-10-02T13:58:51
2021-02-10 09:00:12 AM|root|INFO|user_id 160190870|order_id 4906922176|saved 2021-10-02 09:00:12.|sent 2021-10-02T08:05:56|received 2021-10-02T13:59:01
2021-02-10 09:00:18 AM|root|INFO|user_id 25523702|order_id 4907088871|saved 2021-10-02 09:00:18.|sent 2021-10-02T09:55:46|received 2021-10-02T13:57:56
2021-02-10 09:10:08 AM|root|INFO|user_id 160190870|order_id 4907109985|saved 2021-10-02 09:10:08.|sent 2021-10-02T10:08:29|received 2021-10-02T14:09:59
2021-02-10 09:10:15 AM|root|INFO|user_id 25523702|order_id 4907115656|saved 2021-10-02 09:10:15.|sent 2021-10-02T10:08:42|received 2021-10-02T14:08:48
2021-02-10 09:10:15 AM|root|INFO|user_id 25523702|order_id 4907119006|saved 2021-10-02 09:10:15.|sent 2021-10-02T10:08:46|received 2021-10-02T14:10:05
2021-02-10 09:20:09 AM|root|INFO|user_id 160190870|order_id 4907134325|saved 2021-10-02 09:20:09.|sent 2021-10-02T10:18:22|received 2021-10-02T14:19:48
2021-02-10 09:25:09 AM|root|INFO|user_id 160190870|order_id 4907139529|saved 2021-10-02 09:25:09.|sent 2021-10-02T10:22:20|received 2021-10-02T14:24:51
2021-02-10 09:25:16 AM|root|INFO|user_id 25523702|order_id 4907135824|saved 2021-10-02 09:25:16.|sent 2021-10-02T10:20:22|received 2021-10-02T14:22:29
2021-02-10 09:25:16 AM|root|INFO|user_id 25523702|order_id 4907139746|saved 2021-10-02 09:25:16.|sent 2021-10-02T10:23:15|received 2021-10-02T14:24:5
2021-02-10 09:30:10 AM|root|INFO|user_id 160190870|order_id 4906403363|saved 2021-10-02 09:30:10.|sent 2021-10-01T20:38:52|received 2021-10-02T14:27:4
2021-02-10 09:30:17 AM|root|INFO|user_id 25523702|order_id 4907150137|saved 2021-10-02 09:30:17.|sent 2021-10-02T10:25:23|received 2021-10-02T14:28:03
2021-02-10 09:30:17 AM|root|INFO|user_id 25523702|order_id 4907152485|saved 2021-10-02 09:30:17.|sent 2021-10-02T10:27:59|received 2021-10-02T14:29:3
2021-02-10 09:30:17 AM|root|INFO|user_id 25523702|order_id 4907159054|saved 2021-10-02 09:30:17.|sent 2021-10-02T10:29:58|received 2021-10-02T14:30:05
2021-02-10 09:35:09 AM|root|INFO|user_id 160190870|order_id 4907158072|saved 2021-10-02 09:35:09.|sent 2021-10-02T10:29:48|received 2021-10-02T14:32:37
2021-02-10 09:40:08 AM|root|INFO|user_id 160190870|order_id 4907164886|saved 2021-10-02 09:40:08.|sent 2021-10-02T10:35:05|received 2021-10-02T14:37:2
2021-02-10 09:40:15 AM|root|INFO|user_id 25523702|order_id 4907171857|saved 2021-10-02 09:40:15.|sent 2021-10-02T10:38:32|received 2021-10-02T14:40:02
2021-02-10 09:45:11 AM|root|INFO|user_id 160190870|order_id 4907185628|saved 2021-10-02 09:45:11.|sent 2021-10-02T10:44:45|received 2021-10-02T14:44:53
2021-02-10 09:50:09 AM|root|INFO|user_id 160190870|order_id 4907194392|saved 2021-10-02 09:50:09.|sent 2021-10-02T10:49:03|received 2021-10-02T14:49:13
2021-02-10 09:50:09 AM|root|INFO|user_id 160190870|order_id 4907198206|saved 2021-10-02 09:50:09.|sent 2021-10-02T10:49:18|received 2021-10-02T14:49:25
2021-02-10 09:55:21 AM|root|INFO|user_id 25523702|order_id 4907200169|saved 2021-10-02 09:55:21.|sent 2021-10-02T10:51:19|received 2021-10-02T14:53:10
2021-02-10 10:00:20 AM|root|INFO|user_id 25523702|order_id 4907204993|saved 2021-10-02 10:00:20.|sent 2021-10-02T10:56:32|received 2021-10-02T14:58:32
2021-02-10 10:05:08 AM|root|INFO|user_id 160190870|order_id 4907220887|saved 2021-10-02 10:05:08.|sent 2021-10-02T11:03:21|received 2021-10-02T15:04:53
2021-02-10 10:10:18 AM|root|INFO|user_id 25523702|order_id 4907224965|saved 2021-10-02 10:10:18.|sent 2021-10-02T11:06:17|received 2021-10-02T15:08:30
2021-02-10 10:15:08 AM|root|INFO|user_id 160190870|order_id 4907245260|saved 2021-10-02 10:15:08.|sent 2021-10-02T11:14:55|received 2021-10-02T15:14:5
2021-02-10 10:15:14 AM|root|INFO|user_id 25523702|order_id 4907233704|saved 2021-10-02 10:15:14.|sent 2021-10-02T11:11:31|received 2021-10-02T15:13:37
2021-02-10 10:15:14 AM|root|INFO|user_id 25523702|order_id 4907241030|saved 2021-10-02 10:15:14.|sent 2021-10-02T11:12:27|received 2021-10-02T15:14:36
2021-02-10 10:15:14 AM|root|INFO|user_id 25523702|order_id 4907244490|saved 2021-10-02 10:15:14.|sent 2021-10-02T11:14:41|received 2021-10-02T15:14:4
2021-02-10 10:15:15 AM|root|INFO|user_id 25523702|order_id 4907240852|saved 2021-10-02 10:15:15.|sent 2021-10-02T11:14:41|received 2021-10-02T15:14:49
2021-02-10 10:20:21 AM|root|INFO|user_id 25523702|order_id 4907246014|saved 2021-10-02 10:20:21.|sent 2021-10-02T11:15:13|received 2021-10-02T15:17:19
2021-02-10 10:20:21 AM|root|INFO|user_id 25523702|order_id 4907170019|saved 2021-10-02 10:20:21.|sent 2021-10-02T10:35:27|received 2021-10-02T15:19:21
2021-02-10 10:20:21 AM|root|INFO|user_id 25523702|order_id 4907249617|saved 2021-10-02 10:20:21.|sent 2021-10-02T11:18:14|received 2021-10-02T15:20:06
2021-02-10 10:25:08 AM|root|INFO|user_id 160190870|order_id 4907257757|saved 2021-10-02 10:25:08.|sent 2021-10-02T11:23:46|received 2021-10-02T15:24:5
2021-02-10 10:25:16 AM|root|INFO|user_id 25523702|order_id 4907256304|saved 2021-10-02 10:25:16.|sent 2021-10-02T11:20:27|received 2021-10-02T15:22:40
2021-02-10 10:25:16 AM|root|INFO|user_id 25523702|order_id 4907252834|saved 2021-10-02 10:25:16.|sent 2021-10-02T11:21:01|received 2021-10-02T15:23:04
2021-02-10 10:25:16 AM|root|INFO|user_id 25523702|order_id 4907257454|saved 2021-10-02 10:25:16.|sent 2021-10-02T11:22:53|received 2021-10-02T15:24:59
2021-02-10 10:30:10 AM|root|INFO|user_id 160190870|order_id 4907271277|saved 2021-10-02 10:30:10.|sent 2021-10-02T11:28:28|received 2021-10-02T15:29:53
2021-02-10 10:30:18 AM|root|INFO|user_id 25523702|order_id 4907262959|saved 2021-10-02 10:30:18.|sent 2021-10-02T11:25:19|received 2021-10-02T15:27:20
2021-02-10 10:35:08 AM|root|INFO|user_id 160190870|order_id 4907274765|saved 2021-10-02 10:35:08.|sent 2021-10-02T11:30:34|received 2021-10-02T15:32:39
2021-02-10 10:35:08 AM|root|INFO|user_id 160190870|order_id 4907277545|saved 2021-10-02 10:35:08.|sent 2021-10-02T11:32:30|received 2021-10-02T15:34:41
2021-02-10 10:40:08 AM|root|INFO|user_id 160190870|order_id 4907284558|saved 2021-10-02 10:40:08.|sent 2021-10-02T11:35:32|received 2021-10-02T15:38:
2021-02-10 10:40:09 AM|root|INFO|user_id 160190870|order_id 4907291741|saved 2021-10-02 10:40:09.|sent 2021-10-02T11:39:29|received 2021-10-02T15:39:41
2021-02-10 10:40:16 AM|root|INFO|user_id 25523702|order_id 4907293080|saved 2021-10-02 10:40:16.|sent 2021-10-02T11:39:43|received 2021-10-02T15:39:5
2021-02-10 10:45:08 AM|root|INFO|user_id 160190870|order_id 4907292634|saved 2021-10-02 10:45:08.|sent 2021-10-02T11:40:39|received 2021-10-02T15:42:52
2021-02-10 10:45:08 AM|root|INFO|user_id 160190870|order_id 4907295456|saved 2021-10-02 10:45:08.|sent 2021-10-02T11:41:26|received 2021-10-02T15:43:36
2021-02-10 10:45:08 AM|root|INFO|user_id 160190870|order_id 4907300118|saved 2021-10-02 10:45:08.|sent 2021-10-02T11:42:52|received 2021-10-02T15:45:01
2021-02-10 10:45:15 AM|root|INFO|user_id 25523702|order_id 4907293650|saved 2021-10-02 10:45:15.|sent 2021-10-02T11:41:30|received 2021-10-02T15:43:3
2021-02-10 10:50:09 AM|root|INFO|user_id 160190870|order_id 4907304842|saved 2021-10-02 10:50:09.|sent 2021-10-02T11:49:21|received 2021-10-02T15:49:26
2021-02-10 10:55:09 AM|root|INFO|user_id 160190870|order_id 4907317409|saved 2021-10-02 10:55:09.|sent 2021-10-02T11:52:37|received 2021-10-02T15:54:35
2021-02-10 10:55:09 AM|root|INFO|user_id 160190870|order_id 4907316322|saved 2021-10-02 10:55:09.|sent 2021-10-02T11:52:33|received 2021-10-02T15:54:34
2021-02-10 10:55:16 AM|root|INFO|user_id 25523702|order_id 4907316186|saved 2021-10-02 10:55:16.|sent 2021-10-02T11:51:53|received 2021-10-02T15:53:5
2021-02-10 10:55:16 AM|root|INFO|user_id 25523702|order_id 4907317320|saved 2021-10-02 10:55:16.|sent 2021-10-02T11:52:21|received 2021-10-02T15:54:17
2021-02-10 10:55:16 AM|root|INFO|user_id 25523702|order_id 4907315411|saved 2021-10-02 10:55:16.|sent 2021-10-02T11:51:52|received 2021-10-02T15:54:3
2021-02-10 11:00:12 AM|root|INFO|user_id 160190870|order_id 4906619419|saved 2021-10-02 11:00:12.|sent 2021-10-01T22:52:46|received 2021-10-02T15:57:46
2021-02-10 11:00:12 AM|root|INFO|user_id 160190870|order_id 4907323300|saved 2021-10-02 11:00:12.|sent 2021-10-02T11:55:52|received 2021-10-02T15:58:26
2021-02-10 11:00:12 AM|root|INFO|user_id 160190870|order_id 4907325492|saved 2021-10-02 11:00:12.|sent 2021-10-02T11:56:19|received 2021-10-02T15:58:26
2021-02-10 11:00:12 AM|root|INFO|user_id 160190870|order_id 4907328229|saved 2021-10-02 11:00:12.|sent 2021-10-02T11:57:24|received 2021-10-02T15:59:15
2021-02-10 11:00:12 AM|root|INFO|user_id 160190870|order_id 4907328545|saved 2021-10-02 11:00:12.|sent 2021-10-02T11:58:55|received 2021-10-02T15:59:58
2021-02-10 11:05:09 AM|root|INFO|user_id 160190870|order_id 4907328803|saved 2021-10-02 11:05:09.|sent 2021-10-02T12:00:05|received 2021-10-02T16:02:15
2021-02-10 11:10:08 AM|root|INFO|user_id 160190870|order_id 4907344431|saved 2021-10-02 11:10:08.|sent 2021-10-02T12:05:26|received 2021-10-02T16:08:01
2021-02-10 11:10:08 AM|root|INFO|user_id 160190870|order_id 4907347287|saved 2021-10-02 11:10:08.|sent 2021-10-02T12:07:08|received 2021-10-02T16:09:19
2021-02-10 11:10:15 AM|root|INFO|user_id 25523702|order_id 4907344277|saved 2021-10-02 11:10:15.|sent 2021-10-02T12:05:02|received 2021-10-02T16:06:57
2021-02-10 11:15:08 AM|root|INFO|user_id 160190870|order_id 4907356471|saved 2021-10-02 11:15:08.|sent 2021-10-02T12:11:29|received 2021-10-02T16:13:25
2021-02-10 11:15:08 AM|root|INFO|user_id 160190870|order_id 4907353542|saved 2021-10-02 11:15:08.|sent 2021-10-02T12:11:43|received 2021-10-02T16:14:10
2021-02-10 11:15:08 AM|root|INFO|user_id 160190870|order_id 4907353576|saved 2021-10-02 11:15:08.|sent 2021-10-02T12:11:52|received 2021-10-02T16:14:25
2021-02-10 11:15:14 AM|root|INFO|user_id 25523702|order_id 4907354001|saved 2021-10-02 11:15:14.|sent 2021-10-02T12:09:41|received 2021-10-02T16:12:29
2021-02-10 11:15:14 AM|root|INFO|user_id 25523702|order_id 4907355824|saved 2021-10-02 11:15:14.|sent 2021-10-02T12:12:19|received 2021-10-02T16:14:12
2021-02-10 11:15:15 AM|root|INFO|user_id 25523702|order_id 4907360350|saved 2021-10-02 11:15:15.|sent 2021-10-02T12:14:01|received 2021-10-02T16:14:10
2021-02-10 11:15:15 AM|root|INFO|user_id 25523702|order_id 4907362551|saved 2021-10-02 11:15:15.|sent 2021-10-02T12:15:04|received 2021-10-02T16:15:07
2021-02-10 11:20:15 AM|root|INFO|user_id 25523702|order_id 4907366578|saved 2021-10-02 11:20:15.|sent 2021-10-02T12:17:33|received 2021-10-02T16:19:37
2021-02-10 11:20:15 AM|root|INFO|user_id 25523702|order_id 4907364644|saved 2021-10-02 11:20:15.|sent 2021-10-02T12:17:33|received 2021-10-02T16:19:38
2021-02-10 11:25:08 AM|root|INFO|user_id 160190870|order_id 4907376350|saved 2021-10-02 11:25:08.|sent 2021-10-02T12:22:20|received 2021-10-02T16:24:52
2021-02-10 11:30:08 AM|root|INFO|user_id 160190870|order_id 4907384590|saved 2021-10-02 11:30:08.|sent 2021-10-02T12:26:20|received 2021-10-02T16:28:28
2021-02-10 11:30:08 AM|root|INFO|user_id 160190870|order_id 4907384782|saved 2021-10-02 11:30:08.|sent 2021-10-02T12:26:50|received 2021-10-02T16:29:02
2021-02-10 11:30:09 AM|root|INFO|user_id 160190870|order_id 4907387058|saved 2021-10-02 11:30:09.|sent 2021-10-02T12:26:56|received 2021-10-02T16:29:32
2021-02-10 11:35:11 AM|root|INFO|user_id 160190870|order_id 4907400122|saved 2021-10-02 11:35:11.|sent 2021-10-02T12:33:52|received 2021-10-02T16:34:54
2021-02-10 11:35:19 AM|root|INFO|user_id 25523702|order_id 4907396853|saved 2021-10-02 11:35:19.|sent 2021-10-02T12:33:22|received 2021-10-02T16:34:39
2021-02-10 11:40:08 AM|root|INFO|user_id 160190870|order_id 4907401977|saved 2021-10-02 11:40:08.|sent 2021-10-02T12:36:27|received 2021-10-02T16:39:09
2021-02-10 11:40:09 AM|root|INFO|user_id 160190870|order_id 4907410405|saved 2021-10-02 11:40:09.|sent 2021-10-02T12:39:46|received 2021-10-02T16:39:5
2021-02-10 11:40:15 AM|root|INFO|user_id 25523702|order_id 4907413137|saved 2021-10-02 11:40:15.|sent 2021-10-02T12:39:35|received 2021-10-02T16:39:41
2021-02-10 11:40:15 AM|root|INFO|user_id 25523702|order_id 4906926212|saved 2021-10-02 11:40:15.|sent 2021-10-02T08:11:13|received 2021-10-02T16:39:43
2021-02-10 11:45:07 AM|root|INFO|user_id 160190870|order_id 4907408591|saved 2021-10-02 11:45:07.|sent 2021-10-02T12:39:46|received 2021-10-02T16:42:22
2021-02-10 11:45:08 AM|root|INFO|user_id 160190870|order_id 4907422192|saved 2021-10-02 11:45:08.|sent 2021-10-02T12:44:18|received 2021-10-02T16:44:26
2021-02-10 11:45:08 AM|root|INFO|user_id 160190870|order_id 4907416544|saved 2021-10-02 11:45:08.|sent 2021-10-02T12:44:18|received 2021-10-02T16:44:27
2021-02-10 11:45:14 AM|root|INFO|user_id 25523702|order_id 4907413706|saved 2021-10-02 11:45:14.|sent 2021-10-02T12:41:27|received 2021-10-02T16:44:14
2021-02-10 11:45:14 AM|root|INFO|user_id 25523702|order_id 4907416294|saved 2021-10-02 11:45:14.|sent 2021-10-02T12:43:08|received 2021-10-02T16:45:01
2021-02-10 11:45:14 AM|root|INFO|user_id 25523702|order_id 4907420839|saved 2021-10-02 11:45:14.|sent 2021-10-02T12:44:55|received 2021-10-02T16:45:01
2021-02-10 11:50:17 AM|root|INFO|user_id 25523702|order_id 4907432081|saved 2021-10-02 11:50:17.|sent 2021-10-02T12:48:35|received 2021-10-02T16:50:09
2021-02-10 11:50:17 AM|root|INFO|user_id 25523702|order_id 4907427364|saved 2021-10-02 11:50:17.|sent 2021-10-02T12:48:17|received 2021-10-02T16:50:0
2021-02-10 11:50:17 AM|root|INFO|user_id 25523702|order_id 4907432562|saved 2021-10-02 11:50:17.|sent 2021-10-02T12:49:56|received 2021-10-02T16:50:02
2021-02-10 11:50:17 AM|root|INFO|user_id 25523702|order_id 4907433511|saved 2021-10-02 11:50:17.|sent 2021-10-02T12:49:58|received 2021-10-02T16:50:04
2021-02-10 11:55:08 AM|root|INFO|user_id 160190870|order_id 4907435335|saved 2021-10-02 11:55:08.|sent 2021-10-02T12:52:12|received 2021-10-02T16:54:28
2021-02-10 11:55:14 AM|root|INFO|user_id 25523702|order_id 4907428704|saved 2021-10-02 11:55:14.|sent 2021-10-02T12:50:40|received 2021-10-02T16:53:05
2021-02-10 11:55:14 AM|root|INFO|user_id 25523702|order_id 4907436117|saved 2021-10-02 11:55:14.|sent 2021-10-02T12:51:39|received 2021-10-02T16:54:20
2021-02-10 11:55:14 AM|root|INFO|user_id 25523702|order_id 4907436118|saved 2021-10-02 11:55:14.|sent 2021-10-02T12:51:39|received 2021-10-02T16:54:20
2021-02-10 11:55:15 AM|root|INFO|user_id 25523702|order_id 4907431801|saved 2021-10-02 11:55:15.|sent 2021-10-02T12:51:42|received 2021-10-02T16:54:48
2021-02-10 12:00:11 PM|root|INFO|user_id 160190870|order_id 4907448137|saved 2021-10-02 12:00:11.|sent 2021-10-02T12:57:24|received 2021-10-02T16:59:22
2021-02-10 12:00:11 PM|root|INFO|user_id 160190870|order_id 4907445823|saved 2021-10-02 12:00:11.|sent 2021-10-02T12:59:20|received 2021-10-02T16:59:58
2021-02-10 12:00:18 PM|root|INFO|user_id 25523702|order_id 4907401231|saved 2021-10-02 12:00:17.|sent 2021-10-02T12:34:20|received 2021-10-02T16:57:54
2021-02-10 12:00:18 PM|root|INFO|user_id 25523702|order_id 4907447134|saved 2021-10-02 12:00:18.|sent 2021-10-02T12:57:13|received 2021-10-02T16:59:44
2021-02-10 12:00:18 PM|root|INFO|user_id 25523702|order_id 4907445609|saved 2021-10-02 12:00:18.|sent 2021-10-02T12:58:25|received 2021-10-02T16:59:53
2021-02-10 12:05:07 PM|root|INFO|user_id 160190870|order_id 4907446787|saved 2021-10-02 12:05:07.|sent 2021-10-02T13:00:07|received 2021-10-02T17:02:10
2021-02-10 12:05:08 PM|root|INFO|user_id 160190870|order_id 4907368652|saved 2021-10-02 12:05:08.|sent 2021-10-02T12:18:17|received 2021-10-02T17:04:58
2021-02-10 12:05:08 PM|root|INFO|user_id 160190870|order_id 4907452803|saved 2021-10-02 12:05:08.|sent 2021-10-02T13:02:19|received 2021-10-02T17:04:12
2021-02-10 12:05:08 PM|root|INFO|user_id 160190870|order_id 4907455709|saved 2021-10-02 12:05:08.|sent 2021-10-02T13:02:19|received 2021-10-02T17:04:3
2021-02-10 12:05:08 PM|root|INFO|user_id 160190870|order_id 4907457341|saved 2021-10-02 12:05:08.|sent 2021-10-02T13:02:39|received 2021-10-02T17:04:47
2021-02-10 12:05:08 PM|root|INFO|user_id 160190870|order_id 4907458117|saved 2021-10-02 12:05:08.|sent 2021-10-02T13:02:20|received 2021-10-02T17:04:54
2021-02-10 12:05:14 PM|root|INFO|user_id 25523702|order_id 4907458365|saved 2021-10-02 12:05:14.|sent 2021-10-02T13:03:32|received 2021-10-02T17:04:46
2021-02-10 12:10:12 PM|root|INFO|user_id 160190870|order_id 4907470322|saved 2021-10-02 12:10:12.|sent 2021-10-02T13:09:48|received 2021-10-02T17:09:56
2021-02-10 12:10:19 PM|root|INFO|user_id 25523702|order_id 4907462977|saved 2021-10-02 12:10:19.|sent 2021-10-02T13:06:08|received 2021-10-02T17:08:
2021-02-10 12:10:19 PM|root|INFO|user_id 25523702|order_id 4907465722|saved 2021-10-02 12:10:19.|sent 2021-10-02T13:08:00|received 2021-10-02T17:09:47
2021-02-10 12:15:08 PM|root|INFO|user_id 160190870|order_id 4907476347|saved 2021-10-02 12:15:08.|sent 2021-10-02T13:12:08|received 2021-10-02T17:14:23
2021-02-10 12:15:08 PM|root|INFO|user_id 160190870|order_id 4907475464|saved 2021-10-02 12:15:08.|sent 2021-10-02T13:12:25|received 2021-10-02T17:14:38
2021-02-10 12:15:08 PM|root|INFO|user_id 160190870|order_id 4907475887|saved 2021-10-02 12:15:08.|sent 2021-10-02T13:14:19|received 2021-10-02T17:14:57
2021-02-10 12:15:14 PM|root|INFO|user_id 25523702|order_id 4907473564|saved 2021-10-02 12:15:14.|sent 2021-10-02T13:10:54|received 2021-10-02T17:12:57
2021-02-10 12:15:14 PM|root|INFO|user_id 25523702|order_id 4907472905|saved 2021-10-02 12:15:14.|sent 2021-10-02T13:11:57|received 2021-10-02T17:14:00
2021-02-10 12:15:14 PM|root|INFO|user_id 25523702|order_id 4907475660|saved 2021-10-02 12:15:14.|sent 2021-10-02T13:13:20|received 2021-10-02T17:15:06
2021-02-10 12:15:15 PM|root|INFO|user_id 25523702|order_id 4907473882|saved 2021-10-02 12:15:15.|sent 2021-10-02T13:11:52|received 2021-10-02T17:15:07
2021-02-10 12:20:14 PM|root|INFO|user_id 160190870|order_id 4907484404|saved 2021-10-02 12:20:14.|sent 2021-10-02T13:16:41|received 2021-10-02T17:19:26
2021-02-10 12:20:14 PM|root|INFO|user_id 160190870|order_id 4907488335|saved 2021-10-02 12:20:14.|sent 2021-10-02T13:18:41|received 2021-10-02T17:18:58
2021-02-10 12:25:07 PM|root|INFO|user_id 160190870|order_id 4907490998|saved 2021-10-02 12:25:07.|sent 2021-10-02T13:21:10|received 2021-10-02T17:23:48
2021-02-10 12:25:07 PM|root|INFO|user_id 160190870|order_id 4907497051|saved 2021-10-02 12:25:07.|sent 2021-10-02T13:21:20|received 2021-10-02T17:24:23
2021-02-10 12:25:07 PM|root|INFO|user_id 160190870|order_id 4907500216|saved 2021-10-02 12:25:07.|sent 2021-10-02T13:24:20|received 2021-10-02T17:24:30
2021-02-10 12:30:09 PM|root|INFO|user_id 160190870|order_id 4907503499|saved 2021-10-02 12:30:09.|sent 2021-10-02T13:25:48|received 2021-10-02T17:28:0
2021-02-10 12:30:16 PM|root|INFO|user_id 25523702|order_id 4907507508|saved 2021-10-02 12:30:16.|sent 2021-10-02T13:28:51|received 2021-10-02T17:30:0
2021-02-10 12:35:16 PM|root|INFO|user_id 25523702|order_id 4907511380|saved 2021-10-02 12:35:16.|sent 2021-10-02T13:30:26|received 2021-10-02T17:33:07
2021-02-10 12:35:17 PM|root|INFO|user_id 25523702|order_id 4907442567|saved 2021-10-02 12:35:17.|sent 2021-10-02T12:55:51|received 2021-10-02T17:34:54
2021-02-10 12:40:17 PM|root|INFO|user_id 25523702|order_id 4907526247|saved 2021-10-02 12:40:17.|sent 2021-10-02T13:37:20|received 2021-10-02T17:39:14
2021-02-10 12:45:08 PM|root|INFO|user_id 160190870|order_id 4907528959|saved 2021-10-02 12:45:08.|sent 2021-10-02T13:41:29|received 2021-10-02T17:42:31
2021-02-10 12:45:08 PM|root|INFO|user_id 160190870|order_id 4907536309|saved 2021-10-02 12:45:08.|sent 2021-10-02T13:43:08|received 2021-10-02T17:44:39
2021-02-10 12:45:15 PM|root|INFO|user_id 25523702|order_id 4907529733|saved 2021-10-02 12:45:15.|sent 2021-10-02T13:41:10|received 2021-10-02T17:43:1
2021-02-10 12:50:10 PM|root|INFO|user_id 160190870|order_id 4907542787|saved 2021-10-02 12:50:10.|sent 2021-10-02T13:47:32|received 2021-10-02T17:49:31
2021-02-10 12:50:16 PM|root|INFO|user_id 25523702|order_id 4907472267|saved 2021-10-02 12:50:16.|sent 2021-10-02T13:10:00|received 2021-10-02T17:48:37
2021-02-10 12:50:16 PM|root|INFO|user_id 25523702|order_id 4907541731|saved 2021-10-02 12:50:16.|sent 2021-10-02T13:46:24|received 2021-10-02T17:48:39
2021-02-10 12:50:16 PM|root|INFO|user_id 25523702|order_id 4907544772|saved 2021-10-02 12:50:16.|sent 2021-10-02T13:47:59|received 2021-10-02T17:49:49
2021-02-10 12:50:17 PM|root|INFO|user_id 25523702|order_id 4907547109|saved 2021-10-02 12:50:17.|sent 2021-10-02T13:47:31|received 2021-10-02T17:49:46
2021-02-10 12:50:17 PM|root|INFO|user_id 25523702|order_id 4907550258|saved 2021-10-02 12:50:17.|sent 2021-10-02T13:49:22|received 2021-10-02T17:49:29
2021-02-10 12:55:18 PM|root|INFO|user_id 25523702|order_id 4907559257|saved 2021-10-02 12:55:18.|sent 2021-10-02T13:53:33|received 2021-10-02T17:55:11
2021-02-10 01:00:11 PM|root|INFO|user_id 160190870|order_id 4907560254|saved 2021-10-02 13:00:11.|sent 2021-10-02T13:55:24|received 2021-10-02T17:57:31
2021-02-10 01:00:11 PM|root|INFO|user_id 160190870|order_id 4907565040|saved 2021-10-02 13:00:11.|sent 2021-10-02T13:56:25|received 2021-10-02T17:59:03
2021-02-10 01:00:12 PM|root|INFO|user_id 160190870|order_id 4907568240|saved 2021-10-02 13:00:12.|sent 2021-10-02T13:58:40|received 2021-10-02T18:00:02
2021-02-10 01:00:18 PM|root|INFO|user_id 25523702|order_id 4907563123|saved 2021-10-02 13:00:18.|sent 2021-10-02T13:55:19|received 2021-10-02T17:59:0
2021-02-10 01:00:18 PM|root|INFO|user_id 25523702|order_id 4907568467|saved 2021-10-02 13:00:18.|sent 2021-10-02T13:59:22|received 2021-10-02T17:59:35
2021-02-10 01:05:07 PM|root|INFO|user_id 160190870|order_id 4907576012|saved 2021-10-02 13:05:07.|sent 2021-10-02T14:01:22|received 2021-10-02T18:03:22
2021-02-10 01:05:08 PM|root|INFO|user_id 160190870|order_id 4907573435|saved 2021-10-02 13:05:08.|sent 2021-10-02T14:02:24|received 2021-10-02T18:04:0
2021-02-10 01:05:08 PM|root|INFO|user_id 160190870|order_id 4907574047|saved 2021-10-02 13:05:08.|sent 2021-10-02T14:01:15|received 2021-10-02T18:04:47
2021-02-10 01:05:08 PM|root|INFO|user_id 160190870|order_id 4907574775|saved 2021-10-02 13:05:08.|sent 2021-10-02T14:03:41|received 2021-10-02T18:03:46
2021-02-10 01:05:14 PM|root|INFO|user_id 25523702|order_id 4907568727|saved 2021-10-02 13:05:14.|sent 2021-10-02T14:00:12|received 2021-10-02T18:03:01
2021-02-10 01:05:14 PM|root|INFO|user_id 25523702|order_id 4907574449|saved 2021-10-02 13:05:14.|sent 2021-10-02T14:02:34|received 2021-10-02T18:04:44
2021-02-10 01:05:15 PM|root|INFO|user_id 25523702|order_id 4907580037|saved 2021-10-02 13:05:15.|sent 2021-10-02T14:04:36|received 2021-10-02T18:04:43
2021-02-10 01:10:09 PM|root|INFO|user_id 160190870|order_id 4907581466|saved 2021-10-02 13:10:09.|sent 2021-10-02T14:06:05|received 2021-10-02T18:08:12
2021-02-10 01:10:09 PM|root|INFO|user_id 160190870|order_id 4907588098|saved 2021-10-02 13:10:09.|sent 2021-10-02T14:08:02|received 2021-10-02T18:09:39
2021-02-10 01:10:16 PM|root|INFO|user_id 25523702|order_id 4907545309|saved 2021-10-02 13:10:16.|sent 2021-10-02T13:46:52|received 2021-10-02T18:09:26
2021-02-10 01:15:08 PM|root|INFO|user_id 160190870|order_id 4907585998|saved 2021-10-02 13:15:08.|sent 2021-10-02T14:09:57|received 2021-10-02T18:12:4
2021-02-10 01:15:15 PM|root|INFO|user_id 25523702|order_id 4907593313|saved 2021-10-02 13:15:15.|sent 2021-10-02T14:11:58|received 2021-10-02T18:14:17
2021-02-10 01:20:09 PM|root|INFO|user_id 160190870|order_id 4907594993|saved 2021-10-02 13:20:09.|sent 2021-10-02T14:15:26|received 2021-10-02T18:17:22
2021-02-10 01:20:09 PM|root|INFO|user_id 160190870|order_id 4907604561|saved 2021-10-02 13:20:09.|sent 2021-10-02T14:19:03|received 2021-10-02T18:19:09
2021-02-10 01:20:09 PM|root|INFO|user_id 160190870|order_id 4907607186|saved 2021-10-02 13:20:09.|sent 2021-10-02T14:19:10|received 2021-10-02T18:19:47
2021-02-10 01:20:15 PM|root|INFO|user_id 25523702|order_id 4907597953|saved 2021-10-02 13:20:15.|sent 2021-10-02T14:17:06|received 2021-10-02T18:19:01
2021-02-10 01:20:15 PM|root|INFO|user_id 25523702|order_id 4907603660|saved 2021-10-02 13:20:15.|sent 2021-10-02T14:18:43|received 2021-10-02T18:19:58
2021-02-10 01:20:16 PM|root|INFO|user_id 25523702|order_id 4907604726|saved 2021-10-02 13:20:15.|sent 2021-10-02T14:19:35|received 2021-10-02T18:19:42
2021-02-10 01:25:10 PM|root|INFO|user_id 160190870|order_id 4907608321|saved 2021-10-02 13:25:10.|sent 2021-10-02T14:20:51|received 2021-10-02T18:22:43
2021-02-10 01:25:10 PM|root|INFO|user_id 160190870|order_id 4907608319|saved 2021-10-02 13:25:10.|sent 2021-10-02T14:20:51|received 2021-10-02T18:22:43
2021-02-10 01:25:16 PM|root|INFO|user_id 25523702|order_id 4907606958|saved 2021-10-02 13:25:16.|sent 2021-10-02T14:20:37|received 2021-10-02T18:22:44
2021-02-10 01:30:10 PM|root|INFO|user_id 160190870|order_id 4907618766|saved 2021-10-02 13:30:10.|sent 2021-10-02T14:26:37|received 2021-10-02T18:28:51
2021-02-10 01:30:16 PM|root|INFO|user_id 25523702|order_id 4907623836|saved 2021-10-02 13:30:16.|sent 2021-10-02T14:30:03|received 2021-10-02T18:30:08
2021-02-10 01:35:08 PM|root|INFO|user_id 160190870|order_id 4907626407|saved 2021-10-02 13:35:08.|sent 2021-10-02T14:30:43|received 2021-10-02T18:32:41
2021-02-10 01:35:08 PM|root|INFO|user_id 160190870|order_id 4907625567|saved 2021-10-02 13:35:08.|sent 2021-10-02T14:30:20|received 2021-10-02T18:32:54
2021-02-10 01:35:08 PM|root|INFO|user_id 160190870|order_id 4907631347|saved 2021-10-02 13:35:08.|sent 2021-10-02T14:31:41|received 2021-10-02T18:33:53
2021-02-10 01:35:08 PM|root|INFO|user_id 160190870|order_id 4907574169|saved 2021-10-02 13:35:08.|sent 2021-10-02T14:01:38|received 2021-10-02T18:34:37
2021-02-10 01:35:15 PM|root|INFO|user_id 25523702|order_id 4907625483|saved 2021-10-02 13:35:15.|sent 2021-10-02T14:29:57|received 2021-10-02T18:32:41
2021-02-10 01:35:15 PM|root|INFO|user_id 25523702|order_id 4907628990|saved 2021-10-02 13:35:15.|sent 2021-10-02T14:33:56|received 2021-10-02T18:35:00
2021-02-10 01:40:09 PM|root|INFO|user_id 160190870|order_id 4907643678|saved 2021-10-02 13:40:09.|sent 2021-10-02T14:39:22|received 2021-10-02T18:39:3
2021-02-10 01:40:15 PM|root|INFO|user_id 25523702|order_id 4907636929|saved 2021-10-02 13:40:15.|sent 2021-10-02T14:36:49|received 2021-10-02T18:38:47
2021-02-10 01:45:07 PM|root|INFO|user_id 160190870|order_id 4907649194|saved 2021-10-02 13:45:07.|sent 2021-10-02T14:41:03|received 2021-10-02T18:43:09
2021-02-10 01:45:13 PM|root|INFO|user_id 25523702|order_id 4907647195|saved 2021-10-02 13:45:13.|sent 2021-10-02T14:40:54|received 2021-10-02T18:42:58
2021-02-10 01:45:13 PM|root|INFO|user_id 25523702|order_id 4907643929|saved 2021-10-02 13:45:13.|sent 2021-10-02T14:40:12|received 2021-10-02T18:43:05
2021-02-10 01:45:13 PM|root|INFO|user_id 25523702|order_id 4907649268|saved 2021-10-02 13:45:13.|sent 2021-10-02T14:41:16|received 2021-10-02T18:44:32
2021-02-10 01:45:14 PM|root|INFO|user_id 25523702|order_id 4907648785|saved 2021-10-02 13:45:14.|sent 2021-10-02T14:42:50|received 2021-10-02T18:45:05
2021-02-10 01:50:10 PM|root|INFO|user_id 160190870|order_id 4907663587|saved 2021-10-02 13:50:10.|sent 2021-10-02T14:49:09|received 2021-10-02T18:49:16
2021-02-10 01:50:17 PM|root|INFO|user_id 25523702|order_id 4907660052|saved 2021-10-02 13:50:17.|sent 2021-10-02T14:47:11|received 2021-10-02T18:49:29
2021-02-10 01:55:08 PM|root|INFO|user_id 160190870|order_id 4907666022|saved 2021-10-02 13:55:08.|sent 2021-10-02T14:50:16|received 2021-10-02T18:52:22
2021-02-10 01:55:14 PM|root|INFO|user_id 25523702|order_id 4907667609|saved 2021-10-02 13:55:14.|sent 2021-10-02T14:52:23|received 2021-10-02T18:54:23
2021-02-10 02:00:13 PM|root|INFO|user_id 160190870|order_id 4907669764|saved 2021-10-02 14:00:13.|sent 2021-10-02T14:54:40|received 2021-10-02T18:58:24
2021-02-10 02:05:08 PM|root|INFO|user_id 160190870|order_id 4907686158|saved 2021-10-02 14:05:08.|sent 2021-10-02T15:00:55|received 2021-10-02T19:03:14
2021-02-10 02:05:08 PM|root|INFO|user_id 160190870|order_id 4907631345|saved 2021-10-02 14:05:08.|sent 2021-10-02T14:31:41|received 2021-10-02T19:04:54
2021-02-10 02:05:08 PM|root|INFO|user_id 160190870|order_id 4907686469|saved 2021-10-02 14:05:08.|sent 2021-10-02T15:01:59|received 2021-10-02T19:03:38
2021-02-10 02:05:08 PM|root|INFO|user_id 160190870|order_id 4907686954|saved 2021-10-02 14:05:08.|sent 2021-10-02T15:03:34|received 2021-10-02T19:05:00
2021-02-10 02:10:16 PM|root|INFO|user_id 25523702|order_id 4907696610|saved 2021-10-02 14:10:16.|sent 2021-10-02T15:08:08|received 2021-10-02T19:10:
2021-02-10 02:10:16 PM|root|INFO|user_id 25523702|order_id 4907697478|saved 2021-10-02 14:10:16.|sent 2021-10-02T15:08:10|received 2021-10-02T19:10:0
2021-02-10 02:10:16 PM|root|INFO|user_id 25523702|order_id 4907699624|saved 2021-10-02 14:10:16.|sent 2021-10-02T15:09:08|received 2021-10-02T19:09:14
2021-02-10 02:15:08 PM|root|INFO|user_id 160190870|order_id 4907646613|saved 2021-10-02 14:15:08.|sent 2021-10-02T14:41:29|received 2021-10-02T19:14:22
2021-02-10 02:15:15 PM|root|INFO|user_id 25523702|order_id 4907703605|saved 2021-10-02 14:15:15.|sent 2021-10-02T15:12:39|received 2021-10-02T19:14:52
2021-02-10 02:15:15 PM|root|INFO|user_id 25523702|order_id 4907710257|saved 2021-10-02 14:15:15.|sent 2021-10-02T15:14:04|received 2021-10-02T19:14:10
2021-02-10 02:20:09 PM|root|INFO|user_id 160190870|order_id 4907714249|saved 2021-10-02 14:20:09.|sent 2021-10-02T15:17:23|received 2021-10-02T19:19:49
2021-02-10 02:20:16 PM|root|INFO|user_id 25523702|order_id 4907712893|saved 2021-10-02 14:20:16.|sent 2021-10-02T15:16:40|received 2021-10-02T19:18:46
2021-02-10 02:25:09 PM|root|INFO|user_id 160190870|order_id 4907724781|saved 2021-10-02 14:25:09.|sent 2021-10-02T15:23:00|received 2021-10-02T19:24:51
2021-02-10 02:25:15 PM|root|INFO|user_id 25523702|order_id 4907266449|saved 2021-10-02 14:25:15.|sent 2021-10-02T11:26:11|received 2021-10-02T19:24:21
2021-02-10 02:25:15 PM|root|INFO|user_id 25523702|order_id 4907722641|saved 2021-10-02 14:25:15.|sent 2021-10-02T15:22:09|received 2021-10-02T19:24:33
2021-02-10 02:25:15 PM|root|INFO|user_id 25523702|order_id 4907729360|saved 2021-10-02 14:25:15.|sent 2021-10-02T15:24:39|received 2021-10-02T19:24:
2021-02-10 02:25:16 PM|root|INFO|user_id 25523702|order_id 4907725480|saved 2021-10-02 14:25:16.|sent 2021-10-02T15:24:39|received 2021-10-02T19:24:46
2021-02-10 02:30:09 PM|root|INFO|user_id 25523702|order_id 4907731700|saved 2021-10-02 14:30:09.|sent 2021-10-02T15:27:15|received 2021-10-02T19:29:25
2021-02-10 02:30:09 PM|root|INFO|user_id 25523702|order_id 4907729967|saved 2021-10-02 14:30:09.|sent 2021-10-02T15:27:15|received 2021-10-02T19:29:25
2021-02-10 02:30:09 PM|root|INFO|user_id 25523702|order_id 4907731604|saved 2021-10-02 14:30:09.|sent 2021-10-02T15:26:48|received 2021-10-02T19:29:34
2021-02-10 02:35:08 PM|root|INFO|user_id 160190870|order_id 4907725663|saved 2021-10-02 14:35:08.|sent 2021-10-02T15:25:36|received 2021-10-02T19:27:49
2021-02-10 02:35:08 PM|root|INFO|user_id 160190870|order_id 4907732370|saved 2021-10-02 14:35:08.|sent 2021-10-02T15:27:52|received 2021-10-02T19:29:53
2021-02-10 02:35:08 PM|root|INFO|user_id 160190870|order_id 4907738393|saved 2021-10-02 14:35:08.|sent 2021-10-02T15:30:11|received 2021-10-02T19:33:12
2021-02-10 02:35:08 PM|root|INFO|user_id 160190870|order_id 4907743334|saved 2021-10-02 14:35:08.|sent 2021-10-02T15:32:55|received 2021-10-02T19:34:43
2021-02-10 02:40:09 PM|root|INFO|user_id 25523702|order_id 4906658092|saved 2021-10-02 14:40:09.|sent 2021-10-01T23:26:20|received 2021-10-02T19:38:01
2021-02-10 02:45:08 PM|root|INFO|user_id 160190870|order_id 4907767216|saved 2021-10-02 14:45:08.|sent 2021-10-02T15:44:15|received 2021-10-02T19:44:24
2021-02-10 02:45:14 PM|root|INFO|user_id 25523702|order_id 4907649496|saved 2021-10-02 14:45:14.|sent 2021-10-02T14:42:01|received 2021-10-02T19:44:28
2021-02-10 02:50:10 PM|root|INFO|user_id 25523702|order_id 4906673989|saved 2021-10-02 14:50:10.|sent 2021-10-01T23:48:19|received 2021-10-02T19:49:47
2021-02-10 02:55:08 PM|root|INFO|user_id 160190870|order_id 4907768307|saved 2021-10-02 14:55:08.|sent 2021-10-02T15:45:34|received 2021-10-02T19:47:53
2021-02-10 02:55:08 PM|root|INFO|user_id 160190870|order_id 4907568955|saved 2021-10-02 14:55:08.|sent 2021-10-02T14:00:54|received 2021-10-02T19:51:5
2021-02-10 02:55:08 PM|root|INFO|user_id 160190870|order_id 4907770820|saved 2021-10-02 14:55:08.|sent 2021-10-02T15:50:08|received 2021-10-02T19:53:03
2021-02-10 03:00:16 PM|root|INFO|user_id 160190870|order_id 4907788492|saved 2021-10-02 15:00:16.|sent 2021-10-02T15:58:11|received 2021-10-02T20:00:04
2021-02-10 03:00:23 PM|root|INFO|user_id 25523702|order_id 4907782786|saved 2021-10-02 15:00:23.|sent 2021-10-02T15:55:28|received 2021-10-02T19:57:41
2021-02-10 03:05:09 PM|root|INFO|user_id 160190870|order_id 4907803339|saved 2021-10-02 15:05:09.|sent 2021-10-02T16:04:19|received 2021-10-02T20:04:29
2021-02-10 03:05:15 PM|root|INFO|user_id 25523702|order_id 4907795218|saved 2021-10-02 15:05:15.|sent 2021-10-02T16:00:14|received 2021-10-02T20:02:51
2021-02-10 03:05:15 PM|root|INFO|user_id 25523702|order_id 4907704232|saved 2021-10-02 15:05:15.|sent 2021-10-02T15:10:41|received 2021-10-02T20:03:14
2021-02-10 03:05:15 PM|root|INFO|user_id 25523702|order_id 4907795484|saved 2021-10-02 15:05:15.|sent 2021-10-02T16:01:15|received 2021-10-02T20:03:05
2021-02-10 03:10:15 PM|root|INFO|user_id 25523702|order_id 4907722542|saved 2021-10-02 15:10:15.|sent 2021-10-02T15:21:46|received 2021-10-02T20:08:38
2021-02-10 03:10:15 PM|root|INFO|user_id 25523702|order_id 4907807877|saved 2021-10-02 15:10:15.|sent 2021-10-02T16:09:24|received 2021-10-02T20:09:3
2021-02-10 03:15:17 PM|root|INFO|user_id 25523702|order_id 4907283080|saved 2021-10-02 15:15:17.|sent 2021-10-02T11:34:00|received 2021-10-02T20:14:45
2021-02-10 03:15:17 PM|root|INFO|user_id 25523702|order_id 4907821129|saved 2021-10-02 15:15:17.|sent 2021-10-02T16:13:48|received 2021-10-02T20:15:01
2021-02-10 03:20:09 PM|root|INFO|user_id 160190870|order_id 4907819930|saved 2021-10-02 15:20:09.|sent 2021-10-02T16:17:21|received 2021-10-02T20:19:28
2021-02-10 03:20:15 PM|root|INFO|user_id 25523702|order_id 4907824217|saved 2021-10-02 15:20:15.|sent 2021-10-02T16:15:42|received 2021-10-02T20:18:53
2021-02-10 03:20:15 PM|root|INFO|user_id 25523702|order_id 4907820801|saved 2021-10-02 15:20:15.|sent 2021-10-02T16:16:07|received 2021-10-02T20:18:20
2021-02-10 03:20:15 PM|root|INFO|user_id 25523702|order_id 4907777707|saved 2021-10-02 15:20:15.|sent 2021-10-02T15:51:57|received 2021-10-02T20:19:43
2021-02-10 03:20:16 PM|root|INFO|user_id 25523702|order_id 4907829679|saved 2021-10-02 15:20:16.|sent 2021-10-02T16:19:57|received 2021-10-02T20:20:04
2021-02-10 03:25:10 PM|root|INFO|user_id 160190870|order_id 4907835062|saved 2021-10-02 15:25:10.|sent 2021-10-02T16:21:10|received 2021-10-02T20:23:07
2021-02-10 03:25:16 PM|root|INFO|user_id 25523702|order_id 4907828659|saved 2021-10-02 15:25:16.|sent 2021-10-02T16:20:17|received 2021-10-02T20:23:07
2021-02-10 03:25:18 PM|root|INFO|user_id 25523702|order_id 4907835758|saved 2021-10-02 15:25:18.|sent 2021-10-02T16:23:41|received 2021-10-02T20:24:47
2021-02-10 03:30:10 PM|root|INFO|user_id 160190870|order_id 4907841856|saved 2021-10-02 15:30:10.|sent 2021-10-02T16:27:25|received 2021-10-02T20:29:24
2021-02-10 03:30:17 PM|root|INFO|user_id 25523702|order_id 4907842181|saved 2021-10-02 15:30:17.|sent 2021-10-02T16:25:47|received 2021-10-02T20:26:55
2021-02-10 03:30:17 PM|root|INFO|user_id 25523702|order_id 4906792802|saved 2021-10-02 15:30:17.|sent 2021-10-02T03:01:18|received 2021-10-02T20:29:26
2021-02-10 03:30:17 PM|root|INFO|user_id 25523702|order_id 4907842776|saved 2021-10-02 15:30:17.|sent 2021-10-02T16:27:51|received 2021-10-02T20:30:06
2021-02-10 03:40:15 PM|root|INFO|user_id 25523702|order_id 4907857642|saved 2021-10-02 15:40:15.|sent 2021-10-02T16:35:45|received 2021-10-02T20:37:45
2021-02-10 03:45:08 PM|root|INFO|user_id 160190870|order_id 4907865686|saved 2021-10-02 15:45:08.|sent 2021-10-02T16:40:17|received 2021-10-02T20:42:36
2021-02-10 03:45:08 PM|root|INFO|user_id 160190870|order_id 4907866629|saved 2021-10-02 15:45:08.|sent 2021-10-02T16:40:53|received 2021-10-02T20:43:3
2021-02-10 03:50:08 PM|root|INFO|user_id 160190870|order_id 4907878223|saved 2021-10-02 15:50:08.|sent 2021-10-02T16:45:32|received 2021-10-02T20:47:27
2021-02-10 03:50:08 PM|root|INFO|user_id 160190870|order_id 4907882234|saved 2021-10-02 15:50:08.|sent 2021-10-02T16:48:07|received 2021-10-02T20:49:59
2021-02-10 03:55:08 PM|root|INFO|user_id 160190870|order_id 4907892139|saved 2021-10-02 15:55:08.|sent 2021-10-02T16:52:47|received 2021-10-02T20:54:47
2021-02-10 03:55:08 PM|root|INFO|user_id 160190870|order_id 4907888705|saved 2021-10-02 15:55:08.|sent 2021-10-02T16:53:08|received 2021-10-02T20:54:53
2021-02-10 04:05:16 PM|root|INFO|user_id 25523702|order_id 4907899242|saved 2021-10-02 16:05:16.|sent 2021-10-02T16:58:24|received 2021-10-02T21:00:21
2021-02-10 04:05:16 PM|root|INFO|user_id 25523702|order_id 4907747561|saved 2021-10-02 16:05:16.|sent 2021-10-02T15:34:57|received 2021-10-02T21:04:01
2021-02-10 04:10:15 PM|root|INFO|user_id 160190870|order_id 4907911808|saved 2021-10-02 16:10:15.|sent 2021-10-02T17:06:40|received 2021-10-02T21:08:4
2021-02-10 04:10:27 PM|root|INFO|user_id 25523702|order_id 4907911726|saved 2021-10-02 16:10:27.|sent 2021-10-02T17:06:24|received 2021-10-02T21:08:46
2021-02-10 04:15:09 PM|root|INFO|user_id 160190870|order_id 4907930014|saved 2021-10-02 16:15:09.|sent 2021-10-02T17:14:21|received 2021-10-02T21:14:28
2021-02-10 04:20:09 PM|root|INFO|user_id 160190870|order_id 4907715963|saved 2021-10-02 16:20:09.|sent 2021-10-02T15:19:51|received 2021-10-02T21:19:10
2021-02-10 04:20:15 PM|root|INFO|user_id 25523702|order_id 4907930600|saved 2021-10-02 16:20:15.|sent 2021-10-02T17:16:05|received 2021-10-02T21:18:10
2021-02-10 04:20:15 PM|root|INFO|user_id 25523702|order_id 4907934543|saved 2021-10-02 16:20:15.|sent 2021-10-02T17:18:00|received 2021-10-02T21:19:55
2021-02-10 04:25:11 PM|root|INFO|user_id 160190870|order_id 4907937757|saved 2021-10-02 16:25:11.|sent 2021-10-02T17:20:00|received 2021-10-02T21:22:05
2021-02-10 04:25:24 PM|root|INFO|user_id 25523702|order_id 4907942745|saved 2021-10-02 16:25:24.|sent 2021-10-02T17:22:52|received 2021-10-02T21:24:41
2021-02-10 04:25:24 PM|root|INFO|user_id 25523702|order_id 4907937946|saved 2021-10-02 16:25:24.|sent 2021-10-02T17:20:35|received 2021-10-02T21:24:3
2021-02-10 04:35:08 PM|root|INFO|user_id 160190870|order_id 4907958235|saved 2021-10-02 16:35:08.|sent 2021-10-02T17:30:10|received 2021-10-02T21:32:08
2021-02-10 04:35:08 PM|root|INFO|user_id 160190870|order_id 4907953870|saved 2021-10-02 16:35:08.|sent 2021-10-02T17:30:10|received 2021-10-02T21:32:4
2021-02-10 04:35:09 PM|root|INFO|user_id 160190870|order_id 4907953869|saved 2021-10-02 16:35:09.|sent 2021-10-02T17:30:09|received 2021-10-02T21:32:5
2021-02-10 04:35:17 PM|root|INFO|user_id 25523702|order_id 4907893507|saved 2021-10-02 16:35:17.|sent 2021-10-02T16:55:26|received 2021-10-02T21:29:39
2021-02-10 04:35:17 PM|root|INFO|user_id 25523702|order_id 4907795628|saved 2021-10-02 16:35:17.|sent 2021-10-02T16:01:45|received 2021-10-02T21:30:27
2021-02-10 04:35:17 PM|root|INFO|user_id 25523702|order_id 4907965193|saved 2021-10-02 16:35:17.|sent 2021-10-02T17:34:14|received 2021-10-02T21:34:21
2021-02-10 04:40:09 PM|root|INFO|user_id 160190870|order_id 4907965423|saved 2021-10-02 16:40:09.|sent 2021-10-02T17:35:01|received 2021-10-02T21:36:57
2021-02-10 04:40:09 PM|root|INFO|user_id 160190870|order_id 4907973054|saved 2021-10-02 16:40:09.|sent 2021-10-02T17:37:35|received 2021-10-02T21:39:48
2021-02-10 04:40:09 PM|root|INFO|user_id 160190870|order_id 4907975332|saved 2021-10-02 16:40:09.|sent 2021-10-02T17:38:45|received 2021-10-02T21:38:5
2021-02-10 04:40:10 PM|root|INFO|user_id 160190870|order_id 4907976096|saved 2021-10-02 16:40:10.|sent 2021-10-02T17:39:25|received 2021-10-02T21:39:30
2021-02-10 04:45:07 PM|root|INFO|user_id 160190870|order_id 4907974947|saved 2021-10-02 16:45:07.|sent 2021-10-02T17:40:38|received 2021-10-02T21:42:53
2021-02-10 04:45:14 PM|root|INFO|user_id 25523702|order_id 4907978335|saved 2021-10-02 16:45:14.|sent 2021-10-02T17:41:22|received 2021-10-02T21:43:25
2021-02-10 04:45:14 PM|root|INFO|user_id 25523702|order_id 4907982699|saved 2021-10-02 16:45:14.|sent 2021-10-02T17:42:59|received 2021-10-02T21:44:57
2021-02-10 04:45:14 PM|root|INFO|user_id 25523702|order_id 4907981742|saved 2021-10-02 16:45:14.|sent 2021-10-02T17:43:12|received 2021-10-02T21:44:44
2021-02-10 04:45:14 PM|root|INFO|user_id 25523702|order_id 4907983001|saved 2021-10-02 16:45:14.|sent 2021-10-02T17:43:34|received 2021-10-02T21:44:55
2021-02-10 04:50:10 PM|root|INFO|user_id 160190870|order_id 4907993765|saved 2021-10-02 16:50:10.|sent 2021-10-02T17:49:51|received 2021-10-02T21:49:59
2021-02-10 04:50:18 PM|root|INFO|user_id 25523702|order_id 4907989376|saved 2021-10-02 16:50:18.|sent 2021-10-02T17:46:39|received 2021-10-02T21:49:48
2021-02-10 04:50:18 PM|root|INFO|user_id 25523702|order_id 4907834713|saved 2021-10-02 16:50:18.|sent 2021-10-02T16:23:01|received 2021-10-02T21:49:28
2021-02-10 04:55:07 PM|root|INFO|user_id 160190870|order_id 4907992305|saved 2021-10-02 16:55:07.|sent 2021-10-02T17:48:14|received 2021-10-02T21:52:28
2021-02-10 04:55:07 PM|root|INFO|user_id 160190870|order_id 4907995313|saved 2021-10-02 16:55:07.|sent 2021-10-02T17:51:13|received 2021-10-02T21:53:34
2021-02-10 04:55:08 PM|root|INFO|user_id 160190870|order_id 4907996582|saved 2021-10-02 16:55:08.|sent 2021-10-02T17:52:03|received 2021-10-02T21:53:58
2021-02-10 04:55:14 PM|root|INFO|user_id 25523702|order_id 4907995094|saved 2021-10-02 16:55:14.|sent 2021-10-02T17:50:20|received 2021-10-02T21:53:06
2021-02-10 04:55:14 PM|root|INFO|user_id 25523702|order_id 4907994799|saved 2021-10-02 16:55:14.|sent 2021-10-02T17:52:20|received 2021-10-02T21:53:27
2021-02-10 05:00:20 PM|root|INFO|user_id 25523702|order_id 4908006522|saved 2021-10-02 17:00:20.|sent 2021-10-02T17:57:09|received 2021-10-02T21:59:2
2021-02-10 05:00:21 PM|root|INFO|user_id 25523702|order_id 4908009502|saved 2021-10-02 17:00:21.|sent 2021-10-02T17:58:35|received 2021-10-02T22:00:03
2021-02-10 05:00:21 PM|root|INFO|user_id 25523702|order_id 4908010857|saved 2021-10-02 17:00:21.|sent 2021-10-02T17:59:40|received 2021-10-02T21:59:46
2021-02-10 05:05:08 PM|root|INFO|user_id 160190870|order_id 4908012505|saved 2021-10-02 17:05:08.|sent 2021-10-02T18:00:25|received 2021-10-02T22:02:24
2021-02-10 05:05:09 PM|root|INFO|user_id 160190870|order_id 4908013875|saved 2021-10-02 17:05:09.|sent 2021-10-02T18:03:21|received 2021-10-02T22:04:56
2021-02-10 05:10:09 PM|root|INFO|user_id 160190870|order_id 4908024317|saved 2021-10-02 17:10:09.|sent 2021-10-02T18:05:28|received 2021-10-02T22:07:30
2021-02-10 05:10:09 PM|root|INFO|user_id 160190870|order_id 4908023892|saved 2021-10-02 17:10:09.|sent 2021-10-02T18:06:33|received 2021-10-02T22:08:33
2021-02-10 05:15:07 PM|root|INFO|user_id 160190870|order_id 4908030909|saved 2021-10-02 17:15:07.|sent 2021-10-02T18:11:26|received 2021-10-02T22:14:33
2021-02-10 05:15:07 PM|root|INFO|user_id 160190870|order_id 4908041198|saved 2021-10-02 17:15:07.|sent 2021-10-02T18:14:17|received 2021-10-02T22:14:57
2021-02-10 05:15:13 PM|root|INFO|user_id 25523702|order_id 4908031491|saved 2021-10-02 17:15:13.|sent 2021-10-02T18:11:12|received 2021-10-02T22:14:34
2021-02-10 05:15:13 PM|root|INFO|user_id 25523702|order_id 4908033979|saved 2021-10-02 17:15:13.|sent 2021-10-02T18:13:01|received 2021-10-02T22:15:03
2021-02-10 05:20:10 PM|root|INFO|user_id 160190870|order_id 4908038995|saved 2021-10-02 17:20:10.|sent 2021-10-02T18:16:28|received 2021-10-02T22:18:34
2021-02-10 05:20:22 PM|root|INFO|user_id 25523702|order_id 4908046477|saved 2021-10-02 17:20:22.|sent 2021-10-02T18:18:03|received 2021-10-02T22:20:08
2021-02-10 05:25:08 PM|root|INFO|user_id 160190870|order_id 4908055497|saved 2021-10-02 17:25:08.|sent 2021-10-02T18:23:55|received 2021-10-02T22:24:59
2021-02-10 05:30:12 PM|root|INFO|user_id 160190870|order_id 4908059879|saved 2021-10-02 17:30:12.|sent 2021-10-02T18:26:25|received 2021-10-02T22:28:29
2021-02-10 05:30:19 PM|root|INFO|user_id 25523702|order_id 4908065029|saved 2021-10-02 17:30:19.|sent 2021-10-02T18:26:51|received 2021-10-02T22:28:59
2021-02-10 05:30:19 PM|root|INFO|user_id 25523702|order_id 4908057996|saved 2021-10-02 17:30:19.|sent 2021-10-02T18:28:04|received 2021-10-02T22:29:43
2021-02-10 05:40:15 PM|root|INFO|user_id 25523702|order_id 4908079703|saved 2021-10-02 17:40:15.|sent 2021-10-02T18:35:48|received 2021-10-02T22:37:55
2021-02-10 05:45:08 PM|root|INFO|user_id 160190870|order_id 4908089237|saved 2021-10-02 17:45:08.|sent 2021-10-02T18:40:54|received 2021-10-02T22:42:53
2021-02-10 05:45:08 PM|root|INFO|user_id 160190870|order_id 4908091444|saved 2021-10-02 17:45:08.|sent 2021-10-02T18:43:30|received 2021-10-02T22:44:51
2021-02-10 05:45:08 PM|root|INFO|user_id 160190870|order_id 4908095134|saved 2021-10-02 17:45:08.|sent 2021-10-02T18:43:54|received 2021-10-02T22:44:01
2021-02-10 05:50:08 PM|root|INFO|user_id 160190870|order_id 4908092449|saved 2021-10-02 17:50:08.|sent 2021-10-02T18:44:39|received 2021-10-02T22:47:10
2021-02-10 05:50:08 PM|root|INFO|user_id 160190870|order_id 4907895596|saved 2021-10-02 17:50:08.|sent 2021-10-02T16:56:18|received 2021-10-02T22:49:45
2021-02-10 05:50:08 PM|root|INFO|user_id 160190870|order_id 4908099766|saved 2021-10-02 17:50:08.|sent 2021-10-02T18:49:13|received 2021-10-02T22:49:19
2021-02-10 05:50:14 PM|root|INFO|user_id 25523702|order_id 4908093393|saved 2021-10-02 17:50:14.|sent 2021-10-02T18:44:39|received 2021-10-02T22:47:3
2021-02-10 05:50:14 PM|root|INFO|user_id 25523702|order_id 4908092445|saved 2021-10-02 17:50:14.|sent 2021-10-02T18:44:39|received 2021-10-02T22:47:3
2021-02-10 05:50:15 PM|root|INFO|user_id 25523702|order_id 4907918228|saved 2021-10-02 17:50:15.|sent 2021-10-02T17:08:02|received 2021-10-02T22:47:59
2021-02-10 05:50:15 PM|root|INFO|user_id 25523702|order_id 4908104222|saved 2021-10-02 17:50:15.|sent 2021-10-02T18:48:51|received 2021-10-02T22:50:04
2021-02-10 05:55:08 PM|root|INFO|user_id 160190870|order_id 4907193320|saved 2021-10-02 17:55:08.|sent 2021-10-02T10:48:22|received 2021-10-02T22:54:
2021-02-10 05:55:14 PM|root|INFO|user_id 25523702|order_id 4908105293|saved 2021-10-02 17:55:14.|sent 2021-10-02T18:50:52|received 2021-10-02T22:54:58
2021-02-10 06:00:14 PM|root|INFO|user_id 25523702|order_id 4908118071|saved 2021-10-02 18:00:14.|sent 2021-10-02T18:56:48|received 2021-10-02T22:59:13
2021-02-10 06:00:14 PM|root|INFO|user_id 25523702|order_id 4908119955|saved 2021-10-02 18:00:14.|sent 2021-10-02T18:59:44|received 2021-10-02T22:59:52
2021-02-10 06:05:10 PM|root|INFO|user_id 160190870|order_id 4908125261|saved 2021-10-02 18:05:10.|sent 2021-10-02T19:00:54|received 2021-10-02T23:03:17
2021-02-10 06:10:15 PM|root|INFO|user_id 160190870|order_id 4908134064|saved 2021-10-02 18:10:15.|sent 2021-10-02T19:05:56|received 2021-10-02T23:08:0
2021-02-10 06:10:17 PM|root|INFO|user_id 160190870|order_id 4908138314|saved 2021-10-02 18:10:17.|sent 2021-10-02T19:07:55|received 2021-10-02T23:09:44
2021-02-10 06:15:11 PM|root|INFO|user_id 160190870|order_id 4908143955|saved 2021-10-02 18:15:11.|sent 2021-10-02T19:13:24|received 2021-10-02T23:14:54
2021-02-10 06:15:11 PM|root|INFO|user_id 160190870|order_id 4908146623|saved 2021-10-02 18:15:11.|sent 2021-10-02T19:13:29|received 2021-10-02T23:14:49
2021-02-10 06:15:18 PM|root|INFO|user_id 25523702|order_id 4907679310|saved 2021-10-02 18:15:18.|sent 2021-10-02T14:57:39|received 2021-10-02T23:15:04
2021-02-10 06:20:09 PM|root|INFO|user_id 160190870|order_id 4908154156|saved 2021-10-02 18:20:09.|sent 2021-10-02T19:17:03|received 2021-10-02T23:18:55
2021-02-10 06:20:09 PM|root|INFO|user_id 160190870|order_id 4908153423|saved 2021-10-02 18:20:09.|sent 2021-10-02T19:17:03|received 2021-10-02T23:18:55
2021-02-10 06:20:09 PM|root|INFO|user_id 160190870|order_id 4908156513|saved 2021-10-02 18:20:09.|sent 2021-10-02T19:18:33|received 2021-10-02T23:19:38
2021-02-10 06:20:16 PM|root|INFO|user_id 25523702|order_id 4908147831|saved 2021-10-02 18:20:16.|sent 2021-10-02T19:15:35|received 2021-10-02T23:17:57
2021-02-10 06:35:09 PM|root|INFO|user_id 160190870|order_id 4908182769|saved 2021-10-02 18:35:09.|sent 2021-10-02T19:33:44|received 2021-10-02T23:34:48
2021-02-10 06:35:09 PM|root|INFO|user_id 160190870|order_id 4908184258|saved 2021-10-02 18:35:09.|sent 2021-10-02T19:34:04|received 2021-10-02T23:34:12
2021-02-10 06:35:16 PM|root|INFO|user_id 25523702|order_id 4908170706|saved 2021-10-02 18:35:16.|sent 2021-10-02T19:28:23|received 2021-10-02T23:31:24
2021-02-10 06:35:16 PM|root|INFO|user_id 25523702|order_id 4908181219|saved 2021-10-02 18:35:16.|sent 2021-10-02T19:31:22|received 2021-10-02T23:33:31
2021-02-10 06:35:17 PM|root|INFO|user_id 25523702|order_id 4908178216|saved 2021-10-02 18:35:17.|sent 2021-10-02T19:31:23|received 2021-10-02T23:33:24
2021-02-10 06:35:17 PM|root|INFO|user_id 25523702|order_id 4908182431|saved 2021-10-02 18:35:17.|sent 2021-10-02T19:32:31|received 2021-10-02T23:34:44
2021-02-10 06:40:09 PM|root|INFO|user_id 160190870|order_id 4908191426|saved 2021-10-02 18:40:09.|sent 2021-10-02T19:37:56|received 2021-10-02T23:40:01
2021-02-10 06:40:16 PM|root|INFO|user_id 25523702|order_id 4908190040|saved 2021-10-02 18:40:16.|sent 2021-10-02T19:36:12|received 2021-10-02T23:39:29
2021-02-10 06:45:08 PM|root|INFO|user_id 160190870|order_id 4908196882|saved 2021-10-02 18:45:08.|sent 2021-10-02T19:43:42|received 2021-10-02T23:44:52
2021-02-10 06:45:14 PM|root|INFO|user_id 25523702|order_id 4908201865|saved 2021-10-02 18:45:14.|sent 2021-10-02T19:44:07|received 2021-10-02T23:44:13
2021-02-10 06:45:14 PM|root|INFO|user_id 25523702|order_id 4908204205|saved 2021-10-02 18:45:14.|sent 2021-10-02T19:44:39|received 2021-10-02T23:44:46
2021-02-10 06:50:09 PM|root|INFO|user_id 160190870|order_id 4908206528|saved 2021-10-02 18:50:09.|sent 2021-10-02T19:46:10|received 2021-10-02T23:48:24
2021-02-10 06:50:09 PM|root|INFO|user_id 160190870|order_id 4908206070|saved 2021-10-02 18:50:09.|sent 2021-10-02T19:44:34|received 2021-10-02T23:49:3
2021-02-10 06:55:08 PM|root|INFO|user_id 160190870|order_id 4908209870|saved 2021-10-02 18:55:08.|sent 2021-10-02T19:50:04|received 2021-10-02T23:52:14
2021-02-10 06:55:08 PM|root|INFO|user_id 160190870|order_id 4908208900|saved 2021-10-02 18:55:08.|sent 2021-10-02T19:50:12|received 2021-10-02T23:52:
2021-02-10 06:55:08 PM|root|INFO|user_id 160190870|order_id 4908214167|saved 2021-10-02 18:55:08.|sent 2021-10-02T19:50:12|received 2021-10-02T23:52:
2021-02-10 06:55:08 PM|root|INFO|user_id 160190870|order_id 4908214542|saved 2021-10-02 18:55:08.|sent 2021-10-02T19:52:07|received 2021-10-02T23:54:48
2021-02-10 06:55:08 PM|root|INFO|user_id 160190870|order_id 4908218694|saved 2021-10-02 18:55:08.|sent 2021-10-02T19:53:33|received 2021-10-02T23:54:4
2021-02-10 06:55:15 PM|root|INFO|user_id 25523702|order_id 4908137062|saved 2021-10-02 18:55:15.|sent 2021-10-02T19:06:49|received 2021-10-02T23:53:28
2021-02-10 06:55:15 PM|root|INFO|user_id 25523702|order_id 4908216835|saved 2021-10-02 18:55:15.|sent 2021-10-02T19:54:58|received 2021-10-02T23:55:03
2021-02-10 06:55:15 PM|root|INFO|user_id 25523702|order_id 4908223137|saved 2021-10-02 18:55:15.|sent 2021-10-02T19:54:58|received 2021-10-02T23:55:0
2021-02-10 07:05:02 PM|root|INFO|user_id 25523702|order_id 4908235179|saved 2021-10-02 19:05:02.|sent 2021-10-02T20:01:59|received 2021-10-03T00:04:42
2021-02-10 07:10:02 PM|root|INFO|user_id 160190870|order_id 4908240557|saved 2021-10-02 19:10:02.|sent 2021-10-02T20:06:24|received 2021-10-03T00:08:04
2021-02-10 07:10:02 PM|root|INFO|user_id 160190870|order_id 4908241793|saved 2021-10-02 19:10:02.|sent 2021-10-02T20:07:55|received 2021-10-03T00:09:57
2021-02-10 07:10:03 PM|root|INFO|user_id 160190870|order_id 4908239965|saved 2021-10-02 19:10:03.|sent 2021-10-02T20:08:20|received 2021-10-03T00:09:5
2021-02-10 07:10:04 PM|root|INFO|user_id 25523702|order_id 4908244423|saved 2021-10-02 19:10:04.|sent 2021-10-02T20:06:42|received 2021-10-03T00:09:16
2021-02-10 07:10:04 PM|root|INFO|user_id 25523702|order_id 4908246119|saved 2021-10-02 19:10:04.|sent 2021-10-02T20:09:01|received 2021-10-03T00:09:43
2021-02-10 07:20:03 PM|root|INFO|user_id 160190870|order_id 4908257584|saved 2021-10-02 19:20:03.|sent 2021-10-02T20:16:52|received 2021-10-03T00:19:05
2021-02-10 07:20:04 PM|root|INFO|user_id 25523702|order_id 4908260229|saved 2021-10-02 19:20:04.|sent 2021-10-02T20:16:28|received 2021-10-03T00:18:39
2021-02-10 07:30:03 PM|root|INFO|user_id 160190870|order_id 4908279008|saved 2021-10-02 19:30:03.|sent 2021-10-02T20:26:35|received 2021-10-03T00:29:04
2021-02-10 07:30:03 PM|root|INFO|user_id 160190870|order_id 4908276823|saved 2021-10-02 19:30:03.|sent 2021-10-02T20:29:20|received 2021-10-03T00:29:2
2021-02-10 07:30:04 PM|root|INFO|user_id 25523702|order_id 4908278541|saved 2021-10-02 19:30:04.|sent 2021-10-02T20:28:00|received 2021-10-03T00:29:54
2021-02-10 07:30:04 PM|root|INFO|user_id 25523702|order_id 4908276556|saved 2021-10-02 19:30:04.|sent 2021-10-02T20:28:04|received 2021-10-03T00:29:58
2021-02-10 07:30:04 PM|root|INFO|user_id 25523702|order_id 4908273973|saved 2021-10-02 19:30:04.|sent 2021-10-02T20:28:04|received 2021-10-03T00:29:58
2021-02-10 07:35:04 PM|root|INFO|user_id 25523702|order_id 4908290196|saved 2021-10-02 19:35:04.|sent 2021-10-02T20:34:15|received 2021-10-03T00:34:52
2021-02-10 07:40:05 PM|root|INFO|user_id 160190870|order_id 4908292975|saved 2021-10-02 19:40:05.|sent 2021-10-02T20:37:31|received 2021-10-03T00:39:37
2021-02-10 07:40:05 PM|root|INFO|user_id 160190870|order_id 4908296340|saved 2021-10-02 19:40:05.|sent 2021-10-02T20:38:29|received 2021-10-03T00:39:56
2021-02-10 07:40:16 PM|root|INFO|user_id 160190870|order_id 4908299176|saved 2021-10-02 19:40:16.|sent 2021-10-02T20:38:33|received 2021-10-03T00:39:52
2021-02-10 07:40:17 PM|root|INFO|user_id 25523702|order_id 4908289595|saved 2021-10-02 19:40:17.|sent 2021-10-02T20:35:19|received 2021-10-03T00:37:21
2021-02-10 07:40:17 PM|root|INFO|user_id 25523702|order_id 4908293469|saved 2021-10-02 19:40:17.|sent 2021-10-02T20:35:52|received 2021-10-03T00:37:5
2021-02-10 07:40:17 PM|root|INFO|user_id 25523702|order_id 4908295494|saved 2021-10-02 19:40:17.|sent 2021-10-02T20:38:31|received 2021-10-03T00:40:13
2021-02-10 07:45:08 PM|root|INFO|user_id 160190870|order_id 4908304504|saved 2021-10-02 19:45:08.|sent 2021-10-02T20:43:11|received 2021-10-03T00:44:45
2021-02-10 07:55:05 PM|root|INFO|user_id 160190870|order_id 4908315401|saved 2021-10-02 19:55:05.|sent 2021-10-02T20:50:33|received 2021-10-03T00:54:54
2021-02-10 07:55:07 PM|root|INFO|user_id 25523702|order_id 4908314707|saved 2021-10-02 19:55:07.|sent 2021-10-02T20:51:41|received 2021-10-03T00:53:4
2021-02-10 07:55:07 PM|root|INFO|user_id 25523702|order_id 4908314702|saved 2021-10-02 19:55:07.|sent 2021-10-02T20:51:41|received 2021-10-03T00:54:12
2021-02-10 07:55:07 PM|root|INFO|user_id 25523702|order_id 4908319314|saved 2021-10-02 19:55:07.|sent 2021-10-02T20:51:40|received 2021-10-03T00:54:29
2021-02-10 07:55:07 PM|root|INFO|user_id 25523702|order_id 4908321449|saved 2021-10-02 19:55:07.|sent 2021-10-02T20:54:12|received 2021-10-03T00:54:21
2021-02-10 07:55:07 PM|root|INFO|user_id 25523702|order_id 4908325232|saved 2021-10-02 19:55:07.|sent 2021-10-02T20:54:59|received 2021-10-03T00:55:01
2021-02-10 08:00:08 PM|root|INFO|user_id 160190870|order_id 4908322808|saved 2021-10-02 20:00:08.|sent 2021-10-02T20:55:26|received 2021-10-03T00:57:17
2021-02-10 08:00:08 PM|root|INFO|user_id 160190870|order_id 4908291500|saved 2021-10-02 20:00:08.|sent 2021-10-02T20:35:24|received 2021-10-03T01:00:01
2021-02-10 08:00:15 PM|root|INFO|user_id 25523702|order_id 4908329236|saved 2021-10-02 20:00:15.|sent 2021-10-02T20:57:10|received 2021-10-03T00:59:44
2021-02-10 08:00:15 PM|root|INFO|user_id 25523702|order_id 4908329665|saved 2021-10-02 20:00:15.|sent 2021-10-02T20:58:38|received 2021-10-03T00:59:57
2021-02-10 08:00:16 PM|root|INFO|user_id 25523702|order_id 4908330780|saved 2021-10-02 20:00:16.|sent 2021-10-02T20:59:46|received 2021-10-03T00:59:51
2021-02-10 08:05:05 PM|root|INFO|user_id 160190870|order_id 4908337056|saved 2021-10-02 20:05:05.|sent 2021-10-02T21:00:40|received 2021-10-03T01:02:39
2021-02-10 08:05:06 PM|root|INFO|user_id 160190870|order_id 4908339082|saved 2021-10-02 20:05:05.|sent 2021-10-02T21:03:44|received 2021-10-03T01:05:02
2021-02-10 08:05:08 PM|root|INFO|user_id 25523702|order_id 4908340024|saved 2021-10-02 20:05:08.|sent 2021-10-02T21:03:50|received 2021-10-03T01:05:02
2021-02-10 08:10:13 PM|root|INFO|user_id 160190870|order_id 4908339824|saved 2021-10-02 20:10:13.|sent 2021-10-02T21:07:29|received 2021-10-03T01:09:58
2021-02-10 08:10:16 PM|root|INFO|user_id 25523702|order_id 4908340870|saved 2021-10-02 20:10:16.|sent 2021-10-02T21:07:00|received 2021-10-03T01:09:05
2021-02-10 08:10:17 PM|root|INFO|user_id 25523702|order_id 4908344628|saved 2021-10-02 20:10:17.|sent 2021-10-02T21:08:36|received 2021-10-03T01:10:04
2021-02-10 08:10:17 PM|root|INFO|user_id 25523702|order_id 4908345738|saved 2021-10-02 20:10:17.|sent 2021-10-02T21:09:49|received 2021-10-03T01:09:56
2021-02-10 08:15:09 PM|root|INFO|user_id 160190870|order_id 4908350774|saved 2021-10-02 20:15:09.|sent 2021-10-02T21:12:52|received 2021-10-03T01:14:56
2021-02-10 08:15:12 PM|root|INFO|user_id 25523702|order_id 4908354733|saved 2021-10-02 20:15:12.|sent 2021-10-02T21:14:49|received 2021-10-03T01:14:57
2021-02-10 08:20:04 PM|root|INFO|user_id 160190870|order_id 4908351885|saved 2021-10-02 20:20:04.|sent 2021-10-02T21:15:31|received 2021-10-03T01:17:36
2021-02-10 08:20:08 PM|root|INFO|user_id 25523702|order_id 4908360485|saved 2021-10-02 20:20:08.|sent 2021-10-02T21:18:02|received 2021-10-03T01:20:01
2021-02-10 08:20:08 PM|root|INFO|user_id 25523702|order_id 4908363182|saved 2021-10-02 20:20:08.|sent 2021-10-02T21:19:38|received 2021-10-03T01:19:44
2021-02-10 08:25:04 PM|root|INFO|user_id 160190870|order_id 4908364178|saved 2021-10-02 20:25:04.|sent 2021-10-02T21:20:20|received 2021-10-03T01:22:24
2021-02-10 08:25:10 PM|root|INFO|user_id 25523702|order_id 4908367215|saved 2021-10-02 20:25:10.|sent 2021-10-02T21:20:58|received 2021-10-03T01:22:59
2021-02-10 08:25:10 PM|root|INFO|user_id 25523702|order_id 4908364591|saved 2021-10-02 20:25:10.|sent 2021-10-02T21:22:58|received 2021-10-03T01:24:55
2021-02-10 08:35:05 PM|root|INFO|user_id 160190870|order_id 4908375059|saved 2021-10-02 20:35:05.|sent 2021-10-02T21:25:53|received 2021-10-03T01:27:45
2021-02-10 08:35:05 PM|root|INFO|user_id 160190870|order_id 4908375093|saved 2021-10-02 20:35:05.|sent 2021-10-02T21:26:05|received 2021-10-03T01:28:33
2021-02-10 08:35:05 PM|root|INFO|user_id 160190870|order_id 4908376234|saved 2021-10-02 20:35:05.|sent 2021-10-02T21:27:58|received 2021-10-03T01:29:58
2021-02-10 08:35:05 PM|root|INFO|user_id 160190870|order_id 4908376914|saved 2021-10-02 20:35:05.|sent 2021-10-02T21:30:51|received 2021-10-03T01:32:55
2021-02-10 08:35:11 PM|root|INFO|user_id 25523702|order_id 4908373531|saved 2021-10-02 20:35:11.|sent 2021-10-02T21:27:13|received 2021-10-03T01:29:23
2021-02-10 08:35:11 PM|root|INFO|user_id 25523702|order_id 4908379745|saved 2021-10-02 20:35:11.|sent 2021-10-02T21:31:19|received 2021-10-03T01:33:17
2021-02-10 08:35:11 PM|root|INFO|user_id 25523702|order_id 4908385137|saved 2021-10-02 20:35:11.|sent 2021-10-02T21:32:58|received 2021-10-03T01:34:58
2021-02-10 08:35:11 PM|root|INFO|user_id 25523702|order_id 4908383337|saved 2021-10-02 20:35:11.|sent 2021-10-02T21:33:17|received 2021-10-03T01:35:04
2021-02-10 08:40:10 PM|root|INFO|user_id 25523702|order_id 4908385615|saved 2021-10-02 20:40:10.|sent 2021-10-02T21:34:51|received 2021-10-03T01:39:2
2021-02-10 08:45:05 PM|root|INFO|user_id 160190870|order_id 4908395541|saved 2021-10-02 20:45:05.|sent 2021-10-02T21:42:12|received 2021-10-03T01:43:52
2021-02-10 08:45:09 PM|root|INFO|user_id 25523702|order_id 4908392591|saved 2021-10-02 20:45:09.|sent 2021-10-02T21:41:04|received 2021-10-03T01:44:11
2021-02-10 08:50:06 PM|root|INFO|user_id 160190870|order_id 4908403797|saved 2021-10-02 20:50:06.|sent 2021-10-02T21:48:30|received 2021-10-03T01:50:00
2021-02-10 08:50:11 PM|root|INFO|user_id 25523702|order_id 4908402232|saved 2021-10-02 20:50:11.|sent 2021-10-02T21:45:46|received 2021-10-03T01:48:24
2021-02-10 08:50:11 PM|root|INFO|user_id 25523702|order_id 4908403444|saved 2021-10-02 20:50:11.|sent 2021-10-02T21:46:50|received 2021-10-03T01:48:53
2021-02-10 08:50:12 PM|root|INFO|user_id 25523702|order_id 4908402934|saved 2021-10-02 20:50:12.|sent 2021-10-02T21:49:54|received 2021-10-03T01:50:00
2021-02-10 08:55:08 PM|root|INFO|user_id 160190870|order_id 4908408114|saved 2021-10-02 20:55:08.|sent 2021-10-02T21:49:54|received 2021-10-03T01:52:16
2021-02-10 08:55:08 PM|root|INFO|user_id 160190870|order_id 4908409322|saved 2021-10-02 20:55:08.|sent 2021-10-02T21:50:46|received 2021-10-03T01:53:
2021-02-10 08:55:14 PM|root|INFO|user_id 25523702|order_id 4908412078|saved 2021-10-02 20:55:14.|sent 2021-10-02T21:51:02|received 2021-10-03T01:52:54
2021-02-10 08:55:14 PM|root|INFO|user_id 25523702|order_id 4908409170|saved 2021-10-02 20:55:14.|sent 2021-10-02T21:50:05|received 2021-10-03T01:54:19
2021-02-10 08:55:14 PM|root|INFO|user_id 25523702|order_id 4908414166|saved 2021-10-02 20:55:14.|sent 2021-10-02T21:54:28|received 2021-10-03T01:54:3
2021-02-10 09:00:11 PM|root|INFO|user_id 160190870|order_id 4908415761|saved 2021-10-02 21:00:11.|sent 2021-10-02T21:57:44|received 2021-10-03T01:59:55
2021-02-10 09:00:16 PM|root|INFO|user_id 25523702|order_id 4908415254|saved 2021-10-02 21:00:16.|sent 2021-10-02T21:55:29|received 2021-10-03T01:57:27
2021-02-10 09:00:16 PM|root|INFO|user_id 25523702|order_id 4908417945|saved 2021-10-02 21:00:16.|sent 2021-10-02T21:59:39|received 2021-10-03T01:59:46
2021-02-10 09:05:23 PM|root|INFO|user_id 25523702|order_id 4908393289|saved 2021-10-02 21:05:23.|sent 2021-10-02T21:38:30|received 2021-10-03T02:04:27
2021-02-10 09:10:06 PM|root|INFO|user_id 160190870|order_id 4908430823|saved 2021-10-02 21:10:06.|sent 2021-10-02T22:08:32|received 2021-10-03T02:09:57
2021-02-10 09:10:11 PM|root|INFO|user_id 25523702|order_id 4908428485|saved 2021-10-02 21:10:11.|sent 2021-10-02T22:05:09|received 2021-10-03T02:07:24
2021-02-10 09:10:11 PM|root|INFO|user_id 25523702|order_id 4908428938|saved 2021-10-02 21:10:11.|sent 2021-10-02T22:07:11|received 2021-10-03T02:08:48
2021-02-10 09:15:09 PM|root|INFO|user_id 160190870|order_id 4908435627|saved 2021-10-02 21:15:09.|sent 2021-10-02T22:11:04|received 2021-10-03T02:13:0
2021-02-10 09:15:10 PM|root|INFO|user_id 160190870|order_id 4908437969|saved 2021-10-02 21:15:10.|sent 2021-10-02T22:14:02|received 2021-10-03T02:14:11
2021-02-10 09:20:14 PM|root|INFO|user_id 160190870|order_id 4908442287|saved 2021-10-02 21:20:14.|sent 2021-10-02T22:15:50|received 2021-10-03T02:18:25
2021-02-10 09:20:14 PM|root|INFO|user_id 160190870|order_id 4908443331|saved 2021-10-02 21:20:14.|sent 2021-10-02T22:15:54|received 2021-10-03T02:17:49
2021-02-10 09:20:14 PM|root|INFO|user_id 160190870|order_id 4908440862|saved 2021-10-02 21:20:14.|sent 2021-10-02T22:17:04|received 2021-10-03T02:19:22
2021-02-10 09:25:13 PM|root|INFO|user_id 160190870|order_id 4908450090|saved 2021-10-02 21:25:13.|sent 2021-10-02T22:20:17|received 2021-10-03T02:22:2
2021-02-10 09:25:13 PM|root|INFO|user_id 160190870|order_id 4908447875|saved 2021-10-02 21:25:13.|sent 2021-10-02T22:22:29|received 2021-10-03T02:24:30
2021-02-10 09:25:15 PM|root|INFO|user_id 160190870|order_id 4908448991|saved 2021-10-02 21:25:15.|sent 2021-10-02T22:24:09|received 2021-10-03T02:24:24
2021-02-10 09:25:20 PM|root|INFO|user_id 25523702|order_id 4908444848|saved 2021-10-02 21:25:20.|sent 2021-10-02T22:20:16|received 2021-10-03T02:22:52
2021-02-10 09:25:21 PM|root|INFO|user_id 25523702|order_id 4908447494|saved 2021-10-02 21:25:21.|sent 2021-10-02T22:20:32|received 2021-10-03T02:23:40
2021-02-10 09:30:12 PM|root|INFO|user_id 25523702|order_id 4908452857|saved 2021-10-02 21:30:12.|sent 2021-10-02T22:26:46|received 2021-10-03T02:28:50
2021-02-10 09:35:06 PM|root|INFO|user_id 160190870|order_id 4908460721|saved 2021-10-02 21:35:06.|sent 2021-10-02T22:32:07|received 2021-10-03T02:33:56
2021-02-10 09:35:12 PM|root|INFO|user_id 25523702|order_id 4908461398|saved 2021-10-02 21:35:12.|sent 2021-10-02T22:30:35|received 2021-10-03T02:32:40
2021-02-10 09:35:12 PM|root|INFO|user_id 25523702|order_id 4908462362|saved 2021-10-02 21:35:12.|sent 2021-10-02T22:31:17|received 2021-10-03T02:33:14
2021-02-10 09:35:12 PM|root|INFO|user_id 25523702|order_id 4908458986|saved 2021-10-02 21:35:12.|sent 2021-10-02T22:32:41|received 2021-10-03T02:34:27
2021-02-10 09:40:08 PM|root|INFO|user_id 160190870|order_id 4908466294|saved 2021-10-02 21:40:08.|sent 2021-10-02T22:35:07|received 2021-10-03T02:36:58
2021-02-10 09:40:08 PM|root|INFO|user_id 160190870|order_id 4908470066|saved 2021-10-02 21:40:08.|sent 2021-10-02T22:38:11|received 2021-10-03T02:40:00
2021-02-10 09:40:14 PM|root|INFO|user_id 25523702|order_id 4908466812|saved 2021-10-02 21:40:14.|sent 2021-10-02T22:38:04|received 2021-10-03T02:40:05
2021-02-10 09:40:14 PM|root|INFO|user_id 25523702|order_id 4908464829|saved 2021-10-02 21:40:14.|sent 2021-10-02T22:37:04|received 2021-10-03T02:38:56
2021-02-10 09:40:14 PM|root|INFO|user_id 25523702|order_id 4908469564|saved 2021-10-02 21:40:14.|sent 2021-10-02T22:39:02|received 2021-10-03T02:39:08
2021-02-10 09:45:18 PM|root|INFO|user_id 25523702|order_id 4908474032|saved 2021-10-02 21:45:18.|sent 2021-10-02T22:40:08|received 2021-10-03T02:42:11
2021-02-10 09:45:18 PM|root|INFO|user_id 25523702|order_id 4908474356|saved 2021-10-02 21:45:18.|sent 2021-10-02T22:41:49|received 2021-10-03T02:43:50
2021-02-10 09:45:18 PM|root|INFO|user_id 25523702|order_id 4908473729|saved 2021-10-02 21:45:18.|sent 2021-10-02T22:43:15|received 2021-10-03T02:44:58
2021-02-10 09:45:18 PM|root|INFO|user_id 25523702|order_id 4908475515|saved 2021-10-02 21:45:18.|sent 2021-10-02T22:43:49|received 2021-10-03T02:45:08
2021-02-10 09:50:08 PM|root|INFO|user_id 160190870|order_id 4908475727|saved 2021-10-02 21:50:08.|sent 2021-10-02T22:45:04|received 2021-10-03T02:47:28
2021-02-10 09:50:15 PM|root|INFO|user_id 25523702|order_id 4908476895|saved 2021-10-02 21:50:15.|sent 2021-10-02T22:48:32|received 2021-10-03T02:49:33
2021-02-10 10:00:17 PM|root|INFO|user_id 25523702|order_id 4908491115|saved 2021-10-02 22:00:17.|sent 2021-10-02T22:56:58|received 2021-10-03T02:58:06
2021-02-10 10:00:17 PM|root|INFO|user_id 25523702|order_id 4908491224|saved 2021-10-02 22:00:17.|sent 2021-10-02T22:57:32|received 2021-10-03T02:59:24
2021-02-10 10:05:09 PM|root|INFO|user_id 160190870|order_id 4908493474|saved 2021-10-02 22:05:09.|sent 2021-10-02T23:00:05|received 2021-10-03T03:02:42
2021-02-10 10:10:08 PM|root|INFO|user_id 160190870|order_id 4908501152|saved 2021-10-02 22:10:08.|sent 2021-10-02T23:05:22|received 2021-10-03T03:08:11
2021-02-10 10:15:12 PM|root|INFO|user_id 25523702|order_id 4908504392|saved 2021-10-02 22:15:12.|sent 2021-10-02T23:10:32|received 2021-10-03T03:12:30
2021-02-10 10:15:12 PM|root|INFO|user_id 25523702|order_id 4908505710|saved 2021-10-02 22:15:12.|sent 2021-10-02T23:14:02|received 2021-10-03T03:14:08
2021-02-10 10:20:08 PM|root|INFO|user_id 160190870|order_id 4908509542|saved 2021-10-02 22:20:08.|sent 2021-10-02T23:16:17|received 2021-10-03T03:18:43
2021-02-10 10:25:09 PM|root|INFO|user_id 160190870|order_id 4908514712|saved 2021-10-02 22:25:09.|sent 2021-10-02T23:21:04|received 2021-10-03T03:23:21
2021-02-10 10:25:10 PM|root|INFO|user_id 160190870|order_id 4908512938|saved 2021-10-02 22:25:10.|sent 2021-10-02T23:21:43|received 2021-10-03T03:24:24
2021-02-10 10:25:10 PM|root|INFO|user_id 160190870|order_id 4908518297|saved 2021-10-02 22:25:10.|sent 2021-10-02T23:24:23|received 2021-10-03T03:24:32
2021-02-10 10:25:16 PM|root|INFO|user_id 25523702|order_id 4908516466|saved 2021-10-02 22:25:16.|sent 2021-10-02T23:23:20|received 2021-10-03T03:25:01
2021-02-10 10:35:07 PM|root|INFO|user_id 160190870|order_id 4908516690|saved 2021-10-02 22:35:07.|sent 2021-10-02T23:25:17|received 2021-10-03T03:27:01
2021-02-10 10:35:07 PM|root|INFO|user_id 160190870|order_id 4908521067|saved 2021-10-02 22:35:07.|sent 2021-10-02T23:25:12|received 2021-10-03T03:28:11
2021-02-10 10:35:07 PM|root|INFO|user_id 160190870|order_id 4908517816|saved 2021-10-02 22:35:07.|sent 2021-10-02T23:27:16|received 2021-10-03T03:29:27
2021-02-10 10:35:07 PM|root|INFO|user_id 160190870|order_id 4908523636|saved 2021-10-02 22:35:07.|sent 2021-10-02T23:32:37|received 2021-10-03T03:34:27
2021-02-10 10:35:13 PM|root|INFO|user_id 25523702|order_id 4908519641|saved 2021-10-02 22:35:13.|sent 2021-10-02T23:27:25|received 2021-10-03T03:29:34
2021-02-10 10:35:13 PM|root|INFO|user_id 25523702|order_id 4908522462|saved 2021-10-02 22:35:13.|sent 2021-10-02T23:30:02|received 2021-10-03T03:32:30
2021-02-10 10:35:13 PM|root|INFO|user_id 25523702|order_id 4908522555|saved 2021-10-02 22:35:13.|sent 2021-10-02T23:30:43|received 2021-10-03T03:32:52
2021-02-10 10:40:15 PM|root|INFO|user_id 25523702|order_id 4908527827|saved 2021-10-02 22:40:15.|sent 2021-10-02T23:38:54|received 2021-10-03T03:40:04
2021-02-10 10:45:14 PM|root|INFO|user_id 25523702|order_id 4908530811|saved 2021-10-02 22:45:14.|sent 2021-10-02T23:42:31|received 2021-10-03T03:44:07
2021-02-10 10:50:08 PM|root|INFO|user_id 160190870|order_id 4908535744|saved 2021-10-02 22:50:08.|sent 2021-10-02T23:46:37|received 2021-10-03T03:48:32
2021-02-10 10:50:08 PM|root|INFO|user_id 160190870|order_id 4908539275|saved 2021-10-02 22:50:08.|sent 2021-10-02T23:47:35|received 2021-10-03T03:49:38
2021-02-10 10:50:08 PM|root|INFO|user_id 160190870|order_id 4908540343|saved 2021-10-02 22:50:08.|sent 2021-10-02T23:47:52|received 2021-10-03T03:49:46
2021-02-10 10:50:08 PM|root|INFO|user_id 160190870|order_id 4908538406|saved 2021-10-02 22:50:08.|sent 2021-10-02T23:47:45|received 2021-10-03T03:49:59
2021-02-10 10:50:14 PM|root|INFO|user_id 25523702|order_id 4908535788|saved 2021-10-02 22:50:14.|sent 2021-10-02T23:47:14|received 2021-10-03T03:48:55
2021-02-10 10:50:15 PM|root|INFO|user_id 25523702|order_id 4908538355|saved 2021-10-02 22:50:15.|sent 2021-10-02T23:47:13|received 2021-10-03T03:49:55
2021-02-10 10:55:10 PM|root|INFO|user_id 160190870|order_id 4908538770|saved 2021-10-02 22:55:10.|sent 2021-10-02T23:50:59|received 2021-10-03T03:53:10
2021-02-10 10:55:16 PM|root|INFO|user_id 25523702|order_id 4908543158|saved 2021-10-02 22:55:16.|sent 2021-10-02T23:50:59|received 2021-10-03T03:52:01
2021-02-10 11:05:07 PM|root|INFO|user_id 160190870|order_id 4908551168|saved 2021-10-02 23:05:07.|sent 2021-10-03T00:02:08|received 2021-10-03T04:04:06
2021-02-10 11:05:14 PM|root|INFO|user_id 25523702|order_id 4908548379|saved 2021-10-02 23:05:14.|sent 2021-10-03T00:01:09|received 2021-10-03T04:03:11
2021-02-10 11:10:07 PM|root|INFO|user_id 160190870|order_id 4908552311|saved 2021-10-02 23:10:07.|sent 2021-10-03T00:04:41|received 2021-10-03T04:06:59
2021-02-10 11:10:08 PM|root|INFO|user_id 160190870|order_id 4908554298|saved 2021-10-02 23:10:08.|sent 2021-10-03T00:05:38|received 2021-10-03T04:07:49
2021-02-10 11:10:08 PM|root|INFO|user_id 160190870|order_id 4908549876|saved 2021-10-02 23:10:08.|sent 2021-10-03T00:06:56|received 2021-10-03T04:08:5
2021-02-10 11:10:14 PM|root|INFO|user_id 25523702|order_id 4908554297|saved 2021-10-02 23:10:14.|sent 2021-10-03T00:05:38|received 2021-10-03T04:06:57
2021-02-10 11:20:07 PM|root|INFO|user_id 160190870|order_id 4908455146|saved 2021-10-02 23:20:07.|sent 2021-10-02T22:25:01|received 2021-10-03T04:19:00
2021-02-10 11:25:08 PM|root|INFO|user_id 160190870|order_id 4908564253|saved 2021-10-02 23:25:08.|sent 2021-10-03T00:21:05|received 2021-10-03T04:22:31
2021-02-10 11:25:08 PM|root|INFO|user_id 160190870|order_id 4908560968|saved 2021-10-02 23:25:08.|sent 2021-10-03T00:21:41|received 2021-10-03T04:23:29
2021-02-10 11:25:08 PM|root|INFO|user_id 160190870|order_id 4908562533|saved 2021-10-02 23:25:08.|sent 2021-10-03T00:22:04|received 2021-10-03T04:23:58
2021-02-10 11:25:16 PM|root|INFO|user_id 25523702|order_id 4908566280|saved 2021-10-02 23:25:16.|sent 2021-10-03T00:24:24|received 2021-10-03T04:24:31
2021-02-10 11:30:15 PM|root|INFO|user_id 25523702|order_id 4908567393|saved 2021-10-02 23:30:15.|sent 2021-10-03T00:25:59|received 2021-10-03T04:28:56
2021-02-10 11:35:08 PM|root|INFO|user_id 160190870|order_id 4908573218|saved 2021-10-02 23:35:08.|sent 2021-10-03T00:34:44|received 2021-10-03T04:34:48
2021-02-10 11:35:15 PM|root|INFO|user_id 25523702|order_id 4908569616|saved 2021-10-02 23:35:15.|sent 2021-10-03T00:33:00|received 2021-10-03T04:35:03
2021-02-10 11:40:13 PM|root|INFO|user_id 25523702|order_id 4908573298|saved 2021-10-02 23:40:13.|sent 2021-10-03T00:35:38|received 2021-10-03T04:37:2
2021-02-10 11:40:13 PM|root|INFO|user_id 25523702|order_id 4908572684|saved 2021-10-02 23:40:13.|sent 2021-10-03T00:38:19|received 2021-10-03T04:40:06
2021-02-10 11:45:07 PM|root|INFO|user_id 160190870|order_id 4908574836|saved 2021-10-02 23:45:07.|sent 2021-10-03T00:42:13|received 2021-10-03T04:44:58
2021-02-10 11:45:13 PM|root|INFO|user_id 25523702|order_id 4908578150|saved 2021-10-02 23:45:13.|sent 2021-10-03T00:41:35|received 2021-10-03T04:43:22
2021-02-10 11:45:13 PM|root|INFO|user_id 25523702|order_id 4908577156|saved 2021-10-02 23:45:13.|sent 2021-10-03T00:41:35|received 2021-10-03T04:43:22
2021-02-10 11:45:13 PM|root|INFO|user_id 25523702|order_id 4908574766|saved 2021-10-02 23:45:13.|sent 2021-10-03T00:41:35|received 2021-10-03T04:43:45
2021-02-10 11:45:13 PM|root|INFO|user_id 25523702|order_id 4908575757|saved 2021-10-02 23:45:13.|sent 2021-10-03T00:41:54|received 2021-10-03T04:43:40
2021-02-10 11:45:13 PM|root|INFO|user_id 25523702|order_id 4908578336|saved 2021-10-02 23:45:13.|sent 2021-10-03T00:43:59|received 2021-10-03T04:44:06
