2021-29-08 12:10:07 AM|root|INFO|user_id 160190870|order_id 4824567031|saved 2021-08-29 00:10:07.|sent 2021-08-29T01:05:22|received 2021-08-29T05:07:15
2021-29-08 12:25:07 AM|root|INFO|user_id 160190870|order_id 4824568754|saved 2021-08-29 00:25:07.|sent 2021-08-29T01:21:28|received 2021-08-29T05:23:12
2021-29-08 12:25:07 AM|root|INFO|user_id 160190870|order_id 4824574119|saved 2021-08-29 00:25:07.|sent 2021-08-29T01:21:40|received 2021-08-29T05:24:01
2021-29-08 12:25:11 AM|root|INFO|user_id 25523702|order_id 4824574117|saved 2021-08-29 00:25:11.|sent 2021-08-29T01:21:36|received 2021-08-29T05:24:11
2021-29-08 12:25:11 AM|root|INFO|user_id 25523702|order_id 4824568721|saved 2021-08-29 00:25:11.|sent 2021-08-29T01:21:01|received 2021-08-29T05:24:23
2021-29-08 12:35:06 AM|root|INFO|user_id 160190870|order_id 4824577123|saved 2021-08-29 00:35:06.|sent 2021-08-29T01:30:17|received 2021-08-29T05:32:55
2021-29-08 12:35:06 AM|root|INFO|user_id 160190870|order_id 4824576437|saved 2021-08-29 00:35:06.|sent 2021-08-29T01:33:41|received 2021-08-29T05:33:49
2021-29-08 12:35:10 AM|root|INFO|user_id 25523702|order_id 4824575078|saved 2021-08-29 00:35:10.|sent 2021-08-29T01:26:46|received 2021-08-29T05:28:54
2021-29-08 12:50:06 AM|root|INFO|user_id 160190870|order_id 4824580753|saved 2021-08-29 00:50:06.|sent 2021-08-29T01:49:29|received 2021-08-29T05:49:36
2021-29-08 12:55:11 AM|root|INFO|user_id 25523702|order_id 4824583445|saved 2021-08-29 00:55:11.|sent 2021-08-29T01:52:54|received 2021-08-29T05:55:04
2021-29-08 01:00:11 AM|root|INFO|user_id 160190870|order_id 4824586286|saved 2021-08-29 01:00:11.|sent 2021-08-29T01:58:23|received 2021-08-29T06:00:05
2021-29-08 01:10:11 AM|root|INFO|user_id 25523702|order_id 4824588562|saved 2021-08-29 01:10:11.|sent 2021-08-29T02:07:01|received 2021-08-29T06:08:55
2021-29-08 01:20:06 AM|root|INFO|user_id 160190870|order_id 4824592049|saved 2021-08-29 01:20:06.|sent 2021-08-29T02:10:58|received 2021-08-29T06:19:12
2021-29-08 01:20:06 AM|root|INFO|user_id 160190870|order_id 4824593100|saved 2021-08-29 01:20:06.|sent 2021-08-29T02:19:06|received 2021-08-29T06:19:53
2021-29-08 01:25:11 AM|root|INFO|user_id 25523702|order_id 4824591460|saved 2021-08-29 01:25:11.|sent 2021-08-29T02:23:51|received 2021-08-29T06:25:02
2021-29-08 01:30:07 AM|root|INFO|user_id 160190870|order_id 4824592653|saved 2021-08-29 01:30:07.|sent 2021-08-29T02:27:12|received 2021-08-29T06:29:44
2021-29-08 01:45:06 AM|root|INFO|user_id 160190870|order_id 4824598177|saved 2021-08-29 01:45:06.|sent 2021-08-29T02:43:46|received 2021-08-29T06:43:5
2021-29-08 01:45:10 AM|root|INFO|user_id 25523702|order_id 4824594917|saved 2021-08-29 01:45:10.|sent 2021-08-29T02:41:28|received 2021-08-29T06:44:56
2021-29-08 02:05:07 AM|root|INFO|user_id 160190870|order_id 4824598702|saved 2021-08-29 02:05:07.|sent 2021-08-29T03:00:32|received 2021-08-29T07:02:
2021-29-08 02:05:11 AM|root|INFO|user_id 25523702|order_id 4824602251|saved 2021-08-29 02:05:11.|sent 2021-08-29T02:58:50|received 2021-08-29T07:00:3
2021-29-08 02:35:06 AM|root|INFO|user_id 160190870|order_id 4824607240|saved 2021-08-29 02:35:06.|sent 2021-08-29T03:31:05|received 2021-08-29T07:33:03
2021-29-08 03:15:06 AM|root|INFO|user_id 160190870|order_id 4824614064|saved 2021-08-29 03:15:06.|sent 2021-08-29T04:12:26|received 2021-08-29T08:14:31
2021-29-08 05:10:11 AM|root|INFO|user_id 25523702|order_id 4824625764|saved 2021-08-29 05:10:11.|sent 2021-08-29T06:05:37|received 2021-08-29T10:08:04
2021-29-08 06:45:11 AM|root|INFO|user_id 25523702|order_id 4824660984|saved 2021-08-29 06:45:11.|sent 2021-08-29T07:41:19|received 2021-08-29T11:44:2
2021-29-08 07:05:06 AM|root|INFO|user_id 160190870|order_id 4824675788|saved 2021-08-29 07:05:06.|sent 2021-08-29T08:03:33|received 2021-08-29T12:04:56
2021-29-08 07:15:11 AM|root|INFO|user_id 25523702|order_id 4824677568|saved 2021-08-29 07:15:11.|sent 2021-08-29T08:10:13|received 2021-08-29T12:12:4
2021-29-08 08:00:11 AM|root|INFO|user_id 160190870|order_id 4824720781|saved 2021-08-29 08:00:11.|sent 2021-08-29T08:55:15|received 2021-08-29T12:57:24
2021-29-08 08:05:07 AM|root|INFO|user_id 160190870|order_id 4824726821|saved 2021-08-29 08:05:07.|sent 2021-08-29T09:00:50|received 2021-08-29T13:02:4
2021-29-08 08:15:12 AM|root|INFO|user_id 25523702|order_id 4824738706|saved 2021-08-29 08:15:12.|sent 2021-08-29T09:13:54|received 2021-08-29T13:14:15
2021-29-08 08:25:07 AM|root|INFO|user_id 160190870|order_id 4824756309|saved 2021-08-29 08:25:07.|sent 2021-08-29T09:24:45|received 2021-08-29T13:24:53
2021-29-08 08:30:08 AM|root|INFO|user_id 160190870|order_id 4824752982|saved 2021-08-29 08:30:08.|sent 2021-08-29T09:24:18|received 2021-08-29T13:29:13
2021-29-08 08:35:08 AM|root|INFO|user_id 160190870|order_id 4824765132|saved 2021-08-29 08:35:08.|sent 2021-08-29T09:30:55|received 2021-08-29T13:33:46
2021-29-08 08:35:08 AM|root|INFO|user_id 160190870|order_id 4824765133|saved 2021-08-29 08:35:08.|sent 2021-08-29T09:30:55|received 2021-08-29T13:33:46
2021-29-08 08:35:08 AM|root|INFO|user_id 160190870|order_id 4824758888|saved 2021-08-29 08:35:08.|sent 2021-08-29T09:31:15|received 2021-08-29T13:33:15
2021-29-08 08:40:07 AM|root|INFO|user_id 160190870|order_id 4824773525|saved 2021-08-29 08:40:07.|sent 2021-08-29T09:38:49|received 2021-08-29T13:39:01
2021-29-08 08:45:11 AM|root|INFO|user_id 25523702|order_id 4824777895|saved 2021-08-29 08:45:11.|sent 2021-08-29T09:44:03|received 2021-08-29T13:44:11
2021-29-08 08:55:06 AM|root|INFO|user_id 160190870|order_id 4824755858|saved 2021-08-29 08:55:06.|sent 2021-08-29T09:26:44|received 2021-08-29T13:53:29
2021-29-08 09:00:16 AM|root|INFO|user_id 25523702|order_id 4824801492|saved 2021-08-29 09:00:16.|sent 2021-08-29T09:58:40|received 2021-08-29T14:00:06
2021-29-08 09:05:06 AM|root|INFO|user_id 160190870|order_id 4824802860|saved 2021-08-29 09:05:06.|sent 2021-08-29T10:02:22|received 2021-08-29T14:04:4
2021-29-08 09:05:06 AM|root|INFO|user_id 160190870|order_id 4824809386|saved 2021-08-29 09:05:06.|sent 2021-08-29T10:03:31|received 2021-08-29T14:04:58
2021-29-08 09:05:06 AM|root|INFO|user_id 160190870|order_id 4824809517|saved 2021-08-29 09:05:06.|sent 2021-08-29T10:03:58|received 2021-08-29T14:04:13
2021-29-08 09:05:11 AM|root|INFO|user_id 25523702|order_id 4824806923|saved 2021-08-29 09:05:11.|sent 2021-08-29T10:04:05|received 2021-08-29T14:04:16
2021-29-08 09:05:11 AM|root|INFO|user_id 25523702|order_id 4824806950|saved 2021-08-29 09:05:11.|sent 2021-08-29T10:04:09|received 2021-08-29T14:04:28
2021-29-08 09:15:06 AM|root|INFO|user_id 160190870|order_id 4824825549|saved 2021-08-29 09:15:06.|sent 2021-08-29T10:14:28|received 2021-08-29T14:14:42
2021-29-08 09:20:12 AM|root|INFO|user_id 25523702|order_id 4824831500|saved 2021-08-29 09:20:12.|sent 2021-08-29T10:17:34|received 2021-08-29T14:19:43
2021-29-08 09:30:08 AM|root|INFO|user_id 160190870|order_id 4824844785|saved 2021-08-29 09:30:08.|sent 2021-08-29T10:26:52|received 2021-08-29T14:28:5
2021-29-08 09:40:12 AM|root|INFO|user_id 25523702|order_id 4824862131|saved 2021-08-29 09:40:12.|sent 2021-08-29T10:36:01|received 2021-08-29T14:38:11
2021-29-08 09:45:06 AM|root|INFO|user_id 160190870|order_id 4824873276|saved 2021-08-29 09:45:06.|sent 2021-08-29T10:42:24|received 2021-08-29T14:44:43
2021-29-08 09:45:12 AM|root|INFO|user_id 25523702|order_id 4824867149|saved 2021-08-29 09:45:12.|sent 2021-08-29T10:39:17|received 2021-08-29T14:43:23
2021-29-08 09:50:06 AM|root|INFO|user_id 160190870|order_id 4824879606|saved 2021-08-29 09:50:06.|sent 2021-08-29T10:48:30|received 2021-08-29T14:48:47
2021-29-08 09:50:06 AM|root|INFO|user_id 160190870|order_id 4824882595|saved 2021-08-29 09:50:06.|sent 2021-08-29T10:48:54|received 2021-08-29T14:49:02
2021-29-08 09:50:06 AM|root|INFO|user_id 160190870|order_id 4824883319|saved 2021-08-29 09:50:06.|sent 2021-08-29T10:49:18|received 2021-08-29T14:49:42
2021-29-08 09:50:11 AM|root|INFO|user_id 25523702|order_id 4824878409|saved 2021-08-29 09:50:11.|sent 2021-08-29T10:46:20|received 2021-08-29T14:48:29
2021-29-08 09:55:06 AM|root|INFO|user_id 160190870|order_id 4824889391|saved 2021-08-29 09:55:06.|sent 2021-08-29T10:53:17|received 2021-08-29T14:54:59
2021-29-08 10:00:12 AM|root|INFO|user_id 160190870|order_id 4824890324|saved 2021-08-29 10:00:12.|sent 2021-08-29T10:55:15|received 2021-08-29T14:57:33
2021-29-08 10:05:06 AM|root|INFO|user_id 160190870|order_id 4824896797|saved 2021-08-29 10:05:06.|sent 2021-08-29T11:01:28|received 2021-08-29T15:03:44
2021-29-08 10:05:11 AM|root|INFO|user_id 25523702|order_id 4824903289|saved 2021-08-29 10:05:11.|sent 2021-08-29T11:01:17|received 2021-08-29T15:04:03
2021-29-08 10:05:11 AM|root|INFO|user_id 25523702|order_id 4824908037|saved 2021-08-29 10:05:11.|sent 2021-08-29T11:03:48|received 2021-08-29T15:05:03
2021-29-08 10:25:06 AM|root|INFO|user_id 160190870|order_id 4824941384|saved 2021-08-29 10:25:06.|sent 2021-08-29T11:24:27|received 2021-08-29T15:24:39
2021-29-08 10:25:06 AM|root|INFO|user_id 160190870|order_id 4824546106|saved 2021-08-29 10:25:06.|sent 2021-08-29T00:30:14|received 2021-08-29T15:24:47
2021-29-08 10:25:11 AM|root|INFO|user_id 25523702|order_id 4824936651|saved 2021-08-29 10:25:11.|sent 2021-08-29T11:24:25|received 2021-08-29T15:24:54
2021-29-08 10:35:06 AM|root|INFO|user_id 160190870|order_id 4824941441|saved 2021-08-29 10:35:06.|sent 2021-08-29T11:24:47|received 2021-08-29T15:27:33
2021-29-08 10:35:06 AM|root|INFO|user_id 160190870|order_id 4824946654|saved 2021-08-29 10:35:06.|sent 2021-08-29T11:28:06|received 2021-08-29T15:30:02
2021-29-08 10:35:06 AM|root|INFO|user_id 160190870|order_id 4824956879|saved 2021-08-29 10:35:06.|sent 2021-08-29T11:34:12|received 2021-08-29T15:34:26
2021-29-08 10:35:12 AM|root|INFO|user_id 25523702|order_id 4824944860|saved 2021-08-29 10:35:12.|sent 2021-08-29T11:27:05|received 2021-08-29T15:34:12
2021-29-08 10:35:12 AM|root|INFO|user_id 25523702|order_id 4824950858|saved 2021-08-29 10:35:12.|sent 2021-08-29T11:32:41|received 2021-08-29T15:34:39
2021-29-08 10:40:07 AM|root|INFO|user_id 160190870|order_id 4824962770|saved 2021-08-29 10:40:07.|sent 2021-08-29T11:36:50|received 2021-08-29T15:38:5
2021-29-08 10:40:07 AM|root|INFO|user_id 160190870|order_id 4824965196|saved 2021-08-29 10:40:07.|sent 2021-08-29T11:38:06|received 2021-08-29T15:39:59
2021-29-08 10:40:11 AM|root|INFO|user_id 25523702|order_id 4824960681|saved 2021-08-29 10:40:11.|sent 2021-08-29T11:37:23|received 2021-08-29T15:39:3
2021-29-08 10:40:11 AM|root|INFO|user_id 25523702|order_id 4824959730|saved 2021-08-29 10:40:11.|sent 2021-08-29T11:37:23|received 2021-08-29T15:39:3
2021-29-08 10:45:06 AM|root|INFO|user_id 160190870|order_id 4824968852|saved 2021-08-29 10:45:06.|sent 2021-08-29T11:41:02|received 2021-08-29T15:43:15
2021-29-08 10:45:06 AM|root|INFO|user_id 160190870|order_id 4824964777|saved 2021-08-29 10:45:06.|sent 2021-08-29T11:38:58|received 2021-08-29T15:44:3
2021-29-08 10:45:06 AM|root|INFO|user_id 160190870|order_id 4824967872|saved 2021-08-29 10:45:06.|sent 2021-08-29T11:43:22|received 2021-08-29T15:44:5
2021-29-08 10:45:11 AM|root|INFO|user_id 25523702|order_id 4824965559|saved 2021-08-29 10:45:11.|sent 2021-08-29T11:39:21|received 2021-08-29T15:43:41
2021-29-08 10:45:11 AM|root|INFO|user_id 25523702|order_id 4824974450|saved 2021-08-29 10:45:11.|sent 2021-08-29T11:42:59|received 2021-08-29T15:44:41
2021-29-08 10:45:11 AM|root|INFO|user_id 25523702|order_id 4824975391|saved 2021-08-29 10:45:11.|sent 2021-08-29T11:44:30|received 2021-08-29T15:44:59
2021-29-08 10:45:11 AM|root|INFO|user_id 25523702|order_id 4824970945|saved 2021-08-29 10:45:11.|sent 2021-08-29T11:44:37|received 2021-08-29T15:44:53
2021-29-08 10:55:08 AM|root|INFO|user_id 160190870|order_id 4824988316|saved 2021-08-29 10:55:08.|sent 2021-08-29T11:52:04|received 2021-08-29T15:54:15
2021-29-08 10:55:08 AM|root|INFO|user_id 160190870|order_id 4824989208|saved 2021-08-29 10:55:08.|sent 2021-08-29T11:52:03|received 2021-08-29T15:54:09
2021-29-08 10:55:13 AM|root|INFO|user_id 25523702|order_id 4824990084|saved 2021-08-29 10:55:13.|sent 2021-08-29T11:51:12|received 2021-08-29T15:54:44
2021-29-08 11:00:09 AM|root|INFO|user_id 160190870|order_id 4824993641|saved 2021-08-29 11:00:09.|sent 2021-08-29T11:55:38|received 2021-08-29T15:57:37
2021-29-08 11:00:10 AM|root|INFO|user_id 160190870|order_id 4825000501|saved 2021-08-29 11:00:10.|sent 2021-08-29T11:58:29|received 2021-08-29T15:59:43
2021-29-08 11:05:07 AM|root|INFO|user_id 160190870|order_id 4825005907|saved 2021-08-29 11:05:07.|sent 2021-08-29T12:03:44|received 2021-08-29T16:04:55
2021-29-08 11:05:12 AM|root|INFO|user_id 25523702|order_id 4824794756|saved 2021-08-29 11:05:12.|sent 2021-08-29T09:55:47|received 2021-08-29T16:03:05
2021-29-08 11:05:13 AM|root|INFO|user_id 25523702|order_id 4825009107|saved 2021-08-29 11:05:13.|sent 2021-08-29T12:02:01|received 2021-08-29T16:04:0
2021-29-08 11:05:13 AM|root|INFO|user_id 25523702|order_id 4825005587|saved 2021-08-29 11:05:13.|sent 2021-08-29T12:02:41|received 2021-08-29T16:04:47
2021-29-08 11:10:06 AM|root|INFO|user_id 160190870|order_id 4824581194|saved 2021-08-29 11:10:06.|sent 2021-08-29T01:39:38|received 2021-08-29T16:08:50
2021-29-08 11:10:06 AM|root|INFO|user_id 160190870|order_id 4825016026|saved 2021-08-29 11:10:06.|sent 2021-08-29T12:07:04|received 2021-08-29T16:09:40
2021-29-08 11:10:06 AM|root|INFO|user_id 160190870|order_id 4825015072|saved 2021-08-29 11:10:06.|sent 2021-08-29T12:07:04|received 2021-08-29T16:09:40
2021-29-08 11:15:07 AM|root|INFO|user_id 160190870|order_id 4825021817|saved 2021-08-29 11:15:07.|sent 2021-08-29T12:11:06|received 2021-08-29T16:13:12
2021-29-08 11:15:12 AM|root|INFO|user_id 25523702|order_id 4825015861|saved 2021-08-29 11:15:12.|sent 2021-08-29T12:11:16|received 2021-08-29T16:13:41
2021-29-08 11:20:07 AM|root|INFO|user_id 160190870|order_id 4825026964|saved 2021-08-29 11:20:07.|sent 2021-08-29T12:17:22|received 2021-08-29T16:19:48
2021-29-08 11:20:13 AM|root|INFO|user_id 25523702|order_id 4825037123|saved 2021-08-29 11:20:13.|sent 2021-08-29T12:18:53|received 2021-08-29T16:20:03
2021-29-08 11:25:06 AM|root|INFO|user_id 160190870|order_id 4825037569|saved 2021-08-29 11:25:06.|sent 2021-08-29T12:21:05|received 2021-08-29T16:23:08
2021-29-08 11:25:06 AM|root|INFO|user_id 160190870|order_id 4825039448|saved 2021-08-29 11:25:06.|sent 2021-08-29T12:21:08|received 2021-08-29T16:23:53
2021-29-08 11:25:06 AM|root|INFO|user_id 160190870|order_id 4825038967|saved 2021-08-29 11:25:06.|sent 2021-08-29T12:21:52|received 2021-08-29T16:23:5
2021-29-08 11:25:06 AM|root|INFO|user_id 160190870|order_id 4825042697|saved 2021-08-29 11:25:06.|sent 2021-08-29T12:23:38|received 2021-08-29T16:23:47
2021-29-08 11:25:06 AM|root|INFO|user_id 160190870|order_id 4825042830|saved 2021-08-29 11:25:06.|sent 2021-08-29T12:24:03|received 2021-08-29T16:24:10
2021-29-08 11:25:11 AM|root|INFO|user_id 25523702|order_id 4825035380|saved 2021-08-29 11:25:11.|sent 2021-08-29T12:19:33|received 2021-08-29T16:22:24
2021-29-08 11:30:08 AM|root|INFO|user_id 160190870|order_id 4825045764|saved 2021-08-29 11:30:08.|sent 2021-08-29T12:27:59|received 2021-08-29T16:29:51
2021-29-08 11:35:06 AM|root|INFO|user_id 160190870|order_id 4825061464|saved 2021-08-29 11:35:06.|sent 2021-08-29T12:33:31|received 2021-08-29T16:35:01
2021-29-08 11:35:06 AM|root|INFO|user_id 160190870|order_id 4825056813|saved 2021-08-29 11:35:06.|sent 2021-08-29T12:33:07|received 2021-08-29T16:34:51
2021-29-08 11:35:11 AM|root|INFO|user_id 25523702|order_id 4825052861|saved 2021-08-29 11:35:11.|sent 2021-08-29T12:30:19|received 2021-08-29T16:32:16
2021-29-08 11:35:11 AM|root|INFO|user_id 25523702|order_id 4825059955|saved 2021-08-29 11:35:11.|sent 2021-08-29T12:34:01|received 2021-08-29T16:34:17
2021-29-08 11:40:07 AM|root|INFO|user_id 160190870|order_id 4825068107|saved 2021-08-29 11:40:07.|sent 2021-08-29T12:35:44|received 2021-08-29T16:37:35
2021-29-08 11:40:07 AM|root|INFO|user_id 160190870|order_id 4825066367|saved 2021-08-29 11:40:07.|sent 2021-08-29T12:35:54|received 2021-08-29T16:39:47
2021-29-08 11:40:07 AM|root|INFO|user_id 160190870|order_id 4825065722|saved 2021-08-29 11:40:07.|sent 2021-08-29T12:37:45|received 2021-08-29T16:39:4
2021-29-08 11:45:06 AM|root|INFO|user_id 160190870|order_id 4825071927|saved 2021-08-29 11:45:06.|sent 2021-08-29T12:41:06|received 2021-08-29T16:42:37
2021-29-08 11:45:06 AM|root|INFO|user_id 160190870|order_id 4825076562|saved 2021-08-29 11:45:06.|sent 2021-08-29T12:42:26|received 2021-08-29T16:44:06
2021-29-08 11:50:07 AM|root|INFO|user_id 160190870|order_id 4825085115|saved 2021-08-29 11:50:07.|sent 2021-08-29T12:45:40|received 2021-08-29T16:48:16
2021-29-08 11:50:07 AM|root|INFO|user_id 160190870|order_id 4825089556|saved 2021-08-29 11:50:07.|sent 2021-08-29T12:49:34|received 2021-08-29T16:49:50
2021-29-08 11:50:12 AM|root|INFO|user_id 25523702|order_id 4825075850|saved 2021-08-29 11:50:12.|sent 2021-08-29T12:45:05|received 2021-08-29T16:47:00
2021-29-08 11:50:12 AM|root|INFO|user_id 25523702|order_id 4825082638|saved 2021-08-29 11:50:12.|sent 2021-08-29T12:46:38|received 2021-08-29T16:49:02
2021-29-08 11:55:07 AM|root|INFO|user_id 160190870|order_id 4825094928|saved 2021-08-29 11:55:07.|sent 2021-08-29T12:53:48|received 2021-08-29T16:54:57
2021-29-08 12:00:12 PM|root|INFO|user_id 160190870|order_id 4825103170|saved 2021-08-29 12:00:12.|sent 2021-08-29T12:57:02|received 2021-08-29T16:59:02
2021-29-08 12:00:12 PM|root|INFO|user_id 160190870|order_id 4825102715|saved 2021-08-29 12:00:12.|sent 2021-08-29T12:57:34|received 2021-08-29T16:59:32
2021-29-08 12:00:17 PM|root|INFO|user_id 25523702|order_id 4825099528|saved 2021-08-29 12:00:17.|sent 2021-08-29T12:55:42|received 2021-08-29T16:57:47
2021-29-08 12:00:17 PM|root|INFO|user_id 25523702|order_id 4825103445|saved 2021-08-29 12:00:17.|sent 2021-08-29T12:58:11|received 2021-08-29T16:59:52
2021-29-08 12:05:12 PM|root|INFO|user_id 25523702|order_id 4825109247|saved 2021-08-29 12:05:12.|sent 2021-08-29T13:00:56|received 2021-08-29T17:03:04
2021-29-08 12:10:07 PM|root|INFO|user_id 25523702|order_id 4824821515|saved 2021-08-29 12:10:07.|sent 2021-08-29T10:11:24|received 2021-08-29T17:08:17
2021-29-08 12:15:07 PM|root|INFO|user_id 160190870|order_id 4825119389|saved 2021-08-29 12:15:07.|sent 2021-08-29T13:06:31|received 2021-08-29T17:08:25
2021-29-08 12:15:07 PM|root|INFO|user_id 160190870|order_id 4825124156|saved 2021-08-29 12:15:07.|sent 2021-08-29T13:07:58|received 2021-08-29T17:10:47
2021-29-08 12:15:07 PM|root|INFO|user_id 160190870|order_id 4825131802|saved 2021-08-29 12:15:07.|sent 2021-08-29T13:13:50|received 2021-08-29T17:14:05
2021-29-08 12:15:12 PM|root|INFO|user_id 25523702|order_id 4825128063|saved 2021-08-29 12:15:12.|sent 2021-08-29T13:10:39|received 2021-08-29T17:13:03
2021-29-08 12:15:12 PM|root|INFO|user_id 25523702|order_id 4825126756|saved 2021-08-29 12:15:12.|sent 2021-08-29T13:11:02|received 2021-08-29T17:13:03
2021-29-08 12:15:12 PM|root|INFO|user_id 25523702|order_id 4825129289|saved 2021-08-29 12:15:12.|sent 2021-08-29T13:11:34|received 2021-08-29T17:14:2
2021-29-08 12:20:08 PM|root|INFO|user_id 160190870|order_id 4825132960|saved 2021-08-29 12:20:08.|sent 2021-08-29T13:15:11|received 2021-08-29T17:17:17
2021-29-08 12:20:08 PM|root|INFO|user_id 160190870|order_id 4825134976|saved 2021-08-29 12:20:08.|sent 2021-08-29T13:16:17|received 2021-08-29T17:18:09
2021-29-08 12:20:14 PM|root|INFO|user_id 25523702|order_id 4825137216|saved 2021-08-29 12:20:14.|sent 2021-08-29T13:15:59|received 2021-08-29T17:18:00
2021-29-08 12:20:14 PM|root|INFO|user_id 25523702|order_id 4825141547|saved 2021-08-29 12:20:14.|sent 2021-08-29T13:19:36|received 2021-08-29T17:20:05
2021-29-08 12:25:06 PM|root|INFO|user_id 160190870|order_id 4825143796|saved 2021-08-29 12:25:06.|sent 2021-08-29T13:20:31|received 2021-08-29T17:22:31
2021-29-08 12:25:06 PM|root|INFO|user_id 160190870|order_id 4825151085|saved 2021-08-29 12:25:06.|sent 2021-08-29T13:22:06|received 2021-08-29T17:24:15
2021-29-08 12:25:11 PM|root|INFO|user_id 25523702|order_id 4825154170|saved 2021-08-29 12:25:11.|sent 2021-08-29T13:24:50|received 2021-08-29T17:25:00
2021-29-08 12:25:11 PM|root|INFO|user_id 25523702|order_id 4825148696|saved 2021-08-29 12:25:11.|sent 2021-08-29T13:24:18|received 2021-08-29T17:25:03
2021-29-08 12:30:08 PM|root|INFO|user_id 160190870|order_id 4825151927|saved 2021-08-29 12:30:08.|sent 2021-08-29T13:26:27|received 2021-08-29T17:28:43
2021-29-08 12:30:08 PM|root|INFO|user_id 160190870|order_id 4825156085|saved 2021-08-29 12:30:08.|sent 2021-08-29T13:26:27|received 2021-08-29T17:28:43
2021-29-08 12:30:08 PM|root|INFO|user_id 160190870|order_id 4825160594|saved 2021-08-29 12:30:08.|sent 2021-08-29T13:29:24|received 2021-08-29T17:29:33
2021-29-08 12:30:13 PM|root|INFO|user_id 25523702|order_id 4825154203|saved 2021-08-29 12:30:13.|sent 2021-08-29T13:24:56|received 2021-08-29T17:29:52
2021-29-08 12:35:07 PM|root|INFO|user_id 160190870|order_id 4825166385|saved 2021-08-29 12:35:07.|sent 2021-08-29T13:32:55|received 2021-08-29T17:34:50
2021-29-08 12:35:07 PM|root|INFO|user_id 160190870|order_id 4825167357|saved 2021-08-29 12:35:07.|sent 2021-08-29T13:32:56|received 2021-08-29T17:34:57
2021-29-08 12:35:07 PM|root|INFO|user_id 160190870|order_id 4825170272|saved 2021-08-29 12:35:07.|sent 2021-08-29T13:33:34|received 2021-08-29T17:34:58
2021-29-08 12:40:07 PM|root|INFO|user_id 160190870|order_id 4825169947|saved 2021-08-29 12:40:07.|sent 2021-08-29T13:36:56|received 2021-08-29T17:38:56
2021-29-08 12:40:07 PM|root|INFO|user_id 160190870|order_id 4825176402|saved 2021-08-29 12:40:07.|sent 2021-08-29T13:38:29|received 2021-08-29T17:39:36
2021-29-08 12:45:12 PM|root|INFO|user_id 25523702|order_id 4825182193|saved 2021-08-29 12:45:12.|sent 2021-08-29T13:40:58|received 2021-08-29T17:43:03
2021-29-08 12:45:12 PM|root|INFO|user_id 25523702|order_id 4825181643|saved 2021-08-29 12:45:12.|sent 2021-08-29T13:41:07|received 2021-08-29T17:45:03
2021-29-08 12:50:07 PM|root|INFO|user_id 25523702|order_id 4825193731|saved 2021-08-29 12:50:07.|sent 2021-08-29T13:49:54|received 2021-08-29T17:49:59
2021-29-08 12:55:06 PM|root|INFO|user_id 160190870|order_id 4824225376|saved 2021-08-29 12:55:06.|sent 2021-08-28T20:08:07|received 2021-08-29T17:50:18
2021-29-08 12:55:06 PM|root|INFO|user_id 160190870|order_id 4825199070|saved 2021-08-29 12:55:06.|sent 2021-08-29T13:49:14|received 2021-08-29T17:51:27
2021-29-08 12:55:06 PM|root|INFO|user_id 160190870|order_id 4825124902|saved 2021-08-29 12:55:06.|sent 2021-08-29T13:10:17|received 2021-08-29T17:53:46
2021-29-08 12:55:06 PM|root|INFO|user_id 160190870|order_id 4825132047|saved 2021-08-29 12:55:06.|sent 2021-08-29T13:12:00|received 2021-08-29T17:53:53
2021-29-08 12:55:11 PM|root|INFO|user_id 25523702|order_id 4825193826|saved 2021-08-29 12:55:11.|sent 2021-08-29T13:50:19|received 2021-08-29T17:52:32
2021-29-08 12:55:11 PM|root|INFO|user_id 25523702|order_id 4825200389|saved 2021-08-29 12:55:11.|sent 2021-08-29T13:51:18|received 2021-08-29T17:53:40
2021-29-08 12:55:12 PM|root|INFO|user_id 25523702|order_id 4825200417|saved 2021-08-29 12:55:12.|sent 2021-08-29T13:51:24|received 2021-08-29T17:53:41
2021-29-08 12:55:12 PM|root|INFO|user_id 25523702|order_id 4825195974|saved 2021-08-29 12:55:12.|sent 2021-08-29T13:50:02|received 2021-08-29T17:54:29
2021-29-08 01:00:10 PM|root|INFO|user_id 160190870|order_id 4825214684|saved 2021-08-29 13:00:10.|sent 2021-08-29T13:58:54|received 2021-08-29T17:59:56
2021-29-08 01:00:15 PM|root|INFO|user_id 25523702|order_id 4825212558|saved 2021-08-29 13:00:15.|sent 2021-08-29T13:58:34|received 2021-08-29T18:00:03
2021-29-08 01:05:06 PM|root|INFO|user_id 160190870|order_id 4825219364|saved 2021-08-29 13:05:06.|sent 2021-08-29T14:01:12|received 2021-08-29T18:03:11
2021-29-08 01:05:06 PM|root|INFO|user_id 160190870|order_id 4825226117|saved 2021-08-29 13:05:06.|sent 2021-08-29T14:03:34|received 2021-08-29T18:03:56
2021-29-08 01:05:12 PM|root|INFO|user_id 25523702|order_id 4825224597|saved 2021-08-29 13:05:12.|sent 2021-08-29T14:03:56|received 2021-08-29T18:04:06
2021-29-08 01:10:07 PM|root|INFO|user_id 160190870|order_id 4825229143|saved 2021-08-29 13:10:07.|sent 2021-08-29T14:05:39|received 2021-08-29T18:07:5
2021-29-08 01:10:12 PM|root|INFO|user_id 25523702|order_id 4825041363|saved 2021-08-29 13:10:12.|sent 2021-08-29T12:21:54|received 2021-08-29T18:09:26
2021-29-08 01:20:07 PM|root|INFO|user_id 160190870|order_id 4825245484|saved 2021-08-29 13:20:07.|sent 2021-08-29T14:15:45|received 2021-08-29T18:17:50
2021-29-08 01:20:11 PM|root|INFO|user_id 25523702|order_id 4825168891|saved 2021-08-29 13:20:11.|sent 2021-08-29T13:34:33|received 2021-08-29T18:19:13
2021-29-08 01:25:06 PM|root|INFO|user_id 160190870|order_id 4825250890|saved 2021-08-29 13:25:06.|sent 2021-08-29T14:20:03|received 2021-08-29T18:22:18
2021-29-08 01:25:06 PM|root|INFO|user_id 160190870|order_id 4825258135|saved 2021-08-29 13:25:06.|sent 2021-08-29T14:21:09|received 2021-08-29T18:23:1
2021-29-08 01:25:06 PM|root|INFO|user_id 160190870|order_id 4825259347|saved 2021-08-29 13:25:06.|sent 2021-08-29T14:22:31|received 2021-08-29T18:24:56
2021-29-08 01:30:07 PM|root|INFO|user_id 160190870|order_id 4825267285|saved 2021-08-29 13:30:07.|sent 2021-08-29T14:26:46|received 2021-08-29T18:28:46
2021-29-08 01:35:07 PM|root|INFO|user_id 160190870|order_id 4825271684|saved 2021-08-29 13:35:07.|sent 2021-08-29T14:30:07|received 2021-08-29T18:32:04
2021-29-08 01:35:07 PM|root|INFO|user_id 160190870|order_id 4825277298|saved 2021-08-29 13:35:07.|sent 2021-08-29T14:31:53|received 2021-08-29T18:33:56
2021-29-08 01:35:07 PM|root|INFO|user_id 160190870|order_id 4825199917|saved 2021-08-29 13:35:07.|sent 2021-08-29T13:51:56|received 2021-08-29T18:34:43
2021-29-08 01:35:12 PM|root|INFO|user_id 25523702|order_id 4825278930|saved 2021-08-29 13:35:12.|sent 2021-08-29T14:34:08|received 2021-08-29T18:34:16
2021-29-08 01:40:07 PM|root|INFO|user_id 160190870|order_id 4825279922|saved 2021-08-29 13:40:07.|sent 2021-08-29T14:35:02|received 2021-08-29T18:37:14
2021-29-08 01:40:07 PM|root|INFO|user_id 160190870|order_id 4825287462|saved 2021-08-29 13:40:07.|sent 2021-08-29T14:37:19|received 2021-08-29T18:39:4
2021-29-08 01:40:12 PM|root|INFO|user_id 25523702|order_id 4825244054|saved 2021-08-29 13:40:12.|sent 2021-08-29T14:13:08|received 2021-08-29T18:38:55
2021-29-08 01:40:12 PM|root|INFO|user_id 25523702|order_id 4825289145|saved 2021-08-29 13:40:12.|sent 2021-08-29T14:38:16|received 2021-08-29T18:39:51
2021-29-08 01:45:06 PM|root|INFO|user_id 160190870|order_id 4825297094|saved 2021-08-29 13:45:06.|sent 2021-08-29T14:41:55|received 2021-08-29T18:44:45
2021-29-08 01:45:11 PM|root|INFO|user_id 25523702|order_id 4825243678|saved 2021-08-29 13:45:11.|sent 2021-08-29T14:14:49|received 2021-08-29T18:43:43
2021-29-08 01:45:11 PM|root|INFO|user_id 25523702|order_id 4825298801|saved 2021-08-29 13:45:11.|sent 2021-08-29T14:44:40|received 2021-08-29T18:44:59
2021-29-08 01:50:07 PM|root|INFO|user_id 160190870|order_id 4825301666|saved 2021-08-29 13:50:07.|sent 2021-08-29T14:47:29|received 2021-08-29T18:49:59
2021-29-08 01:50:12 PM|root|INFO|user_id 25523702|order_id 4825144956|saved 2021-08-29 13:50:12.|sent 2021-08-29T13:21:38|received 2021-08-29T18:49:26
2021-29-08 01:50:12 PM|root|INFO|user_id 25523702|order_id 4825300339|saved 2021-08-29 13:50:12.|sent 2021-08-29T14:45:18|received 2021-08-29T18:49:04
2021-29-08 01:50:12 PM|root|INFO|user_id 25523702|order_id 4825307664|saved 2021-08-29 13:50:12.|sent 2021-08-29T14:49:37|received 2021-08-29T18:49:45
2021-29-08 01:55:06 PM|root|INFO|user_id 160190870|order_id 4825253888|saved 2021-08-29 13:55:06.|sent 2021-08-29T14:21:25|received 2021-08-29T18:53:53
2021-29-08 01:55:06 PM|root|INFO|user_id 160190870|order_id 4825312396|saved 2021-08-29 13:55:06.|sent 2021-08-29T14:51:13|received 2021-08-29T18:53:32
2021-29-08 01:55:11 PM|root|INFO|user_id 25523702|order_id 4825309637|saved 2021-08-29 13:55:11.|sent 2021-08-29T14:50:41|received 2021-08-29T18:52:43
2021-29-08 01:55:11 PM|root|INFO|user_id 25523702|order_id 4825311342|saved 2021-08-29 13:55:11.|sent 2021-08-29T14:50:50|received 2021-08-29T18:53:36
2021-29-08 01:55:11 PM|root|INFO|user_id 25523702|order_id 4825314833|saved 2021-08-29 13:55:11.|sent 2021-08-29T14:53:32|received 2021-08-29T18:55:03
2021-29-08 02:00:11 PM|root|INFO|user_id 160190870|order_id 4825317619|saved 2021-08-29 14:00:11.|sent 2021-08-29T14:54:59|received 2021-08-29T18:57:35
2021-29-08 02:00:11 PM|root|INFO|user_id 160190870|order_id 4825317804|saved 2021-08-29 14:00:11.|sent 2021-08-29T14:55:34|received 2021-08-29T18:59:36
2021-29-08 02:00:11 PM|root|INFO|user_id 160190870|order_id 4825320594|saved 2021-08-29 14:00:11.|sent 2021-08-29T14:56:50|received 2021-08-29T18:58:55
2021-29-08 02:00:11 PM|root|INFO|user_id 160190870|order_id 4825324634|saved 2021-08-29 14:00:11.|sent 2021-08-29T14:58:11|received 2021-08-29T19:00:06
2021-29-08 02:00:11 PM|root|INFO|user_id 160190870|order_id 4825331064|saved 2021-08-29 14:00:11.|sent 2021-08-29T14:59:38|received 2021-08-29T18:59:50
2021-29-08 02:00:17 PM|root|INFO|user_id 25523702|order_id 4825325158|saved 2021-08-29 14:00:16.|sent 2021-08-29T14:57:44|received 2021-08-29T19:00:0
2021-29-08 02:10:07 PM|root|INFO|user_id 160190870|order_id 4825339377|saved 2021-08-29 14:10:07.|sent 2021-08-29T15:05:17|received 2021-08-29T19:07:27
2021-29-08 02:10:07 PM|root|INFO|user_id 160190870|order_id 4825342250|saved 2021-08-29 14:10:07.|sent 2021-08-29T15:07:03|received 2021-08-29T19:08:58
2021-29-08 02:10:07 PM|root|INFO|user_id 160190870|order_id 4825345504|saved 2021-08-29 14:10:07.|sent 2021-08-29T15:09:48|received 2021-08-29T19:09:59
2021-29-08 02:10:12 PM|root|INFO|user_id 25523702|order_id 4825341402|saved 2021-08-29 14:10:12.|sent 2021-08-29T15:06:54|received 2021-08-29T19:09:36
2021-29-08 02:10:12 PM|root|INFO|user_id 25523702|order_id 4825342248|saved 2021-08-29 14:10:12.|sent 2021-08-29T15:07:03|received 2021-08-29T19:09:1
2021-29-08 02:15:06 PM|root|INFO|user_id 160190870|order_id 4825357201|saved 2021-08-29 14:15:06.|sent 2021-08-29T15:14:15|received 2021-08-29T19:14:58
2021-29-08 02:15:12 PM|root|INFO|user_id 25523702|order_id 4825351676|saved 2021-08-29 14:15:12.|sent 2021-08-29T15:13:44|received 2021-08-29T19:15:03
2021-29-08 02:20:07 PM|root|INFO|user_id 160190870|order_id 4824596147|saved 2021-08-29 14:20:07.|sent 2021-08-29T02:34:07|received 2021-08-29T19:19:52
2021-29-08 02:20:07 PM|root|INFO|user_id 160190870|order_id 4825361297|saved 2021-08-29 14:20:07.|sent 2021-08-29T15:17:36|received 2021-08-29T19:19:41
2021-29-08 02:20:07 PM|root|INFO|user_id 160190870|order_id 4825349766|saved 2021-08-29 14:20:07.|sent 2021-08-29T15:12:00|received 2021-08-29T19:19:59
2021-29-08 02:20:12 PM|root|INFO|user_id 25523702|order_id 4825306994|saved 2021-08-29 14:20:12.|sent 2021-08-29T14:49:40|received 2021-08-29T19:19:
2021-29-08 02:20:12 PM|root|INFO|user_id 25523702|order_id 4825365362|saved 2021-08-29 14:20:12.|sent 2021-08-29T15:19:17|received 2021-08-29T19:19:33
2021-29-08 02:25:07 PM|root|INFO|user_id 160190870|order_id 4825367742|saved 2021-08-29 14:25:07.|sent 2021-08-29T15:21:41|received 2021-08-29T19:23:22
2021-29-08 02:30:08 PM|root|INFO|user_id 25523702|order_id 4825383367|saved 2021-08-29 14:30:08.|sent 2021-08-29T15:29:09|received 2021-08-29T19:29:2
2021-29-08 02:35:07 PM|root|INFO|user_id 160190870|order_id 4825380127|saved 2021-08-29 14:35:07.|sent 2021-08-29T15:27:22|received 2021-08-29T19:29:50
2021-29-08 02:35:07 PM|root|INFO|user_id 160190870|order_id 4825227700|saved 2021-08-29 14:35:07.|sent 2021-08-29T14:06:31|received 2021-08-29T19:32:59
2021-29-08 02:35:12 PM|root|INFO|user_id 25523702|order_id 4825381872|saved 2021-08-29 14:35:12.|sent 2021-08-29T15:30:58|received 2021-08-29T19:33:36
2021-29-08 02:35:12 PM|root|INFO|user_id 25523702|order_id 4825392842|saved 2021-08-29 14:35:12.|sent 2021-08-29T15:34:48|received 2021-08-29T19:35:03
2021-29-08 02:40:07 PM|root|INFO|user_id 160190870|order_id 4825399033|saved 2021-08-29 14:40:07.|sent 2021-08-29T15:36:47|received 2021-08-29T19:39:53
2021-29-08 02:40:12 PM|root|INFO|user_id 25523702|order_id 4825401305|saved 2021-08-29 14:40:12.|sent 2021-08-29T15:38:40|received 2021-08-29T19:40:0
2021-29-08 02:45:06 PM|root|INFO|user_id 160190870|order_id 4825401698|saved 2021-08-29 14:45:06.|sent 2021-08-29T15:40:01|received 2021-08-29T19:41:57
2021-29-08 02:45:06 PM|root|INFO|user_id 160190870|order_id 4825402791|saved 2021-08-29 14:45:06.|sent 2021-08-29T15:40:32|received 2021-08-29T19:42:
2021-29-08 02:45:07 PM|root|INFO|user_id 160190870|order_id 4825410853|saved 2021-08-29 14:45:07.|sent 2021-08-29T15:44:30|received 2021-08-29T19:44:57
2021-29-08 02:45:12 PM|root|INFO|user_id 25523702|order_id 4825407293|saved 2021-08-29 14:45:12.|sent 2021-08-29T15:42:33|received 2021-08-29T19:44:58
2021-29-08 02:50:12 PM|root|INFO|user_id 25523702|order_id 4825415941|saved 2021-08-29 14:50:12.|sent 2021-08-29T15:49:20|received 2021-08-29T19:49:47
2021-29-08 02:55:08 PM|root|INFO|user_id 160190870|order_id 4825424751|saved 2021-08-29 14:55:08.|sent 2021-08-29T15:52:54|received 2021-08-29T19:54:36
2021-29-08 02:55:08 PM|root|INFO|user_id 160190870|order_id 4825427552|saved 2021-08-29 14:55:08.|sent 2021-08-29T15:52:58|received 2021-08-29T19:54:56
2021-29-08 02:55:08 PM|root|INFO|user_id 160190870|order_id 4825428398|saved 2021-08-29 14:55:08.|sent 2021-08-29T15:53:03|received 2021-08-29T19:54:55
2021-29-08 03:00:10 PM|root|INFO|user_id 160190870|order_id 4825434202|saved 2021-08-29 15:00:10.|sent 2021-08-29T15:56:14|received 2021-08-29T19:58:35
2021-29-08 03:00:10 PM|root|INFO|user_id 160190870|order_id 4825437548|saved 2021-08-29 15:00:10.|sent 2021-08-29T15:58:40|received 2021-08-29T19:58:55
2021-29-08 03:00:10 PM|root|INFO|user_id 160190870|order_id 4825437974|saved 2021-08-29 15:00:10.|sent 2021-08-29T15:59:57|received 2021-08-29T20:00:01
2021-29-08 03:00:16 PM|root|INFO|user_id 25523702|order_id 4825437736|saved 2021-08-29 15:00:16.|sent 2021-08-29T15:59:13|received 2021-08-29T19:59:35
2021-29-08 03:05:08 PM|root|INFO|user_id 160190870|order_id 4825441417|saved 2021-08-29 15:05:08.|sent 2021-08-29T16:00:49|received 2021-08-29T20:03:22
2021-29-08 03:05:09 PM|root|INFO|user_id 160190870|order_id 4825440818|saved 2021-08-29 15:05:09.|sent 2021-08-29T16:01:12|received 2021-08-29T20:03:2
2021-29-08 03:05:09 PM|root|INFO|user_id 160190870|order_id 4825261812|saved 2021-08-29 15:05:09.|sent 2021-08-29T14:25:18|received 2021-08-29T20:04:10
2021-29-08 03:05:14 PM|root|INFO|user_id 25523702|order_id 4825441431|saved 2021-08-29 15:05:14.|sent 2021-08-29T16:00:54|received 2021-08-29T20:02:56
2021-29-08 03:05:14 PM|root|INFO|user_id 25523702|order_id 4825377835|saved 2021-08-29 15:05:14.|sent 2021-08-29T15:28:06|received 2021-08-29T20:04:11
2021-29-08 03:10:07 PM|root|INFO|user_id 160190870|order_id 4825457260|saved 2021-08-29 15:10:07.|sent 2021-08-29T16:08:03|received 2021-08-29T20:09:57
2021-29-08 03:10:12 PM|root|INFO|user_id 25523702|order_id 4825456699|saved 2021-08-29 15:10:12.|sent 2021-08-29T16:08:50|received 2021-08-29T20:09:0
2021-29-08 03:15:07 PM|root|INFO|user_id 160190870|order_id 4825457883|saved 2021-08-29 15:15:07.|sent 2021-08-29T16:10:06|received 2021-08-29T20:12:40
2021-29-08 03:15:07 PM|root|INFO|user_id 160190870|order_id 4825460238|saved 2021-08-29 15:15:07.|sent 2021-08-29T16:10:26|received 2021-08-29T20:13:2
2021-29-08 03:15:07 PM|root|INFO|user_id 160190870|order_id 4825463090|saved 2021-08-29 15:15:07.|sent 2021-08-29T16:10:26|received 2021-08-29T20:13:2
2021-29-08 03:15:12 PM|root|INFO|user_id 25523702|order_id 4825454823|saved 2021-08-29 15:15:12.|sent 2021-08-29T16:07:41|received 2021-08-29T20:12:3
2021-29-08 03:15:12 PM|root|INFO|user_id 25523702|order_id 4825471096|saved 2021-08-29 15:15:12.|sent 2021-08-29T16:14:46|received 2021-08-29T20:15:06
2021-29-08 03:20:07 PM|root|INFO|user_id 160190870|order_id 4825468499|saved 2021-08-29 15:20:07.|sent 2021-08-29T16:15:43|received 2021-08-29T20:17:40
2021-29-08 03:20:07 PM|root|INFO|user_id 160190870|order_id 4825474201|saved 2021-08-29 15:20:07.|sent 2021-08-29T16:17:18|received 2021-08-29T20:19:06
2021-29-08 03:20:07 PM|root|INFO|user_id 160190870|order_id 4825476264|saved 2021-08-29 15:20:07.|sent 2021-08-29T16:18:59|received 2021-08-29T20:19:35
2021-29-08 03:20:13 PM|root|INFO|user_id 25523702|order_id 4825470460|saved 2021-08-29 15:20:13.|sent 2021-08-29T16:16:10|received 2021-08-29T20:17:16
2021-29-08 03:25:06 PM|root|INFO|user_id 160190870|order_id 4825472947|saved 2021-08-29 15:25:06.|sent 2021-08-29T16:18:58|received 2021-08-29T20:22:08
2021-29-08 03:25:06 PM|root|INFO|user_id 160190870|order_id 4825483320|saved 2021-08-29 15:25:06.|sent 2021-08-29T16:22:16|received 2021-08-29T20:23:57
2021-29-08 03:25:06 PM|root|INFO|user_id 160190870|order_id 4825481785|saved 2021-08-29 15:25:06.|sent 2021-08-29T16:22:23|received 2021-08-29T20:24:15
2021-29-08 03:25:11 PM|root|INFO|user_id 25523702|order_id 4825482115|saved 2021-08-29 15:25:11.|sent 2021-08-29T16:20:18|received 2021-08-29T20:22:46
2021-29-08 03:30:12 PM|root|INFO|user_id 25523702|order_id 4825490215|saved 2021-08-29 15:30:12.|sent 2021-08-29T16:25:13|received 2021-08-29T20:26:58
2021-29-08 03:35:08 PM|root|INFO|user_id 160190870|order_id 4825505317|saved 2021-08-29 15:35:08.|sent 2021-08-29T16:33:59|received 2021-08-29T20:34:11
2021-29-08 03:35:15 PM|root|INFO|user_id 25523702|order_id 4825500134|saved 2021-08-29 15:35:15.|sent 2021-08-29T16:30:17|received 2021-08-29T20:32:33
2021-29-08 03:35:15 PM|root|INFO|user_id 25523702|order_id 4825500385|saved 2021-08-29 15:35:15.|sent 2021-08-29T16:31:06|received 2021-08-29T20:33:15
2021-29-08 03:35:15 PM|root|INFO|user_id 25523702|order_id 4825501782|saved 2021-08-29 15:35:15.|sent 2021-08-29T16:33:36|received 2021-08-29T20:35:01
2021-29-08 03:40:07 PM|root|INFO|user_id 160190870|order_id 4825508510|saved 2021-08-29 15:40:07.|sent 2021-08-29T16:35:53|received 2021-08-29T20:38:13
2021-29-08 03:40:07 PM|root|INFO|user_id 160190870|order_id 4825508518|saved 2021-08-29 15:40:07.|sent 2021-08-29T16:35:54|received 2021-08-29T20:39:5
2021-29-08 03:40:07 PM|root|INFO|user_id 160190870|order_id 4825506955|saved 2021-08-29 15:40:07.|sent 2021-08-29T16:36:06|received 2021-08-29T20:38:17
2021-29-08 03:40:07 PM|root|INFO|user_id 160190870|order_id 4825516135|saved 2021-08-29 15:40:07.|sent 2021-08-29T16:39:17|received 2021-08-29T20:39:
2021-29-08 03:40:12 PM|root|INFO|user_id 25523702|order_id 4825514539|saved 2021-08-29 15:40:12.|sent 2021-08-29T16:39:10|received 2021-08-29T20:39:28
2021-29-08 03:45:06 PM|root|INFO|user_id 160190870|order_id 4825513669|saved 2021-08-29 15:45:06.|sent 2021-08-29T16:40:17|received 2021-08-29T20:42:44
2021-29-08 03:45:06 PM|root|INFO|user_id 160190870|order_id 4825520048|saved 2021-08-29 15:45:06.|sent 2021-08-29T16:41:42|received 2021-08-29T20:43:46
2021-29-08 03:45:06 PM|root|INFO|user_id 160190870|order_id 4825523519|saved 2021-08-29 15:45:06.|sent 2021-08-29T16:43:47|received 2021-08-29T20:43:58
2021-29-08 03:45:07 PM|root|INFO|user_id 160190870|order_id 4825526300|saved 2021-08-29 15:45:07.|sent 2021-08-29T16:44:56|received 2021-08-29T20:44:59
2021-29-08 03:45:13 PM|root|INFO|user_id 25523702|order_id 4825519284|saved 2021-08-29 15:45:13.|sent 2021-08-29T16:41:31|received 2021-08-29T20:43:37
2021-29-08 03:50:10 PM|root|INFO|user_id 160190870|order_id 4825521772|saved 2021-08-29 15:50:10.|sent 2021-08-29T16:45:00|received 2021-08-29T20:47:09
2021-29-08 03:50:10 PM|root|INFO|user_id 160190870|order_id 4825525827|saved 2021-08-29 15:50:10.|sent 2021-08-29T16:45:28|received 2021-08-29T20:47:25
2021-29-08 03:50:10 PM|root|INFO|user_id 160190870|order_id 4825530334|saved 2021-08-29 15:50:10.|sent 2021-08-29T16:47:05|received 2021-08-29T20:48:59
2021-29-08 03:50:10 PM|root|INFO|user_id 160190870|order_id 4825528677|saved 2021-08-29 15:50:10.|sent 2021-08-29T16:48:32|received 2021-08-29T20:49:59
2021-29-08 03:50:15 PM|root|INFO|user_id 25523702|order_id 4825529131|saved 2021-08-29 15:50:15.|sent 2021-08-29T16:46:00|received 2021-08-29T20:48:34
2021-29-08 03:55:12 PM|root|INFO|user_id 25523702|order_id 4825493244|saved 2021-08-29 15:55:12.|sent 2021-08-29T16:27:17|received 2021-08-29T20:54:27
2021-29-08 03:55:12 PM|root|INFO|user_id 25523702|order_id 4825540624|saved 2021-08-29 15:55:12.|sent 2021-08-29T16:53:18|received 2021-08-29T20:54:59
2021-29-08 03:55:12 PM|root|INFO|user_id 25523702|order_id 4825542765|saved 2021-08-29 15:55:12.|sent 2021-08-29T16:54:21|received 2021-08-29T20:54:39
2021-29-08 04:05:06 PM|root|INFO|user_id 160190870|order_id 4825544514|saved 2021-08-29 16:05:06.|sent 2021-08-29T16:54:55|received 2021-08-29T20:59:35
2021-29-08 04:05:07 PM|root|INFO|user_id 160190870|order_id 4825548341|saved 2021-08-29 16:05:07.|sent 2021-08-29T16:56:39|received 2021-08-29T20:58:46
2021-29-08 04:05:07 PM|root|INFO|user_id 160190870|order_id 4825551462|saved 2021-08-29 16:05:07.|sent 2021-08-29T16:57:57|received 2021-08-29T20:59:54
2021-29-08 04:05:07 PM|root|INFO|user_id 160190870|order_id 4825558204|saved 2021-08-29 16:05:07.|sent 2021-08-29T17:00:49|received 2021-08-29T21:03:34
2021-29-08 04:05:07 PM|root|INFO|user_id 160190870|order_id 4825350033|saved 2021-08-29 16:05:07.|sent 2021-08-29T15:10:13|received 2021-08-29T21:04:59
2021-29-08 04:05:07 PM|root|INFO|user_id 160190870|order_id 4825555839|saved 2021-08-29 16:05:07.|sent 2021-08-29T17:02:47|received 2021-08-29T21:04:46
2021-29-08 04:05:07 PM|root|INFO|user_id 160190870|order_id 4825561591|saved 2021-08-29 16:05:07.|sent 2021-08-29T17:03:49|received 2021-08-29T21:04:58
2021-29-08 04:05:12 PM|root|INFO|user_id 25523702|order_id 4825561024|saved 2021-08-29 16:05:12.|sent 2021-08-29T17:02:03|received 2021-08-29T21:03:58
2021-29-08 04:10:07 PM|root|INFO|user_id 160190870|order_id 4825447387|saved 2021-08-29 16:10:07.|sent 2021-08-29T16:03:05|received 2021-08-29T21:09:30
2021-29-08 04:10:12 PM|root|INFO|user_id 25523702|order_id 4825570437|saved 2021-08-29 16:10:12.|sent 2021-08-29T17:08:41|received 2021-08-29T21:09:47
2021-29-08 04:15:07 PM|root|INFO|user_id 160190870|order_id 4825574821|saved 2021-08-29 16:15:07.|sent 2021-08-29T17:12:37|received 2021-08-29T21:14:53
2021-29-08 04:15:07 PM|root|INFO|user_id 160190870|order_id 4825575910|saved 2021-08-29 16:15:07.|sent 2021-08-29T17:12:03|received 2021-08-29T21:14:58
2021-29-08 04:15:12 PM|root|INFO|user_id 25523702|order_id 4825576263|saved 2021-08-29 16:15:12.|sent 2021-08-29T17:10:20|received 2021-08-29T21:12:43
2021-29-08 04:15:12 PM|root|INFO|user_id 25523702|order_id 4825577210|saved 2021-08-29 16:15:12.|sent 2021-08-29T17:11:01|received 2021-08-29T21:12:53
2021-29-08 04:15:12 PM|root|INFO|user_id 25523702|order_id 4825585284|saved 2021-08-29 16:15:12.|sent 2021-08-29T17:15:02|received 2021-08-29T21:15:06
2021-29-08 04:20:08 PM|root|INFO|user_id 160190870|order_id 4825595065|saved 2021-08-29 16:20:08.|sent 2021-08-29T17:19:43|received 2021-08-29T21:19:51
2021-29-08 04:25:06 PM|root|INFO|user_id 160190870|order_id 4825593797|saved 2021-08-29 16:25:06.|sent 2021-08-29T17:21:49|received 2021-08-29T21:24:20
2021-29-08 04:25:06 PM|root|INFO|user_id 160190870|order_id 4825602444|saved 2021-08-29 16:25:06.|sent 2021-08-29T17:24:28|received 2021-08-29T21:24:39
2021-29-08 04:25:11 PM|root|INFO|user_id 25523702|order_id 4825588605|saved 2021-08-29 16:25:11.|sent 2021-08-29T17:18:19|received 2021-08-29T21:24:53
2021-29-08 04:35:06 PM|root|INFO|user_id 160190870|order_id 4825606218|saved 2021-08-29 16:35:06.|sent 2021-08-29T17:26:16|received 2021-08-29T21:29:27
2021-29-08 04:35:07 PM|root|INFO|user_id 160190870|order_id 4825607833|saved 2021-08-29 16:35:07.|sent 2021-08-29T17:28:02|received 2021-08-29T21:30:04
2021-29-08 04:35:07 PM|root|INFO|user_id 160190870|order_id 4825615007|saved 2021-08-29 16:35:07.|sent 2021-08-29T17:29:27|received 2021-08-29T21:31:20
2021-29-08 04:35:07 PM|root|INFO|user_id 160190870|order_id 4825622054|saved 2021-08-29 16:35:07.|sent 2021-08-29T17:32:40|received 2021-08-29T21:34:43
2021-29-08 04:35:07 PM|root|INFO|user_id 160190870|order_id 4825620610|saved 2021-08-29 16:35:07.|sent 2021-08-29T17:33:21|received 2021-08-29T21:35:01
2021-29-08 04:35:07 PM|root|INFO|user_id 160190870|order_id 4825621670|saved 2021-08-29 16:35:07.|sent 2021-08-29T17:34:48|received 2021-08-29T21:34:55
2021-29-08 04:35:12 PM|root|INFO|user_id 25523702|order_id 4825617574|saved 2021-08-29 16:35:12.|sent 2021-08-29T17:33:17|received 2021-08-29T21:35:00
2021-29-08 04:40:07 PM|root|INFO|user_id 160190870|order_id 4825621709|saved 2021-08-29 16:40:07.|sent 2021-08-29T17:34:59|received 2021-08-29T21:37:00
2021-29-08 04:40:07 PM|root|INFO|user_id 160190870|order_id 4825629430|saved 2021-08-29 16:40:07.|sent 2021-08-29T17:38:05|received 2021-08-29T21:39:34
2021-29-08 04:40:13 PM|root|INFO|user_id 25523702|order_id 4825630657|saved 2021-08-29 16:40:13.|sent 2021-08-29T17:38:46|received 2021-08-29T21:40:06
2021-29-08 04:45:07 PM|root|INFO|user_id 160190870|order_id 4825641488|saved 2021-08-29 16:45:07.|sent 2021-08-29T17:44:19|received 2021-08-29T21:44:32
2021-29-08 04:50:13 PM|root|INFO|user_id 25523702|order_id 4825650205|saved 2021-08-29 16:50:13.|sent 2021-08-29T17:46:57|received 2021-08-29T21:49:00
2021-29-08 05:00:11 PM|root|INFO|user_id 160190870|order_id 4825671554|saved 2021-08-29 17:00:11.|sent 2021-08-29T17:59:19|received 2021-08-29T21:59:5
2021-29-08 05:00:15 PM|root|INFO|user_id 25523702|order_id 4825665748|saved 2021-08-29 17:00:15.|sent 2021-08-29T17:58:06|received 2021-08-29T22:00:09
2021-29-08 05:00:16 PM|root|INFO|user_id 25523702|order_id 4825665749|saved 2021-08-29 17:00:16.|sent 2021-08-29T17:58:06|received 2021-08-29T22:00:09
2021-29-08 05:05:12 PM|root|INFO|user_id 25523702|order_id 4825490224|saved 2021-08-29 17:05:12.|sent 2021-08-29T16:25:15|received 2021-08-29T22:04:26
2021-29-08 05:05:12 PM|root|INFO|user_id 25523702|order_id 4825685203|saved 2021-08-29 17:05:12.|sent 2021-08-29T18:04:08|received 2021-08-29T22:04:
2021-29-08 05:10:13 PM|root|INFO|user_id 25523702|order_id 4825690796|saved 2021-08-29 17:10:13.|sent 2021-08-29T18:08:43|received 2021-08-29T22:09:53
2021-29-08 05:15:06 PM|root|INFO|user_id 160190870|order_id 4825702598|saved 2021-08-29 17:15:06.|sent 2021-08-29T18:14:14|received 2021-08-29T22:14:23
2021-29-08 05:15:11 PM|root|INFO|user_id 25523702|order_id 4825698035|saved 2021-08-29 17:15:11.|sent 2021-08-29T18:10:36|received 2021-08-29T22:13:05
2021-29-08 05:20:12 PM|root|INFO|user_id 25523702|order_id 4825709608|saved 2021-08-29 17:20:12.|sent 2021-08-29T18:16:45|received 2021-08-29T22:18:45
2021-29-08 05:20:12 PM|root|INFO|user_id 25523702|order_id 4825707943|saved 2021-08-29 17:20:12.|sent 2021-08-29T18:18:15|received 2021-08-29T22:19:3
2021-29-08 05:25:06 PM|root|INFO|user_id 160190870|order_id 4825724031|saved 2021-08-29 17:25:06.|sent 2021-08-29T18:20:10|received 2021-08-29T22:22:1
2021-29-08 05:25:07 PM|root|INFO|user_id 160190870|order_id 4825729019|saved 2021-08-29 17:25:07.|sent 2021-08-29T18:22:43|received 2021-08-29T22:24:4
2021-29-08 05:25:07 PM|root|INFO|user_id 160190870|order_id 4825727460|saved 2021-08-29 17:25:07.|sent 2021-08-29T18:23:14|received 2021-08-29T22:24:59
2021-29-08 05:30:07 PM|root|INFO|user_id 160190870|order_id 4825741161|saved 2021-08-29 17:30:07.|sent 2021-08-29T18:28:11|received 2021-08-29T22:29:38
2021-29-08 05:30:07 PM|root|INFO|user_id 160190870|order_id 4825743382|saved 2021-08-29 17:30:07.|sent 2021-08-29T18:29:53|received 2021-08-29T22:29:5
2021-29-08 05:30:12 PM|root|INFO|user_id 25523702|order_id 4825730808|saved 2021-08-29 17:30:12.|sent 2021-08-29T18:25:25|received 2021-08-29T22:27:35
2021-29-08 05:30:12 PM|root|INFO|user_id 25523702|order_id 4825734311|saved 2021-08-29 17:30:12.|sent 2021-08-29T18:25:37|received 2021-08-29T22:27:28
2021-29-08 05:30:12 PM|root|INFO|user_id 25523702|order_id 4825742016|saved 2021-08-29 17:30:12.|sent 2021-08-29T18:28:17|received 2021-08-29T22:29:45
2021-29-08 05:35:07 PM|root|INFO|user_id 160190870|order_id 4825747513|saved 2021-08-29 17:35:07.|sent 2021-08-29T18:32:41|received 2021-08-29T22:34:53
2021-29-08 05:35:07 PM|root|INFO|user_id 160190870|order_id 4825750107|saved 2021-08-29 17:35:07.|sent 2021-08-29T18:32:41|received 2021-08-29T22:34:53
2021-29-08 05:35:07 PM|root|INFO|user_id 160190870|order_id 4825747357|saved 2021-08-29 17:35:07.|sent 2021-08-29T18:32:01|received 2021-08-29T22:34:49
2021-29-08 05:35:12 PM|root|INFO|user_id 25523702|order_id 4825747465|saved 2021-08-29 17:35:12.|sent 2021-08-29T18:32:30|received 2021-08-29T22:33:37
2021-29-08 05:40:12 PM|root|INFO|user_id 25523702|order_id 4825760109|saved 2021-08-29 17:40:12.|sent 2021-08-29T18:37:03|received 2021-08-29T22:38:59
2021-29-08 05:40:12 PM|root|INFO|user_id 25523702|order_id 4825761065|saved 2021-08-29 17:40:12.|sent 2021-08-29T18:37:13|received 2021-08-29T22:39:20
2021-29-08 05:45:06 PM|root|INFO|user_id 160190870|order_id 4825773200|saved 2021-08-29 17:45:06.|sent 2021-08-29T18:43:39|received 2021-08-29T22:44:47
2021-29-08 05:45:11 PM|root|INFO|user_id 25523702|order_id 4825768815|saved 2021-08-29 17:45:11.|sent 2021-08-29T18:44:06|received 2021-08-29T22:44:15
2021-29-08 05:45:11 PM|root|INFO|user_id 25523702|order_id 4825771670|saved 2021-08-29 17:45:11.|sent 2021-08-29T18:43:21|received 2021-08-29T22:44:54
2021-29-08 05:50:08 PM|root|INFO|user_id 160190870|order_id 4825779184|saved 2021-08-29 17:50:08.|sent 2021-08-29T18:45:38|received 2021-08-29T22:47:28
2021-29-08 05:50:13 PM|root|INFO|user_id 25523702|order_id 4825773992|saved 2021-08-29 17:50:13.|sent 2021-08-29T18:46:50|received 2021-08-29T22:48:46
2021-29-08 05:50:13 PM|root|INFO|user_id 25523702|order_id 4825778812|saved 2021-08-29 17:50:13.|sent 2021-08-29T18:48:00|received 2021-08-29T22:49:0
2021-29-08 05:50:14 PM|root|INFO|user_id 25523702|order_id 4825782394|saved 2021-08-29 17:50:14.|sent 2021-08-29T18:47:48|received 2021-08-29T22:49:33
2021-29-08 05:50:14 PM|root|INFO|user_id 25523702|order_id 4825787205|saved 2021-08-29 17:50:14.|sent 2021-08-29T18:49:51|received 2021-08-29T22:50:01
2021-29-08 05:55:06 PM|root|INFO|user_id 160190870|order_id 4825782961|saved 2021-08-29 17:55:06.|sent 2021-08-29T18:49:14|received 2021-08-29T22:53:21
2021-29-08 05:55:07 PM|root|INFO|user_id 160190870|order_id 4825794864|saved 2021-08-29 17:55:07.|sent 2021-08-29T18:54:38|received 2021-08-29T22:54:45
2021-29-08 05:55:12 PM|root|INFO|user_id 25523702|order_id 4825792011|saved 2021-08-29 17:55:12.|sent 2021-08-29T18:52:04|received 2021-08-29T22:54:5
2021-29-08 06:00:12 PM|root|INFO|user_id 160190870|order_id 4825797051|saved 2021-08-29 18:00:12.|sent 2021-08-29T18:53:33|received 2021-08-29T22:57:21
2021-29-08 06:00:12 PM|root|INFO|user_id 160190870|order_id 4825798254|saved 2021-08-29 18:00:12.|sent 2021-08-29T18:55:43|received 2021-08-29T22:57:57
2021-29-08 06:00:12 PM|root|INFO|user_id 160190870|order_id 4825797997|saved 2021-08-29 18:00:12.|sent 2021-08-29T18:56:10|received 2021-08-29T22:58:28
2021-29-08 06:00:12 PM|root|INFO|user_id 160190870|order_id 4825801956|saved 2021-08-29 18:00:12.|sent 2021-08-29T18:57:33|received 2021-08-29T22:59:21
2021-29-08 06:00:12 PM|root|INFO|user_id 160190870|order_id 4825809002|saved 2021-08-29 18:00:12.|sent 2021-08-29T18:58:53|received 2021-08-29T23:00:01
2021-29-08 06:05:06 PM|root|INFO|user_id 160190870|order_id 4825808308|saved 2021-08-29 18:05:06.|sent 2021-08-29T18:59:59|received 2021-08-29T23:02:54
2021-29-08 06:05:07 PM|root|INFO|user_id 160190870|order_id 4825812169|saved 2021-08-29 18:05:07.|sent 2021-08-29T19:00:57|received 2021-08-29T23:02:49
2021-29-08 06:05:07 PM|root|INFO|user_id 160190870|order_id 4825810508|saved 2021-08-29 18:05:07.|sent 2021-08-29T19:01:43|received 2021-08-29T23:04:08
2021-29-08 06:05:12 PM|root|INFO|user_id 25523702|order_id 4825807978|saved 2021-08-29 18:05:12.|sent 2021-08-29T19:00:28|received 2021-08-29T23:02:0
2021-29-08 06:10:12 PM|root|INFO|user_id 25523702|order_id 4825824275|saved 2021-08-29 18:10:12.|sent 2021-08-29T19:06:30|received 2021-08-29T23:08:34
2021-29-08 06:10:13 PM|root|INFO|user_id 25523702|order_id 4825822690|saved 2021-08-29 18:10:13.|sent 2021-08-29T19:07:25|received 2021-08-29T23:10:03
2021-29-08 06:10:13 PM|root|INFO|user_id 25523702|order_id 4825826687|saved 2021-08-29 18:10:13.|sent 2021-08-29T19:09:16|received 2021-08-29T23:09:23
2021-29-08 06:15:06 PM|root|INFO|user_id 160190870|order_id 4825826975|saved 2021-08-29 18:15:06.|sent 2021-08-29T19:10:56|received 2021-08-29T23:12:53
2021-29-08 06:15:06 PM|root|INFO|user_id 160190870|order_id 4825242659|saved 2021-08-29 18:15:06.|sent 2021-08-29T14:14:05|received 2021-08-29T23:13:50
2021-29-08 06:15:06 PM|root|INFO|user_id 160190870|order_id 4825834290|saved 2021-08-29 18:15:06.|sent 2021-08-29T19:11:47|received 2021-08-29T23:13:54
2021-29-08 06:15:06 PM|root|INFO|user_id 160190870|order_id 4825836261|saved 2021-08-29 18:15:06.|sent 2021-08-29T19:12:00|received 2021-08-29T23:14:10
2021-29-08 06:15:07 PM|root|INFO|user_id 160190870|order_id 4825839576|saved 2021-08-29 18:15:07.|sent 2021-08-29T19:14:48|received 2021-08-29T23:14:51
2021-29-08 06:20:07 PM|root|INFO|user_id 160190870|order_id 4825843571|saved 2021-08-29 18:20:07.|sent 2021-08-29T19:16:21|received 2021-08-29T23:18:17
2021-29-08 06:20:07 PM|root|INFO|user_id 160190870|order_id 4825843827|saved 2021-08-29 18:20:07.|sent 2021-08-29T19:17:20|received 2021-08-29T23:19:48
2021-29-08 06:20:07 PM|root|INFO|user_id 160190870|order_id 4825851347|saved 2021-08-29 18:20:07.|sent 2021-08-29T19:18:31|received 2021-08-29T23:19:57
2021-29-08 06:20:07 PM|root|INFO|user_id 160190870|order_id 4825847430|saved 2021-08-29 18:20:07.|sent 2021-08-29T19:18:02|received 2021-08-29T23:19:54
2021-29-08 06:20:12 PM|root|INFO|user_id 25523702|order_id 4825849017|saved 2021-08-29 18:20:12.|sent 2021-08-29T19:16:46|received 2021-08-29T23:18:42
2021-29-08 06:20:12 PM|root|INFO|user_id 25523702|order_id 4825849178|saved 2021-08-29 18:20:12.|sent 2021-08-29T19:17:12|received 2021-08-29T23:19:27
2021-29-08 06:25:06 PM|root|INFO|user_id 160190870|order_id 4825857084|saved 2021-08-29 18:25:06.|sent 2021-08-29T19:20:25|received 2021-08-29T23:22:39
2021-29-08 06:25:06 PM|root|INFO|user_id 160190870|order_id 4825856178|saved 2021-08-29 18:25:06.|sent 2021-08-29T19:20:58|received 2021-08-29T23:23:08
2021-29-08 06:25:07 PM|root|INFO|user_id 160190870|order_id 4825862430|saved 2021-08-29 18:25:07.|sent 2021-08-29T19:23:35|received 2021-08-29T23:23:51
2021-29-08 06:25:07 PM|root|INFO|user_id 160190870|order_id 4825863617|saved 2021-08-29 18:25:07.|sent 2021-08-29T19:24:39|received 2021-08-29T23:24:54
2021-29-08 06:25:12 PM|root|INFO|user_id 25523702|order_id 4825853356|saved 2021-08-29 18:25:12.|sent 2021-08-29T19:20:08|received 2021-08-29T23:22:0
2021-29-08 06:25:12 PM|root|INFO|user_id 25523702|order_id 4825860005|saved 2021-08-29 18:25:12.|sent 2021-08-29T19:21:53|received 2021-08-29T23:23:38
2021-29-08 06:25:12 PM|root|INFO|user_id 25523702|order_id 4825861821|saved 2021-08-29 18:25:12.|sent 2021-08-29T19:24:26|received 2021-08-29T23:24:56
2021-29-08 06:30:08 PM|root|INFO|user_id 25523702|order_id 4825801001|saved 2021-08-29 18:30:08.|sent 2021-08-29T18:54:59|received 2021-08-29T23:28:47
2021-29-08 06:35:08 PM|root|INFO|user_id 160190870|order_id 4825868587|saved 2021-08-29 18:35:08.|sent 2021-08-29T19:26:37|received 2021-08-29T23:31:51
2021-29-08 06:35:09 PM|root|INFO|user_id 160190870|order_id 4825875287|saved 2021-08-29 18:35:09.|sent 2021-08-29T19:29:37|received 2021-08-29T23:31:31
2021-29-08 06:35:16 PM|root|INFO|user_id 25523702|order_id 4825879170|saved 2021-08-29 18:35:16.|sent 2021-08-29T19:30:38|received 2021-08-29T23:33:0
2021-29-08 06:40:12 PM|root|INFO|user_id 25523702|order_id 4825751156|saved 2021-08-29 18:40:12.|sent 2021-08-29T18:33:29|received 2021-08-29T23:39:22
2021-29-08 06:40:13 PM|root|INFO|user_id 25523702|order_id 4825892163|saved 2021-08-29 18:40:13.|sent 2021-08-29T19:36:55|received 2021-08-29T23:39:07
2021-29-08 06:40:13 PM|root|INFO|user_id 25523702|order_id 4825891619|saved 2021-08-29 18:40:13.|sent 2021-08-29T19:37:36|received 2021-08-29T23:40:04
2021-29-08 06:40:13 PM|root|INFO|user_id 25523702|order_id 4825897269|saved 2021-08-29 18:40:13.|sent 2021-08-29T19:39:01|received 2021-08-29T23:39:17
2021-29-08 06:45:07 PM|root|INFO|user_id 160190870|order_id 4825901271|saved 2021-08-29 18:45:07.|sent 2021-08-29T19:41:15|received 2021-08-29T23:43:24
2021-29-08 06:50:07 PM|root|INFO|user_id 160190870|order_id 4825914400|saved 2021-08-29 18:50:07.|sent 2021-08-29T19:47:04|received 2021-08-29T23:49:06
2021-29-08 06:50:07 PM|root|INFO|user_id 160190870|order_id 4825918293|saved 2021-08-29 18:50:07.|sent 2021-08-29T19:48:34|received 2021-08-29T23:50:00
2021-29-08 06:50:15 PM|root|INFO|user_id 25523702|order_id 4825914833|saved 2021-08-29 18:50:15.|sent 2021-08-29T19:48:12|received 2021-08-29T23:50:05
2021-29-08 06:50:15 PM|root|INFO|user_id 25523702|order_id 4825857815|saved 2021-08-29 18:50:15.|sent 2021-08-29T19:22:26|received 2021-08-29T23:49:49
2021-29-08 06:55:12 PM|root|INFO|user_id 25523702|order_id 4825929650|saved 2021-08-29 18:55:12.|sent 2021-08-29T19:53:19|received 2021-08-29T23:54:59
2021-29-08 07:05:02 PM|root|INFO|user_id 25523702|order_id 4825955111|saved 2021-08-29 19:05:02.|sent 2021-08-29T20:03:26|received 2021-08-30T00:04:58
2021-29-08 07:05:02 PM|root|INFO|user_id 25523702|order_id 4825950571|saved 2021-08-29 19:05:02.|sent 2021-08-29T20:03:22|received 2021-08-30T00:04:47
2021-29-08 07:10:02 PM|root|INFO|user_id 160190870|order_id 4825961566|saved 2021-08-29 19:10:02.|sent 2021-08-29T20:07:15|received 2021-08-30T00:09:36
2021-29-08 07:10:02 PM|root|INFO|user_id 25523702|order_id 4825963371|saved 2021-08-29 19:10:02.|sent 2021-08-29T20:07:58|received 2021-08-30T00:09:44
2021-29-08 07:15:06 PM|root|INFO|user_id 25523702|order_id 4825975820|saved 2021-08-29 19:15:06.|sent 2021-08-29T20:14:13|received 2021-08-30T00:14:22
2021-29-08 07:25:02 PM|root|INFO|user_id 160190870|order_id 4825993691|saved 2021-08-29 19:25:02.|sent 2021-08-29T20:21:43|received 2021-08-30T00:23:41
2021-29-08 07:25:02 PM|root|INFO|user_id 25523702|order_id 4825998200|saved 2021-08-29 19:25:02.|sent 2021-08-29T20:22:10|received 2021-08-30T00:24:10
2021-29-08 07:30:04 PM|root|INFO|user_id 25523702|order_id 4826005534|saved 2021-08-29 19:30:04.|sent 2021-08-29T20:26:44|received 2021-08-30T00:28:57
2021-29-08 07:30:04 PM|root|INFO|user_id 25523702|order_id 4826011543|saved 2021-08-29 19:30:04.|sent 2021-08-29T20:29:18|received 2021-08-30T00:29:40
2021-29-08 07:35:02 PM|root|INFO|user_id 160190870|order_id 4826010821|saved 2021-08-29 19:35:02.|sent 2021-08-29T20:30:10|received 2021-08-30T00:32:34
2021-29-08 07:35:02 PM|root|INFO|user_id 160190870|order_id 4826010823|saved 2021-08-29 19:35:02.|sent 2021-08-29T20:30:11|received 2021-08-30T00:33:07
2021-29-08 07:35:02 PM|root|INFO|user_id 160190870|order_id 4826016830|saved 2021-08-29 19:35:02.|sent 2021-08-29T20:31:29|received 2021-08-30T00:33:33
2021-29-08 07:35:03 PM|root|INFO|user_id 25523702|order_id 4826016938|saved 2021-08-29 19:35:03.|sent 2021-08-29T20:31:44|received 2021-08-30T00:34:29
2021-29-08 07:40:03 PM|root|INFO|user_id 25523702|order_id 4826033129|saved 2021-08-29 19:40:03.|sent 2021-08-29T20:36:27|received 2021-08-30T00:38:2
2021-29-08 07:40:04 PM|root|INFO|user_id 25523702|order_id 4826028821|saved 2021-08-29 19:40:04.|sent 2021-08-29T20:36:36|received 2021-08-30T00:38:24
2021-29-08 07:40:04 PM|root|INFO|user_id 25523702|order_id 4826034021|saved 2021-08-29 19:40:04.|sent 2021-08-29T20:37:08|received 2021-08-30T00:39:17
2021-29-08 07:40:04 PM|root|INFO|user_id 25523702|order_id 4826029773|saved 2021-08-29 19:40:04.|sent 2021-08-29T20:38:37|received 2021-08-30T00:39:54
2021-29-08 07:40:04 PM|root|INFO|user_id 25523702|order_id 4826030872|saved 2021-08-29 19:40:04.|sent 2021-08-29T20:38:07|received 2021-08-30T00:39:37
2021-29-08 07:45:02 PM|root|INFO|user_id 160190870|order_id 4826036925|saved 2021-08-29 19:45:02.|sent 2021-08-29T20:40:52|received 2021-08-30T00:43:17
2021-29-08 07:45:02 PM|root|INFO|user_id 160190870|order_id 4826045711|saved 2021-08-29 19:45:02.|sent 2021-08-29T20:43:23|received 2021-08-30T00:44:40
2021-29-08 07:45:02 PM|root|INFO|user_id 160190870|order_id 4826047266|saved 2021-08-29 19:45:02.|sent 2021-08-29T20:44:06|received 2021-08-30T00:44:19
2021-29-08 07:45:05 PM|root|INFO|user_id 25523702|order_id 4826039741|saved 2021-08-29 19:45:05.|sent 2021-08-29T20:41:54|received 2021-08-30T00:43:04
2021-29-08 07:50:03 PM|root|INFO|user_id 160190870|order_id 4826048631|saved 2021-08-29 19:50:03.|sent 2021-08-29T20:45:39|received 2021-08-30T00:47:24
2021-29-08 07:50:03 PM|root|INFO|user_id 160190870|order_id 4826058227|saved 2021-08-29 19:50:03.|sent 2021-08-29T20:47:42|received 2021-08-30T00:49:47
2021-29-08 07:55:03 PM|root|INFO|user_id 160190870|order_id 4826065017|saved 2021-08-29 19:55:03.|sent 2021-08-29T20:50:38|received 2021-08-30T00:52:48
2021-29-08 07:55:03 PM|root|INFO|user_id 160190870|order_id 4826060787|saved 2021-08-29 19:55:03.|sent 2021-08-29T20:50:57|received 2021-08-30T00:52:56
2021-29-08 07:55:03 PM|root|INFO|user_id 160190870|order_id 4826070089|saved 2021-08-29 19:55:03.|sent 2021-08-29T20:52:59|received 2021-08-30T00:54:51
2021-29-08 07:55:03 PM|root|INFO|user_id 160190870|order_id 4826069606|saved 2021-08-29 19:55:03.|sent 2021-08-29T20:53:45|received 2021-08-30T00:53:58
2021-29-08 07:55:03 PM|root|INFO|user_id 160190870|order_id 4826064927|saved 2021-08-29 19:55:03.|sent 2021-08-29T20:54:20|received 2021-08-30T00:54:35
2021-29-08 07:55:05 PM|root|INFO|user_id 25523702|order_id 4826062679|saved 2021-08-29 19:55:05.|sent 2021-08-29T20:51:02|received 2021-08-30T00:53:59
2021-29-08 07:55:05 PM|root|INFO|user_id 25523702|order_id 4826062991|saved 2021-08-29 19:55:05.|sent 2021-08-29T20:51:53|received 2021-08-30T00:53:56
2021-29-08 07:55:05 PM|root|INFO|user_id 25523702|order_id 4826067314|saved 2021-08-29 19:55:05.|sent 2021-08-29T20:52:22|received 2021-08-30T00:54:29
2021-29-08 07:55:05 PM|root|INFO|user_id 25523702|order_id 4826068529|saved 2021-08-29 19:55:05.|sent 2021-08-29T20:53:17|received 2021-08-30T00:54:55
2021-29-08 07:55:05 PM|root|INFO|user_id 25523702|order_id 4826071048|saved 2021-08-29 19:55:05.|sent 2021-08-29T20:53:33|received 2021-08-30T00:54:5
2021-29-08 07:55:05 PM|root|INFO|user_id 25523702|order_id 4826069541|saved 2021-08-29 19:55:05.|sent 2021-08-29T20:53:36|received 2021-08-30T00:55:01
2021-29-08 08:00:08 PM|root|INFO|user_id 25523702|order_id 4826018405|saved 2021-08-29 20:00:08.|sent 2021-08-29T20:31:50|received 2021-08-30T00:59:59
2021-29-08 08:00:08 PM|root|INFO|user_id 25523702|order_id 4826080174|saved 2021-08-29 20:00:08.|sent 2021-08-29T20:57:41|received 2021-08-30T00:59:20
2021-29-08 08:00:08 PM|root|INFO|user_id 25523702|order_id 4826078863|saved 2021-08-29 20:00:08.|sent 2021-08-29T20:59:17|received 2021-08-30T00:59:28
2021-29-08 08:05:03 PM|root|INFO|user_id 160190870|order_id 4826076649|saved 2021-08-29 20:05:03.|sent 2021-08-29T20:56:37|received 2021-08-30T00:58:53
2021-29-08 08:05:06 PM|root|INFO|user_id 25523702|order_id 4826081881|saved 2021-08-29 20:05:06.|sent 2021-08-29T20:59:58|received 2021-08-30T01:03:54
2021-29-08 08:05:06 PM|root|INFO|user_id 25523702|order_id 4826091761|saved 2021-08-29 20:05:06.|sent 2021-08-29T21:04:21|received 2021-08-30T01:04:32
2021-29-08 08:10:04 PM|root|INFO|user_id 160190870|order_id 4826102807|saved 2021-08-29 20:10:04.|sent 2021-08-29T21:09:15|received 2021-08-30T01:09:37
2021-29-08 08:10:07 PM|root|INFO|user_id 25523702|order_id 4826092769|saved 2021-08-29 20:10:07.|sent 2021-08-29T21:04:54|received 2021-08-30T01:08:1
2021-29-08 08:10:07 PM|root|INFO|user_id 25523702|order_id 4826102650|saved 2021-08-29 20:10:07.|sent 2021-08-29T21:08:47|received 2021-08-30T01:10:03
2021-29-08 08:15:03 PM|root|INFO|user_id 160190870|order_id 4826118389|saved 2021-08-29 20:15:03.|sent 2021-08-29T21:14:37|received 2021-08-30T01:14:54
2021-29-08 08:20:03 PM|root|INFO|user_id 160190870|order_id 4826120621|saved 2021-08-29 20:20:03.|sent 2021-08-29T21:17:27|received 2021-08-30T01:19:40
2021-29-08 08:20:06 PM|root|INFO|user_id 25523702|order_id 4826117904|saved 2021-08-29 20:20:06.|sent 2021-08-29T21:15:33|received 2021-08-30T01:17:52
2021-29-08 08:20:06 PM|root|INFO|user_id 25523702|order_id 4826119865|saved 2021-08-29 20:20:06.|sent 2021-08-29T21:16:18|received 2021-08-30T01:18:41
2021-29-08 08:20:06 PM|root|INFO|user_id 25523702|order_id 4826115913|saved 2021-08-29 20:20:06.|sent 2021-08-29T21:16:11|received 2021-08-30T01:19:15
2021-29-08 08:25:05 PM|root|INFO|user_id 160190870|order_id 4826142091|saved 2021-08-29 20:25:05.|sent 2021-08-29T21:24:38|received 2021-08-30T01:24:45
2021-29-08 08:25:08 PM|root|INFO|user_id 25523702|order_id 4826136623|saved 2021-08-29 20:25:08.|sent 2021-08-29T21:23:53|received 2021-08-30T01:25:03
2021-29-08 08:25:08 PM|root|INFO|user_id 25523702|order_id 4826136723|saved 2021-08-29 20:25:08.|sent 2021-08-29T21:24:08|received 2021-08-30T01:24:23
2021-29-08 08:30:05 PM|root|INFO|user_id 160190870|order_id 4826145047|saved 2021-08-29 20:30:05.|sent 2021-08-29T21:26:50|received 2021-08-30T01:28:42
2021-29-08 08:30:05 PM|root|INFO|user_id 160190870|order_id 4826143918|saved 2021-08-29 20:30:05.|sent 2021-08-29T21:27:35|received 2021-08-30T01:29:40
2021-29-08 08:30:08 PM|root|INFO|user_id 25523702|order_id 4826080572|saved 2021-08-29 20:30:08.|sent 2021-08-29T20:58:41|received 2021-08-30T01:29:39
2021-29-08 08:35:05 PM|root|INFO|user_id 160190870|order_id 4826154812|saved 2021-08-29 20:35:05.|sent 2021-08-29T21:32:54|received 2021-08-30T01:34:41
2021-29-08 08:35:05 PM|root|INFO|user_id 160190870|order_id 4826157563|saved 2021-08-29 20:35:05.|sent 2021-08-29T21:34:12|received 2021-08-30T01:34:20
2021-29-08 08:35:05 PM|root|INFO|user_id 160190870|order_id 4826158408|saved 2021-08-29 20:35:05.|sent 2021-08-29T21:33:43|received 2021-08-30T01:34:29
2021-29-08 08:35:08 PM|root|INFO|user_id 25523702|order_id 4826159429|saved 2021-08-29 20:35:08.|sent 2021-08-29T21:33:53|received 2021-08-30T01:34:08
2021-29-08 08:40:08 PM|root|INFO|user_id 25523702|order_id 4826169755|saved 2021-08-29 20:40:08.|sent 2021-08-29T21:39:02|received 2021-08-30T01:39:34
2021-29-08 08:45:05 PM|root|INFO|user_id 160190870|order_id 4826181614|saved 2021-08-29 20:45:05.|sent 2021-08-29T21:44:48|received 2021-08-30T01:44:52
2021-29-08 08:45:09 PM|root|INFO|user_id 25523702|order_id 4826173259|saved 2021-08-29 20:45:09.|sent 2021-08-29T21:40:17|received 2021-08-30T01:42:28
2021-29-08 08:50:05 PM|root|INFO|user_id 160190870|order_id 4826192072|saved 2021-08-29 20:50:05.|sent 2021-08-29T21:48:21|received 2021-08-30T01:50:01
2021-29-08 08:55:05 PM|root|INFO|user_id 160190870|order_id 4826195684|saved 2021-08-29 20:55:05.|sent 2021-08-29T21:53:06|received 2021-08-30T01:54:52
2021-29-08 09:00:09 PM|root|INFO|user_id 160190870|order_id 4826207067|saved 2021-08-29 21:00:09.|sent 2021-08-29T21:55:46|received 2021-08-30T01:57:21
2021-29-08 09:00:12 PM|root|INFO|user_id 25523702|order_id 4826210424|saved 2021-08-29 21:00:12.|sent 2021-08-29T21:59:07|received 2021-08-30T01:59:30
2021-29-08 09:05:05 PM|root|INFO|user_id 160190870|order_id 4826210995|saved 2021-08-29 21:05:05.|sent 2021-08-29T22:01:10|received 2021-08-30T02:04:21
2021-29-08 09:05:05 PM|root|INFO|user_id 160190870|order_id 4826215572|saved 2021-08-29 21:05:05.|sent 2021-08-29T22:03:37|received 2021-08-30T02:04:54
2021-29-08 09:05:10 PM|root|INFO|user_id 25523702|order_id 4826218326|saved 2021-08-29 21:05:10.|sent 2021-08-29T22:02:28|received 2021-08-30T02:04:30
2021-29-08 09:05:10 PM|root|INFO|user_id 25523702|order_id 4826219769|saved 2021-08-29 21:05:10.|sent 2021-08-29T22:04:08|received 2021-08-30T02:04:46
2021-29-08 09:05:10 PM|root|INFO|user_id 25523702|order_id 4826222244|saved 2021-08-29 21:05:10.|sent 2021-08-29T22:05:01|received 2021-08-30T02:05:04
2021-29-08 09:10:05 PM|root|INFO|user_id 160190870|order_id 4826215799|saved 2021-08-29 21:10:05.|sent 2021-08-29T22:04:18|received 2021-08-30T02:07:08
2021-29-08 09:10:10 PM|root|INFO|user_id 25523702|order_id 4826225172|saved 2021-08-29 21:10:10.|sent 2021-08-29T22:05:26|received 2021-08-30T02:07:15
2021-29-08 09:10:10 PM|root|INFO|user_id 25523702|order_id 4826223392|saved 2021-08-29 21:10:10.|sent 2021-08-29T22:05:44|received 2021-08-30T02:07:43
2021-29-08 09:10:10 PM|root|INFO|user_id 25523702|order_id 4826225643|saved 2021-08-29 21:10:10.|sent 2021-08-29T22:07:00|received 2021-08-30T02:08:42
2021-29-08 09:10:10 PM|root|INFO|user_id 25523702|order_id 4826230479|saved 2021-08-29 21:10:10.|sent 2021-08-29T22:09:34|received 2021-08-30T02:10:02
2021-29-08 09:15:05 PM|root|INFO|user_id 160190870|order_id 4826227871|saved 2021-08-29 21:15:05.|sent 2021-08-29T22:11:06|received 2021-08-30T02:13:12
2021-29-08 09:15:05 PM|root|INFO|user_id 160190870|order_id 4826240135|saved 2021-08-29 21:15:05.|sent 2021-08-29T22:14:05|received 2021-08-30T02:14:14
2021-29-08 09:15:09 PM|root|INFO|user_id 25523702|order_id 4826234042|saved 2021-08-29 21:15:09.|sent 2021-08-29T22:11:03|received 2021-08-30T02:12:49
2021-29-08 09:15:09 PM|root|INFO|user_id 25523702|order_id 4826238226|saved 2021-08-29 21:15:09.|sent 2021-08-29T22:12:29|received 2021-08-30T02:14:04
2021-29-08 09:25:05 PM|root|INFO|user_id 160190870|order_id 4826250582|saved 2021-08-29 21:25:05.|sent 2021-08-29T22:20:23|received 2021-08-30T02:22:18
2021-29-08 09:30:10 PM|root|INFO|user_id 25523702|order_id 4826262063|saved 2021-08-29 21:30:10.|sent 2021-08-29T22:25:38|received 2021-08-30T02:29:24
2021-29-08 09:35:05 PM|root|INFO|user_id 160190870|order_id 4826274263|saved 2021-08-29 21:35:05.|sent 2021-08-29T22:32:51|received 2021-08-30T02:34:35
2021-29-08 09:35:05 PM|root|INFO|user_id 160190870|order_id 4826278027|saved 2021-08-29 21:35:05.|sent 2021-08-29T22:34:33|received 2021-08-30T02:34:58
2021-29-08 09:35:10 PM|root|INFO|user_id 25523702|order_id 4826274577|saved 2021-08-29 21:35:10.|sent 2021-08-29T22:34:07|received 2021-08-30T02:34:20
2021-29-08 09:40:05 PM|root|INFO|user_id 160190870|order_id 4826278938|saved 2021-08-29 21:40:05.|sent 2021-08-29T22:38:50|received 2021-08-30T02:39:3
2021-29-08 09:40:10 PM|root|INFO|user_id 25523702|order_id 4826283783|saved 2021-08-29 21:40:10.|sent 2021-08-29T22:39:32|received 2021-08-30T02:39:50
2021-29-08 09:40:11 PM|root|INFO|user_id 25523702|order_id 4826282992|saved 2021-08-29 21:40:11.|sent 2021-08-29T22:39:58|received 2021-08-30T02:40:00
2021-29-08 09:45:05 PM|root|INFO|user_id 160190870|order_id 4826283631|saved 2021-08-29 21:45:05.|sent 2021-08-29T22:38:58|received 2021-08-30T02:42:09
2021-29-08 09:45:05 PM|root|INFO|user_id 160190870|order_id 4826290489|saved 2021-08-29 21:45:05.|sent 2021-08-29T22:42:49|received 2021-08-30T02:44:47
2021-29-08 09:45:05 PM|root|INFO|user_id 160190870|order_id 4826279570|saved 2021-08-29 21:45:05.|sent 2021-08-29T22:37:45|received 2021-08-30T02:43:42
2021-29-08 09:45:05 PM|root|INFO|user_id 160190870|order_id 4826292353|saved 2021-08-29 21:45:05.|sent 2021-08-29T22:44:42|received 2021-08-30T02:44:56
2021-29-08 09:45:10 PM|root|INFO|user_id 25523702|order_id 4826289880|saved 2021-08-29 21:45:10.|sent 2021-08-29T22:43:42|received 2021-08-30T02:43:59
2021-29-08 09:50:06 PM|root|INFO|user_id 160190870|order_id 4826291587|saved 2021-08-29 21:50:06.|sent 2021-08-29T22:45:28|received 2021-08-30T02:47:47
2021-29-08 09:50:11 PM|root|INFO|user_id 25523702|order_id 4826291914|saved 2021-08-29 21:50:11.|sent 2021-08-29T22:47:08|received 2021-08-30T02:48:59
2021-29-08 09:50:11 PM|root|INFO|user_id 25523702|order_id 4826299138|saved 2021-08-29 21:50:11.|sent 2021-08-29T22:47:49|received 2021-08-30T02:49:47
2021-29-08 09:50:11 PM|root|INFO|user_id 25523702|order_id 4826297718|saved 2021-08-29 21:50:11.|sent 2021-08-29T22:48:43|received 2021-08-30T02:49:53
2021-29-08 09:50:11 PM|root|INFO|user_id 25523702|order_id 4826303099|saved 2021-08-29 21:50:11.|sent 2021-08-29T22:48:43|received 2021-08-30T02:49:53
2021-29-08 09:50:11 PM|root|INFO|user_id 25523702|order_id 4826301414|saved 2021-08-29 21:50:11.|sent 2021-08-29T22:49:21|received 2021-08-30T02:49:35
2021-29-08 09:55:06 PM|root|INFO|user_id 160190870|order_id 4826306198|saved 2021-08-29 21:55:06.|sent 2021-08-29T22:52:16|received 2021-08-30T02:54:12
2021-29-08 09:55:06 PM|root|INFO|user_id 160190870|order_id 4826305860|saved 2021-08-29 21:55:06.|sent 2021-08-29T22:54:42|received 2021-08-30T02:54:51
2021-29-08 09:55:11 PM|root|INFO|user_id 25523702|order_id 4826307029|saved 2021-08-29 21:55:11.|sent 2021-08-29T22:51:49|received 2021-08-30T02:53:47
2021-29-08 10:00:10 PM|root|INFO|user_id 160190870|order_id 4826308873|saved 2021-08-29 22:00:10.|sent 2021-08-29T22:56:13|received 2021-08-30T02:58:55
2021-29-08 10:00:15 PM|root|INFO|user_id 25523702|order_id 4826308653|saved 2021-08-29 22:00:15.|sent 2021-08-29T22:55:12|received 2021-08-30T02:56:37
2021-29-08 10:05:06 PM|root|INFO|user_id 160190870|order_id 4826325124|saved 2021-08-29 22:05:06.|sent 2021-08-29T23:04:25|received 2021-08-30T03:04:45
2021-29-08 10:05:11 PM|root|INFO|user_id 25523702|order_id 4826321076|saved 2021-08-29 22:05:11.|sent 2021-08-29T23:00:36|received 2021-08-30T03:03:25
2021-29-08 10:05:11 PM|root|INFO|user_id 25523702|order_id 4826319607|saved 2021-08-29 22:05:11.|sent 2021-08-29T23:02:45|received 2021-08-30T03:04:55
2021-29-08 10:10:06 PM|root|INFO|user_id 160190870|order_id 4826325328|saved 2021-08-29 22:10:06.|sent 2021-08-29T23:05:19|received 2021-08-30T03:07:15
2021-29-08 10:15:11 PM|root|INFO|user_id 25523702|order_id 4826332875|saved 2021-08-29 22:15:11.|sent 2021-08-29T23:12:25|received 2021-08-30T03:14:38
2021-29-08 10:15:11 PM|root|INFO|user_id 25523702|order_id 4826340001|saved 2021-08-29 22:15:11.|sent 2021-08-29T23:13:08|received 2021-08-30T03:15:03
2021-29-08 10:20:11 PM|root|INFO|user_id 25523702|order_id 4826342374|saved 2021-08-29 22:20:11.|sent 2021-08-29T23:16:21|received 2021-08-30T03:18:18
2021-29-08 10:25:06 PM|root|INFO|user_id 160190870|order_id 4826349590|saved 2021-08-29 22:25:06.|sent 2021-08-29T23:22:24|received 2021-08-30T03:24:03
2021-29-08 10:25:06 PM|root|INFO|user_id 160190870|order_id 4826344965|saved 2021-08-29 22:25:06.|sent 2021-08-29T23:22:52|received 2021-08-30T03:24:50
2021-29-08 10:35:06 PM|root|INFO|user_id 160190870|order_id 4826359191|saved 2021-08-29 22:35:06.|sent 2021-08-29T23:29:20|received 2021-08-30T03:33:42
2021-29-08 10:35:06 PM|root|INFO|user_id 160190870|order_id 4826363174|saved 2021-08-29 22:35:06.|sent 2021-08-29T23:30:51|received 2021-08-30T03:32:57
2021-29-08 10:40:07 PM|root|INFO|user_id 160190870|order_id 4826372111|saved 2021-08-29 22:40:07.|sent 2021-08-29T23:39:33|received 2021-08-30T03:39:50
2021-29-08 10:40:11 PM|root|INFO|user_id 25523702|order_id 4826370413|saved 2021-08-29 22:40:11.|sent 2021-08-29T23:37:34|received 2021-08-30T03:39:26
2021-29-08 10:40:12 PM|root|INFO|user_id 25523702|order_id 4826367895|saved 2021-08-29 22:40:12.|sent 2021-08-29T23:39:47|received 2021-08-30T03:39:57
2021-29-08 10:45:11 PM|root|INFO|user_id 25523702|order_id 4826374170|saved 2021-08-29 22:45:11.|sent 2021-08-29T23:40:57|received 2021-08-30T03:43:03
2021-29-08 10:50:07 PM|root|INFO|user_id 160190870|order_id 4826375920|saved 2021-08-29 22:50:07.|sent 2021-08-29T23:45:41|received 2021-08-30T03:48:0
2021-29-08 10:50:12 PM|root|INFO|user_id 25523702|order_id 4826342446|saved 2021-08-29 22:50:12.|sent 2021-08-29T23:16:43|received 2021-08-30T03:50:04
2021-29-08 10:50:12 PM|root|INFO|user_id 25523702|order_id 4826384308|saved 2021-08-29 22:50:12.|sent 2021-08-29T23:49:12|received 2021-08-30T03:49:22
2021-29-08 10:50:12 PM|root|INFO|user_id 25523702|order_id 4826382509|saved 2021-08-29 22:50:12.|sent 2021-08-29T23:49:11|received 2021-08-30T03:49:23
2021-29-08 10:55:06 PM|root|INFO|user_id 160190870|order_id 4826381672|saved 2021-08-29 22:55:06.|sent 2021-08-29T23:49:48|received 2021-08-30T03:54:21
2021-29-08 10:55:06 PM|root|INFO|user_id 160190870|order_id 4826387308|saved 2021-08-29 22:55:06.|sent 2021-08-29T23:52:50|received 2021-08-30T03:54:5
2021-29-08 10:55:11 PM|root|INFO|user_id 25523702|order_id 4826384770|saved 2021-08-29 22:55:11.|sent 2021-08-29T23:51:59|received 2021-08-30T03:54:00
2021-29-08 10:55:11 PM|root|INFO|user_id 25523702|order_id 4826389436|saved 2021-08-29 22:55:11.|sent 2021-08-29T23:54:55|received 2021-08-30T03:54:58
2021-29-08 11:00:10 PM|root|INFO|user_id 160190870|order_id 4826386588|saved 2021-08-29 23:00:10.|sent 2021-08-29T23:54:27|received 2021-08-30T03:58:36
2021-29-08 11:00:10 PM|root|INFO|user_id 160190870|order_id 4826386914|saved 2021-08-29 23:00:10.|sent 2021-08-29T23:56:35|received 2021-08-30T03:59:09
2021-29-08 11:00:10 PM|root|INFO|user_id 160190870|order_id 4826389722|saved 2021-08-29 23:00:10.|sent 2021-08-29T23:56:50|received 2021-08-30T03:59:17
2021-29-08 11:00:10 PM|root|INFO|user_id 160190870|order_id 4826393030|saved 2021-08-29 23:00:10.|sent 2021-08-29T23:57:23|received 2021-08-30T03:59:36
2021-29-08 11:00:11 PM|root|INFO|user_id 160190870|order_id 4826391458|saved 2021-08-29 23:00:11.|sent 2021-08-29T23:56:26|received 2021-08-30T03:59:57
2021-29-08 11:00:15 PM|root|INFO|user_id 25523702|order_id 4826391448|saved 2021-08-29 23:00:15.|sent 2021-08-29T23:56:24|received 2021-08-30T03:59:16
2021-29-08 11:00:15 PM|root|INFO|user_id 25523702|order_id 4826389934|saved 2021-08-29 23:00:15.|sent 2021-08-29T23:58:14|received 2021-08-30T04:00:0
2021-29-08 11:05:07 PM|root|INFO|user_id 160190870|order_id 4826394422|saved 2021-08-29 23:05:07.|sent 2021-08-30T00:00:01|received 2021-08-30T04:02:02
2021-29-08 11:10:07 PM|root|INFO|user_id 160190870|order_id 4826400188|saved 2021-08-29 23:10:07.|sent 2021-08-30T00:05:22|received 2021-08-30T04:08:32
2021-29-08 11:10:11 PM|root|INFO|user_id 25523702|order_id 4826397968|saved 2021-08-29 23:10:11.|sent 2021-08-30T00:05:33|received 2021-08-30T04:07:27
2021-29-08 11:10:11 PM|root|INFO|user_id 25523702|order_id 4826399542|saved 2021-08-29 23:10:11.|sent 2021-08-30T00:06:15|received 2021-08-30T04:09:00
2021-29-08 11:10:12 PM|root|INFO|user_id 25523702|order_id 4826399950|saved 2021-08-29 23:10:12.|sent 2021-08-30T00:09:27|received 2021-08-30T04:09:37
2021-29-08 11:10:12 PM|root|INFO|user_id 25523702|order_id 4826402548|saved 2021-08-29 23:10:12.|sent 2021-08-30T00:09:28|received 2021-08-30T04:09:52
2021-29-08 11:10:12 PM|root|INFO|user_id 25523702|order_id 4826399857|saved 2021-08-29 23:10:12.|sent 2021-08-30T00:08:47|received 2021-08-30T04:10:01
2021-29-08 11:15:07 PM|root|INFO|user_id 160190870|order_id 4826405236|saved 2021-08-29 23:15:07.|sent 2021-08-30T00:09:28|received 2021-08-30T04:11:48
2021-29-08 11:15:07 PM|root|INFO|user_id 160190870|order_id 4826402840|saved 2021-08-29 23:15:07.|sent 2021-08-30T00:11:33|received 2021-08-30T04:13:16
2021-29-08 11:15:07 PM|root|INFO|user_id 160190870|order_id 4826408222|saved 2021-08-29 23:15:07.|sent 2021-08-30T00:13:03|received 2021-08-30T04:14:50
2021-29-08 11:15:11 PM|root|INFO|user_id 25523702|order_id 4826401858|saved 2021-08-29 23:15:11.|sent 2021-08-30T00:10:07|received 2021-08-30T04:12:00
2021-29-08 11:15:11 PM|root|INFO|user_id 25523702|order_id 4826403656|saved 2021-08-29 23:15:11.|sent 2021-08-30T00:10:26|received 2021-08-30T04:12:2
2021-29-08 11:15:11 PM|root|INFO|user_id 25523702|order_id 4826400984|saved 2021-08-29 23:15:11.|sent 2021-08-30T00:11:10|received 2021-08-30T04:13:19
2021-29-08 11:15:11 PM|root|INFO|user_id 25523702|order_id 4826411128|saved 2021-08-29 23:15:11.|sent 2021-08-30T00:14:43|received 2021-08-30T04:14:5
2021-29-08 11:20:07 PM|root|INFO|user_id 160190870|order_id 4826407865|saved 2021-08-29 23:20:07.|sent 2021-08-30T00:17:48|received 2021-08-30T04:19:48
2021-29-08 11:20:11 PM|root|INFO|user_id 25523702|order_id 4826411557|saved 2021-08-29 23:20:11.|sent 2021-08-30T00:18:03|received 2021-08-30T04:19:51
2021-29-08 11:20:11 PM|root|INFO|user_id 25523702|order_id 4826407966|saved 2021-08-29 23:20:11.|sent 2021-08-30T00:18:32|received 2021-08-30T04:20:0
2021-29-08 11:30:07 PM|root|INFO|user_id 160190870|order_id 4826420211|saved 2021-08-29 23:30:07.|sent 2021-08-30T00:26:49|received 2021-08-30T04:29:02
2021-29-08 11:30:11 PM|root|INFO|user_id 25523702|order_id 4826419779|saved 2021-08-29 23:30:11.|sent 2021-08-30T00:28:03|received 2021-08-30T04:30:05
2021-29-08 11:35:07 PM|root|INFO|user_id 160190870|order_id 4826426040|saved 2021-08-29 23:35:07.|sent 2021-08-30T00:30:10|received 2021-08-30T04:32:03
2021-29-08 11:35:07 PM|root|INFO|user_id 160190870|order_id 4826422611|saved 2021-08-29 23:35:07.|sent 2021-08-30T00:32:47|received 2021-08-30T04:34:4
2021-29-08 11:40:06 PM|root|INFO|user_id 160190870|order_id 4826433010|saved 2021-08-29 23:40:06.|sent 2021-08-30T00:39:03|received 2021-08-30T04:39:12
2021-29-08 11:40:11 PM|root|INFO|user_id 25523702|order_id 4826427611|saved 2021-08-29 23:40:11.|sent 2021-08-30T00:38:19|received 2021-08-30T04:39:23
2021-29-08 11:45:11 PM|root|INFO|user_id 25523702|order_id 4826429427|saved 2021-08-29 23:45:11.|sent 2021-08-30T00:40:55|received 2021-08-30T04:43:08
2021-29-08 11:45:11 PM|root|INFO|user_id 25523702|order_id 4826421298|saved 2021-08-29 23:45:11.|sent 2021-08-30T00:30:05|received 2021-08-30T04:44:24
2021-29-08 11:50:06 PM|root|INFO|user_id 160190870|order_id 4826436091|saved 2021-08-29 23:50:06.|sent 2021-08-30T00:47:19|received 2021-08-30T04:49:09
2021-29-08 11:50:06 PM|root|INFO|user_id 160190870|order_id 4826435754|saved 2021-08-29 23:50:06.|sent 2021-08-30T00:49:16|received 2021-08-30T04:49:56
2021-29-08 11:50:11 PM|root|INFO|user_id 25523702|order_id 4826435758|saved 2021-08-29 23:50:11.|sent 2021-08-30T00:49:17|received 2021-08-30T04:49:29
2021-29-08 11:50:11 PM|root|INFO|user_id 25523702|order_id 4826440084|saved 2021-08-29 23:50:11.|sent 2021-08-30T00:49:59|received 2021-08-30T04:50:03
2021-29-08 11:55:06 PM|root|INFO|user_id 160190870|order_id 4826440513|saved 2021-08-29 23:55:06.|sent 2021-08-30T00:54:37|received 2021-08-30T04:54:45
2021-29-08 11:55:06 PM|root|INFO|user_id 160190870|order_id 4826442239|saved 2021-08-29 23:55:06.|sent 2021-08-30T00:54:04|received 2021-08-30T04:54:54
