2021-26-09 12:00:14 AM|root|INFO|user_id 160190870|order_id 4892186497|saved 2021-09-26 00:00:14.|sent 2021-09-26T00:58:46|received 2021-09-26T04:59:56
2021-26-09 12:00:20 AM|root|INFO|user_id 25523702|order_id 4892190141|saved 2021-09-26 00:00:20.|sent 2021-09-26T00:57:15|received 2021-09-26T04:59:54
2021-26-09 12:05:14 AM|root|INFO|user_id 25523702|order_id 4892184777|saved 2021-09-26 00:05:14.|sent 2021-09-26T01:01:45|received 2021-09-26T05:03:57
2021-26-09 12:05:14 AM|root|INFO|user_id 25523702|order_id 4892187795|saved 2021-09-26 00:05:14.|sent 2021-09-26T01:03:48|received 2021-09-26T05:03:53
2021-26-09 12:05:14 AM|root|INFO|user_id 25523702|order_id 4892187823|saved 2021-09-26 00:05:14.|sent 2021-09-26T01:04:10|received 2021-09-26T05:04:50
2021-26-09 12:10:09 AM|root|INFO|user_id 160190870|order_id 4892193114|saved 2021-09-26 00:10:09.|sent 2021-09-26T01:08:14|received 2021-09-26T05:09:32
2021-26-09 12:10:16 AM|root|INFO|user_id 25523702|order_id 4892190792|saved 2021-09-26 00:10:16.|sent 2021-09-26T01:08:50|received 2021-09-26T05:10:03
2021-26-09 12:15:08 AM|root|INFO|user_id 160190870|order_id 4892192364|saved 2021-09-26 00:15:08.|sent 2021-09-26T01:11:45|received 2021-09-26T05:13:27
2021-26-09 12:20:08 AM|root|INFO|user_id 160190870|order_id 4892195596|saved 2021-09-26 00:20:08.|sent 2021-09-26T01:18:22|received 2021-09-26T05:19:53
2021-26-09 12:20:14 AM|root|INFO|user_id 25523702|order_id 4892194767|saved 2021-09-26 00:20:14.|sent 2021-09-26T01:19:05|received 2021-09-26T05:19:13
2021-26-09 12:35:07 AM|root|INFO|user_id 160190870|order_id 4892203170|saved 2021-09-26 00:35:07.|sent 2021-09-26T01:30:13|received 2021-09-26T05:32:35
2021-26-09 12:35:13 AM|root|INFO|user_id 25523702|order_id 4892202409|saved 2021-09-26 00:35:13.|sent 2021-09-26T01:33:30|received 2021-09-26T05:34:36
2021-26-09 12:45:08 AM|root|INFO|user_id 160190870|order_id 4892198957|saved 2021-09-26 00:45:08.|sent 2021-09-26T01:41:02|received 2021-09-26T05:42:58
2021-26-09 01:05:08 AM|root|INFO|user_id 160190870|order_id 4892207664|saved 2021-09-26 01:05:08.|sent 2021-09-26T02:01:55|received 2021-09-26T06:04:1
2021-26-09 01:15:13 AM|root|INFO|user_id 25523702|order_id 4892216074|saved 2021-09-26 01:15:13.|sent 2021-09-26T02:14:28|received 2021-09-26T06:14:34
2021-26-09 01:20:07 AM|root|INFO|user_id 160190870|order_id 4892213418|saved 2021-09-26 01:20:07.|sent 2021-09-26T02:18:31|received 2021-09-26T06:19:21
2021-26-09 01:20:13 AM|root|INFO|user_id 25523702|order_id 4892212477|saved 2021-09-26 01:20:13.|sent 2021-09-26T02:18:32|received 2021-09-26T06:19:34
2021-26-09 01:25:13 AM|root|INFO|user_id 25523702|order_id 4892215257|saved 2021-09-26 01:25:13.|sent 2021-09-26T02:19:48|received 2021-09-26T06:22:23
2021-26-09 01:35:12 AM|root|INFO|user_id 25523702|order_id 4892215657|saved 2021-09-26 01:35:12.|sent 2021-09-26T02:33:03|received 2021-09-26T06:34:58
2021-26-09 01:55:12 AM|root|INFO|user_id 25523702|order_id 4892224101|saved 2021-09-26 01:55:12.|sent 2021-09-26T02:54:59|received 2021-09-26T06:55:04
2021-26-09 02:05:12 AM|root|INFO|user_id 25523702|order_id 4892221650|saved 2021-09-26 02:05:12.|sent 2021-09-26T03:02:52|received 2021-09-26T07:04:46
2021-26-09 02:05:12 AM|root|INFO|user_id 25523702|order_id 4892222452|saved 2021-09-26 02:05:12.|sent 2021-09-26T03:03:50|received 2021-09-26T07:03:59
2021-26-09 02:10:08 AM|root|INFO|user_id 160190870|order_id 4892220841|saved 2021-09-26 02:10:08.|sent 2021-09-26T03:08:53|received 2021-09-26T07:08:59
2021-26-09 02:10:14 AM|root|INFO|user_id 25523702|order_id 4892223450|saved 2021-09-26 02:10:13.|sent 2021-09-26T03:07:03|received 2021-09-26T07:08:58
2021-26-09 02:10:14 AM|root|INFO|user_id 25523702|order_id 4892222521|saved 2021-09-26 02:10:14.|sent 2021-09-26T03:07:28|received 2021-09-26T07:09:20
2021-26-09 02:15:08 AM|root|INFO|user_id 160190870|order_id 4892223525|saved 2021-09-26 02:15:08.|sent 2021-09-26T03:10:53|received 2021-09-26T07:12:46
2021-26-09 02:35:07 AM|root|INFO|user_id 160190870|order_id 4892223981|saved 2021-09-26 02:35:07.|sent 2021-09-26T03:32:59|received 2021-09-26T07:34:42
2021-26-09 02:45:07 AM|root|INFO|user_id 160190870|order_id 4892229192|saved 2021-09-26 02:45:07.|sent 2021-09-26T03:42:23|received 2021-09-26T07:44:36
2021-26-09 04:10:14 AM|root|INFO|user_id 25523702|order_id 4892239386|saved 2021-09-26 04:10:14.|sent 2021-09-26T05:07:34|received 2021-09-26T09:09:26
2021-26-09 04:20:13 AM|root|INFO|user_id 25523702|order_id 4892234754|saved 2021-09-26 04:20:13.|sent 2021-09-26T05:18:09|received 2021-09-26T09:19:47
2021-26-09 04:35:13 AM|root|INFO|user_id 25523702|order_id 4892242082|saved 2021-09-26 04:35:13.|sent 2021-09-26T05:31:45|received 2021-09-26T09:33:25
2021-26-09 06:35:07 AM|root|INFO|user_id 160190870|order_id 4892276632|saved 2021-09-26 06:35:07.|sent 2021-09-26T07:30:48|received 2021-09-26T11:33:05
2021-26-09 06:45:13 AM|root|INFO|user_id 25523702|order_id 4892286804|saved 2021-09-26 06:45:13.|sent 2021-09-26T07:42:54|received 2021-09-26T11:44:5
2021-26-09 06:55:13 AM|root|INFO|user_id 25523702|order_id 4892291778|saved 2021-09-26 06:55:13.|sent 2021-09-26T07:51:24|received 2021-09-26T11:53:48
2021-26-09 07:10:14 AM|root|INFO|user_id 25523702|order_id 4892304298|saved 2021-09-26 07:10:14.|sent 2021-09-26T08:06:25|received 2021-09-26T12:08:27
2021-26-09 07:55:08 AM|root|INFO|user_id 160190870|order_id 4892342892|saved 2021-09-26 07:55:08.|sent 2021-09-26T08:50:52|received 2021-09-26T12:53:14
2021-26-09 08:10:14 AM|root|INFO|user_id 25523702|order_id 4892361606|saved 2021-09-26 08:10:14.|sent 2021-09-26T09:06:49|received 2021-09-26T13:09:18
2021-26-09 08:10:14 AM|root|INFO|user_id 25523702|order_id 4892363256|saved 2021-09-26 08:10:14.|sent 2021-09-26T09:07:09|received 2021-09-26T13:09:30
2021-26-09 08:15:14 AM|root|INFO|user_id 25523702|order_id 4892373186|saved 2021-09-26 08:15:14.|sent 2021-09-26T09:14:32|received 2021-09-26T13:14:39
2021-26-09 08:20:08 AM|root|INFO|user_id 160190870|order_id 4892370946|saved 2021-09-26 08:20:08.|sent 2021-09-26T09:15:25|received 2021-09-26T13:17:34
2021-26-09 08:20:08 AM|root|INFO|user_id 160190870|order_id 4892372586|saved 2021-09-26 08:20:08.|sent 2021-09-26T09:18:47|received 2021-09-26T13:20:0
2021-26-09 08:20:14 AM|root|INFO|user_id 25523702|order_id 4892373958|saved 2021-09-26 08:20:14.|sent 2021-09-26T09:18:16|received 2021-09-26T13:19:57
2021-26-09 08:25:08 AM|root|INFO|user_id 160190870|order_id 4892375407|saved 2021-09-26 08:25:08.|sent 2021-09-26T09:18:52|received 2021-09-26T13:22:04
2021-26-09 08:25:08 AM|root|INFO|user_id 160190870|order_id 4892372588|saved 2021-09-26 08:25:08.|sent 2021-09-26T09:18:47|received 2021-09-26T13:22:22
2021-26-09 08:25:14 AM|root|INFO|user_id 25523702|order_id 4892216189|saved 2021-09-26 08:25:14.|sent 2021-09-26T02:17:08|received 2021-09-26T13:25:01
2021-26-09 08:35:10 AM|root|INFO|user_id 160190870|order_id 4892386328|saved 2021-09-26 08:35:10.|sent 2021-09-26T09:25:43|received 2021-09-26T13:28:48
2021-26-09 08:35:10 AM|root|INFO|user_id 160190870|order_id 4892394078|saved 2021-09-26 08:35:10.|sent 2021-09-26T09:31:03|received 2021-09-26T13:34:03
2021-26-09 08:35:17 AM|root|INFO|user_id 25523702|order_id 4892390462|saved 2021-09-26 08:35:17.|sent 2021-09-26T09:30:15|received 2021-09-26T13:32:23
2021-26-09 08:35:17 AM|root|INFO|user_id 25523702|order_id 4892392551|saved 2021-09-26 08:35:17.|sent 2021-09-26T09:33:30|received 2021-09-26T13:35:07
2021-26-09 08:40:14 AM|root|INFO|user_id 25523702|order_id 4892400744|saved 2021-09-26 08:40:14.|sent 2021-09-26T09:39:35|received 2021-09-26T13:39:46
2021-26-09 08:45:08 AM|root|INFO|user_id 160190870|order_id 4892405685|saved 2021-09-26 08:45:08.|sent 2021-09-26T09:43:03|received 2021-09-26T13:45:0
2021-26-09 08:45:08 AM|root|INFO|user_id 160190870|order_id 4892410420|saved 2021-09-26 08:45:08.|sent 2021-09-26T09:44:24|received 2021-09-26T13:44:32
2021-26-09 08:45:14 AM|root|INFO|user_id 25523702|order_id 4892401505|saved 2021-09-26 08:45:14.|sent 2021-09-26T09:40:30|received 2021-09-26T13:42:39
2021-26-09 08:45:14 AM|root|INFO|user_id 25523702|order_id 4892410313|saved 2021-09-26 08:45:14.|sent 2021-09-26T09:44:00|received 2021-09-26T13:44:0
2021-26-09 08:55:13 AM|root|INFO|user_id 25523702|order_id 4892406000|saved 2021-09-26 08:55:13.|sent 2021-09-26T09:45:22|received 2021-09-26T13:47:58
2021-26-09 09:10:15 AM|root|INFO|user_id 25523702|order_id 4892446320|saved 2021-09-26 09:10:15.|sent 2021-09-26T10:08:50|received 2021-09-26T14:10:03
2021-26-09 09:15:08 AM|root|INFO|user_id 160190870|order_id 4892446821|saved 2021-09-26 09:15:08.|sent 2021-09-26T10:10:44|received 2021-09-26T14:12:
2021-26-09 09:15:14 AM|root|INFO|user_id 25523702|order_id 4892446681|saved 2021-09-26 09:15:14.|sent 2021-09-26T10:10:11|received 2021-09-26T14:12:25
2021-26-09 09:20:08 AM|root|INFO|user_id 160190870|order_id 4892457998|saved 2021-09-26 09:20:08.|sent 2021-09-26T10:19:08|received 2021-09-26T14:19:16
2021-26-09 09:25:07 AM|root|INFO|user_id 160190870|order_id 4892468262|saved 2021-09-26 09:25:07.|sent 2021-09-26T10:23:57|received 2021-09-26T14:24:03
2021-26-09 09:25:14 AM|root|INFO|user_id 25523702|order_id 4892462418|saved 2021-09-26 09:25:14.|sent 2021-09-26T10:21:05|received 2021-09-26T14:24:12
2021-26-09 09:30:08 AM|root|INFO|user_id 160190870|order_id 4892472307|saved 2021-09-26 09:30:08.|sent 2021-09-26T10:26:05|received 2021-09-26T14:28:21
2021-26-09 09:30:08 AM|root|INFO|user_id 160190870|order_id 4892472805|saved 2021-09-26 09:30:08.|sent 2021-09-26T10:27:58|received 2021-09-26T14:29:36
2021-26-09 09:30:08 AM|root|INFO|user_id 160190870|order_id 4892471693|saved 2021-09-26 09:30:08.|sent 2021-09-26T10:28:43|received 2021-09-26T14:30:01
2021-26-09 09:30:09 AM|root|INFO|user_id 160190870|order_id 4892471685|saved 2021-09-26 09:30:09.|sent 2021-09-26T10:28:41|received 2021-09-26T14:29:22
2021-26-09 09:30:09 AM|root|INFO|user_id 160190870|order_id 4892471686|saved 2021-09-26 09:30:09.|sent 2021-09-26T10:28:41|received 2021-09-26T14:29:43
2021-26-09 09:30:09 AM|root|INFO|user_id 160190870|order_id 4892469767|saved 2021-09-26 09:30:09.|sent 2021-09-26T10:28:41|received 2021-09-26T14:29:42
2021-26-09 09:30:15 AM|root|INFO|user_id 25523702|order_id 4892467950|saved 2021-09-26 09:30:15.|sent 2021-09-26T10:26:23|received 2021-09-26T14:28:34
2021-26-09 09:35:08 AM|root|INFO|user_id 160190870|order_id 4892477566|saved 2021-09-26 09:35:08.|sent 2021-09-26T10:31:30|received 2021-09-26T14:33:39
2021-26-09 09:35:14 AM|root|INFO|user_id 25523702|order_id 4892481598|saved 2021-09-26 09:35:14.|sent 2021-09-26T10:32:41|received 2021-09-26T14:34:57
2021-26-09 09:40:08 AM|root|INFO|user_id 160190870|order_id 4892482986|saved 2021-09-26 09:40:08.|sent 2021-09-26T10:36:23|received 2021-09-26T14:39:26
2021-26-09 09:40:14 AM|root|INFO|user_id 25523702|order_id 4892491838|saved 2021-09-26 09:40:14.|sent 2021-09-26T10:39:55|received 2021-09-26T14:40:02
2021-26-09 09:45:14 AM|root|INFO|user_id 25523702|order_id 4892224935|saved 2021-09-26 09:45:14.|sent 2021-09-26T03:34:06|received 2021-09-26T14:45:05
2021-26-09 09:50:15 AM|root|INFO|user_id 25523702|order_id 4892500565|saved 2021-09-26 09:50:15.|sent 2021-09-26T10:45:52|received 2021-09-26T14:48:32
2021-26-09 09:55:08 AM|root|INFO|user_id 160190870|order_id 4892511674|saved 2021-09-26 09:55:08.|sent 2021-09-26T10:51:33|received 2021-09-26T14:54:14
2021-26-09 10:05:08 AM|root|INFO|user_id 160190870|order_id 4892531609|saved 2021-09-26 10:05:08.|sent 2021-09-26T11:04:36|received 2021-09-26T15:04:45
2021-26-09 10:15:08 AM|root|INFO|user_id 160190870|order_id 4892541851|saved 2021-09-26 10:15:08.|sent 2021-09-26T11:12:01|received 2021-09-26T15:14:13
2021-26-09 10:25:08 AM|root|INFO|user_id 160190870|order_id 4892563476|saved 2021-09-26 10:25:08.|sent 2021-09-26T11:24:53|received 2021-09-26T15:24:5
2021-26-09 10:25:14 AM|root|INFO|user_id 25523702|order_id 4892554879|saved 2021-09-26 10:25:14.|sent 2021-09-26T11:20:07|received 2021-09-26T15:22:20
2021-26-09 10:25:14 AM|root|INFO|user_id 25523702|order_id 4892563343|saved 2021-09-26 10:25:14.|sent 2021-09-26T11:24:05|received 2021-09-26T15:25:07
2021-26-09 10:25:14 AM|root|INFO|user_id 25523702|order_id 4892563342|saved 2021-09-26 10:25:14.|sent 2021-09-26T11:24:05|received 2021-09-26T15:24:13
2021-26-09 10:25:14 AM|root|INFO|user_id 25523702|order_id 4892562830|saved 2021-09-26 10:25:14.|sent 2021-09-26T11:24:10|received 2021-09-26T15:24:18
2021-26-09 10:25:14 AM|root|INFO|user_id 25523702|order_id 4892561983|saved 2021-09-26 10:25:14.|sent 2021-09-26T11:24:37|received 2021-09-26T15:24:45
2021-26-09 10:30:16 AM|root|INFO|user_id 25523702|order_id 4892569236|saved 2021-09-26 10:30:16.|sent 2021-09-26T11:25:35|received 2021-09-26T15:27:34
2021-26-09 10:30:16 AM|root|INFO|user_id 25523702|order_id 4892565613|saved 2021-09-26 10:30:16.|sent 2021-09-26T11:25:38|received 2021-09-26T15:27:26
2021-26-09 10:35:08 AM|root|INFO|user_id 160190870|order_id 4892576426|saved 2021-09-26 10:35:08.|sent 2021-09-26T11:31:48|received 2021-09-26T15:33:59
2021-26-09 10:40:08 AM|root|INFO|user_id 160190870|order_id 4892583661|saved 2021-09-26 10:40:08.|sent 2021-09-26T11:36:33|received 2021-09-26T15:38:41
2021-26-09 10:40:08 AM|root|INFO|user_id 160190870|order_id 4892585797|saved 2021-09-26 10:40:08.|sent 2021-09-26T11:38:09|received 2021-09-26T15:40:00
2021-26-09 10:40:09 AM|root|INFO|user_id 160190870|order_id 4892588312|saved 2021-09-26 10:40:09.|sent 2021-09-26T11:38:56|received 2021-09-26T15:39:05
2021-26-09 10:40:15 AM|root|INFO|user_id 25523702|order_id 4892582953|saved 2021-09-26 10:40:15.|sent 2021-09-26T11:39:08|received 2021-09-26T15:39:48
2021-26-09 10:45:08 AM|root|INFO|user_id 160190870|order_id 4892593657|saved 2021-09-26 10:45:08.|sent 2021-09-26T11:42:53|received 2021-09-26T15:44:01
2021-26-09 10:55:08 AM|root|INFO|user_id 160190870|order_id 4892173147|saved 2021-09-26 10:55:08.|sent 2021-09-26T00:26:05|received 2021-09-26T15:49:40
2021-26-09 10:55:14 AM|root|INFO|user_id 25523702|order_id 4892610322|saved 2021-09-26 10:55:14.|sent 2021-09-26T11:51:29|received 2021-09-26T15:55:07
2021-26-09 11:00:14 AM|root|INFO|user_id 160190870|order_id 4892619215|saved 2021-09-26 11:00:14.|sent 2021-09-26T11:57:34|received 2021-09-26T15:59:52
2021-26-09 11:05:08 AM|root|INFO|user_id 160190870|order_id 4892625032|saved 2021-09-26 11:05:08.|sent 2021-09-26T12:01:01|received 2021-09-26T16:02:15
2021-26-09 11:05:14 AM|root|INFO|user_id 25523702|order_id 4892155081|saved 2021-09-26 11:05:14.|sent 2021-09-25T23:56:42|received 2021-09-26T16:04:07
2021-26-09 11:05:14 AM|root|INFO|user_id 25523702|order_id 4892628159|saved 2021-09-26 11:05:14.|sent 2021-09-26T12:02:15|received 2021-09-26T16:05:07
2021-26-09 11:10:08 AM|root|INFO|user_id 160190870|order_id 4892630477|saved 2021-09-26 11:10:08.|sent 2021-09-26T12:05:29|received 2021-09-26T16:07:31
2021-26-09 11:15:08 AM|root|INFO|user_id 160190870|order_id 4892642299|saved 2021-09-26 11:15:08.|sent 2021-09-26T12:11:19|received 2021-09-26T16:12:42
2021-26-09 11:15:08 AM|root|INFO|user_id 160190870|order_id 4892646234|saved 2021-09-26 11:15:08.|sent 2021-09-26T12:14:18|received 2021-09-26T16:14:2
2021-26-09 11:15:14 AM|root|INFO|user_id 25523702|order_id 4892639425|saved 2021-09-26 11:15:14.|sent 2021-09-26T12:10:07|received 2021-09-26T16:12:04
2021-26-09 11:15:14 AM|root|INFO|user_id 25523702|order_id 4892638878|saved 2021-09-26 11:15:14.|sent 2021-09-26T12:11:31|received 2021-09-26T16:13:44
2021-26-09 11:15:14 AM|root|INFO|user_id 25523702|order_id 4892644051|saved 2021-09-26 11:15:14.|sent 2021-09-26T12:12:21|received 2021-09-26T16:14:34
2021-26-09 11:20:09 AM|root|INFO|user_id 160190870|order_id 4892657075|saved 2021-09-26 11:20:09.|sent 2021-09-26T12:19:31|received 2021-09-26T16:19:37
2021-26-09 11:20:14 AM|root|INFO|user_id 25523702|order_id 4892646450|saved 2021-09-26 11:20:14.|sent 2021-09-26T12:15:27|received 2021-09-26T16:17:58
2021-26-09 11:20:15 AM|root|INFO|user_id 25523702|order_id 4892652878|saved 2021-09-26 11:20:15.|sent 2021-09-26T12:19:01|received 2021-09-26T16:19:08
2021-26-09 11:20:15 AM|root|INFO|user_id 25523702|order_id 4892656097|saved 2021-09-26 11:20:15.|sent 2021-09-26T12:19:26|received 2021-09-26T16:19:35
2021-26-09 11:25:07 AM|root|INFO|user_id 160190870|order_id 4892654216|saved 2021-09-26 11:25:07.|sent 2021-09-26T12:19:59|received 2021-09-26T16:22:03
2021-26-09 11:25:07 AM|root|INFO|user_id 160190870|order_id 4892655201|saved 2021-09-26 11:25:07.|sent 2021-09-26T12:19:59|received 2021-09-26T16:22:03
2021-26-09 11:25:14 AM|root|INFO|user_id 25523702|order_id 4892661458|saved 2021-09-26 11:25:14.|sent 2021-09-26T12:24:31|received 2021-09-26T16:24:38
2021-26-09 11:30:15 AM|root|INFO|user_id 25523702|order_id 4892663388|saved 2021-09-26 11:30:15.|sent 2021-09-26T12:24:35|received 2021-09-26T16:27:47
2021-26-09 11:30:15 AM|root|INFO|user_id 25523702|order_id 4892668376|saved 2021-09-26 11:30:15.|sent 2021-09-26T12:27:47|received 2021-09-26T16:29:23
2021-26-09 11:35:13 AM|root|INFO|user_id 25523702|order_id 4892670940|saved 2021-09-26 11:35:13.|sent 2021-09-26T12:30:12|received 2021-09-26T16:32:21
2021-26-09 11:35:14 AM|root|INFO|user_id 25523702|order_id 4892678394|saved 2021-09-26 11:35:14.|sent 2021-09-26T12:33:30|received 2021-09-26T16:35:04
2021-26-09 11:35:14 AM|root|INFO|user_id 25523702|order_id 4892678570|saved 2021-09-26 11:35:14.|sent 2021-09-26T12:34:08|received 2021-09-26T16:34:15
2021-26-09 11:35:14 AM|root|INFO|user_id 25523702|order_id 4892674838|saved 2021-09-26 11:35:14.|sent 2021-09-26T12:33:13|received 2021-09-26T16:35:01
2021-26-09 11:40:08 AM|root|INFO|user_id 160190870|order_id 4892685103|saved 2021-09-26 11:40:08.|sent 2021-09-26T12:36:50|received 2021-09-26T16:39:25
2021-26-09 11:40:14 AM|root|INFO|user_id 25523702|order_id 4892684065|saved 2021-09-26 11:40:14.|sent 2021-09-26T12:35:55|received 2021-09-26T16:38:1
2021-26-09 11:40:14 AM|root|INFO|user_id 25523702|order_id 4892688218|saved 2021-09-26 11:40:14.|sent 2021-09-26T12:38:31|received 2021-09-26T16:40:0
2021-26-09 11:45:08 AM|root|INFO|user_id 160190870|order_id 4892690578|saved 2021-09-26 11:45:08.|sent 2021-09-26T12:43:48|received 2021-09-26T16:44:59
2021-26-09 11:45:14 AM|root|INFO|user_id 25523702|order_id 4892687874|saved 2021-09-26 11:45:14.|sent 2021-09-26T12:40:37|received 2021-09-26T16:42:38
2021-26-09 11:45:14 AM|root|INFO|user_id 25523702|order_id 4892690155|saved 2021-09-26 11:45:14.|sent 2021-09-26T12:41:21|received 2021-09-26T16:43:28
2021-26-09 11:45:15 AM|root|INFO|user_id 25523702|order_id 4892692852|saved 2021-09-26 11:45:15.|sent 2021-09-26T12:43:48|received 2021-09-26T16:44:53
2021-26-09 11:50:09 AM|root|INFO|user_id 160190870|order_id 4892704132|saved 2021-09-26 11:50:09.|sent 2021-09-26T12:48:20|received 2021-09-26T16:49:45
2021-26-09 11:55:15 AM|root|INFO|user_id 25523702|order_id 4892710286|saved 2021-09-26 11:55:15.|sent 2021-09-26T12:52:37|received 2021-09-26T16:54:51
2021-26-09 11:55:15 AM|root|INFO|user_id 25523702|order_id 4892713276|saved 2021-09-26 11:55:15.|sent 2021-09-26T12:53:12|received 2021-09-26T16:54:53
2021-26-09 12:00:12 PM|root|INFO|user_id 160190870|order_id 4892722323|saved 2021-09-26 12:00:12.|sent 2021-09-26T12:59:55|received 2021-09-26T17:00:02
2021-26-09 12:00:18 PM|root|INFO|user_id 25523702|order_id 4892713893|saved 2021-09-26 12:00:18.|sent 2021-09-26T12:55:22|received 2021-09-26T16:57:46
2021-26-09 12:00:18 PM|root|INFO|user_id 25523702|order_id 4892656016|saved 2021-09-26 12:00:18.|sent 2021-09-26T12:19:11|received 2021-09-26T16:59:51
2021-26-09 12:00:18 PM|root|INFO|user_id 25523702|order_id 4892716956|saved 2021-09-26 12:00:18.|sent 2021-09-26T12:58:36|received 2021-09-26T16:59:47
2021-26-09 12:05:08 PM|root|INFO|user_id 160190870|order_id 4892720798|saved 2021-09-26 12:05:08.|sent 2021-09-26T13:01:11|received 2021-09-26T17:03:43
2021-26-09 12:05:08 PM|root|INFO|user_id 160190870|order_id 4892722772|saved 2021-09-26 12:05:08.|sent 2021-09-26T13:01:44|received 2021-09-26T17:03:47
2021-26-09 12:05:08 PM|root|INFO|user_id 160190870|order_id 4892727197|saved 2021-09-26 12:05:08.|sent 2021-09-26T13:02:55|received 2021-09-26T17:04:5
2021-26-09 12:05:08 PM|root|INFO|user_id 160190870|order_id 4892725779|saved 2021-09-26 12:05:08.|sent 2021-09-26T13:04:43|received 2021-09-26T17:04:49
2021-26-09 12:05:14 PM|root|INFO|user_id 25523702|order_id 4892720717|saved 2021-09-26 12:05:14.|sent 2021-09-26T13:00:55|received 2021-09-26T17:02:55
2021-26-09 12:05:14 PM|root|INFO|user_id 25523702|order_id 4892725052|saved 2021-09-26 12:05:14.|sent 2021-09-26T13:01:10|received 2021-09-26T17:03:36
2021-26-09 12:05:14 PM|root|INFO|user_id 25523702|order_id 4892726629|saved 2021-09-26 12:05:14.|sent 2021-09-26T13:03:38|received 2021-09-26T17:05:01
2021-26-09 12:05:15 PM|root|INFO|user_id 25523702|order_id 4892728391|saved 2021-09-26 12:05:15.|sent 2021-09-26T13:04:06|received 2021-09-26T17:04:13
2021-26-09 12:10:15 PM|root|INFO|user_id 25523702|order_id 4892733974|saved 2021-09-26 12:10:15.|sent 2021-09-26T13:09:20|received 2021-09-26T17:09:26
2021-26-09 12:15:14 PM|root|INFO|user_id 25523702|order_id 4892079484|saved 2021-09-26 12:15:14.|sent 2021-09-25T22:33:31|received 2021-09-26T17:13:47
2021-26-09 12:15:15 PM|root|INFO|user_id 25523702|order_id 4892705581|saved 2021-09-26 12:15:15.|sent 2021-09-26T12:50:18|received 2021-09-26T17:13:39
2021-26-09 12:20:15 PM|root|INFO|user_id 25523702|order_id 4892749630|saved 2021-09-26 12:20:15.|sent 2021-09-26T13:16:02|received 2021-09-26T17:18:
2021-26-09 12:20:15 PM|root|INFO|user_id 25523702|order_id 4892745994|saved 2021-09-26 12:20:15.|sent 2021-09-26T13:16:58|received 2021-09-26T17:18:1
2021-26-09 12:20:15 PM|root|INFO|user_id 25523702|order_id 4892642144|saved 2021-09-26 12:20:15.|sent 2021-09-26T12:10:46|received 2021-09-26T17:19:44
2021-26-09 12:25:08 PM|root|INFO|user_id 160190870|order_id 4892762197|saved 2021-09-26 12:25:08.|sent 2021-09-26T13:22:52|received 2021-09-26T17:24:49
2021-26-09 12:25:08 PM|root|INFO|user_id 160190870|order_id 4892763065|saved 2021-09-26 12:25:08.|sent 2021-09-26T13:22:52|received 2021-09-26T17:24:49
2021-26-09 12:25:08 PM|root|INFO|user_id 160190870|order_id 4892762029|saved 2021-09-26 12:25:08.|sent 2021-09-26T13:21:57|received 2021-09-26T17:24:44
2021-26-09 12:25:15 PM|root|INFO|user_id 25523702|order_id 4892759320|saved 2021-09-26 12:25:15.|sent 2021-09-26T13:21:39|received 2021-09-26T17:23:54
2021-26-09 12:25:15 PM|root|INFO|user_id 25523702|order_id 4892759798|saved 2021-09-26 12:25:15.|sent 2021-09-26T13:23:26|received 2021-09-26T17:25:01
2021-26-09 12:25:15 PM|root|INFO|user_id 25523702|order_id 4892762347|saved 2021-09-26 12:25:15.|sent 2021-09-26T13:23:35|received 2021-09-26T17:25:02
2021-26-09 12:35:11 PM|root|INFO|user_id 160190870|order_id 4892777373|saved 2021-09-26 12:35:11.|sent 2021-09-26T13:32:27|received 2021-09-26T17:34:42
2021-26-09 12:35:19 PM|root|INFO|user_id 25523702|order_id 4892770779|saved 2021-09-26 12:35:19.|sent 2021-09-26T13:30:26|received 2021-09-26T17:32:39
2021-26-09 12:35:20 PM|root|INFO|user_id 25523702|order_id 4892770780|saved 2021-09-26 12:35:19.|sent 2021-09-26T13:30:26|received 2021-09-26T17:32:39
2021-26-09 12:40:17 PM|root|INFO|user_id 160190870|order_id 4892788307|saved 2021-09-26 12:40:17.|sent 2021-09-26T13:38:23|received 2021-09-26T17:40:00
2021-26-09 12:40:17 PM|root|INFO|user_id 160190870|order_id 4892788339|saved 2021-09-26 12:40:17.|sent 2021-09-26T13:38:31|received 2021-09-26T17:39:48
2021-26-09 12:40:23 PM|root|INFO|user_id 25523702|order_id 4892779560|saved 2021-09-26 12:40:23.|sent 2021-09-26T13:34:39|received 2021-09-26T17:38:28
2021-26-09 12:40:24 PM|root|INFO|user_id 25523702|order_id 4892784887|saved 2021-09-26 12:40:24.|sent 2021-09-26T13:38:11|received 2021-09-26T17:39:5
2021-26-09 12:45:09 PM|root|INFO|user_id 160190870|order_id 4892793404|saved 2021-09-26 12:45:09.|sent 2021-09-26T13:42:13|received 2021-09-26T17:44:25
2021-26-09 12:45:09 PM|root|INFO|user_id 160190870|order_id 4892792951|saved 2021-09-26 12:45:09.|sent 2021-09-26T13:42:28|received 2021-09-26T17:44:37
2021-26-09 12:45:09 PM|root|INFO|user_id 160190870|order_id 4892794415|saved 2021-09-26 12:45:09.|sent 2021-09-26T13:42:54|received 2021-09-26T17:44:41
2021-26-09 12:45:15 PM|root|INFO|user_id 25523702|order_id 4892795861|saved 2021-09-26 12:45:15.|sent 2021-09-26T13:44:53|received 2021-09-26T17:45:02
2021-26-09 12:55:07 PM|root|INFO|user_id 160190870|order_id 4892816122|saved 2021-09-26 12:55:07.|sent 2021-09-26T13:53:12|received 2021-09-26T17:54:59
2021-26-09 12:55:07 PM|root|INFO|user_id 160190870|order_id 4892814140|saved 2021-09-26 12:55:07.|sent 2021-09-26T13:53:04|received 2021-09-26T17:54:43
2021-26-09 12:55:07 PM|root|INFO|user_id 160190870|order_id 4892812739|saved 2021-09-26 12:55:07.|sent 2021-09-26T13:53:55|received 2021-09-26T17:54:02
2021-26-09 12:55:08 PM|root|INFO|user_id 160190870|order_id 4892811597|saved 2021-09-26 12:55:07.|sent 2021-09-26T13:54:17|received 2021-09-26T17:54:55
2021-26-09 12:55:14 PM|root|INFO|user_id 25523702|order_id 4892807733|saved 2021-09-26 12:55:14.|sent 2021-09-26T13:51:14|received 2021-09-26T17:54:24
2021-26-09 01:00:13 PM|root|INFO|user_id 160190870|order_id 4892820632|saved 2021-09-26 13:00:13.|sent 2021-09-26T13:59:29|received 2021-09-26T17:59:35
2021-26-09 01:10:08 PM|root|INFO|user_id 160190870|order_id 4892837109|saved 2021-09-26 13:10:08.|sent 2021-09-26T14:06:48|received 2021-09-26T18:08:45
2021-26-09 01:10:08 PM|root|INFO|user_id 160190870|order_id 4892833695|saved 2021-09-26 13:10:08.|sent 2021-09-26T14:05:53|received 2021-09-26T18:09:04
2021-26-09 01:10:15 PM|root|INFO|user_id 25523702|order_id 4892833604|saved 2021-09-26 13:10:15.|sent 2021-09-26T14:05:34|received 2021-09-26T18:07:19
2021-26-09 01:15:08 PM|root|INFO|user_id 160190870|order_id 4892838929|saved 2021-09-26 13:15:08.|sent 2021-09-26T14:10:19|received 2021-09-26T18:12:24
2021-26-09 01:15:08 PM|root|INFO|user_id 160190870|order_id 4892844337|saved 2021-09-26 13:15:08.|sent 2021-09-26T14:11:43|received 2021-09-26T18:13:30
2021-26-09 01:15:15 PM|root|INFO|user_id 25523702|order_id 4892841638|saved 2021-09-26 13:15:15.|sent 2021-09-26T14:11:09|received 2021-09-26T18:14:3
2021-26-09 01:15:15 PM|root|INFO|user_id 25523702|order_id 4892845371|saved 2021-09-26 13:15:15.|sent 2021-09-26T14:11:52|received 2021-09-26T18:14:
2021-26-09 01:15:15 PM|root|INFO|user_id 25523702|order_id 4892842750|saved 2021-09-26 13:15:15.|sent 2021-09-26T14:11:21|received 2021-09-26T18:13:56
2021-26-09 01:15:15 PM|root|INFO|user_id 25523702|order_id 4892844857|saved 2021-09-26 13:15:15.|sent 2021-09-26T14:13:29|received 2021-09-26T18:15:06
2021-26-09 01:20:09 PM|root|INFO|user_id 160190870|order_id 4892848740|saved 2021-09-26 13:20:09.|sent 2021-09-26T14:16:14|received 2021-09-26T18:19:06
2021-26-09 01:20:09 PM|root|INFO|user_id 160190870|order_id 4892854561|saved 2021-09-26 13:20:09.|sent 2021-09-26T14:18:39|received 2021-09-26T18:19:46
2021-26-09 01:20:16 PM|root|INFO|user_id 25523702|order_id 4892852732|saved 2021-09-26 13:20:16.|sent 2021-09-26T14:16:42|received 2021-09-26T18:19:42
2021-26-09 01:20:16 PM|root|INFO|user_id 25523702|order_id 4892567413|saved 2021-09-26 13:20:16.|sent 2021-09-26T11:25:54|received 2021-09-26T18:20:0
2021-26-09 01:25:10 PM|root|INFO|user_id 160190870|order_id 4892865202|saved 2021-09-26 13:25:10.|sent 2021-09-26T14:22:26|received 2021-09-26T18:24:35
2021-26-09 01:25:10 PM|root|INFO|user_id 160190870|order_id 4892868037|saved 2021-09-26 13:25:10.|sent 2021-09-26T14:23:20|received 2021-09-26T18:24:59
2021-26-09 01:25:10 PM|root|INFO|user_id 160190870|order_id 4892865716|saved 2021-09-26 13:25:10.|sent 2021-09-26T14:24:19|received 2021-09-26T18:24:25
2021-26-09 01:25:11 PM|root|INFO|user_id 160190870|order_id 4892864959|saved 2021-09-26 13:25:11.|sent 2021-09-26T14:24:26|received 2021-09-26T18:24:33
2021-26-09 01:25:17 PM|root|INFO|user_id 25523702|order_id 4892865331|saved 2021-09-26 13:25:17.|sent 2021-09-26T14:22:57|received 2021-09-26T18:24:56
2021-26-09 01:30:10 PM|root|INFO|user_id 160190870|order_id 4892870961|saved 2021-09-26 13:30:10.|sent 2021-09-26T14:27:54|received 2021-09-26T18:29:25
2021-26-09 01:30:17 PM|root|INFO|user_id 25523702|order_id 4892871436|saved 2021-09-26 13:30:17.|sent 2021-09-26T14:26:55|received 2021-09-26T18:29:11
2021-26-09 01:35:08 PM|root|INFO|user_id 160190870|order_id 4892880228|saved 2021-09-26 13:35:08.|sent 2021-09-26T14:31:28|received 2021-09-26T18:34:0
2021-26-09 01:35:08 PM|root|INFO|user_id 160190870|order_id 4892816702|saved 2021-09-26 13:35:08.|sent 2021-09-26T13:55:15|received 2021-09-26T18:34:23
2021-26-09 01:35:08 PM|root|INFO|user_id 160190870|order_id 4892881408|saved 2021-09-26 13:35:08.|sent 2021-09-26T14:33:05|received 2021-09-26T18:34:55
2021-26-09 01:35:09 PM|root|INFO|user_id 160190870|order_id 4892882447|saved 2021-09-26 13:35:09.|sent 2021-09-26T14:33:17|received 2021-09-26T18:35:00
2021-26-09 01:35:18 PM|root|INFO|user_id 25523702|order_id 4892877138|saved 2021-09-26 13:35:18.|sent 2021-09-26T14:28:35|received 2021-09-26T18:32:25
2021-26-09 01:35:18 PM|root|INFO|user_id 25523702|order_id 4892878717|saved 2021-09-26 13:35:18.|sent 2021-09-26T14:31:28|received 2021-09-26T18:33:36
2021-26-09 01:35:18 PM|root|INFO|user_id 25523702|order_id 4892880318|saved 2021-09-26 13:35:18.|sent 2021-09-26T14:31:53|received 2021-09-26T18:34:00
2021-26-09 01:40:08 PM|root|INFO|user_id 160190870|order_id 4892885392|saved 2021-09-26 13:40:08.|sent 2021-09-26T14:35:20|received 2021-09-26T18:37:39
2021-26-09 01:40:09 PM|root|INFO|user_id 160190870|order_id 4892883558|saved 2021-09-26 13:40:09.|sent 2021-09-26T14:35:20|received 2021-09-26T18:37:39
2021-26-09 01:40:15 PM|root|INFO|user_id 25523702|order_id 4892888173|saved 2021-09-26 13:40:15.|sent 2021-09-26T14:35:54|received 2021-09-26T18:38:19
2021-26-09 01:40:15 PM|root|INFO|user_id 25523702|order_id 4892890608|saved 2021-09-26 13:40:15.|sent 2021-09-26T14:38:03|received 2021-09-26T18:39:53
2021-26-09 01:40:15 PM|root|INFO|user_id 25523702|order_id 4892892355|saved 2021-09-26 13:40:15.|sent 2021-09-26T14:38:24|received 2021-09-26T18:39:53
2021-26-09 01:45:09 PM|root|INFO|user_id 160190870|order_id 4892895451|saved 2021-09-26 13:45:09.|sent 2021-09-26T14:40:33|received 2021-09-26T18:42:5
2021-26-09 01:50:10 PM|root|INFO|user_id 160190870|order_id 4892901933|saved 2021-09-26 13:50:10.|sent 2021-09-26T14:47:14|received 2021-09-26T18:49:15
2021-26-09 01:50:16 PM|root|INFO|user_id 25523702|order_id 4892904548|saved 2021-09-26 13:50:16.|sent 2021-09-26T14:46:18|received 2021-09-26T18:48:30
2021-26-09 01:55:09 PM|root|INFO|user_id 160190870|order_id 4892915342|saved 2021-09-26 13:55:09.|sent 2021-09-26T14:51:12|received 2021-09-26T18:53:17
2021-26-09 01:55:09 PM|root|INFO|user_id 160190870|order_id 4892916064|saved 2021-09-26 13:55:09.|sent 2021-09-26T14:52:01|received 2021-09-26T18:54:16
2021-26-09 01:55:09 PM|root|INFO|user_id 160190870|order_id 4892921195|saved 2021-09-26 13:55:09.|sent 2021-09-26T14:54:22|received 2021-09-26T18:54:29
2021-26-09 01:55:16 PM|root|INFO|user_id 25523702|order_id 4892914366|saved 2021-09-26 13:55:16.|sent 2021-09-26T14:50:43|received 2021-09-26T18:52:32
2021-26-09 02:00:23 PM|root|INFO|user_id 25523702|order_id 4892922787|saved 2021-09-26 14:00:23.|sent 2021-09-26T14:57:40|received 2021-09-26T18:59:23
2021-26-09 02:00:23 PM|root|INFO|user_id 25523702|order_id 4892925401|saved 2021-09-26 14:00:23.|sent 2021-09-26T14:58:49|received 2021-09-26T18:59:58
2021-26-09 02:00:23 PM|root|INFO|user_id 25523702|order_id 4892922933|saved 2021-09-26 14:00:23.|sent 2021-09-26T14:58:48|received 2021-09-26T18:59:59
2021-26-09 02:05:17 PM|root|INFO|user_id 25523702|order_id 4892931789|saved 2021-09-26 14:05:17.|sent 2021-09-26T15:02:41|received 2021-09-26T19:05:07
2021-26-09 02:05:17 PM|root|INFO|user_id 25523702|order_id 4892932318|saved 2021-09-26 14:05:17.|sent 2021-09-26T15:01:18|received 2021-09-26T19:05:04
2021-26-09 02:05:17 PM|root|INFO|user_id 25523702|order_id 4892934398|saved 2021-09-26 14:05:17.|sent 2021-09-26T15:03:06|received 2021-09-26T19:04:55
2021-26-09 02:05:17 PM|root|INFO|user_id 25523702|order_id 4892937149|saved 2021-09-26 14:05:17.|sent 2021-09-26T15:03:49|received 2021-09-26T19:03:57
2021-26-09 02:10:08 PM|root|INFO|user_id 160190870|order_id 4892940608|saved 2021-09-26 14:10:08.|sent 2021-09-26T15:06:38|received 2021-09-26T19:09:27
2021-26-09 02:10:09 PM|root|INFO|user_id 160190870|order_id 4892938890|saved 2021-09-26 14:10:09.|sent 2021-09-26T15:07:35|received 2021-09-26T19:09:46
2021-26-09 02:10:16 PM|root|INFO|user_id 25523702|order_id 4892942070|saved 2021-09-26 14:10:16.|sent 2021-09-26T15:06:25|received 2021-09-26T19:09:42
2021-26-09 02:15:23 PM|root|INFO|user_id 160190870|order_id 4892943837|saved 2021-09-26 14:15:23.|sent 2021-09-26T15:10:33|received 2021-09-26T19:13:44
2021-26-09 02:15:30 PM|root|INFO|user_id 25523702|order_id 4892951780|saved 2021-09-26 14:15:30.|sent 2021-09-26T15:13:33|received 2021-09-26T19:15:20
2021-26-09 02:20:10 PM|root|INFO|user_id 160190870|order_id 4892961416|saved 2021-09-26 14:20:10.|sent 2021-09-26T15:18:34|received 2021-09-26T19:19:47
2021-26-09 02:20:16 PM|root|INFO|user_id 25523702|order_id 4892965082|saved 2021-09-26 14:20:16.|sent 2021-09-26T15:19:10|received 2021-09-26T19:19:18
2021-26-09 02:25:11 PM|root|INFO|user_id 160190870|order_id 4892972419|saved 2021-09-26 14:25:11.|sent 2021-09-26T15:24:56|received 2021-09-26T19:24:5
2021-26-09 02:25:18 PM|root|INFO|user_id 25523702|order_id 4892960839|saved 2021-09-26 14:25:18.|sent 2021-09-26T15:20:18|received 2021-09-26T19:21:56
2021-26-09 02:25:18 PM|root|INFO|user_id 25523702|order_id 4892967182|saved 2021-09-26 14:25:18.|sent 2021-09-26T15:21:14|received 2021-09-26T19:23:27
2021-26-09 02:25:18 PM|root|INFO|user_id 25523702|order_id 4892968018|saved 2021-09-26 14:25:18.|sent 2021-09-26T15:21:15|received 2021-09-26T19:23:25
2021-26-09 02:25:19 PM|root|INFO|user_id 25523702|order_id 4892969560|saved 2021-09-26 14:25:19.|sent 2021-09-26T15:23:10|received 2021-09-26T19:24:58
2021-26-09 02:30:09 PM|root|INFO|user_id 25523702|order_id 4892966975|saved 2021-09-26 14:30:09.|sent 2021-09-26T15:25:08|received 2021-09-26T19:26:12
2021-26-09 02:35:09 PM|root|INFO|user_id 160190870|order_id 4892974565|saved 2021-09-26 14:35:09.|sent 2021-09-26T15:26:43|received 2021-09-26T19:29:0
2021-26-09 02:35:09 PM|root|INFO|user_id 160190870|order_id 4892975762|saved 2021-09-26 14:35:09.|sent 2021-09-26T15:27:44|received 2021-09-26T19:30:16
2021-26-09 02:35:09 PM|root|INFO|user_id 160190870|order_id 4892009184|saved 2021-09-26 14:35:09.|sent 2021-09-25T21:31:16|received 2021-09-26T19:33:01
2021-26-09 02:35:18 PM|root|INFO|user_id 25523702|order_id 4892988087|saved 2021-09-26 14:35:18.|sent 2021-09-26T15:32:21|received 2021-09-26T19:34:35
2021-26-09 02:35:18 PM|root|INFO|user_id 25523702|order_id 4892984550|saved 2021-09-26 14:35:18.|sent 2021-09-26T15:32:30|received 2021-09-26T19:34:32
2021-26-09 02:35:18 PM|root|INFO|user_id 25523702|order_id 4892989053|saved 2021-09-26 14:35:18.|sent 2021-09-26T15:32:30|received 2021-09-26T19:34:32
2021-26-09 02:35:18 PM|root|INFO|user_id 25523702|order_id 4892985408|saved 2021-09-26 14:35:18.|sent 2021-09-26T15:32:30|received 2021-09-26T19:34:32
2021-26-09 02:35:18 PM|root|INFO|user_id 25523702|order_id 4892988184|saved 2021-09-26 14:35:18.|sent 2021-09-26T15:32:45|received 2021-09-26T19:35:04
2021-26-09 02:40:13 PM|root|INFO|user_id 160190870|order_id 4892908941|saved 2021-09-26 14:40:13.|sent 2021-09-26T14:49:41|received 2021-09-26T19:39:53
2021-26-09 02:40:22 PM|root|INFO|user_id 25523702|order_id 4892988885|saved 2021-09-26 14:40:22.|sent 2021-09-26T15:35:19|received 2021-09-26T19:38:23
2021-26-09 02:45:15 PM|root|INFO|user_id 25523702|order_id 4893009111|saved 2021-09-26 14:45:15.|sent 2021-09-26T15:44:58|received 2021-09-26T19:45:03
2021-26-09 02:50:09 PM|root|INFO|user_id 160190870|order_id 4893011769|saved 2021-09-26 14:50:09.|sent 2021-09-26T15:48:20|received 2021-09-26T19:49:50
2021-26-09 02:50:16 PM|root|INFO|user_id 25523702|order_id 4893008390|saved 2021-09-26 14:50:16.|sent 2021-09-26T15:45:27|received 2021-09-26T19:47:40
2021-26-09 02:55:11 PM|root|INFO|user_id 160190870|order_id 4893020296|saved 2021-09-26 14:55:11.|sent 2021-09-26T15:51:24|received 2021-09-26T19:52:38
2021-26-09 02:55:20 PM|root|INFO|user_id 25523702|order_id 4893018152|saved 2021-09-26 14:55:20.|sent 2021-09-26T15:50:18|received 2021-09-26T19:53:54
2021-26-09 02:55:20 PM|root|INFO|user_id 25523702|order_id 4893014840|saved 2021-09-26 14:55:20.|sent 2021-09-26T15:49:48|received 2021-09-26T19:52:49
2021-26-09 03:00:13 PM|root|INFO|user_id 160190870|order_id 4893027178|saved 2021-09-26 15:00:13.|sent 2021-09-26T15:55:10|received 2021-09-26T19:57:12
2021-26-09 03:00:13 PM|root|INFO|user_id 160190870|order_id 4893027068|saved 2021-09-26 15:00:13.|sent 2021-09-26T15:54:38|received 2021-09-26T19:57:15
2021-26-09 03:00:13 PM|root|INFO|user_id 160190870|order_id 4892857709|saved 2021-09-26 15:00:13.|sent 2021-09-26T14:19:54|received 2021-09-26T19:59:50
2021-26-09 03:00:13 PM|root|INFO|user_id 160190870|order_id 4893027953|saved 2021-09-26 15:00:13.|sent 2021-09-26T15:59:00|received 2021-09-26T20:00:02
2021-26-09 03:05:22 PM|root|INFO|user_id 25523702|order_id 4893040697|saved 2021-09-26 15:05:22.|sent 2021-09-26T16:04:35|received 2021-09-26T20:04:43
2021-26-09 03:10:10 PM|root|INFO|user_id 160190870|order_id 4893050351|saved 2021-09-26 15:10:10.|sent 2021-09-26T16:09:42|received 2021-09-26T20:09:49
2021-26-09 03:10:17 PM|root|INFO|user_id 25523702|order_id 4893003229|saved 2021-09-26 15:10:17.|sent 2021-09-26T15:41:12|received 2021-09-26T20:09:27
2021-26-09 03:10:17 PM|root|INFO|user_id 25523702|order_id 4893046509|saved 2021-09-26 15:10:17.|sent 2021-09-26T16:07:28|received 2021-09-26T20:09:39
2021-26-09 03:10:17 PM|root|INFO|user_id 25523702|order_id 4893049426|saved 2021-09-26 15:10:17.|sent 2021-09-26T16:08:57|received 2021-09-26T20:10:0
2021-26-09 03:10:17 PM|root|INFO|user_id 25523702|order_id 4893047691|saved 2021-09-26 15:10:17.|sent 2021-09-26T16:09:11|received 2021-09-26T20:09:17
2021-26-09 03:10:17 PM|root|INFO|user_id 25523702|order_id 4893053203|saved 2021-09-26 15:10:17.|sent 2021-09-26T16:09:51|received 2021-09-26T20:09:5
2021-26-09 03:15:09 PM|root|INFO|user_id 160190870|order_id 4893053584|saved 2021-09-26 15:15:09.|sent 2021-09-26T16:11:18|received 2021-09-26T20:13:32
2021-26-09 03:15:19 PM|root|INFO|user_id 25523702|order_id 4893050666|saved 2021-09-26 15:15:19.|sent 2021-09-26T16:11:13|received 2021-09-26T20:13:18
2021-26-09 03:15:19 PM|root|INFO|user_id 25523702|order_id 4893057200|saved 2021-09-26 15:15:19.|sent 2021-09-26T16:12:37|received 2021-09-26T20:15:05
2021-26-09 03:25:25 PM|root|INFO|user_id 25523702|order_id 4893070545|saved 2021-09-26 15:25:25.|sent 2021-09-26T16:21:01|received 2021-09-26T20:23:15
2021-26-09 03:25:25 PM|root|INFO|user_id 25523702|order_id 4892912289|saved 2021-09-26 15:25:25.|sent 2021-09-26T14:50:10|received 2021-09-26T20:24:11
2021-26-09 03:30:10 PM|root|INFO|user_id 160190870|order_id 4893081589|saved 2021-09-26 15:30:10.|sent 2021-09-26T16:27:19|received 2021-09-26T20:29:45
2021-26-09 03:35:08 PM|root|INFO|user_id 160190870|order_id 4893085749|saved 2021-09-26 15:35:08.|sent 2021-09-26T16:30:11|received 2021-09-26T20:32:23
2021-26-09 03:35:08 PM|root|INFO|user_id 160190870|order_id 4893090062|saved 2021-09-26 15:35:08.|sent 2021-09-26T16:30:38|received 2021-09-26T20:31:45
2021-26-09 03:35:08 PM|root|INFO|user_id 160190870|order_id 4893092078|saved 2021-09-26 15:35:08.|sent 2021-09-26T16:32:22|received 2021-09-26T20:34:22
2021-26-09 03:35:08 PM|root|INFO|user_id 160190870|order_id 4893093010|saved 2021-09-26 15:35:08.|sent 2021-09-26T16:32:22|received 2021-09-26T20:34:22
2021-26-09 03:35:08 PM|root|INFO|user_id 160190870|order_id 4893089493|saved 2021-09-26 15:35:08.|sent 2021-09-26T16:32:22|received 2021-09-26T20:34:22
2021-26-09 03:35:15 PM|root|INFO|user_id 25523702|order_id 4893084985|saved 2021-09-26 15:35:15.|sent 2021-09-26T16:31:59|received 2021-09-26T20:34:05
2021-26-09 03:35:15 PM|root|INFO|user_id 25523702|order_id 4893091961|saved 2021-09-26 15:35:15.|sent 2021-09-26T16:34:17|received 2021-09-26T20:34:2
2021-26-09 03:40:09 PM|root|INFO|user_id 160190870|order_id 4893098150|saved 2021-09-26 15:40:09.|sent 2021-09-26T16:35:42|received 2021-09-26T20:39:29
2021-26-09 03:40:09 PM|root|INFO|user_id 160190870|order_id 4893098771|saved 2021-09-26 15:40:09.|sent 2021-09-26T16:38:42|received 2021-09-26T20:39:52
2021-26-09 03:40:09 PM|root|INFO|user_id 160190870|order_id 4893103555|saved 2021-09-26 15:40:09.|sent 2021-09-26T16:39:29|received 2021-09-26T20:39:36
2021-26-09 03:40:16 PM|root|INFO|user_id 25523702|order_id 4893095756|saved 2021-09-26 15:40:16.|sent 2021-09-26T16:35:55|received 2021-09-26T20:38:22
2021-26-09 03:40:16 PM|root|INFO|user_id 25523702|order_id 4893093991|saved 2021-09-26 15:40:16.|sent 2021-09-26T16:37:11|received 2021-09-26T20:39:06
2021-26-09 03:45:08 PM|root|INFO|user_id 160190870|order_id 4893105726|saved 2021-09-26 15:45:08.|sent 2021-09-26T16:41:59|received 2021-09-26T20:43:26
2021-26-09 03:45:14 PM|root|INFO|user_id 25523702|order_id 4893105111|saved 2021-09-26 15:45:14.|sent 2021-09-26T16:39:48|received 2021-09-26T20:43:11
2021-26-09 03:45:15 PM|root|INFO|user_id 25523702|order_id 4893108443|saved 2021-09-26 15:45:15.|sent 2021-09-26T16:42:33|received 2021-09-26T20:44:35
2021-26-09 03:45:15 PM|root|INFO|user_id 25523702|order_id 4893109181|saved 2021-09-26 15:45:15.|sent 2021-09-26T16:42:25|received 2021-09-26T20:45:0
2021-26-09 03:50:14 PM|root|INFO|user_id 25523702|order_id 4893114468|saved 2021-09-26 15:50:14.|sent 2021-09-26T16:46:06|received 2021-09-26T20:48:17
2021-26-09 03:50:14 PM|root|INFO|user_id 25523702|order_id 4893120390|saved 2021-09-26 15:50:14.|sent 2021-09-26T16:48:27|received 2021-09-26T20:49:35
2021-26-09 03:55:08 PM|root|INFO|user_id 160190870|order_id 4893124317|saved 2021-09-26 15:55:08.|sent 2021-09-26T16:51:13|received 2021-09-26T20:53:35
2021-26-09 03:55:08 PM|root|INFO|user_id 160190870|order_id 4893128992|saved 2021-09-26 15:55:08.|sent 2021-09-26T16:54:46|received 2021-09-26T20:54:52
2021-26-09 04:00:18 PM|root|INFO|user_id 25523702|order_id 4893130776|saved 2021-09-26 16:00:18.|sent 2021-09-26T16:56:21|received 2021-09-26T20:58:21
2021-26-09 04:05:18 PM|root|INFO|user_id 25523702|order_id 4893138478|saved 2021-09-26 16:05:18.|sent 2021-09-26T16:59:08|received 2021-09-26T21:02:27
2021-26-09 04:05:18 PM|root|INFO|user_id 25523702|order_id 4893141741|saved 2021-09-26 16:05:18.|sent 2021-09-26T17:02:49|received 2021-09-26T21:04:4
2021-26-09 04:05:18 PM|root|INFO|user_id 25523702|order_id 4893142887|saved 2021-09-26 16:05:18.|sent 2021-09-26T17:03:36|received 2021-09-26T21:05:08
2021-26-09 04:10:09 PM|root|INFO|user_id 160190870|order_id 4893157180|saved 2021-09-26 16:10:09.|sent 2021-09-26T17:09:09|received 2021-09-26T21:09:46
2021-26-09 04:10:16 PM|root|INFO|user_id 25523702|order_id 4893153340|saved 2021-09-26 16:10:16.|sent 2021-09-26T17:06:41|received 2021-09-26T21:08:48
2021-26-09 04:15:08 PM|root|INFO|user_id 160190870|order_id 4891963407|saved 2021-09-26 16:15:08.|sent 2021-09-25T20:59:08|received 2021-09-26T21:14:59
2021-26-09 04:15:15 PM|root|INFO|user_id 25523702|order_id 4893161333|saved 2021-09-26 16:15:15.|sent 2021-09-26T17:11:18|received 2021-09-26T21:13:5
2021-26-09 04:15:15 PM|root|INFO|user_id 25523702|order_id 4893160874|saved 2021-09-26 16:15:15.|sent 2021-09-26T17:12:50|received 2021-09-26T21:15:06
2021-26-09 04:15:15 PM|root|INFO|user_id 25523702|order_id 4893162745|saved 2021-09-26 16:15:15.|sent 2021-09-26T17:13:25|received 2021-09-26T21:14:50
2021-26-09 04:15:15 PM|root|INFO|user_id 25523702|order_id 4893163990|saved 2021-09-26 16:15:15.|sent 2021-09-26T17:14:46|received 2021-09-26T21:14:53
2021-26-09 04:25:23 PM|root|INFO|user_id 160190870|order_id 4893174545|saved 2021-09-26 16:25:23.|sent 2021-09-26T17:19:40|received 2021-09-26T21:22:45
2021-26-09 04:25:23 PM|root|INFO|user_id 160190870|order_id 4893178457|saved 2021-09-26 16:25:23.|sent 2021-09-26T17:21:40|received 2021-09-26T21:23:53
2021-26-09 04:25:29 PM|root|INFO|user_id 25523702|order_id 4893177500|saved 2021-09-26 16:25:29.|sent 2021-09-26T17:21:02|received 2021-09-26T21:23:1
2021-26-09 04:25:29 PM|root|INFO|user_id 25523702|order_id 4893178609|saved 2021-09-26 16:25:29.|sent 2021-09-26T17:22:51|received 2021-09-26T21:24:48
2021-26-09 04:25:29 PM|root|INFO|user_id 25523702|order_id 4893180480|saved 2021-09-26 16:25:29.|sent 2021-09-26T17:22:49|received 2021-09-26T21:25:0
2021-26-09 04:25:29 PM|root|INFO|user_id 25523702|order_id 4893176703|saved 2021-09-26 16:25:29.|sent 2021-09-26T17:22:27|received 2021-09-26T21:25:13
2021-26-09 04:30:10 PM|root|INFO|user_id 160190870|order_id 4893187872|saved 2021-09-26 16:30:10.|sent 2021-09-26T17:28:38|received 2021-09-26T21:29:52
2021-26-09 04:30:10 PM|root|INFO|user_id 160190870|order_id 4893191448|saved 2021-09-26 16:30:10.|sent 2021-09-26T17:28:53|received 2021-09-26T21:30:0
2021-26-09 04:30:10 PM|root|INFO|user_id 160190870|order_id 4893189778|saved 2021-09-26 16:30:10.|sent 2021-09-26T17:28:54|received 2021-09-26T21:30:00
2021-26-09 04:30:10 PM|root|INFO|user_id 160190870|order_id 4893192314|saved 2021-09-26 16:30:10.|sent 2021-09-26T17:29:03|received 2021-09-26T21:29:11
2021-26-09 04:30:17 PM|root|INFO|user_id 25523702|order_id 4893188532|saved 2021-09-26 16:30:17.|sent 2021-09-26T17:27:12|received 2021-09-26T21:28:53
2021-26-09 04:30:17 PM|root|INFO|user_id 25523702|order_id 4893112468|saved 2021-09-26 16:30:17.|sent 2021-09-26T16:44:39|received 2021-09-26T21:29:38
2021-26-09 04:35:08 PM|root|INFO|user_id 160190870|order_id 4893197471|saved 2021-09-26 16:35:08.|sent 2021-09-26T17:32:23|received 2021-09-26T21:34:30
2021-26-09 04:35:16 PM|root|INFO|user_id 25523702|order_id 4893195361|saved 2021-09-26 16:35:16.|sent 2021-09-26T17:30:50|received 2021-09-26T21:32:56
2021-26-09 04:40:08 PM|root|INFO|user_id 160190870|order_id 4893199849|saved 2021-09-26 16:40:08.|sent 2021-09-26T17:35:43|received 2021-09-26T21:38:52
2021-26-09 04:40:16 PM|root|INFO|user_id 25523702|order_id 4893208229|saved 2021-09-26 16:40:16.|sent 2021-09-26T17:37:23|received 2021-09-26T21:39:41
2021-26-09 04:40:16 PM|root|INFO|user_id 25523702|order_id 4893205887|saved 2021-09-26 16:40:16.|sent 2021-09-26T17:37:45|received 2021-09-26T21:40:03
2021-26-09 04:40:16 PM|root|INFO|user_id 25523702|order_id 4893206748|saved 2021-09-26 16:40:16.|sent 2021-09-26T17:38:23|received 2021-09-26T21:40:0
2021-26-09 04:55:12 PM|root|INFO|user_id 160190870|order_id 4893231435|saved 2021-09-26 16:55:12.|sent 2021-09-26T17:50:47|received 2021-09-26T21:52:59
2021-26-09 04:55:12 PM|root|INFO|user_id 160190870|order_id 4893236073|saved 2021-09-26 16:55:12.|sent 2021-09-26T17:51:43|received 2021-09-26T21:54:30
2021-26-09 04:55:12 PM|root|INFO|user_id 160190870|order_id 4893229861|saved 2021-09-26 16:55:12.|sent 2021-09-26T17:52:06|received 2021-09-26T21:53:55
2021-26-09 04:55:23 PM|root|INFO|user_id 25523702|order_id 4893233422|saved 2021-09-26 16:55:23.|sent 2021-09-26T17:51:26|received 2021-09-26T21:53:37
2021-26-09 05:00:15 PM|root|INFO|user_id 160190870|order_id 4893242616|saved 2021-09-26 17:00:15.|sent 2021-09-26T17:56:48|received 2021-09-26T21:58:55
2021-26-09 05:00:15 PM|root|INFO|user_id 160190870|order_id 4893244709|saved 2021-09-26 17:00:15.|sent 2021-09-26T17:58:15|received 2021-09-26T21:59:5
2021-26-09 05:00:22 PM|root|INFO|user_id 25523702|order_id 4893235762|saved 2021-09-26 17:00:22.|sent 2021-09-26T17:55:07|received 2021-09-26T21:57:48
2021-26-09 05:00:22 PM|root|INFO|user_id 25523702|order_id 4893238845|saved 2021-09-26 17:00:22.|sent 2021-09-26T17:56:43|received 2021-09-26T21:58:38
2021-26-09 05:00:22 PM|root|INFO|user_id 25523702|order_id 4893245200|saved 2021-09-26 17:00:22.|sent 2021-09-26T17:57:22|received 2021-09-26T21:59:38
2021-26-09 05:05:09 PM|root|INFO|user_id 160190870|order_id 4893257042|saved 2021-09-26 17:05:09.|sent 2021-09-26T18:03:24|received 2021-09-26T22:04:5
2021-26-09 05:05:16 PM|root|INFO|user_id 25523702|order_id 4892804930|saved 2021-09-26 17:05:16.|sent 2021-09-26T13:49:35|received 2021-09-26T22:04:45
2021-26-09 05:10:14 PM|root|INFO|user_id 160190870|order_id 4893258757|saved 2021-09-26 17:10:14.|sent 2021-09-26T18:07:31|received 2021-09-26T22:09:41
2021-26-09 05:10:21 PM|root|INFO|user_id 25523702|order_id 4891895417|saved 2021-09-26 17:10:21.|sent 2021-09-25T20:13:06|received 2021-09-26T22:09:39
2021-26-09 05:10:21 PM|root|INFO|user_id 25523702|order_id 4893266145|saved 2021-09-26 17:10:21.|sent 2021-09-26T18:08:04|received 2021-09-26T22:10:06
2021-26-09 05:10:22 PM|root|INFO|user_id 25523702|order_id 4893263781|saved 2021-09-26 17:10:22.|sent 2021-09-26T18:08:55|received 2021-09-26T22:10:05
2021-26-09 05:20:08 PM|root|INFO|user_id 160190870|order_id 4893281216|saved 2021-09-26 17:20:08.|sent 2021-09-26T18:16:26|received 2021-09-26T22:18:24
2021-26-09 05:20:08 PM|root|INFO|user_id 160190870|order_id 4892945350|saved 2021-09-26 17:20:08.|sent 2021-09-26T15:08:24|received 2021-09-26T22:19:56
2021-26-09 05:20:08 PM|root|INFO|user_id 160190870|order_id 4893281848|saved 2021-09-26 17:20:08.|sent 2021-09-26T18:19:37|received 2021-09-26T22:19:
2021-26-09 05:20:08 PM|root|INFO|user_id 160190870|order_id 4893288115|saved 2021-09-26 17:20:08.|sent 2021-09-26T18:19:37|received 2021-09-26T22:19:44
2021-26-09 05:20:15 PM|root|INFO|user_id 25523702|order_id 4893282428|saved 2021-09-26 17:20:15.|sent 2021-09-26T18:17:17|received 2021-09-26T22:18:32
2021-26-09 05:20:15 PM|root|INFO|user_id 25523702|order_id 4893281173|saved 2021-09-26 17:20:15.|sent 2021-09-26T18:16:14|received 2021-09-26T22:19:45
2021-26-09 05:20:15 PM|root|INFO|user_id 25523702|order_id 4893279828|saved 2021-09-26 17:20:15.|sent 2021-09-26T18:18:18|received 2021-09-26T22:19:50
2021-26-09 05:25:10 PM|root|INFO|user_id 160190870|order_id 4893285875|saved 2021-09-26 17:25:10.|sent 2021-09-26T18:21:36|received 2021-09-26T22:24:16
2021-26-09 05:25:10 PM|root|INFO|user_id 160190870|order_id 4893285950|saved 2021-09-26 17:25:10.|sent 2021-09-26T18:21:58|received 2021-09-26T22:24:15
2021-26-09 05:25:10 PM|root|INFO|user_id 160190870|order_id 4893288858|saved 2021-09-26 17:25:10.|sent 2021-09-26T18:22:53|received 2021-09-26T22:24:53
2021-26-09 05:25:10 PM|root|INFO|user_id 160190870|order_id 4893293061|saved 2021-09-26 17:25:10.|sent 2021-09-26T18:22:32|received 2021-09-26T22:24:55
2021-26-09 05:25:17 PM|root|INFO|user_id 25523702|order_id 4893291326|saved 2021-09-26 17:25:17.|sent 2021-09-26T18:21:20|received 2021-09-26T22:23:35
2021-26-09 05:30:10 PM|root|INFO|user_id 160190870|order_id 4893299262|saved 2021-09-26 17:30:10.|sent 2021-09-26T18:26:04|received 2021-09-26T22:28:12
2021-26-09 05:30:10 PM|root|INFO|user_id 160190870|order_id 4893307008|saved 2021-09-26 17:30:10.|sent 2021-09-26T18:29:28|received 2021-09-26T22:29:37
2021-26-09 05:30:17 PM|root|INFO|user_id 25523702|order_id 4893225653|saved 2021-09-26 17:30:17.|sent 2021-09-26T17:48:17|received 2021-09-26T22:27:36
2021-26-09 05:30:17 PM|root|INFO|user_id 25523702|order_id 4893295861|saved 2021-09-26 17:30:17.|sent 2021-09-26T18:25:55|received 2021-09-26T22:28:1
2021-26-09 05:30:17 PM|root|INFO|user_id 25523702|order_id 4893300136|saved 2021-09-26 17:30:17.|sent 2021-09-26T18:26:11|received 2021-09-26T22:28:20
2021-26-09 05:30:18 PM|root|INFO|user_id 25523702|order_id 4893234943|saved 2021-09-26 17:30:18.|sent 2021-09-26T17:54:21|received 2021-09-26T22:28:46
2021-26-09 05:30:18 PM|root|INFO|user_id 25523702|order_id 4893300904|saved 2021-09-26 17:30:18.|sent 2021-09-26T18:28:34|received 2021-09-26T22:29:5
2021-26-09 05:35:11 PM|root|INFO|user_id 160190870|order_id 4893306471|saved 2021-09-26 17:35:11.|sent 2021-09-26T18:30:30|received 2021-09-26T22:32:35
2021-26-09 05:35:22 PM|root|INFO|user_id 25523702|order_id 4893306896|saved 2021-09-26 17:35:22.|sent 2021-09-26T18:31:46|received 2021-09-26T22:33:57
2021-26-09 05:35:22 PM|root|INFO|user_id 25523702|order_id 4893308737|saved 2021-09-26 17:35:22.|sent 2021-09-26T18:32:43|received 2021-09-26T22:35:00
2021-26-09 05:40:09 PM|root|INFO|user_id 160190870|order_id 4893313667|saved 2021-09-26 17:40:09.|sent 2021-09-26T18:35:14|received 2021-09-26T22:37:19
2021-26-09 05:40:09 PM|root|INFO|user_id 160190870|order_id 4893312921|saved 2021-09-26 17:40:09.|sent 2021-09-26T18:34:57|received 2021-09-26T22:37:40
2021-26-09 05:40:09 PM|root|INFO|user_id 160190870|order_id 4893319836|saved 2021-09-26 17:40:09.|sent 2021-09-26T18:38:47|received 2021-09-26T22:39:51
2021-26-09 05:45:17 PM|root|INFO|user_id 25523702|order_id 4893334473|saved 2021-09-26 17:45:17.|sent 2021-09-26T18:43:47|received 2021-09-26T22:44:53
2021-26-09 05:50:10 PM|root|INFO|user_id 160190870|order_id 4893341627|saved 2021-09-26 17:50:10.|sent 2021-09-26T18:48:45|received 2021-09-26T22:49:55
2021-26-09 05:50:10 PM|root|INFO|user_id 160190870|order_id 4893342655|saved 2021-09-26 17:50:10.|sent 2021-09-26T18:48:53|received 2021-09-26T22:49:58
2021-26-09 05:50:19 PM|root|INFO|user_id 25523702|order_id 4893338250|saved 2021-09-26 17:50:19.|sent 2021-09-26T18:45:27|received 2021-09-26T22:47:3
2021-26-09 05:55:08 PM|root|INFO|user_id 160190870|order_id 4893353049|saved 2021-09-26 17:55:08.|sent 2021-09-26T18:52:04|received 2021-09-26T22:54:54
2021-26-09 05:55:08 PM|root|INFO|user_id 160190870|order_id 4893347941|saved 2021-09-26 17:55:08.|sent 2021-09-26T18:52:30|received 2021-09-26T22:54:35
2021-26-09 05:55:15 PM|root|INFO|user_id 25523702|order_id 4893347634|saved 2021-09-26 17:55:15.|sent 2021-09-26T18:51:15|received 2021-09-26T22:53:41
2021-26-09 05:55:15 PM|root|INFO|user_id 25523702|order_id 4893348439|saved 2021-09-26 17:55:15.|sent 2021-09-26T18:51:16|received 2021-09-26T22:54:02
2021-26-09 05:55:15 PM|root|INFO|user_id 25523702|order_id 4893351317|saved 2021-09-26 17:55:15.|sent 2021-09-26T18:51:48|received 2021-09-26T22:53:57
2021-26-09 06:05:10 PM|root|INFO|user_id 160190870|order_id 4893360279|saved 2021-09-26 18:05:10.|sent 2021-09-26T18:56:58|received 2021-09-26T22:59:07
2021-26-09 06:05:10 PM|root|INFO|user_id 160190870|order_id 4893364718|saved 2021-09-26 18:05:10.|sent 2021-09-26T18:59:14|received 2021-09-26T23:01:24
2021-26-09 06:05:18 PM|root|INFO|user_id 25523702|order_id 4892298481|saved 2021-09-26 18:05:18.|sent 2021-09-26T07:56:52|received 2021-09-26T22:58:53
2021-26-09 06:05:18 PM|root|INFO|user_id 25523702|order_id 4893355915|saved 2021-09-26 18:05:18.|sent 2021-09-26T18:56:44|received 2021-09-26T22:58:56
2021-26-09 06:05:18 PM|root|INFO|user_id 25523702|order_id 4893323433|saved 2021-09-26 18:05:18.|sent 2021-09-26T18:38:46|received 2021-09-26T23:02:2
2021-26-09 06:05:18 PM|root|INFO|user_id 25523702|order_id 4893366010|saved 2021-09-26 18:05:18.|sent 2021-09-26T18:59:06|received 2021-09-26T23:01:21
2021-26-09 06:05:19 PM|root|INFO|user_id 25523702|order_id 4893362769|saved 2021-09-26 18:05:19.|sent 2021-09-26T18:59:15|received 2021-09-26T23:01:27
2021-26-09 06:10:10 PM|root|INFO|user_id 160190870|order_id 4893379794|saved 2021-09-26 18:10:10.|sent 2021-09-26T19:07:40|received 2021-09-26T23:09:56
2021-26-09 06:15:11 PM|root|INFO|user_id 160190870|order_id 4893389674|saved 2021-09-26 18:15:11.|sent 2021-09-26T19:11:59|received 2021-09-26T23:14:03
2021-26-09 06:15:11 PM|root|INFO|user_id 160190870|order_id 4893395298|saved 2021-09-26 18:15:11.|sent 2021-09-26T19:13:54|received 2021-09-26T23:14:02
2021-26-09 06:15:11 PM|root|INFO|user_id 160190870|order_id 4893394673|saved 2021-09-26 18:15:11.|sent 2021-09-26T19:14:43|received 2021-09-26T23:14:51
2021-26-09 06:15:19 PM|root|INFO|user_id 25523702|order_id 4893384559|saved 2021-09-26 18:15:19.|sent 2021-09-26T19:10:27|received 2021-09-26T23:12:3
2021-26-09 06:15:19 PM|root|INFO|user_id 25523702|order_id 4893388497|saved 2021-09-26 18:15:19.|sent 2021-09-26T19:11:10|received 2021-09-26T23:13:13
2021-26-09 06:15:19 PM|root|INFO|user_id 25523702|order_id 4893386668|saved 2021-09-26 18:15:19.|sent 2021-09-26T19:11:48|received 2021-09-26T23:13:25
2021-26-09 06:15:19 PM|root|INFO|user_id 25523702|order_id 4893392174|saved 2021-09-26 18:15:19.|sent 2021-09-26T19:12:44|received 2021-09-26T23:14:51
2021-26-09 06:25:19 PM|root|INFO|user_id 160190870|order_id 4893398177|saved 2021-09-26 18:25:19.|sent 2021-09-26T19:15:09|received 2021-09-26T23:17:13
2021-26-09 06:25:19 PM|root|INFO|user_id 160190870|order_id 4893401750|saved 2021-09-26 18:25:19.|sent 2021-09-26T19:18:23|received 2021-09-26T23:20:37
2021-26-09 06:25:19 PM|root|INFO|user_id 160190870|order_id 4893404383|saved 2021-09-26 18:25:19.|sent 2021-09-26T19:18:47|received 2021-09-26T23:21:23
2021-26-09 06:25:19 PM|root|INFO|user_id 160190870|order_id 4893405962|saved 2021-09-26 18:25:19.|sent 2021-09-26T19:21:03|received 2021-09-26T23:23:15
2021-26-09 06:25:19 PM|root|INFO|user_id 160190870|order_id 4893411390|saved 2021-09-26 18:25:19.|sent 2021-09-26T19:22:22|received 2021-09-26T23:24:32
2021-26-09 06:25:22 PM|root|INFO|user_id 160190870|order_id 4893416105|saved 2021-09-26 18:25:22.|sent 2021-09-26T19:24:05|received 2021-09-26T23:24:11
2021-26-09 06:30:16 PM|root|INFO|user_id 25523702|order_id 4893417970|saved 2021-09-26 18:30:16.|sent 2021-09-26T19:27:10|received 2021-09-26T23:29:25
2021-26-09 06:30:17 PM|root|INFO|user_id 25523702|order_id 4893408594|saved 2021-09-26 18:30:17.|sent 2021-09-26T19:21:03|received 2021-09-26T23:29:42
2021-26-09 06:35:17 PM|root|INFO|user_id 160190870|order_id 4893417006|saved 2021-09-26 18:35:17.|sent 2021-09-26T19:24:22|received 2021-09-26T23:27:24
2021-26-09 06:35:17 PM|root|INFO|user_id 160190870|order_id 4893418887|saved 2021-09-26 18:35:17.|sent 2021-09-26T19:27:05|received 2021-09-26T23:29:24
2021-26-09 06:35:18 PM|root|INFO|user_id 160190870|order_id 4893426191|saved 2021-09-26 18:35:18.|sent 2021-09-26T19:28:52|received 2021-09-26T23:31:00
2021-26-09 06:35:18 PM|root|INFO|user_id 160190870|order_id 4893423970|saved 2021-09-26 18:35:18.|sent 2021-09-26T19:31:02|received 2021-09-26T23:34:2
2021-26-09 06:40:13 PM|root|INFO|user_id 25523702|order_id 4893439986|saved 2021-09-26 18:40:13.|sent 2021-09-26T19:36:51|received 2021-09-26T23:39:08
2021-26-09 06:45:12 PM|root|INFO|user_id 160190870|order_id 4893437684|saved 2021-09-26 18:45:12.|sent 2021-09-26T19:35:33|received 2021-09-26T23:37:52
2021-26-09 06:45:12 PM|root|INFO|user_id 160190870|order_id 4893440645|saved 2021-09-26 18:45:12.|sent 2021-09-26T19:38:00|received 2021-09-26T23:40:38
2021-26-09 06:45:12 PM|root|INFO|user_id 160190870|order_id 4893103266|saved 2021-09-26 18:45:12.|sent 2021-09-26T16:38:29|received 2021-09-26T23:41:56
2021-26-09 06:45:13 PM|root|INFO|user_id 160190870|order_id 4893450141|saved 2021-09-26 18:45:13.|sent 2021-09-26T19:40:14|received 2021-09-26T23:43:11
2021-26-09 06:45:13 PM|root|INFO|user_id 160190870|order_id 4893450814|saved 2021-09-26 18:45:13.|sent 2021-09-26T19:42:59|received 2021-09-26T23:44:55
2021-26-09 06:45:13 PM|root|INFO|user_id 160190870|order_id 4893455209|saved 2021-09-26 18:45:13.|sent 2021-09-26T19:42:54|received 2021-09-26T23:44:04
2021-26-09 06:45:22 PM|root|INFO|user_id 25523702|order_id 4893456141|saved 2021-09-26 18:45:22.|sent 2021-09-26T19:42:40|received 2021-09-26T23:44:55
2021-26-09 06:50:11 PM|root|INFO|user_id 160190870|order_id 4893464080|saved 2021-09-26 18:50:11.|sent 2021-09-26T19:46:45|received 2021-09-26T23:49:26
2021-26-09 06:50:20 PM|root|INFO|user_id 25523702|order_id 4893459327|saved 2021-09-26 18:50:20.|sent 2021-09-26T19:45:29|received 2021-09-26T23:47:4
2021-26-09 06:50:20 PM|root|INFO|user_id 25523702|order_id 4893461879|saved 2021-09-26 18:50:20.|sent 2021-09-26T19:47:44|received 2021-09-26T23:50:02
2021-26-09 06:55:10 PM|root|INFO|user_id 160190870|order_id 4893468676|saved 2021-09-26 18:55:10.|sent 2021-09-26T19:50:24|received 2021-09-26T23:52:48
2021-26-09 06:55:19 PM|root|INFO|user_id 25523702|order_id 4893467862|saved 2021-09-26 18:55:19.|sent 2021-09-26T19:50:28|received 2021-09-26T23:52:16
2021-26-09 06:55:19 PM|root|INFO|user_id 25523702|order_id 4893478024|saved 2021-09-26 18:55:19.|sent 2021-09-26T19:53:51|received 2021-09-26T23:54:57
2021-26-09 07:10:02 PM|root|INFO|user_id 160190870|order_id 4893501137|saved 2021-09-26 19:10:02.|sent 2021-09-26T20:04:54|received 2021-09-27T00:06:47
2021-26-09 07:10:02 PM|root|INFO|user_id 160190870|order_id 4893504550|saved 2021-09-26 19:10:02.|sent 2021-09-26T20:07:38|received 2021-09-27T00:09:48
2021-26-09 07:10:03 PM|root|INFO|user_id 160190870|order_id 4893504750|saved 2021-09-26 19:10:03.|sent 2021-09-26T20:08:13|received 2021-09-27T00:09:53
2021-26-09 07:10:04 PM|root|INFO|user_id 25523702|order_id 4893505615|saved 2021-09-26 19:10:04.|sent 2021-09-26T20:08:06|received 2021-09-27T00:09:59
2021-26-09 07:10:04 PM|root|INFO|user_id 25523702|order_id 4893507281|saved 2021-09-26 19:10:04.|sent 2021-09-26T20:08:27|received 2021-09-27T00:09:57
2021-26-09 07:10:04 PM|root|INFO|user_id 25523702|order_id 4893506372|saved 2021-09-26 19:10:04.|sent 2021-09-26T20:08:27|received 2021-09-27T00:09:36
2021-26-09 07:15:03 PM|root|INFO|user_id 160190870|order_id 4893509613|saved 2021-09-26 19:15:03.|sent 2021-09-26T20:11:09|received 2021-09-27T00:14:16
2021-26-09 07:15:04 PM|root|INFO|user_id 160190870|order_id 4893514019|saved 2021-09-26 19:15:04.|sent 2021-09-26T20:11:23|received 2021-09-27T00:14:25
2021-26-09 07:15:04 PM|root|INFO|user_id 160190870|order_id 4893515613|saved 2021-09-26 19:15:04.|sent 2021-09-26T20:13:48|received 2021-09-27T00:14:55
2021-26-09 07:20:10 PM|root|INFO|user_id 160190870|order_id 4893521294|saved 2021-09-26 19:20:10.|sent 2021-09-26T20:15:32|received 2021-09-27T00:17:28
2021-26-09 07:20:11 PM|root|INFO|user_id 160190870|order_id 4893520591|saved 2021-09-26 19:20:11.|sent 2021-09-26T20:16:11|received 2021-09-27T00:18:51
2021-26-09 07:20:11 PM|root|INFO|user_id 160190870|order_id 4893524256|saved 2021-09-26 19:20:11.|sent 2021-09-26T20:16:24|received 2021-09-27T00:19:06
2021-26-09 07:20:11 PM|root|INFO|user_id 160190870|order_id 4893525807|saved 2021-09-26 19:20:11.|sent 2021-09-26T20:17:50|received 2021-09-27T00:20:05
2021-26-09 07:25:07 PM|root|INFO|user_id 160190870|order_id 4893532292|saved 2021-09-26 19:25:07.|sent 2021-09-26T20:20:30|received 2021-09-27T00:22:42
2021-26-09 07:25:12 PM|root|INFO|user_id 160190870|order_id 4893536178|saved 2021-09-26 19:25:12.|sent 2021-09-26T20:21:39|received 2021-09-27T00:24:50
2021-26-09 07:25:12 PM|root|INFO|user_id 160190870|order_id 4893532893|saved 2021-09-26 19:25:12.|sent 2021-09-26T20:22:44|received 2021-09-27T00:24:21
2021-26-09 07:25:13 PM|root|INFO|user_id 25523702|order_id 4893533945|saved 2021-09-26 19:25:13.|sent 2021-09-26T20:23:14|received 2021-09-27T00:25:06
2021-26-09 07:25:13 PM|root|INFO|user_id 25523702|order_id 4893537911|saved 2021-09-26 19:25:13.|sent 2021-09-26T20:24:02|received 2021-09-27T00:25:10
2021-26-09 07:30:05 PM|root|INFO|user_id 160190870|order_id 4893542501|saved 2021-09-26 19:30:05.|sent 2021-09-26T20:25:31|received 2021-09-27T00:27:3
2021-26-09 07:30:06 PM|root|INFO|user_id 160190870|order_id 4893549166|saved 2021-09-26 19:30:06.|sent 2021-09-26T20:27:35|received 2021-09-27T00:29:51
2021-26-09 07:30:07 PM|root|INFO|user_id 25523702|order_id 4893544000|saved 2021-09-26 19:30:07.|sent 2021-09-26T20:27:16|received 2021-09-27T00:29:00
2021-26-09 07:30:07 PM|root|INFO|user_id 25523702|order_id 4893549295|saved 2021-09-26 19:30:07.|sent 2021-09-26T20:27:59|received 2021-09-27T00:30:00
2021-26-09 07:30:07 PM|root|INFO|user_id 25523702|order_id 4893535438|saved 2021-09-26 19:30:07.|sent 2021-09-26T20:22:30|received 2021-09-27T00:29:51
2021-26-09 07:30:07 PM|root|INFO|user_id 25523702|order_id 4893546600|saved 2021-09-26 19:30:07.|sent 2021-09-26T20:28:48|received 2021-09-27T00:28:55
2021-26-09 07:35:06 PM|root|INFO|user_id 160190870|order_id 4893556132|saved 2021-09-26 19:35:06.|sent 2021-09-26T20:30:50|received 2021-09-27T00:34:3
2021-26-09 07:35:06 PM|root|INFO|user_id 160190870|order_id 4893557489|saved 2021-09-26 19:35:06.|sent 2021-09-26T20:32:21|received 2021-09-27T00:34:56
2021-26-09 07:35:09 PM|root|INFO|user_id 25523702|order_id 4893555898|saved 2021-09-26 19:35:09.|sent 2021-09-26T20:33:03|received 2021-09-27T00:34:53
2021-26-09 07:40:10 PM|root|INFO|user_id 160190870|order_id 4893566281|saved 2021-09-26 19:40:10.|sent 2021-09-26T20:36:18|received 2021-09-27T00:38:46
2021-26-09 07:40:11 PM|root|INFO|user_id 160190870|order_id 4893565867|saved 2021-09-26 19:40:11.|sent 2021-09-26T20:37:53|received 2021-09-27T00:39:53
2021-26-09 07:40:13 PM|root|INFO|user_id 25523702|order_id 4893568401|saved 2021-09-26 19:40:13.|sent 2021-09-26T20:37:44|received 2021-09-27T00:40:05
2021-26-09 07:45:09 PM|root|INFO|user_id 160190870|order_id 4893572742|saved 2021-09-26 19:45:09.|sent 2021-09-26T20:41:19|received 2021-09-27T00:42:58
2021-26-09 07:45:14 PM|root|INFO|user_id 25523702|order_id 4893581073|saved 2021-09-26 19:45:14.|sent 2021-09-26T20:42:43|received 2021-09-27T00:44:57
2021-26-09 07:45:14 PM|root|INFO|user_id 25523702|order_id 4893580267|saved 2021-09-26 19:45:14.|sent 2021-09-26T20:43:08|received 2021-09-27T00:44:51
2021-26-09 07:50:08 PM|root|INFO|user_id 160190870|order_id 4893533408|saved 2021-09-26 19:50:08.|sent 2021-09-26T20:21:35|received 2021-09-27T00:49:39
2021-26-09 07:50:11 PM|root|INFO|user_id 25523702|order_id 4893580889|saved 2021-09-26 19:50:11.|sent 2021-09-26T20:45:46|received 2021-09-27T00:48:00
2021-26-09 07:55:08 PM|root|INFO|user_id 160190870|order_id 4893591995|saved 2021-09-26 19:55:08.|sent 2021-09-26T20:50:33|received 2021-09-27T00:52:42
2021-26-09 07:55:09 PM|root|INFO|user_id 160190870|order_id 4893595094|saved 2021-09-26 19:55:09.|sent 2021-09-26T20:50:42|received 2021-09-27T00:52:31
2021-26-09 07:55:09 PM|root|INFO|user_id 160190870|order_id 4893599915|saved 2021-09-26 19:55:09.|sent 2021-09-26T20:53:48|received 2021-09-27T00:53:59
2021-26-09 07:55:12 PM|root|INFO|user_id 25523702|order_id 4893598961|saved 2021-09-26 19:55:12.|sent 2021-09-26T20:54:32|received 2021-09-27T00:54:38
2021-26-09 08:05:06 PM|root|INFO|user_id 160190870|order_id 4893528095|saved 2021-09-26 20:05:06.|sent 2021-09-26T20:18:00|received 2021-09-27T00:59:25
2021-26-09 08:05:07 PM|root|INFO|user_id 160190870|order_id 4893614887|saved 2021-09-26 20:05:07.|sent 2021-09-26T21:02:34|received 2021-09-27T01:04:39
2021-26-09 08:15:08 PM|root|INFO|user_id 160190870|order_id 4893629340|saved 2021-09-26 20:15:08.|sent 2021-09-26T21:07:16|received 2021-09-27T01:10:2
2021-26-09 08:15:08 PM|root|INFO|user_id 160190870|order_id 4893643332|saved 2021-09-26 20:15:08.|sent 2021-09-26T21:13:28|received 2021-09-27T01:15:00
2021-26-09 08:15:11 PM|root|INFO|user_id 25523702|order_id 4893633675|saved 2021-09-26 20:15:11.|sent 2021-09-26T21:10:39|received 2021-09-27T01:12:50
2021-26-09 08:20:10 PM|root|INFO|user_id 25523702|order_id 4893652558|saved 2021-09-26 20:20:10.|sent 2021-09-26T21:19:35|received 2021-09-27T01:19:42
2021-26-09 08:25:08 PM|root|INFO|user_id 160190870|order_id 4893655683|saved 2021-09-26 20:25:08.|sent 2021-09-26T21:20:46|received 2021-09-27T01:23:24
2021-26-09 08:25:08 PM|root|INFO|user_id 160190870|order_id 4893656659|saved 2021-09-26 20:25:08.|sent 2021-09-26T21:21:41|received 2021-09-27T01:24:48
2021-26-09 08:30:09 PM|root|INFO|user_id 160190870|order_id 4893669434|saved 2021-09-26 20:30:09.|sent 2021-09-26T21:26:50|received 2021-09-27T01:29:13
2021-26-09 08:30:09 PM|root|INFO|user_id 160190870|order_id 4893670481|saved 2021-09-26 20:30:09.|sent 2021-09-26T21:28:16|received 2021-09-27T01:30:01
2021-26-09 08:30:10 PM|root|INFO|user_id 160190870|order_id 4893670482|saved 2021-09-26 20:30:10.|sent 2021-09-26T21:28:16|received 2021-09-27T01:30:01
2021-26-09 08:30:12 PM|root|INFO|user_id 25523702|order_id 4893672084|saved 2021-09-26 20:30:12.|sent 2021-09-26T21:27:41|received 2021-09-27T01:30:0
2021-26-09 08:30:12 PM|root|INFO|user_id 25523702|order_id 4893675338|saved 2021-09-26 20:30:12.|sent 2021-09-26T21:29:01|received 2021-09-27T01:29:09
2021-26-09 08:35:09 PM|root|INFO|user_id 160190870|order_id 4893681366|saved 2021-09-26 20:35:09.|sent 2021-09-26T21:32:15|received 2021-09-27T01:34:17
2021-26-09 08:35:12 PM|root|INFO|user_id 25523702|order_id 4893676862|saved 2021-09-26 20:35:12.|sent 2021-09-26T21:31:21|received 2021-09-27T01:34:48
2021-26-09 08:40:10 PM|root|INFO|user_id 160190870|order_id 4893689242|saved 2021-09-26 20:40:10.|sent 2021-09-26T21:35:58|received 2021-09-27T01:38:48
2021-26-09 08:40:11 PM|root|INFO|user_id 160190870|order_id 4893692203|saved 2021-09-26 20:40:11.|sent 2021-09-26T21:38:06|received 2021-09-27T01:40:0
2021-26-09 08:40:11 PM|root|INFO|user_id 160190870|order_id 4893695043|saved 2021-09-26 20:40:11.|sent 2021-09-26T21:38:14|received 2021-09-27T01:39:56
2021-26-09 08:40:11 PM|root|INFO|user_id 160190870|order_id 4893692691|saved 2021-09-26 20:40:11.|sent 2021-09-26T21:39:39|received 2021-09-27T01:39:4
2021-26-09 08:40:15 PM|root|INFO|user_id 25523702|order_id 4893696148|saved 2021-09-26 20:40:15.|sent 2021-09-26T21:39:52|received 2021-09-27T01:39:58
2021-26-09 08:45:11 PM|root|INFO|user_id 25523702|order_id 4893694804|saved 2021-09-26 20:45:11.|sent 2021-09-26T21:41:00|received 2021-09-27T01:43:26
2021-26-09 08:45:12 PM|root|INFO|user_id 25523702|order_id 4893699845|saved 2021-09-26 20:45:12.|sent 2021-09-26T21:43:20|received 2021-09-27T01:44:58
2021-26-09 08:45:12 PM|root|INFO|user_id 25523702|order_id 4893702574|saved 2021-09-26 20:45:12.|sent 2021-09-26T21:44:42|received 2021-09-27T01:44:47
2021-26-09 08:50:09 PM|root|INFO|user_id 160190870|order_id 4893707813|saved 2021-09-26 20:50:09.|sent 2021-09-26T21:47:12|received 2021-09-27T01:49:22
2021-26-09 08:50:13 PM|root|INFO|user_id 25523702|order_id 4893707912|saved 2021-09-26 20:50:13.|sent 2021-09-26T21:47:33|received 2021-09-27T01:49:35
2021-26-09 08:55:12 PM|root|INFO|user_id 25523702|order_id 4893717149|saved 2021-09-26 20:55:12.|sent 2021-09-26T21:51:03|received 2021-09-27T01:53:18
2021-26-09 08:55:12 PM|root|INFO|user_id 25523702|order_id 4893709940|saved 2021-09-26 20:55:12.|sent 2021-09-26T21:50:17|received 2021-09-27T01:53:39
2021-26-09 09:00:17 PM|root|INFO|user_id 160190870|order_id 4893727159|saved 2021-09-26 21:00:17.|sent 2021-09-26T21:56:06|received 2021-09-27T01:58:20
2021-26-09 09:00:17 PM|root|INFO|user_id 160190870|order_id 4893730090|saved 2021-09-26 21:00:17.|sent 2021-09-26T21:57:48|received 2021-09-27T01:59:4
2021-26-09 09:00:17 PM|root|INFO|user_id 160190870|order_id 4893728665|saved 2021-09-26 21:00:17.|sent 2021-09-26T21:58:52|received 2021-09-27T02:00:01
2021-26-09 09:00:17 PM|root|INFO|user_id 160190870|order_id 4893729613|saved 2021-09-26 21:00:17.|sent 2021-09-26T21:58:52|received 2021-09-27T02:00:01
2021-26-09 09:00:18 PM|root|INFO|user_id 160190870|order_id 4893728666|saved 2021-09-26 21:00:18.|sent 2021-09-26T21:58:52|received 2021-09-27T02:00:03
2021-26-09 09:00:22 PM|root|INFO|user_id 25523702|order_id 4893724289|saved 2021-09-26 21:00:22.|sent 2021-09-26T21:55:15|received 2021-09-27T01:57:03
2021-26-09 09:00:22 PM|root|INFO|user_id 25523702|order_id 4893728279|saved 2021-09-26 21:00:22.|sent 2021-09-26T21:57:17|received 2021-09-27T01:59:52
2021-26-09 09:05:09 PM|root|INFO|user_id 160190870|order_id 4893728905|saved 2021-09-26 21:05:09.|sent 2021-09-26T21:59:58|received 2021-09-27T02:03:03
2021-26-09 09:05:14 PM|root|INFO|user_id 25523702|order_id 4893734837|saved 2021-09-26 21:05:14.|sent 2021-09-26T22:02:13|received 2021-09-27T02:04:26
2021-26-09 09:05:14 PM|root|INFO|user_id 25523702|order_id 4893740086|saved 2021-09-26 21:05:14.|sent 2021-09-26T22:03:11|received 2021-09-27T02:05:06
2021-26-09 09:05:14 PM|root|INFO|user_id 25523702|order_id 4893737752|saved 2021-09-26 21:05:14.|sent 2021-09-26T22:03:51|received 2021-09-27T02:03:57
2021-26-09 09:15:18 PM|root|INFO|user_id 25523702|order_id 4893754360|saved 2021-09-26 21:15:18.|sent 2021-09-26T22:11:49|received 2021-09-27T02:13:49
2021-26-09 09:15:18 PM|root|INFO|user_id 25523702|order_id 4893754788|saved 2021-09-26 21:15:18.|sent 2021-09-26T22:13:22|received 2021-09-27T02:15:03
2021-26-09 09:20:20 PM|root|INFO|user_id 25523702|order_id 4893758755|saved 2021-09-26 21:20:20.|sent 2021-09-26T22:16:21|received 2021-09-27T02:18:31
2021-26-09 09:20:20 PM|root|INFO|user_id 25523702|order_id 4893763315|saved 2021-09-26 21:20:20.|sent 2021-09-26T22:17:33|received 2021-09-27T02:19:50
2021-26-09 09:20:21 PM|root|INFO|user_id 25523702|order_id 4893759843|saved 2021-09-26 21:20:21.|sent 2021-09-26T22:17:44|received 2021-09-27T02:20:11
2021-26-09 09:20:21 PM|root|INFO|user_id 25523702|order_id 4893767351|saved 2021-09-26 21:20:21.|sent 2021-09-26T22:19:57|received 2021-09-27T02:20:04
2021-26-09 09:25:12 PM|root|INFO|user_id 160190870|order_id 4893773072|saved 2021-09-26 21:25:12.|sent 2021-09-26T22:22:35|received 2021-09-27T02:24:37
2021-26-09 09:30:12 PM|root|INFO|user_id 160190870|order_id 4893774851|saved 2021-09-26 21:30:12.|sent 2021-09-26T22:27:06|received 2021-09-27T02:29:27
2021-26-09 09:30:12 PM|root|INFO|user_id 160190870|order_id 4893780585|saved 2021-09-26 21:30:12.|sent 2021-09-26T22:29:03|received 2021-09-27T02:29:10
2021-26-09 09:30:18 PM|root|INFO|user_id 25523702|order_id 4893785140|saved 2021-09-26 21:30:18.|sent 2021-09-26T22:30:08|received 2021-09-27T02:30:11
2021-26-09 09:35:08 PM|root|INFO|user_id 160190870|order_id 4893787068|saved 2021-09-26 21:35:08.|sent 2021-09-26T22:30:53|received 2021-09-27T02:33:47
2021-26-09 09:35:13 PM|root|INFO|user_id 25523702|order_id 4893784424|saved 2021-09-26 21:35:13.|sent 2021-09-26T22:30:37|received 2021-09-27T02:33:07
2021-26-09 09:40:15 PM|root|INFO|user_id 160190870|order_id 4893743442|saved 2021-09-26 21:40:15.|sent 2021-09-26T22:06:33|received 2021-09-27T02:38:27
2021-26-09 09:40:21 PM|root|INFO|user_id 25523702|order_id 4893798574|saved 2021-09-26 21:40:21.|sent 2021-09-26T22:39:40|received 2021-09-27T02:39:4
2021-26-09 09:45:09 PM|root|INFO|user_id 160190870|order_id 4893798685|saved 2021-09-26 21:45:09.|sent 2021-09-26T22:40:09|received 2021-09-27T02:43:29
2021-26-09 09:45:15 PM|root|INFO|user_id 25523702|order_id 4893802242|saved 2021-09-26 21:45:15.|sent 2021-09-26T22:41:54|received 2021-09-27T02:44:11
2021-26-09 09:50:10 PM|root|INFO|user_id 160190870|order_id 4893806647|saved 2021-09-26 21:50:10.|sent 2021-09-26T22:45:10|received 2021-09-27T02:47:37
2021-26-09 09:50:10 PM|root|INFO|user_id 160190870|order_id 4893810220|saved 2021-09-26 21:50:10.|sent 2021-09-26T22:47:03|received 2021-09-27T02:49:11
2021-26-09 09:50:16 PM|root|INFO|user_id 25523702|order_id 4893807888|saved 2021-09-26 21:50:16.|sent 2021-09-26T22:47:45|received 2021-09-27T02:49:42
2021-26-09 09:55:07 PM|root|INFO|user_id 160190870|order_id 4893813635|saved 2021-09-26 21:55:07.|sent 2021-09-26T22:50:13|received 2021-09-27T02:52:37
2021-26-09 09:55:07 PM|root|INFO|user_id 160190870|order_id 4893815464|saved 2021-09-26 21:55:07.|sent 2021-09-26T22:51:55|received 2021-09-27T02:54:43
2021-26-09 09:55:08 PM|root|INFO|user_id 160190870|order_id 4893815518|saved 2021-09-26 21:55:08.|sent 2021-09-26T22:52:12|received 2021-09-27T02:54:48
2021-26-09 09:55:08 PM|root|INFO|user_id 160190870|order_id 4893821140|saved 2021-09-26 21:55:08.|sent 2021-09-26T22:53:54|received 2021-09-27T02:53:59
2021-26-09 09:55:13 PM|root|INFO|user_id 25523702|order_id 4893817633|saved 2021-09-26 21:55:13.|sent 2021-09-26T22:53:41|received 2021-09-27T02:55:0
2021-26-09 10:00:20 PM|root|INFO|user_id 25523702|order_id 4893822779|saved 2021-09-26 22:00:20.|sent 2021-09-26T22:58:10|received 2021-09-27T02:59:56
2021-26-09 10:05:07 PM|root|INFO|user_id 25523702|order_id 4893828466|saved 2021-09-26 22:05:07.|sent 2021-09-26T23:00:14|received 2021-09-27T03:02:27
2021-26-09 10:05:08 PM|root|INFO|user_id 25523702|order_id 4893828531|saved 2021-09-26 22:05:08.|sent 2021-09-26T23:00:34|received 2021-09-27T03:03:48
2021-26-09 10:10:10 PM|root|INFO|user_id 160190870|order_id 4893832687|saved 2021-09-26 22:10:10.|sent 2021-09-26T23:04:25|received 2021-09-27T03:06:53
2021-26-09 10:10:10 PM|root|INFO|user_id 160190870|order_id 4893836024|saved 2021-09-26 22:10:10.|sent 2021-09-26T23:04:32|received 2021-09-27T03:06:57
2021-26-09 10:10:10 PM|root|INFO|user_id 160190870|order_id 4893836094|saved 2021-09-26 22:10:10.|sent 2021-09-26T23:04:49|received 2021-09-27T03:07:20
2021-26-09 10:10:10 PM|root|INFO|user_id 160190870|order_id 4893836387|saved 2021-09-26 22:10:10.|sent 2021-09-26T23:06:19|received 2021-09-27T03:08:35
2021-26-09 10:10:10 PM|root|INFO|user_id 160190870|order_id 4893838352|saved 2021-09-26 22:10:10.|sent 2021-09-26T23:08:07|received 2021-09-27T03:09:59
2021-26-09 10:15:08 PM|root|INFO|user_id 160190870|order_id 4893838337|saved 2021-09-26 22:15:08.|sent 2021-09-26T23:08:01|received 2021-09-27T03:12:24
2021-26-09 10:15:08 PM|root|INFO|user_id 160190870|order_id 4893844756|saved 2021-09-26 22:15:08.|sent 2021-09-26T23:14:23|received 2021-09-27T03:14:30
2021-26-09 10:15:14 PM|root|INFO|user_id 25523702|order_id 4893844078|saved 2021-09-26 22:15:14.|sent 2021-09-26T23:10:44|received 2021-09-27T03:12:51
2021-26-09 10:15:14 PM|root|INFO|user_id 25523702|order_id 4893843260|saved 2021-09-26 22:15:14.|sent 2021-09-26T23:10:56|received 2021-09-27T03:13:26
2021-26-09 10:15:14 PM|root|INFO|user_id 25523702|order_id 4893845193|saved 2021-09-26 22:15:14.|sent 2021-09-26T23:12:29|received 2021-09-27T03:14:27
2021-26-09 10:20:08 PM|root|INFO|user_id 160190870|order_id 4893840892|saved 2021-09-26 22:20:08.|sent 2021-09-26T23:13:30|received 2021-09-27T03:17:30
2021-26-09 10:20:08 PM|root|INFO|user_id 160190870|order_id 4893848861|saved 2021-09-26 22:20:08.|sent 2021-09-26T23:19:22|received 2021-09-27T03:19:27
2021-26-09 10:25:08 PM|root|INFO|user_id 160190870|order_id 4893853076|saved 2021-09-26 22:25:08.|sent 2021-09-26T23:19:18|received 2021-09-27T03:22:30
2021-26-09 10:25:08 PM|root|INFO|user_id 160190870|order_id 4893852869|saved 2021-09-26 22:25:08.|sent 2021-09-26T23:21:49|received 2021-09-27T03:24:26
2021-26-09 10:25:08 PM|root|INFO|user_id 160190870|order_id 4893854626|saved 2021-09-26 22:25:08.|sent 2021-09-26T23:23:03|received 2021-09-27T03:25:02
2021-26-09 10:25:08 PM|root|INFO|user_id 160190870|order_id 4893856452|saved 2021-09-26 22:25:08.|sent 2021-09-26T23:23:35|received 2021-09-27T03:23:42
2021-26-09 10:25:14 PM|root|INFO|user_id 25523702|order_id 4893855588|saved 2021-09-26 22:25:14.|sent 2021-09-26T23:23:34|received 2021-09-27T03:24:56
2021-26-09 10:30:09 PM|root|INFO|user_id 160190870|order_id 4893853918|saved 2021-09-26 22:30:09.|sent 2021-09-26T23:23:59|received 2021-09-27T03:27:43
2021-26-09 10:30:16 PM|root|INFO|user_id 25523702|order_id 4893862258|saved 2021-09-26 22:30:16.|sent 2021-09-26T23:27:44|received 2021-09-27T03:28:57
2021-26-09 10:35:09 PM|root|INFO|user_id 160190870|order_id 4893865541|saved 2021-09-26 22:35:09.|sent 2021-09-26T23:31:10|received 2021-09-27T03:33:51
2021-26-09 10:35:15 PM|root|INFO|user_id 25523702|order_id 4893864745|saved 2021-09-26 22:35:15.|sent 2021-09-26T23:31:56|received 2021-09-27T03:34:36
2021-26-09 10:35:15 PM|root|INFO|user_id 25523702|order_id 4893867589|saved 2021-09-26 22:35:15.|sent 2021-09-26T23:34:31|received 2021-09-27T03:34:36
2021-26-09 10:40:08 PM|root|INFO|user_id 160190870|order_id 4893871241|saved 2021-09-26 22:40:08.|sent 2021-09-26T23:35:05|received 2021-09-27T03:37:15
2021-26-09 10:40:14 PM|root|INFO|user_id 25523702|order_id 4893872578|saved 2021-09-26 22:40:14.|sent 2021-09-26T23:37:22|received 2021-09-27T03:40:06
2021-26-09 10:40:15 PM|root|INFO|user_id 25523702|order_id 4893873417|saved 2021-09-26 22:40:15.|sent 2021-09-26T23:38:18|received 2021-09-27T03:40:07
2021-26-09 10:45:08 PM|root|INFO|user_id 160190870|order_id 4893874597|saved 2021-09-26 22:45:08.|sent 2021-09-26T23:41:19|received 2021-09-27T03:43:56
2021-26-09 10:45:08 PM|root|INFO|user_id 160190870|order_id 4893877540|saved 2021-09-26 22:45:08.|sent 2021-09-26T23:43:11|received 2021-09-27T03:44:55
2021-26-09 10:45:13 PM|root|INFO|user_id 25523702|order_id 4893873912|saved 2021-09-26 22:45:13.|sent 2021-09-26T23:41:51|received 2021-09-27T03:43:49
2021-26-09 10:45:13 PM|root|INFO|user_id 25523702|order_id 4893877498|saved 2021-09-26 22:45:13.|sent 2021-09-26T23:42:51|received 2021-09-27T03:45:05
2021-26-09 10:50:08 PM|root|INFO|user_id 160190870|order_id 4893881669|saved 2021-09-26 22:50:08.|sent 2021-09-26T23:48:40|received 2021-09-27T03:49:4
2021-26-09 10:50:08 PM|root|INFO|user_id 160190870|order_id 4893883384|saved 2021-09-26 22:50:08.|sent 2021-09-26T23:48:40|received 2021-09-27T03:49:49
2021-26-09 10:50:14 PM|root|INFO|user_id 25523702|order_id 4893880348|saved 2021-09-26 22:50:14.|sent 2021-09-26T23:45:12|received 2021-09-27T03:47:27
2021-26-09 10:50:14 PM|root|INFO|user_id 25523702|order_id 4893881541|saved 2021-09-26 22:50:14.|sent 2021-09-26T23:47:45|received 2021-09-27T03:49:40
2021-26-09 10:50:14 PM|root|INFO|user_id 25523702|order_id 4893883327|saved 2021-09-26 22:50:14.|sent 2021-09-26T23:48:21|received 2021-09-27T03:50:03
2021-26-09 10:50:14 PM|root|INFO|user_id 25523702|order_id 4893882658|saved 2021-09-26 22:50:14.|sent 2021-09-26T23:49:16|received 2021-09-27T03:49:
2021-26-09 10:55:16 PM|root|INFO|user_id 25523702|order_id 4893886420|saved 2021-09-26 22:55:16.|sent 2021-09-26T23:50:20|received 2021-09-27T03:52:34
2021-26-09 10:55:16 PM|root|INFO|user_id 25523702|order_id 4893882992|saved 2021-09-26 22:55:16.|sent 2021-09-26T23:51:39|received 2021-09-27T03:53:36
2021-26-09 10:55:16 PM|root|INFO|user_id 25523702|order_id 4893889027|saved 2021-09-26 22:55:16.|sent 2021-09-26T23:51:57|received 2021-09-27T03:54:15
2021-26-09 10:55:16 PM|root|INFO|user_id 25523702|order_id 4893887518|saved 2021-09-26 22:55:16.|sent 2021-09-26T23:53:38|received 2021-09-27T03:53:44
2021-26-09 11:00:12 PM|root|INFO|user_id 160190870|order_id 4893893362|saved 2021-09-26 23:00:12.|sent 2021-09-26T23:57:27|received 2021-09-27T03:59:35
2021-26-09 11:00:12 PM|root|INFO|user_id 160190870|order_id 4893894085|saved 2021-09-26 23:00:12.|sent 2021-09-26T23:57:52|received 2021-09-27T03:59:57
2021-26-09 11:00:12 PM|root|INFO|user_id 160190870|order_id 4893890709|saved 2021-09-26 23:00:12.|sent 2021-09-26T23:57:32|received 2021-09-27T03:59:59
2021-26-09 11:00:12 PM|root|INFO|user_id 160190870|order_id 4893892709|saved 2021-09-26 23:00:12.|sent 2021-09-26T23:59:51|received 2021-09-27T03:59:58
2021-26-09 11:00:18 PM|root|INFO|user_id 25523702|order_id 4893893182|saved 2021-09-26 23:00:18.|sent 2021-09-26T23:56:05|received 2021-09-27T03:58:01
2021-26-09 11:00:18 PM|root|INFO|user_id 25523702|order_id 4893892411|saved 2021-09-26 23:00:18.|sent 2021-09-26T23:57:18|received 2021-09-27T03:59:
2021-26-09 11:05:07 PM|root|INFO|user_id 160190870|order_id 4893893696|saved 2021-09-26 23:05:07.|sent 2021-09-27T00:00:39|received 2021-09-27T04:02:55
2021-26-09 11:05:07 PM|root|INFO|user_id 160190870|order_id 4893891932|saved 2021-09-26 23:05:07.|sent 2021-09-27T00:00:44|received 2021-09-27T04:03:04
2021-26-09 11:05:07 PM|root|INFO|user_id 160190870|order_id 4893896232|saved 2021-09-26 23:05:07.|sent 2021-09-27T00:01:07|received 2021-09-27T04:03:32
2021-26-09 11:05:07 PM|root|INFO|user_id 160190870|order_id 4893895737|saved 2021-09-26 23:05:07.|sent 2021-09-27T00:04:03|received 2021-09-27T04:04:08
2021-26-09 11:05:07 PM|root|INFO|user_id 160190870|order_id 4893899271|saved 2021-09-26 23:05:07.|sent 2021-09-27T00:04:16|received 2021-09-27T04:04:2
2021-26-09 11:05:07 PM|root|INFO|user_id 160190870|order_id 4893897606|saved 2021-09-26 23:05:07.|sent 2021-09-27T00:04:02|received 2021-09-27T04:04:41
2021-26-09 11:05:15 PM|root|INFO|user_id 25523702|order_id 4893894667|saved 2021-09-26 23:05:15.|sent 2021-09-27T00:02:34|received 2021-09-27T04:04:52
2021-26-09 11:10:07 PM|root|INFO|user_id 160190870|order_id 4893899779|saved 2021-09-26 23:10:07.|sent 2021-09-27T00:08:37|received 2021-09-27T04:08:44
2021-26-09 11:10:13 PM|root|INFO|user_id 25523702|order_id 4893901128|saved 2021-09-26 23:10:13.|sent 2021-09-27T00:06:26|received 2021-09-27T04:08:4
2021-26-09 11:15:07 PM|root|INFO|user_id 160190870|order_id 4893906231|saved 2021-09-26 23:15:07.|sent 2021-09-27T00:12:33|received 2021-09-27T04:14:35
2021-26-09 11:15:07 PM|root|INFO|user_id 160190870|order_id 4893904713|saved 2021-09-26 23:15:07.|sent 2021-09-27T00:13:15|received 2021-09-27T04:14:49
2021-26-09 11:15:13 PM|root|INFO|user_id 25523702|order_id 4893905305|saved 2021-09-26 23:15:13.|sent 2021-09-27T00:11:16|received 2021-09-27T04:13:07
2021-26-09 11:15:13 PM|root|INFO|user_id 25523702|order_id 4893905390|saved 2021-09-26 23:15:13.|sent 2021-09-27T00:12:05|received 2021-09-27T04:14:03
2021-26-09 11:15:13 PM|root|INFO|user_id 25523702|order_id 4893906175|saved 2021-09-26 23:15:13.|sent 2021-09-27T00:12:07|received 2021-09-27T04:14:23
2021-26-09 11:20:07 PM|root|INFO|user_id 160190870|order_id 4893904869|saved 2021-09-26 23:20:07.|sent 2021-09-27T00:14:32|received 2021-09-27T04:17:33
2021-26-09 11:20:08 PM|root|INFO|user_id 160190870|order_id 4893907870|saved 2021-09-26 23:20:08.|sent 2021-09-27T00:19:39|received 2021-09-27T04:19:47
2021-26-09 11:20:13 PM|root|INFO|user_id 25523702|order_id 4893910308|saved 2021-09-26 23:20:13.|sent 2021-09-27T00:17:41|received 2021-09-27T04:19:48
2021-26-09 11:20:13 PM|root|INFO|user_id 25523702|order_id 4893910309|saved 2021-09-26 23:20:13.|sent 2021-09-27T00:17:41|received 2021-09-27T04:20:05
2021-26-09 11:25:13 PM|root|INFO|user_id 25523702|order_id 4893911853|saved 2021-09-26 23:25:13.|sent 2021-09-27T00:23:52|received 2021-09-27T04:24:00
2021-26-09 11:30:10 PM|root|INFO|user_id 160190870|order_id 4893917598|saved 2021-09-26 23:30:10.|sent 2021-09-27T00:29:51|received 2021-09-27T04:29:59
2021-26-09 11:30:15 PM|root|INFO|user_id 25523702|order_id 4893915254|saved 2021-09-26 23:30:15.|sent 2021-09-27T00:25:21|received 2021-09-27T04:30:00
2021-26-09 11:35:07 PM|root|INFO|user_id 160190870|order_id 4893916956|saved 2021-09-26 23:35:07.|sent 2021-09-27T00:33:12|received 2021-09-27T04:34:58
2021-26-09 11:35:13 PM|root|INFO|user_id 25523702|order_id 4893922007|saved 2021-09-26 23:35:13.|sent 2021-09-27T00:32:56|received 2021-09-27T04:35:05
2021-26-09 11:40:07 PM|root|INFO|user_id 160190870|order_id 4893922259|saved 2021-09-26 23:40:07.|sent 2021-09-27T00:35:31|received 2021-09-27T04:38:30
2021-26-09 11:40:07 PM|root|INFO|user_id 160190870|order_id 4893921611|saved 2021-09-26 23:40:07.|sent 2021-09-27T00:37:56|received 2021-09-27T04:39:59
2021-26-09 11:40:07 PM|root|INFO|user_id 160190870|order_id 4893925353|saved 2021-09-26 23:40:07.|sent 2021-09-27T00:39:42|received 2021-09-27T04:39:47
2021-26-09 11:40:13 PM|root|INFO|user_id 25523702|order_id 4893918906|saved 2021-09-26 23:40:13.|sent 2021-09-27T00:34:34|received 2021-09-27T04:37:54
2021-26-09 11:45:07 PM|root|INFO|user_id 160190870|order_id 4893928040|saved 2021-09-26 23:45:07.|sent 2021-09-27T00:42:45|received 2021-09-27T04:44:42
2021-26-09 11:45:13 PM|root|INFO|user_id 25523702|order_id 4893927323|saved 2021-09-26 23:45:13.|sent 2021-09-27T00:44:52|received 2021-09-27T04:44:58
2021-26-09 11:50:07 PM|root|INFO|user_id 160190870|order_id 4893917718|saved 2021-09-26 23:50:07.|sent 2021-09-27T00:31:13|received 2021-09-27T04:47:27
2021-26-09 11:55:13 PM|root|INFO|user_id 25523702|order_id 4893928696|saved 2021-09-26 23:55:13.|sent 2021-09-27T00:50:40|received 2021-09-27T04:52:46
2021-26-09 11:55:13 PM|root|INFO|user_id 25523702|order_id 4893936113|saved 2021-09-26 23:55:13.|sent 2021-09-27T00:54:49|received 2021-09-27T04:54:56
