2021-20-11 12:00:11 AM|root|INFO|user_id 160190870|order_id 5032243578|saved 2021-11-20 00:00:11.|sent 2021-11-20T01:56:13|received 2021-11-20T05:58:11
2021-20-11 12:00:11 AM|root|INFO|user_id 160190870|order_id 5032246501|saved 2021-11-20 00:00:11.|sent 2021-11-20T01:58:10|received 2021-11-20T06:00:00
2021-20-11 12:00:11 AM|root|INFO|user_id 160190870|order_id 5032245225|saved 2021-11-20 00:00:11.|sent 2021-11-20T01:53:49|received 2021-11-20T05:59:55
2021-20-11 12:00:16 AM|root|INFO|user_id 25523702|order_id 5032242816|saved 2021-11-20 00:00:16.|sent 2021-11-20T01:57:50|received 2021-11-20T05:59:56
2021-20-11 12:00:17 AM|root|INFO|user_id 25523702|order_id 5032242677|saved 2021-11-20 00:00:17.|sent 2021-11-20T01:55:28|received 2021-11-20T06:00:02
2021-20-11 12:05:07 AM|root|INFO|user_id 160190870|order_id 5032247220|saved 2021-11-20 00:05:07.|sent 2021-11-20T02:00:31|received 2021-11-20T06:02:25
2021-20-11 12:15:14 AM|root|INFO|user_id 25523702|order_id 5032253269|saved 2021-11-20 00:15:14.|sent 2021-11-20T02:13:06|received 2021-11-20T06:14:5
2021-20-11 12:20:08 AM|root|INFO|user_id 160190870|order_id 5032252433|saved 2021-11-20 00:20:08.|sent 2021-11-20T02:15:07|received 2021-11-20T06:17:02
2021-20-11 12:25:13 AM|root|INFO|user_id 25523702|order_id 5032249962|saved 2021-11-20 00:25:13.|sent 2021-11-20T02:22:28|received 2021-11-20T06:24:3
2021-20-11 12:30:14 AM|root|INFO|user_id 25523702|order_id 5032260014|saved 2021-11-20 00:30:14.|sent 2021-11-20T02:28:37|received 2021-11-20T06:30:00
2021-20-11 12:35:07 AM|root|INFO|user_id 160190870|order_id 5032254646|saved 2021-11-20 00:35:07.|sent 2021-11-20T02:30:36|received 2021-11-20T06:32:26
2021-20-11 12:35:13 AM|root|INFO|user_id 25523702|order_id 5032256581|saved 2021-11-20 00:35:13.|sent 2021-11-20T02:32:46|received 2021-11-20T06:34:33
2021-20-11 12:40:08 AM|root|INFO|user_id 160190870|order_id 5032255867|saved 2021-11-20 00:40:08.|sent 2021-11-20T02:36:21|received 2021-11-20T06:39:0
2021-20-11 12:45:07 AM|root|INFO|user_id 160190870|order_id 5032257991|saved 2021-11-20 00:45:07.|sent 2021-11-20T02:44:35|received 2021-11-20T06:44:43
2021-20-11 01:15:07 AM|root|INFO|user_id 160190870|order_id 5032263960|saved 2021-11-20 01:15:07.|sent 2021-11-20T03:11:54|received 2021-11-20T07:14:54
2021-20-11 01:15:07 AM|root|INFO|user_id 160190870|order_id 5032292000|saved 2021-11-20 01:15:07.|sent 2021-11-20T03:14:03|received 2021-11-20T07:14:1
2021-20-11 01:15:07 AM|root|INFO|user_id 160190870|order_id 5032294442|saved 2021-11-20 01:15:07.|sent 2021-11-20T03:14:03|received 2021-11-20T07:14:10
2021-20-11 01:15:07 AM|root|INFO|user_id 160190870|order_id 5032292558|saved 2021-11-20 01:15:07.|sent 2021-11-20T03:13:24|received 2021-11-20T07:14:37
2021-20-11 01:20:07 AM|root|INFO|user_id 160190870|order_id 5032293500|saved 2021-11-20 01:20:07.|sent 2021-11-20T03:15:40|received 2021-11-20T07:18:10
2021-20-11 01:20:12 AM|root|INFO|user_id 25523702|order_id 5032292713|saved 2021-11-20 01:20:12.|sent 2021-11-20T03:17:58|received 2021-11-20T07:20:05
2021-20-11 01:25:07 AM|root|INFO|user_id 160190870|order_id 5032276854|saved 2021-11-20 01:25:07.|sent 2021-11-20T03:21:37|received 2021-11-20T07:23:33
2021-20-11 01:35:07 AM|root|INFO|user_id 160190870|order_id 5032300133|saved 2021-11-20 01:35:07.|sent 2021-11-20T03:33:29|received 2021-11-20T07:34:52
2021-20-11 01:40:13 AM|root|INFO|user_id 25523702|order_id 5032269779|saved 2021-11-20 01:40:13.|sent 2021-11-20T03:11:55|received 2021-11-20T07:38:50
2021-20-11 01:45:12 AM|root|INFO|user_id 25523702|order_id 5032299384|saved 2021-11-20 01:45:12.|sent 2021-11-20T03:40:57|received 2021-11-20T07:42:59
2021-20-11 01:45:13 AM|root|INFO|user_id 25523702|order_id 5032296830|saved 2021-11-20 01:45:13.|sent 2021-11-20T03:42:06|received 2021-11-20T07:43:5
2021-20-11 01:45:13 AM|root|INFO|user_id 25523702|order_id 5032302198|saved 2021-11-20 01:45:13.|sent 2021-11-20T03:43:08|received 2021-11-20T07:44:38
2021-20-11 01:50:07 AM|root|INFO|user_id 160190870|order_id 5032298792|saved 2021-11-20 01:50:07.|sent 2021-11-20T03:47:31|received 2021-11-20T07:49:32
2021-20-11 01:50:07 AM|root|INFO|user_id 160190870|order_id 5032301344|saved 2021-11-20 01:50:07.|sent 2021-11-20T03:47:30|received 2021-11-20T07:49:51
2021-20-11 01:50:07 AM|root|INFO|user_id 160190870|order_id 5032300504|saved 2021-11-20 01:50:07.|sent 2021-11-20T03:47:32|received 2021-11-20T07:49:51
2021-20-11 02:05:07 AM|root|INFO|user_id 160190870|order_id 5032302502|saved 2021-11-20 02:05:07.|sent 2021-11-20T03:56:11|received 2021-11-20T07:57:50
2021-20-11 02:05:07 AM|root|INFO|user_id 160190870|order_id 5032305063|saved 2021-11-20 02:05:07.|sent 2021-11-20T03:58:42|received 2021-11-20T08:02:18
2021-20-11 02:05:13 AM|root|INFO|user_id 25523702|order_id 5032300901|saved 2021-11-20 02:05:13.|sent 2021-11-20T04:04:29|received 2021-11-20T08:05:07
2021-20-11 02:10:13 AM|root|INFO|user_id 25523702|order_id 5032306102|saved 2021-11-20 02:10:13.|sent 2021-11-20T04:08:37|received 2021-11-20T08:10:07
2021-20-11 02:30:13 AM|root|INFO|user_id 25523702|order_id 5032311026|saved 2021-11-20 02:30:13.|sent 2021-11-20T04:28:15|received 2021-11-20T08:29:55
2021-20-11 02:50:08 AM|root|INFO|user_id 160190870|order_id 5032312328|saved 2021-11-20 02:50:08.|sent 2021-11-20T04:45:33|received 2021-11-20T08:47:35
2021-20-11 02:50:08 AM|root|INFO|user_id 160190870|order_id 5032310632|saved 2021-11-20 02:50:08.|sent 2021-11-20T04:46:30|received 2021-11-20T08:49:53
2021-20-11 03:10:13 AM|root|INFO|user_id 25523702|order_id 5032316296|saved 2021-11-20 03:10:13.|sent 2021-11-20T05:07:13|received 2021-11-20T09:09:50
2021-20-11 03:25:07 AM|root|INFO|user_id 160190870|order_id 5032322083|saved 2021-11-20 03:25:07.|sent 2021-11-20T05:24:46|received 2021-11-20T09:24:5
2021-20-11 04:10:13 AM|root|INFO|user_id 25523702|order_id 5032333522|saved 2021-11-20 04:10:13.|sent 2021-11-20T06:05:25|received 2021-11-20T10:07:14
2021-20-11 04:50:13 AM|root|INFO|user_id 25523702|order_id 5032358063|saved 2021-11-20 04:50:13.|sent 2021-11-20T06:47:44|received 2021-11-20T10:49:47
2021-20-11 05:05:13 AM|root|INFO|user_id 25523702|order_id 5032362831|saved 2021-11-20 05:05:13.|sent 2021-11-20T07:00:21|received 2021-11-20T11:02:14
2021-20-11 05:45:12 AM|root|INFO|user_id 25523702|order_id 5032303412|saved 2021-11-20 05:45:12.|sent 2021-11-20T04:03:19|received 2021-11-20T11:44:57
2021-20-11 06:30:09 AM|root|INFO|user_id 160190870|order_id 5032446110|saved 2021-11-20 06:30:09.|sent 2021-11-20T08:26:14|received 2021-11-20T12:28:05
2021-20-11 07:00:19 AM|root|INFO|user_id 25523702|order_id 5032484981|saved 2021-11-20 07:00:19.|sent 2021-11-20T08:56:48|received 2021-11-20T12:58:56
2021-20-11 07:20:08 AM|root|INFO|user_id 160190870|order_id 5032516288|saved 2021-11-20 07:20:08.|sent 2021-11-20T09:17:02|received 2021-11-20T13:19:57
2021-20-11 07:30:14 AM|root|INFO|user_id 25523702|order_id 5032527974|saved 2021-11-20 07:30:14.|sent 2021-11-20T09:26:36|received 2021-11-20T13:28:16
2021-20-11 07:30:15 AM|root|INFO|user_id 25523702|order_id 5032531737|saved 2021-11-20 07:30:15.|sent 2021-11-20T09:28:09|received 2021-11-20T13:30:06
2021-20-11 07:35:07 AM|root|INFO|user_id 160190870|order_id 5032536948|saved 2021-11-20 07:35:07.|sent 2021-11-20T09:32:22|received 2021-11-20T13:34:20
2021-20-11 07:35:07 AM|root|INFO|user_id 160190870|order_id 5032544127|saved 2021-11-20 07:35:07.|sent 2021-11-20T09:33:57|received 2021-11-20T13:34:05
2021-20-11 07:35:13 AM|root|INFO|user_id 25523702|order_id 5032536785|saved 2021-11-20 07:35:13.|sent 2021-11-20T09:31:52|received 2021-11-20T13:33:50
2021-20-11 07:35:14 AM|root|INFO|user_id 25523702|order_id 5032540782|saved 2021-11-20 07:35:14.|sent 2021-11-20T09:33:14|received 2021-11-20T13:35:02
2021-20-11 07:45:08 AM|root|INFO|user_id 160190870|order_id 5032554923|saved 2021-11-20 07:45:08.|sent 2021-11-20T09:42:32|received 2021-11-20T13:44:38
2021-20-11 07:45:08 AM|root|INFO|user_id 160190870|order_id 5032555876|saved 2021-11-20 07:45:08.|sent 2021-11-20T09:43:13|received 2021-11-20T13:44:53
2021-20-11 07:50:08 AM|root|INFO|user_id 160190870|order_id 5032564907|saved 2021-11-20 07:50:08.|sent 2021-11-20T09:47:22|received 2021-11-20T13:49:15
2021-20-11 07:50:08 AM|root|INFO|user_id 160190870|order_id 5032568070|saved 2021-11-20 07:50:08.|sent 2021-11-20T09:48:02|received 2021-11-20T13:49:59
2021-20-11 07:50:08 AM|root|INFO|user_id 160190870|order_id 5032569254|saved 2021-11-20 07:50:08.|sent 2021-11-20T09:49:09|received 2021-11-20T13:49:15
2021-20-11 07:50:08 AM|root|INFO|user_id 160190870|order_id 5032569250|saved 2021-11-20 07:50:08.|sent 2021-11-20T09:49:08|received 2021-11-20T13:49:50
2021-20-11 07:50:14 AM|root|INFO|user_id 25523702|order_id 5032566627|saved 2021-11-20 07:50:14.|sent 2021-11-20T09:48:49|received 2021-11-20T13:50:06
2021-20-11 08:00:12 AM|root|INFO|user_id 160190870|order_id 5032579709|saved 2021-11-20 08:00:12.|sent 2021-11-20T09:56:29|received 2021-11-20T13:58:38
2021-20-11 08:00:18 AM|root|INFO|user_id 25523702|order_id 5032580678|saved 2021-11-20 08:00:18.|sent 2021-11-20T09:56:34|received 2021-11-20T13:58:2
2021-20-11 08:00:18 AM|root|INFO|user_id 25523702|order_id 5032584247|saved 2021-11-20 08:00:18.|sent 2021-11-20T09:57:13|received 2021-11-20T13:59:20
2021-20-11 08:05:15 AM|root|INFO|user_id 25523702|order_id 5032587827|saved 2021-11-20 08:05:15.|sent 2021-11-20T10:01:57|received 2021-11-20T14:04:12
2021-20-11 08:10:08 AM|root|INFO|user_id 160190870|order_id 5032590922|saved 2021-11-20 08:10:08.|sent 2021-11-20T10:04:35|received 2021-11-20T14:07:16
2021-20-11 08:10:09 AM|root|INFO|user_id 160190870|order_id 5032601711|saved 2021-11-20 08:10:09.|sent 2021-11-20T10:08:14|received 2021-11-20T14:09:45
2021-20-11 08:10:09 AM|root|INFO|user_id 160190870|order_id 5032602511|saved 2021-11-20 08:10:09.|sent 2021-11-20T10:08:20|received 2021-11-20T14:09:47
2021-20-11 08:10:15 AM|root|INFO|user_id 25523702|order_id 5032593715|saved 2021-11-20 08:10:15.|sent 2021-11-20T10:05:21|received 2021-11-20T14:07:
2021-20-11 08:15:08 AM|root|INFO|user_id 160190870|order_id 5032608914|saved 2021-11-20 08:15:08.|sent 2021-11-20T10:14:57|received 2021-11-20T14:14:59
2021-20-11 08:15:14 AM|root|INFO|user_id 25523702|order_id 5032605583|saved 2021-11-20 08:15:14.|sent 2021-11-20T10:10:33|received 2021-11-20T14:12:22
2021-20-11 08:15:14 AM|root|INFO|user_id 25523702|order_id 5032607280|saved 2021-11-20 08:15:14.|sent 2021-11-20T10:10:42|received 2021-11-20T14:12:4
2021-20-11 08:15:15 AM|root|INFO|user_id 25523702|order_id 5032611383|saved 2021-11-20 08:15:15.|sent 2021-11-20T10:12:56|received 2021-11-20T14:15:01
2021-20-11 08:15:15 AM|root|INFO|user_id 25523702|order_id 5032615193|saved 2021-11-20 08:15:15.|sent 2021-11-20T10:14:24|received 2021-11-20T14:14:34
2021-20-11 08:25:14 AM|root|INFO|user_id 25523702|order_id 5032630769|saved 2021-11-20 08:25:14.|sent 2021-11-20T10:24:07|received 2021-11-20T14:24:14
2021-20-11 08:35:17 AM|root|INFO|user_id 25523702|order_id 5032638973|saved 2021-11-20 08:35:17.|sent 2021-11-20T10:30:46|received 2021-11-20T14:33:16
2021-20-11 08:40:15 AM|root|INFO|user_id 25523702|order_id 5032659495|saved 2021-11-20 08:40:15.|sent 2021-11-20T10:38:39|received 2021-11-20T14:39:54
2021-20-11 08:45:08 AM|root|INFO|user_id 160190870|order_id 5032671067|saved 2021-11-20 08:45:08.|sent 2021-11-20T10:43:32|received 2021-11-20T14:44:55
2021-20-11 08:45:14 AM|root|INFO|user_id 25523702|order_id 5032665283|saved 2021-11-20 08:45:14.|sent 2021-11-20T10:41:20|received 2021-11-20T14:43:47
2021-20-11 08:45:14 AM|root|INFO|user_id 25523702|order_id 5032665827|saved 2021-11-20 08:45:14.|sent 2021-11-20T10:43:03|received 2021-11-20T14:45:06
2021-20-11 08:50:08 AM|root|INFO|user_id 160190870|order_id 5032672754|saved 2021-11-20 08:50:08.|sent 2021-11-20T10:45:55|received 2021-11-20T14:47:5
2021-20-11 08:50:08 AM|root|INFO|user_id 160190870|order_id 5032678120|saved 2021-11-20 08:50:08.|sent 2021-11-20T10:47:11|received 2021-11-20T14:49:23
2021-20-11 08:50:14 AM|root|INFO|user_id 25523702|order_id 5032679340|saved 2021-11-20 08:50:14.|sent 2021-11-20T10:47:53|received 2021-11-20T14:49:52
2021-20-11 08:50:14 AM|root|INFO|user_id 25523702|order_id 5032677538|saved 2021-11-20 08:50:14.|sent 2021-11-20T10:48:00|received 2021-11-20T14:49:56
2021-20-11 08:55:14 AM|root|INFO|user_id 25523702|order_id 5032687965|saved 2021-11-20 08:55:14.|sent 2021-11-20T10:54:42|received 2021-11-20T14:54:48
2021-20-11 09:00:13 AM|root|INFO|user_id 160190870|order_id 5032694802|saved 2021-11-20 09:00:13.|sent 2021-11-20T10:58:56|received 2021-11-20T15:00:04
2021-20-11 09:05:13 AM|root|INFO|user_id 25523702|order_id 5032709584|saved 2021-11-20 09:05:13.|sent 2021-11-20T11:04:00|received 2021-11-20T15:04:09
2021-20-11 09:10:08 AM|root|INFO|user_id 160190870|order_id 5032710672|saved 2021-11-20 09:10:08.|sent 2021-11-20T11:06:00|received 2021-11-20T15:07:54
2021-20-11 09:10:14 AM|root|INFO|user_id 25523702|order_id 5032714352|saved 2021-11-20 09:10:14.|sent 2021-11-20T11:06:18|received 2021-11-20T15:08:10
2021-20-11 09:15:13 AM|root|INFO|user_id 25523702|order_id 5032721043|saved 2021-11-20 09:15:13.|sent 2021-11-20T11:10:16|received 2021-11-20T15:14:00
2021-20-11 09:15:13 AM|root|INFO|user_id 25523702|order_id 5032726914|saved 2021-11-20 09:15:13.|sent 2021-11-20T11:14:00|received 2021-11-20T15:14:08
2021-20-11 09:20:08 AM|root|INFO|user_id 160190870|order_id 5032732084|saved 2021-11-20 09:20:08.|sent 2021-11-20T11:15:18|received 2021-11-20T15:17:11
2021-20-11 09:20:15 AM|root|INFO|user_id 25523702|order_id 5032729519|saved 2021-11-20 09:20:15.|sent 2021-11-20T11:15:27|received 2021-11-20T15:19:54
2021-20-11 09:25:07 AM|root|INFO|user_id 160190870|order_id 5032739473|saved 2021-11-20 09:25:07.|sent 2021-11-20T11:20:50|received 2021-11-20T15:22:48
2021-20-11 09:25:13 AM|root|INFO|user_id 25523702|order_id 5032745728|saved 2021-11-20 09:25:13.|sent 2021-11-20T11:25:00|received 2021-11-20T15:25:03
2021-20-11 09:30:15 AM|root|INFO|user_id 25523702|order_id 5032762175|saved 2021-11-20 09:30:15.|sent 2021-11-20T11:30:03|received 2021-11-20T15:30:05
2021-20-11 09:40:14 AM|root|INFO|user_id 25523702|order_id 5032771175|saved 2021-11-20 09:40:14.|sent 2021-11-20T11:35:26|received 2021-11-20T15:39:27
2021-20-11 09:40:14 AM|root|INFO|user_id 25523702|order_id 5032773735|saved 2021-11-20 09:40:14.|sent 2021-11-20T11:37:49|received 2021-11-20T15:39:56
2021-20-11 10:05:08 AM|root|INFO|user_id 160190870|order_id 5032808121|saved 2021-11-20 10:05:08.|sent 2021-11-20T11:55:13|received 2021-11-20T15:56:16
2021-20-11 10:10:08 AM|root|INFO|user_id 160190870|order_id 5032835387|saved 2021-11-20 10:10:08.|sent 2021-11-20T12:09:05|received 2021-11-20T16:09:12
2021-20-11 10:20:14 AM|root|INFO|user_id 25523702|order_id 5032849857|saved 2021-11-20 10:20:14.|sent 2021-11-20T12:17:16|received 2021-11-20T16:20:06
2021-20-11 10:20:14 AM|root|INFO|user_id 25523702|order_id 5032851857|saved 2021-11-20 10:20:14.|sent 2021-11-20T12:19:00|received 2021-11-20T16:19:09
2021-20-11 10:20:14 AM|root|INFO|user_id 25523702|order_id 5032852884|saved 2021-11-20 10:20:14.|sent 2021-11-20T12:19:12|received 2021-11-20T16:19:32
2021-20-11 10:25:08 AM|root|INFO|user_id 160190870|order_id 5032864156|saved 2021-11-20 10:25:08.|sent 2021-11-20T12:22:54|received 2021-11-20T16:24:57
2021-20-11 10:30:09 AM|root|INFO|user_id 160190870|order_id 5032876313|saved 2021-11-20 10:30:09.|sent 2021-11-20T12:29:54|received 2021-11-20T16:30:00
2021-20-11 10:30:15 AM|root|INFO|user_id 25523702|order_id 5032868174|saved 2021-11-20 10:30:15.|sent 2021-11-20T12:24:28|received 2021-11-20T16:28:02
2021-20-11 10:30:15 AM|root|INFO|user_id 25523702|order_id 5032866710|saved 2021-11-20 10:30:15.|sent 2021-11-20T12:26:01|received 2021-11-20T16:28:33
2021-20-11 10:30:15 AM|root|INFO|user_id 25523702|order_id 5032870442|saved 2021-11-20 10:30:15.|sent 2021-11-20T12:26:44|received 2021-11-20T16:28:43
2021-20-11 10:35:08 AM|root|INFO|user_id 160190870|order_id 5032878724|saved 2021-11-20 10:35:08.|sent 2021-11-20T12:30:42|received 2021-11-20T16:32:5
2021-20-11 10:35:08 AM|root|INFO|user_id 160190870|order_id 5032884372|saved 2021-11-20 10:35:08.|sent 2021-11-20T12:32:59|received 2021-11-20T16:34:44
2021-20-11 10:35:14 AM|root|INFO|user_id 25523702|order_id 5032875852|saved 2021-11-20 10:35:14.|sent 2021-11-20T12:30:46|received 2021-11-20T16:33:32
2021-20-11 10:35:14 AM|root|INFO|user_id 25523702|order_id 5032884090|saved 2021-11-20 10:35:14.|sent 2021-11-20T12:32:07|received 2021-11-20T16:33:58
2021-20-11 10:40:08 AM|root|INFO|user_id 160190870|order_id 5032890038|saved 2021-11-20 10:40:08.|sent 2021-11-20T12:35:04|received 2021-11-20T16:37:42
2021-20-11 10:40:08 AM|root|INFO|user_id 160190870|order_id 5032892189|saved 2021-11-20 10:40:08.|sent 2021-11-20T12:37:29|received 2021-11-20T16:39:4
2021-20-11 10:40:14 AM|root|INFO|user_id 25523702|order_id 5032890486|saved 2021-11-20 10:40:14.|sent 2021-11-20T12:36:31|received 2021-11-20T16:39:36
2021-20-11 10:40:15 AM|root|INFO|user_id 25523702|order_id 5032897269|saved 2021-11-20 10:40:15.|sent 2021-11-20T12:39:01|received 2021-11-20T16:39:08
2021-20-11 10:45:08 AM|root|INFO|user_id 160190870|order_id 5032901149|saved 2021-11-20 10:45:08.|sent 2021-11-20T12:41:09|received 2021-11-20T16:43:17
2021-20-11 10:50:08 AM|root|INFO|user_id 160190870|order_id 5032909124|saved 2021-11-20 10:50:08.|sent 2021-11-20T12:45:16|received 2021-11-20T16:47:58
2021-20-11 10:50:08 AM|root|INFO|user_id 160190870|order_id 5032900595|saved 2021-11-20 10:50:08.|sent 2021-11-20T12:42:05|received 2021-11-20T16:48:24
2021-20-11 10:50:14 AM|root|INFO|user_id 25523702|order_id 5032908473|saved 2021-11-20 10:50:14.|sent 2021-11-20T12:45:25|received 2021-11-20T16:47:25
2021-20-11 10:55:08 AM|root|INFO|user_id 160190870|order_id 5032918654|saved 2021-11-20 10:55:08.|sent 2021-11-20T12:51:11|received 2021-11-20T16:52:57
2021-20-11 10:55:08 AM|root|INFO|user_id 160190870|order_id 5032926406|saved 2021-11-20 10:55:08.|sent 2021-11-20T12:54:07|received 2021-11-20T16:54:13
2021-20-11 10:55:14 AM|root|INFO|user_id 25523702|order_id 5032917794|saved 2021-11-20 10:55:14.|sent 2021-11-20T12:52:30|received 2021-11-20T16:54:5
2021-20-11 10:55:15 AM|root|INFO|user_id 25523702|order_id 5032926618|saved 2021-11-20 10:55:15.|sent 2021-11-20T12:54:44|received 2021-11-20T16:54:5
2021-20-11 11:00:11 AM|root|INFO|user_id 160190870|order_id 5032930013|saved 2021-11-20 11:00:11.|sent 2021-11-20T12:55:01|received 2021-11-20T16:56:55
2021-20-11 11:00:11 AM|root|INFO|user_id 160190870|order_id 5032930325|saved 2021-11-20 11:00:11.|sent 2021-11-20T12:55:58|received 2021-11-20T16:59:44
2021-20-11 11:00:11 AM|root|INFO|user_id 160190870|order_id 5032905216|saved 2021-11-20 11:00:11.|sent 2021-11-20T12:43:33|received 2021-11-20T16:59:00
2021-20-11 11:00:17 AM|root|INFO|user_id 25523702|order_id 5032930089|saved 2021-11-20 11:00:17.|sent 2021-11-20T12:55:16|received 2021-11-20T16:57:06
2021-20-11 11:00:17 AM|root|INFO|user_id 25523702|order_id 5032932303|saved 2021-11-20 11:00:17.|sent 2021-11-20T12:56:15|received 2021-11-20T16:58:07
2021-20-11 11:00:17 AM|root|INFO|user_id 25523702|order_id 5032935380|saved 2021-11-20 11:00:17.|sent 2021-11-20T12:59:16|received 2021-11-20T16:59:2
2021-20-11 11:05:08 AM|root|INFO|user_id 160190870|order_id 5032949255|saved 2021-11-20 11:05:08.|sent 2021-11-20T13:04:56|received 2021-11-20T17:05:01
2021-20-11 11:05:15 AM|root|INFO|user_id 25523702|order_id 5032948356|saved 2021-11-20 11:05:15.|sent 2021-11-20T13:04:54|received 2021-11-20T17:05:03
2021-20-11 11:10:08 AM|root|INFO|user_id 160190870|order_id 5032951197|saved 2021-11-20 11:10:08.|sent 2021-11-20T13:05:33|received 2021-11-20T17:07:19
2021-20-11 11:10:08 AM|root|INFO|user_id 160190870|order_id 5032957057|saved 2021-11-20 11:10:08.|sent 2021-11-20T13:08:08|received 2021-11-20T17:09:56
2021-20-11 11:10:08 AM|root|INFO|user_id 160190870|order_id 5032957058|saved 2021-11-20 11:10:08.|sent 2021-11-20T13:08:08|received 2021-11-20T17:09:56
2021-20-11 11:10:08 AM|root|INFO|user_id 160190870|order_id 5032956154|saved 2021-11-20 11:10:08.|sent 2021-11-20T13:08:08|received 2021-11-20T17:09:56
2021-20-11 11:10:14 AM|root|INFO|user_id 25523702|order_id 5032949734|saved 2021-11-20 11:10:14.|sent 2021-11-20T13:06:31|received 2021-11-20T17:08:28
2021-20-11 11:10:14 AM|root|INFO|user_id 25523702|order_id 5032955008|saved 2021-11-20 11:10:14.|sent 2021-11-20T13:07:26|received 2021-11-20T17:09:39
2021-20-11 11:10:14 AM|root|INFO|user_id 25523702|order_id 5032954393|saved 2021-11-20 11:10:14.|sent 2021-11-20T13:08:25|received 2021-11-20T17:09:53
2021-20-11 11:15:08 AM|root|INFO|user_id 160190870|order_id 5032953931|saved 2021-11-20 11:15:08.|sent 2021-11-20T13:10:02|received 2021-11-20T17:11:54
2021-20-11 11:15:14 AM|root|INFO|user_id 25523702|order_id 5032849102|saved 2021-11-20 11:15:14.|sent 2021-11-20T12:15:02|received 2021-11-20T17:13:42
2021-20-11 11:15:14 AM|root|INFO|user_id 25523702|order_id 5032845655|saved 2021-11-20 11:15:14.|sent 2021-11-20T12:15:18|received 2021-11-20T17:13:54
2021-20-11 11:20:07 AM|root|INFO|user_id 160190870|order_id 5032973752|saved 2021-11-20 11:20:07.|sent 2021-11-20T13:18:34|received 2021-11-20T17:19:47
2021-20-11 11:20:08 AM|root|INFO|user_id 160190870|order_id 5032975916|saved 2021-11-20 11:20:08.|sent 2021-11-20T13:19:10|received 2021-11-20T17:19:16
2021-20-11 11:20:08 AM|root|INFO|user_id 160190870|order_id 5032974709|saved 2021-11-20 11:20:08.|sent 2021-11-20T13:19:29|received 2021-11-20T17:19:39
2021-20-11 11:20:14 AM|root|INFO|user_id 25523702|order_id 5032969854|saved 2021-11-20 11:20:14.|sent 2021-11-20T13:16:42|received 2021-11-20T17:18:44
2021-20-11 11:25:08 AM|root|INFO|user_id 160190870|order_id 5032971452|saved 2021-11-20 11:25:08.|sent 2021-11-20T13:17:20|received 2021-11-20T17:23:25
2021-20-11 11:25:08 AM|root|INFO|user_id 160190870|order_id 5032981370|saved 2021-11-20 11:25:08.|sent 2021-11-20T13:21:21|received 2021-11-20T17:23:46
2021-20-11 11:25:08 AM|root|INFO|user_id 160190870|order_id 5032984020|saved 2021-11-20 11:25:08.|sent 2021-11-20T13:22:10|received 2021-11-20T17:24:24
2021-20-11 11:25:15 AM|root|INFO|user_id 25523702|order_id 5032977577|saved 2021-11-20 11:25:15.|sent 2021-11-20T13:20:51|received 2021-11-20T17:22:44
2021-20-11 11:25:15 AM|root|INFO|user_id 25523702|order_id 5032978506|saved 2021-11-20 11:25:15.|sent 2021-11-20T13:20:52|received 2021-11-20T17:22:49
2021-20-11 11:30:16 AM|root|INFO|user_id 25523702|order_id 5032995421|saved 2021-11-20 11:30:16.|sent 2021-11-20T13:29:27|received 2021-11-20T17:29:38
2021-20-11 11:35:15 AM|root|INFO|user_id 25523702|order_id 5033003093|saved 2021-11-20 11:35:15.|sent 2021-11-20T13:31:46|received 2021-11-20T17:34:07
2021-20-11 11:40:08 AM|root|INFO|user_id 160190870|order_id 5033012064|saved 2021-11-20 11:40:08.|sent 2021-11-20T13:35:42|received 2021-11-20T17:38:06
2021-20-11 11:40:08 AM|root|INFO|user_id 160190870|order_id 5032960057|saved 2021-11-20 11:40:08.|sent 2021-11-20T13:10:22|received 2021-11-20T17:38:29
2021-20-11 11:40:08 AM|root|INFO|user_id 160190870|order_id 5033006523|saved 2021-11-20 11:40:08.|sent 2021-11-20T13:36:02|received 2021-11-20T17:39:14
2021-20-11 11:40:14 AM|root|INFO|user_id 25523702|order_id 5033009790|saved 2021-11-20 11:40:14.|sent 2021-11-20T13:36:38|received 2021-11-20T17:38:26
2021-20-11 11:45:08 AM|root|INFO|user_id 160190870|order_id 5033016612|saved 2021-11-20 11:45:08.|sent 2021-11-20T13:40:27|received 2021-11-20T17:43:27
2021-20-11 11:45:08 AM|root|INFO|user_id 160190870|order_id 5033018513|saved 2021-11-20 11:45:08.|sent 2021-11-20T13:40:27|received 2021-11-20T17:43:27
2021-20-11 11:45:14 AM|root|INFO|user_id 25523702|order_id 5033018621|saved 2021-11-20 11:45:14.|sent 2021-11-20T13:40:55|received 2021-11-20T17:44:11
2021-20-11 11:50:08 AM|root|INFO|user_id 160190870|order_id 5033032273|saved 2021-11-20 11:50:08.|sent 2021-11-20T13:47:17|received 2021-11-20T17:48:24
2021-20-11 11:50:14 AM|root|INFO|user_id 25523702|order_id 5033034769|saved 2021-11-20 11:50:14.|sent 2021-11-20T13:49:09|received 2021-11-20T17:49:16
2021-20-11 11:50:14 AM|root|INFO|user_id 25523702|order_id 5033037405|saved 2021-11-20 11:50:14.|sent 2021-11-20T13:49:14|received 2021-11-20T17:49:21
2021-20-11 11:55:07 AM|root|INFO|user_id 160190870|order_id 5033034734|saved 2021-11-20 11:55:07.|sent 2021-11-20T13:49:04|received 2021-11-20T17:51:53
2021-20-11 11:55:07 AM|root|INFO|user_id 160190870|order_id 5033035996|saved 2021-11-20 11:55:07.|sent 2021-11-20T13:51:36|received 2021-11-20T17:54:56
2021-20-11 11:55:07 AM|root|INFO|user_id 160190870|order_id 5033035997|saved 2021-11-20 11:55:07.|sent 2021-11-20T13:51:36|received 2021-11-20T17:54:56
2021-20-11 11:55:07 AM|root|INFO|user_id 160190870|order_id 5033038760|saved 2021-11-20 11:55:07.|sent 2021-11-20T13:51:42|received 2021-11-20T17:53:43
2021-20-11 11:55:13 AM|root|INFO|user_id 25523702|order_id 5033040990|saved 2021-11-20 11:55:13.|sent 2021-11-20T13:52:48|received 2021-11-20T17:54:59
2021-20-11 12:00:12 PM|root|INFO|user_id 25523702|order_id 5033054814|saved 2021-11-20 12:00:12.|sent 2021-11-20T13:58:23|received 2021-11-20T17:59:55
2021-20-11 12:05:07 PM|root|INFO|user_id 160190870|order_id 5033049911|saved 2021-11-20 12:05:07.|sent 2021-11-20T13:59:06|received 2021-11-20T18:01:11
2021-20-11 12:05:07 PM|root|INFO|user_id 160190870|order_id 5033019653|saved 2021-11-20 12:05:07.|sent 2021-11-20T13:40:33|received 2021-11-20T18:02:28
2021-20-11 12:05:07 PM|root|INFO|user_id 160190870|order_id 5033065062|saved 2021-11-20 12:05:07.|sent 2021-11-20T14:02:07|received 2021-11-20T18:03:55
2021-20-11 12:05:07 PM|root|INFO|user_id 160190870|order_id 5032172049|saved 2021-11-20 12:05:07.|sent 2021-11-20T00:01:11|received 2021-11-20T18:04:47
2021-20-11 12:05:13 PM|root|INFO|user_id 25523702|order_id 5032973782|saved 2021-11-20 12:05:13.|sent 2021-11-20T13:18:42|received 2021-11-20T18:03:24
2021-20-11 12:05:13 PM|root|INFO|user_id 25523702|order_id 5033059692|saved 2021-11-20 12:05:13.|sent 2021-11-20T14:02:39|received 2021-11-20T18:04:37
2021-20-11 12:05:13 PM|root|INFO|user_id 25523702|order_id 5033063897|saved 2021-11-20 12:05:13.|sent 2021-11-20T14:04:12|received 2021-11-20T18:04:19
2021-20-11 12:05:14 PM|root|INFO|user_id 25523702|order_id 5033060807|saved 2021-11-20 12:05:14.|sent 2021-11-20T14:03:50|received 2021-11-20T18:05:07
2021-20-11 12:10:08 PM|root|INFO|user_id 160190870|order_id 5033068283|saved 2021-11-20 12:10:08.|sent 2021-11-20T14:05:22|received 2021-11-20T18:07:54
2021-20-11 12:10:08 PM|root|INFO|user_id 160190870|order_id 5033074339|saved 2021-11-20 12:10:08.|sent 2021-11-20T14:08:49|received 2021-11-20T18:08:58
2021-20-11 12:10:15 PM|root|INFO|user_id 25523702|order_id 5033077151|saved 2021-11-20 12:10:15.|sent 2021-11-20T14:09:19|received 2021-11-20T18:09:26
2021-20-11 12:10:15 PM|root|INFO|user_id 25523702|order_id 5033072985|saved 2021-11-20 12:10:15.|sent 2021-11-20T14:09:19|received 2021-11-20T18:10:00
2021-20-11 12:15:13 PM|root|INFO|user_id 25523702|order_id 5033079180|saved 2021-11-20 12:15:13.|sent 2021-11-20T14:10:00|received 2021-11-20T18:12:2
2021-20-11 12:15:14 PM|root|INFO|user_id 25523702|order_id 5033082168|saved 2021-11-20 12:15:14.|sent 2021-11-20T14:11:37|received 2021-11-20T18:14:53
2021-20-11 12:15:14 PM|root|INFO|user_id 25523702|order_id 5033083735|saved 2021-11-20 12:15:14.|sent 2021-11-20T14:13:27|received 2021-11-20T18:15:02
2021-20-11 12:15:14 PM|root|INFO|user_id 25523702|order_id 5033084639|saved 2021-11-20 12:15:14.|sent 2021-11-20T14:14:54|received 2021-11-20T18:14:59
2021-20-11 12:20:08 PM|root|INFO|user_id 160190870|order_id 5033088363|saved 2021-11-20 12:20:08.|sent 2021-11-20T14:15:20|received 2021-11-20T18:17:16
2021-20-11 12:20:08 PM|root|INFO|user_id 160190870|order_id 5033084661|saved 2021-11-20 12:20:08.|sent 2021-11-20T14:14:59|received 2021-11-20T18:17:37
2021-20-11 12:20:08 PM|root|INFO|user_id 160190870|order_id 5033095425|saved 2021-11-20 12:20:08.|sent 2021-11-20T14:18:58|received 2021-11-20T18:19:04
2021-20-11 12:20:08 PM|root|INFO|user_id 160190870|order_id 5033047093|saved 2021-11-20 12:20:08.|sent 2021-11-20T13:53:06|received 2021-11-20T18:19:57
2021-20-11 12:20:15 PM|root|INFO|user_id 25523702|order_id 5033087745|saved 2021-11-20 12:20:15.|sent 2021-11-20T14:16:32|received 2021-11-20T18:18:57
2021-20-11 12:25:08 PM|root|INFO|user_id 160190870|order_id 5033098378|saved 2021-11-20 12:25:08.|sent 2021-11-20T14:20:20|received 2021-11-20T18:22:18
2021-20-11 12:30:09 PM|root|INFO|user_id 160190870|order_id 5033106875|saved 2021-11-20 12:30:09.|sent 2021-11-20T14:26:18|received 2021-11-20T18:28:01
2021-20-11 12:35:15 PM|root|INFO|user_id 25523702|order_id 5033116653|saved 2021-11-20 12:35:15.|sent 2021-11-20T14:30:36|received 2021-11-20T18:32:53
2021-20-11 12:35:15 PM|root|INFO|user_id 25523702|order_id 5033119714|saved 2021-11-20 12:35:15.|sent 2021-11-20T14:32:14|received 2021-11-20T18:33:55
2021-20-11 12:35:15 PM|root|INFO|user_id 25523702|order_id 5033118637|saved 2021-11-20 12:35:15.|sent 2021-11-20T14:32:33|received 2021-11-20T18:34:27
2021-20-11 12:40:15 PM|root|INFO|user_id 25523702|order_id 5032202643|saved 2021-11-20 12:40:15.|sent 2021-11-20T00:44:30|received 2021-11-20T18:39:59
2021-20-11 12:40:15 PM|root|INFO|user_id 25523702|order_id 5033128550|saved 2021-11-20 12:40:15.|sent 2021-11-20T14:37:19|received 2021-11-20T18:39:29
2021-20-11 12:40:15 PM|root|INFO|user_id 25523702|order_id 5033132591|saved 2021-11-20 12:40:15.|sent 2021-11-20T14:37:59|received 2021-11-20T18:40:06
2021-20-11 12:40:15 PM|root|INFO|user_id 25523702|order_id 5033134316|saved 2021-11-20 12:40:15.|sent 2021-11-20T14:38:54|received 2021-11-20T18:39:
2021-20-11 12:45:08 PM|root|INFO|user_id 160190870|order_id 5032729782|saved 2021-11-20 12:45:08.|sent 2021-11-20T11:16:17|received 2021-11-20T18:44:43
2021-20-11 12:50:08 PM|root|INFO|user_id 160190870|order_id 5033149385|saved 2021-11-20 12:50:08.|sent 2021-11-20T14:45:44|received 2021-11-20T18:47:44
2021-20-11 12:50:08 PM|root|INFO|user_id 160190870|order_id 5033148274|saved 2021-11-20 12:50:08.|sent 2021-11-20T14:45:20|received 2021-11-20T18:48:05
2021-20-11 12:50:08 PM|root|INFO|user_id 160190870|order_id 5033151733|saved 2021-11-20 12:50:08.|sent 2021-11-20T14:47:50|received 2021-11-20T18:49:45
2021-20-11 12:50:08 PM|root|INFO|user_id 160190870|order_id 5033158167|saved 2021-11-20 12:50:08.|sent 2021-11-20T14:49:09|received 2021-11-20T18:49:17
2021-20-11 12:50:14 PM|root|INFO|user_id 25523702|order_id 5033147583|saved 2021-11-20 12:50:14.|sent 2021-11-20T14:45:46|received 2021-11-20T18:48:07
2021-20-11 12:55:08 PM|root|INFO|user_id 160190870|order_id 5033154484|saved 2021-11-20 12:55:08.|sent 2021-11-20T14:49:36|received 2021-11-20T18:52:14
2021-20-11 12:55:08 PM|root|INFO|user_id 160190870|order_id 5033156909|saved 2021-11-20 12:55:08.|sent 2021-11-20T14:51:04|received 2021-11-20T18:52:57
2021-20-11 12:55:08 PM|root|INFO|user_id 160190870|order_id 5033160672|saved 2021-11-20 12:55:08.|sent 2021-11-20T14:52:35|received 2021-11-20T18:54:53
2021-20-11 12:55:08 PM|root|INFO|user_id 160190870|order_id 5033163425|saved 2021-11-20 12:55:08.|sent 2021-11-20T14:53:33|received 2021-11-20T18:54:5
2021-20-11 12:55:14 PM|root|INFO|user_id 25523702|order_id 5033153953|saved 2021-11-20 12:55:14.|sent 2021-11-20T14:50:27|received 2021-11-20T18:52:43
2021-20-11 01:00:10 PM|root|INFO|user_id 160190870|order_id 5033164339|saved 2021-11-20 13:00:10.|sent 2021-11-20T14:53:48|received 2021-11-20T18:56:59
2021-20-11 01:00:10 PM|root|INFO|user_id 160190870|order_id 5033172183|saved 2021-11-20 13:00:10.|sent 2021-11-20T14:57:30|received 2021-11-20T18:59:41
2021-20-11 01:00:10 PM|root|INFO|user_id 160190870|order_id 5033058834|saved 2021-11-20 13:00:10.|sent 2021-11-20T14:01:26|received 2021-11-20T18:59:54
2021-20-11 01:00:10 PM|root|INFO|user_id 160190870|order_id 5033176665|saved 2021-11-20 13:00:10.|sent 2021-11-20T14:59:52|received 2021-11-20T18:59:58
2021-20-11 01:00:16 PM|root|INFO|user_id 25523702|order_id 5033176053|saved 2021-11-20 13:00:16.|sent 2021-11-20T14:57:57|received 2021-11-20T19:00:07
2021-20-11 01:00:16 PM|root|INFO|user_id 25523702|order_id 5033172498|saved 2021-11-20 13:00:16.|sent 2021-11-20T14:59:02|received 2021-11-20T19:00:07
2021-20-11 01:00:17 PM|root|INFO|user_id 25523702|order_id 5033172490|saved 2021-11-20 13:00:17.|sent 2021-11-20T14:59:02|received 2021-11-20T19:00:04
2021-20-11 01:00:17 PM|root|INFO|user_id 25523702|order_id 5033172487|saved 2021-11-20 13:00:17.|sent 2021-11-20T14:59:01|received 2021-11-20T19:00:04
2021-20-11 01:05:07 PM|root|INFO|user_id 160190870|order_id 5033182156|saved 2021-11-20 13:05:07.|sent 2021-11-20T15:01:38|received 2021-11-20T19:04:03
2021-20-11 01:05:08 PM|root|INFO|user_id 160190870|order_id 5033175916|saved 2021-11-20 13:05:08.|sent 2021-11-20T15:01:38|received 2021-11-20T19:04:03
2021-20-11 01:05:08 PM|root|INFO|user_id 160190870|order_id 5033181368|saved 2021-11-20 13:05:08.|sent 2021-11-20T15:02:11|received 2021-11-20T19:04:20
2021-20-11 01:05:08 PM|root|INFO|user_id 160190870|order_id 5033061462|saved 2021-11-20 13:05:08.|sent 2021-11-20T14:01:48|received 2021-11-20T19:04:44
2021-20-11 01:05:08 PM|root|INFO|user_id 160190870|order_id 5033180903|saved 2021-11-20 13:05:08.|sent 2021-11-20T15:04:21|received 2021-11-20T19:04:27
2021-20-11 01:05:08 PM|root|INFO|user_id 160190870|order_id 5033182829|saved 2021-11-20 13:05:08.|sent 2021-11-20T15:04:31|received 2021-11-20T19:04:38
2021-20-11 01:05:14 PM|root|INFO|user_id 25523702|order_id 5033176820|saved 2021-11-20 13:05:14.|sent 2021-11-20T15:00:24|received 2021-11-20T19:02:27
2021-20-11 01:10:14 PM|root|INFO|user_id 25523702|order_id 5033184900|saved 2021-11-20 13:10:14.|sent 2021-11-20T15:05:06|received 2021-11-20T19:07:45
2021-20-11 01:10:14 PM|root|INFO|user_id 25523702|order_id 5033196116|saved 2021-11-20 13:10:14.|sent 2021-11-20T15:09:29|received 2021-11-20T19:09:36
2021-20-11 01:15:14 PM|root|INFO|user_id 25523702|order_id 5033203471|saved 2021-11-20 13:15:14.|sent 2021-11-20T15:14:32|received 2021-11-20T19:14:39
2021-20-11 01:20:07 PM|root|INFO|user_id 160190870|order_id 5033216046|saved 2021-11-20 13:20:07.|sent 2021-11-20T15:19:34|received 2021-11-20T19:19:40
2021-20-11 01:20:13 PM|root|INFO|user_id 25523702|order_id 5033208155|saved 2021-11-20 13:20:13.|sent 2021-11-20T15:15:42|received 2021-11-20T19:16:52
2021-20-11 01:20:13 PM|root|INFO|user_id 25523702|order_id 5033214444|saved 2021-11-20 13:20:13.|sent 2021-11-20T15:19:58|received 2021-11-20T19:20:02
2021-20-11 01:25:08 PM|root|INFO|user_id 160190870|order_id 5033219593|saved 2021-11-20 13:25:08.|sent 2021-11-20T15:22:28|received 2021-11-20T19:24:36
2021-20-11 01:25:08 PM|root|INFO|user_id 160190870|order_id 5033220582|saved 2021-11-20 13:25:08.|sent 2021-11-20T15:23:27|received 2021-11-20T19:24:39
2021-20-11 01:30:15 PM|root|INFO|user_id 25523702|order_id 5033230138|saved 2021-11-20 13:30:15.|sent 2021-11-20T15:27:03|received 2021-11-20T19:29:00
2021-20-11 01:35:07 PM|root|INFO|user_id 160190870|order_id 5033186126|saved 2021-11-20 13:35:07.|sent 2021-11-20T15:04:15|received 2021-11-20T19:33:27
2021-20-11 01:35:07 PM|root|INFO|user_id 160190870|order_id 5033238166|saved 2021-11-20 13:35:07.|sent 2021-11-20T15:31:34|received 2021-11-20T19:33:45
2021-20-11 01:35:07 PM|root|INFO|user_id 160190870|order_id 5033234928|saved 2021-11-20 13:35:07.|sent 2021-11-20T15:32:41|received 2021-11-20T19:34:53
2021-20-11 01:35:07 PM|root|INFO|user_id 160190870|order_id 5033237943|saved 2021-11-20 13:35:07.|sent 2021-11-20T15:33:42|received 2021-11-20T19:34:45
2021-20-11 01:35:13 PM|root|INFO|user_id 25523702|order_id 5033232669|saved 2021-11-20 13:35:13.|sent 2021-11-20T15:30:19|received 2021-11-20T19:32:45
2021-20-11 01:40:07 PM|root|INFO|user_id 160190870|order_id 5033248062|saved 2021-11-20 13:40:07.|sent 2021-11-20T15:36:13|received 2021-11-20T19:38:17
2021-20-11 01:40:07 PM|root|INFO|user_id 160190870|order_id 5033246665|saved 2021-11-20 13:40:07.|sent 2021-11-20T15:38:04|received 2021-11-20T19:39:30
2021-20-11 01:40:08 PM|root|INFO|user_id 160190870|order_id 5033246782|saved 2021-11-20 13:40:08.|sent 2021-11-20T15:38:37|received 2021-11-20T19:39:46
2021-20-11 01:40:13 PM|root|INFO|user_id 25523702|order_id 5033197738|saved 2021-11-20 13:40:13.|sent 2021-11-20T15:12:05|received 2021-11-20T19:37:54
2021-20-11 01:45:07 PM|root|INFO|user_id 160190870|order_id 5033256641|saved 2021-11-20 13:45:07.|sent 2021-11-20T15:42:33|received 2021-11-20T19:44:27
2021-20-11 01:45:07 PM|root|INFO|user_id 160190870|order_id 5033257721|saved 2021-11-20 13:45:07.|sent 2021-11-20T15:44:08|received 2021-11-20T19:44:24
2021-20-11 01:50:14 PM|root|INFO|user_id 25523702|order_id 5033265368|saved 2021-11-20 13:50:14.|sent 2021-11-20T15:46:06|received 2021-11-20T19:48:06
2021-20-11 01:50:14 PM|root|INFO|user_id 25523702|order_id 5033265537|saved 2021-11-20 13:50:14.|sent 2021-11-20T15:46:45|received 2021-11-20T19:48:35
2021-20-11 01:50:14 PM|root|INFO|user_id 25523702|order_id 5033268371|saved 2021-11-20 13:50:14.|sent 2021-11-20T15:47:36|received 2021-11-20T19:49:57
2021-20-11 01:55:08 PM|root|INFO|user_id 160190870|order_id 5033225825|saved 2021-11-20 13:55:08.|sent 2021-11-20T15:26:33|received 2021-11-20T19:54:57
2021-20-11 02:00:11 PM|root|INFO|user_id 160190870|order_id 5033282481|saved 2021-11-20 14:00:11.|sent 2021-11-20T15:55:01|received 2021-11-20T19:56:57
2021-20-11 02:00:12 PM|root|INFO|user_id 160190870|order_id 5033285952|saved 2021-11-20 14:00:12.|sent 2021-11-20T15:58:50|received 2021-11-20T19:59:57
2021-20-11 02:00:17 PM|root|INFO|user_id 25523702|order_id 5033280690|saved 2021-11-20 14:00:17.|sent 2021-11-20T15:56:07|received 2021-11-20T19:58:39
2021-20-11 02:00:18 PM|root|INFO|user_id 25523702|order_id 5033285450|saved 2021-11-20 14:00:18.|sent 2021-11-20T15:56:33|received 2021-11-20T19:59:03
2021-20-11 02:05:09 PM|root|INFO|user_id 160190870|order_id 5033290787|saved 2021-11-20 14:05:09.|sent 2021-11-20T16:00:14|received 2021-11-20T20:02:00
2021-20-11 02:10:14 PM|root|INFO|user_id 25523702|order_id 5033253216|saved 2021-11-20 14:10:14.|sent 2021-11-20T15:39:20|received 2021-11-20T20:09:27
2021-20-11 02:10:15 PM|root|INFO|user_id 25523702|order_id 5033308752|saved 2021-11-20 14:10:15.|sent 2021-11-20T16:09:38|received 2021-11-20T20:09:4
2021-20-11 02:15:08 PM|root|INFO|user_id 160190870|order_id 5033321314|saved 2021-11-20 14:15:08.|sent 2021-11-20T16:14:50|received 2021-11-20T20:14:55
2021-20-11 02:20:14 PM|root|INFO|user_id 25523702|order_id 5033224513|saved 2021-11-20 14:20:14.|sent 2021-11-20T15:24:56|received 2021-11-20T20:19:08
2021-20-11 02:20:14 PM|root|INFO|user_id 25523702|order_id 5033317919|saved 2021-11-20 14:20:14.|sent 2021-11-20T16:16:43|received 2021-11-20T20:19:08
2021-20-11 02:25:14 PM|root|INFO|user_id 25523702|order_id 5033327685|saved 2021-11-20 14:25:14.|sent 2021-11-20T16:19:48|received 2021-11-20T20:23:00
2021-20-11 02:25:14 PM|root|INFO|user_id 25523702|order_id 5033337335|saved 2021-11-20 14:25:14.|sent 2021-11-20T16:23:25|received 2021-11-20T20:25:04
2021-20-11 02:25:14 PM|root|INFO|user_id 25523702|order_id 5033338791|saved 2021-11-20 14:25:14.|sent 2021-11-20T16:25:01|received 2021-11-20T20:25:04
2021-20-11 02:30:14 PM|root|INFO|user_id 25523702|order_id 5033343366|saved 2021-11-20 14:30:14.|sent 2021-11-20T16:26:47|received 2021-11-20T20:30:01
2021-20-11 02:30:14 PM|root|INFO|user_id 25523702|order_id 5033346447|saved 2021-11-20 14:30:14.|sent 2021-11-20T16:28:19|received 2021-11-20T20:30:07
2021-20-11 02:30:14 PM|root|INFO|user_id 25523702|order_id 5033350116|saved 2021-11-20 14:30:14.|sent 2021-11-20T16:29:20|received 2021-11-20T20:29:57
2021-20-11 02:35:08 PM|root|INFO|user_id 160190870|order_id 5033353531|saved 2021-11-20 14:35:08.|sent 2021-11-20T16:33:37|received 2021-11-20T20:34:50
2021-20-11 02:35:14 PM|root|INFO|user_id 25523702|order_id 5033350645|saved 2021-11-20 14:35:14.|sent 2021-11-20T16:31:41|received 2021-11-20T20:33:31
2021-20-11 02:40:08 PM|root|INFO|user_id 160190870|order_id 5033364651|saved 2021-11-20 14:40:08.|sent 2021-11-20T16:38:39|received 2021-11-20T20:39:46
2021-20-11 02:40:14 PM|root|INFO|user_id 25523702|order_id 5033322381|saved 2021-11-20 14:40:14.|sent 2021-11-20T16:16:28|received 2021-11-20T20:38:4
2021-20-11 02:40:14 PM|root|INFO|user_id 25523702|order_id 5033021144|saved 2021-11-20 14:40:14.|sent 2021-11-20T13:40:53|received 2021-11-20T20:40:07
2021-20-11 02:40:14 PM|root|INFO|user_id 25523702|order_id 5033368136|saved 2021-11-20 14:40:14.|sent 2021-11-20T16:39:12|received 2021-11-20T20:39:20
2021-20-11 02:45:08 PM|root|INFO|user_id 160190870|order_id 5033370523|saved 2021-11-20 14:45:08.|sent 2021-11-20T16:42:08|received 2021-11-20T20:44:00
2021-20-11 02:50:08 PM|root|INFO|user_id 25523702|order_id 5033378236|saved 2021-11-20 14:50:08.|sent 2021-11-20T16:45:16|received 2021-11-20T20:47:1
2021-20-11 02:50:08 PM|root|INFO|user_id 25523702|order_id 5033387446|saved 2021-11-20 14:50:08.|sent 2021-11-20T16:49:56|received 2021-11-20T20:49:59
2021-20-11 02:55:08 PM|root|INFO|user_id 160190870|order_id 5033376727|saved 2021-11-20 14:55:08.|sent 2021-11-20T16:45:03|received 2021-11-20T20:47:01
2021-20-11 02:55:08 PM|root|INFO|user_id 160190870|order_id 5033384089|saved 2021-11-20 14:55:08.|sent 2021-11-20T16:47:50|received 2021-11-20T20:49:48
2021-20-11 02:55:14 PM|root|INFO|user_id 25523702|order_id 5033382241|saved 2021-11-20 14:55:14.|sent 2021-11-20T16:46:42|received 2021-11-20T20:52:27
2021-20-11 02:55:14 PM|root|INFO|user_id 25523702|order_id 5033389731|saved 2021-11-20 14:55:14.|sent 2021-11-20T16:51:47|received 2021-11-20T20:53:54
2021-20-11 02:55:14 PM|root|INFO|user_id 25523702|order_id 5033391247|saved 2021-11-20 14:55:14.|sent 2021-11-20T16:52:02|received 2021-11-20T20:53:59
2021-20-11 02:55:14 PM|root|INFO|user_id 25523702|order_id 5033388819|saved 2021-11-20 14:55:14.|sent 2021-11-20T16:52:02|received 2021-11-20T20:54:25
2021-20-11 02:55:14 PM|root|INFO|user_id 25523702|order_id 5033349185|saved 2021-11-20 14:55:14.|sent 2021-11-20T16:29:26|received 2021-11-20T20:54:29
2021-20-11 03:00:11 PM|root|INFO|user_id 160190870|order_id 5033404328|saved 2021-11-20 15:00:11.|sent 2021-11-20T16:58:56|received 2021-11-20T20:59:59
2021-20-11 03:00:17 PM|root|INFO|user_id 25523702|order_id 5032552662|saved 2021-11-20 15:00:17.|sent 2021-11-20T09:39:40|received 2021-11-20T20:58:34
2021-20-11 03:00:17 PM|root|INFO|user_id 25523702|order_id 5033401453|saved 2021-11-20 15:00:17.|sent 2021-11-20T16:57:09|received 2021-11-20T20:59:18
2021-20-11 03:00:17 PM|root|INFO|user_id 25523702|order_id 5033395972|saved 2021-11-20 15:00:17.|sent 2021-11-20T16:57:20|received 2021-11-20T20:59:2
2021-20-11 03:00:17 PM|root|INFO|user_id 25523702|order_id 5033395973|saved 2021-11-20 15:00:17.|sent 2021-11-20T16:57:20|received 2021-11-20T20:59:20
2021-20-11 03:00:18 PM|root|INFO|user_id 25523702|order_id 5033404053|saved 2021-11-20 15:00:18.|sent 2021-11-20T16:57:38|received 2021-11-20T20:59:25
2021-20-11 03:05:07 PM|root|INFO|user_id 160190870|order_id 5033408816|saved 2021-11-20 15:05:07.|sent 2021-11-20T17:03:40|received 2021-11-20T21:04:41
2021-20-11 03:05:08 PM|root|INFO|user_id 160190870|order_id 5033416155|saved 2021-11-20 15:05:08.|sent 2021-11-20T17:04:27|received 2021-11-20T21:04:33
2021-20-11 03:05:08 PM|root|INFO|user_id 160190870|order_id 5033408933|saved 2021-11-20 15:05:08.|sent 2021-11-20T17:04:05|received 2021-11-20T21:04:45
2021-20-11 03:05:14 PM|root|INFO|user_id 25523702|order_id 5033410849|saved 2021-11-20 15:05:14.|sent 2021-11-20T17:03:31|received 2021-11-20T21:05:00
2021-20-11 03:10:08 PM|root|INFO|user_id 160190870|order_id 5033418230|saved 2021-11-20 15:10:08.|sent 2021-11-20T17:05:31|received 2021-11-20T21:07:36
2021-20-11 03:10:08 PM|root|INFO|user_id 160190870|order_id 5033416683|saved 2021-11-20 15:10:08.|sent 2021-11-20T17:06:17|received 2021-11-20T21:08:57
2021-20-11 03:10:08 PM|root|INFO|user_id 160190870|order_id 5033420122|saved 2021-11-20 15:10:08.|sent 2021-11-20T17:06:58|received 2021-11-20T21:09:35
2021-20-11 03:10:14 PM|root|INFO|user_id 25523702|order_id 5033415896|saved 2021-11-20 15:10:14.|sent 2021-11-20T17:06:49|received 2021-11-20T21:08:45
2021-20-11 03:10:14 PM|root|INFO|user_id 25523702|order_id 5033424050|saved 2021-11-20 15:10:14.|sent 2021-11-20T17:08:19|received 2021-11-20T21:09:38
2021-20-11 03:15:07 PM|root|INFO|user_id 160190870|order_id 5033428156|saved 2021-11-20 15:15:07.|sent 2021-11-20T17:11:08|received 2021-11-20T21:13:02
2021-20-11 03:15:07 PM|root|INFO|user_id 160190870|order_id 5033433154|saved 2021-11-20 15:15:07.|sent 2021-11-20T17:14:26|received 2021-11-20T21:14:33
2021-20-11 03:15:13 PM|root|INFO|user_id 25523702|order_id 5033431485|saved 2021-11-20 15:15:13.|sent 2021-11-20T17:13:07|received 2021-11-20T21:15:04
2021-20-11 03:20:08 PM|root|INFO|user_id 160190870|order_id 5033433344|saved 2021-11-20 15:20:08.|sent 2021-11-20T17:15:01|received 2021-11-20T21:17:05
2021-20-11 03:20:08 PM|root|INFO|user_id 160190870|order_id 5033437420|saved 2021-11-20 15:20:08.|sent 2021-11-20T17:17:17|received 2021-11-20T21:19:09
2021-20-11 03:20:14 PM|root|INFO|user_id 25523702|order_id 5033440118|saved 2021-11-20 15:20:14.|sent 2021-11-20T17:17:25|received 2021-11-20T21:19:28
2021-20-11 03:25:08 PM|root|INFO|user_id 160190870|order_id 5033444282|saved 2021-11-20 15:25:07.|sent 2021-11-20T17:20:00|received 2021-11-20T21:21:51
2021-20-11 03:25:14 PM|root|INFO|user_id 25523702|order_id 5033450089|saved 2021-11-20 15:25:14.|sent 2021-11-20T17:22:42|received 2021-11-20T21:24:31
2021-20-11 03:30:14 PM|root|INFO|user_id 25523702|order_id 5033460193|saved 2021-11-20 15:30:14.|sent 2021-11-20T17:28:19|received 2021-11-20T21:29:59
2021-20-11 03:35:13 PM|root|INFO|user_id 25523702|order_id 5033465878|saved 2021-11-20 15:35:13.|sent 2021-11-20T17:33:13|received 2021-11-20T21:35:01
2021-20-11 03:40:08 PM|root|INFO|user_id 160190870|order_id 5033474342|saved 2021-11-20 15:40:08.|sent 2021-11-20T17:36:07|received 2021-11-20T21:38:27
2021-20-11 03:40:14 PM|root|INFO|user_id 25523702|order_id 5032027433|saved 2021-11-20 15:40:14.|sent 2021-11-19T22:07:41|received 2021-11-20T21:38:16
2021-20-11 03:40:14 PM|root|INFO|user_id 25523702|order_id 5033476312|saved 2021-11-20 15:40:14.|sent 2021-11-20T17:38:02|received 2021-11-20T21:39:48
2021-20-11 03:45:13 PM|root|INFO|user_id 25523702|order_id 5033490413|saved 2021-11-20 15:45:13.|sent 2021-11-20T17:44:49|received 2021-11-20T21:44:55
2021-20-11 03:50:14 PM|root|INFO|user_id 25523702|order_id 5033492204|saved 2021-11-20 15:50:14.|sent 2021-11-20T17:45:16|received 2021-11-20T21:47:14
2021-20-11 03:50:14 PM|root|INFO|user_id 25523702|order_id 5033495947|saved 2021-11-20 15:50:14.|sent 2021-11-20T17:49:39|received 2021-11-20T21:49:46
2021-20-11 03:55:07 PM|root|INFO|user_id 160190870|order_id 5033506022|saved 2021-11-20 15:55:07.|sent 2021-11-20T17:51:53|received 2021-11-20T21:54:30
2021-20-11 03:55:07 PM|root|INFO|user_id 160190870|order_id 5033467178|saved 2021-11-20 15:55:07.|sent 2021-11-20T17:31:44|received 2021-11-20T21:54:45
2021-20-11 03:55:07 PM|root|INFO|user_id 160190870|order_id 5033505522|saved 2021-11-20 15:55:07.|sent 2021-11-20T17:53:20|received 2021-11-20T21:54:4
2021-20-11 04:00:12 PM|root|INFO|user_id 160190870|order_id 5033516425|saved 2021-11-20 16:00:12.|sent 2021-11-20T17:58:56|received 2021-11-20T22:00:01
2021-20-11 04:00:12 PM|root|INFO|user_id 160190870|order_id 5033519112|saved 2021-11-20 16:00:12.|sent 2021-11-20T17:59:49|received 2021-11-20T21:59:56
2021-20-11 04:00:18 PM|root|INFO|user_id 25523702|order_id 5033510724|saved 2021-11-20 16:00:18.|sent 2021-11-20T17:56:44|received 2021-11-20T21:58:40
2021-20-11 04:00:19 PM|root|INFO|user_id 25523702|order_id 5033513573|saved 2021-11-20 16:00:19.|sent 2021-11-20T17:58:30|received 2021-11-20T22:00:11
2021-20-11 04:05:08 PM|root|INFO|user_id 160190870|order_id 5033520628|saved 2021-11-20 16:05:08.|sent 2021-11-20T18:02:02|received 2021-11-20T22:03:53
2021-20-11 04:10:08 PM|root|INFO|user_id 160190870|order_id 5033532110|saved 2021-11-20 16:10:08.|sent 2021-11-20T18:06:45|received 2021-11-20T22:08:34
2021-20-11 04:10:08 PM|root|INFO|user_id 160190870|order_id 5033527684|saved 2021-11-20 16:10:08.|sent 2021-11-20T18:06:45|received 2021-11-20T22:08:46
2021-20-11 04:10:15 PM|root|INFO|user_id 25523702|order_id 5033528506|saved 2021-11-20 16:10:15.|sent 2021-11-20T18:05:56|received 2021-11-20T22:08:08
2021-20-11 04:15:13 PM|root|INFO|user_id 25523702|order_id 5033537174|saved 2021-11-20 16:15:13.|sent 2021-11-20T18:08:55|received 2021-11-20T22:12:14
2021-20-11 04:15:13 PM|root|INFO|user_id 25523702|order_id 5033536849|saved 2021-11-20 16:15:13.|sent 2021-11-20T18:11:28|received 2021-11-20T22:13:21
2021-20-11 04:20:13 PM|root|INFO|user_id 25523702|order_id 5033544526|saved 2021-11-20 16:20:13.|sent 2021-11-20T18:15:14|received 2021-11-20T22:17:19
2021-20-11 04:20:13 PM|root|INFO|user_id 25523702|order_id 5033545501|saved 2021-11-20 16:20:13.|sent 2021-11-20T18:15:16|received 2021-11-20T22:17:31
2021-20-11 04:20:14 PM|root|INFO|user_id 25523702|order_id 5033553350|saved 2021-11-20 16:20:14.|sent 2021-11-20T18:19:00|received 2021-11-20T22:19:11
2021-20-11 04:25:08 PM|root|INFO|user_id 160190870|order_id 5033559060|saved 2021-11-20 16:25:08.|sent 2021-11-20T18:21:29|received 2021-11-20T22:24:01
2021-20-11 04:25:08 PM|root|INFO|user_id 160190870|order_id 5033556439|saved 2021-11-20 16:25:08.|sent 2021-11-20T18:21:55|received 2021-11-20T22:24:07
2021-20-11 04:30:10 PM|root|INFO|user_id 25523702|order_id 5033567188|saved 2021-11-20 16:30:10.|sent 2021-11-20T18:25:49|received 2021-11-20T22:27:42
2021-20-11 04:35:07 PM|root|INFO|user_id 160190870|order_id 5033567013|saved 2021-11-20 16:35:07.|sent 2021-11-20T18:25:03|received 2021-11-20T22:27:59
2021-20-11 04:35:07 PM|root|INFO|user_id 160190870|order_id 5033575226|saved 2021-11-20 16:35:07.|sent 2021-11-20T18:30:48|received 2021-11-20T22:33:00
2021-20-11 04:35:07 PM|root|INFO|user_id 160190870|order_id 5033574735|saved 2021-11-20 16:35:07.|sent 2021-11-20T18:33:09|received 2021-11-20T22:34:46
2021-20-11 04:35:13 PM|root|INFO|user_id 25523702|order_id 5033575222|saved 2021-11-20 16:35:13.|sent 2021-11-20T18:30:48|received 2021-11-20T22:33:02
2021-20-11 04:40:07 PM|root|INFO|user_id 160190870|order_id 5033585504|saved 2021-11-20 16:40:07.|sent 2021-11-20T18:36:57|received 2021-11-20T22:38:55
2021-20-11 04:40:08 PM|root|INFO|user_id 160190870|order_id 5033585678|saved 2021-11-20 16:40:08.|sent 2021-11-20T18:37:32|received 2021-11-20T22:39:28
2021-20-11 04:40:14 PM|root|INFO|user_id 25523702|order_id 5033586502|saved 2021-11-20 16:40:14.|sent 2021-11-20T18:37:35|received 2021-11-20T22:40:05
2021-20-11 04:40:14 PM|root|INFO|user_id 25523702|order_id 5033589115|saved 2021-11-20 16:40:14.|sent 2021-11-20T18:38:49|received 2021-11-20T22:40:03
2021-20-11 04:45:07 PM|root|INFO|user_id 160190870|order_id 5033590533|saved 2021-11-20 16:45:07.|sent 2021-11-20T18:40:24|received 2021-11-20T22:42:09
2021-20-11 04:45:07 PM|root|INFO|user_id 160190870|order_id 5033587953|saved 2021-11-20 16:45:07.|sent 2021-11-20T18:41:08|received 2021-11-20T22:43:17
2021-20-11 04:45:07 PM|root|INFO|user_id 160190870|order_id 5033584962|saved 2021-11-20 16:45:07.|sent 2021-11-20T18:38:20|received 2021-11-20T22:44:57
2021-20-11 04:45:07 PM|root|INFO|user_id 160190870|order_id 5033597745|saved 2021-11-20 16:45:07.|sent 2021-11-20T18:44:31|received 2021-11-20T22:44:39
2021-20-11 04:50:14 PM|root|INFO|user_id 25523702|order_id 5033597984|saved 2021-11-20 16:50:14.|sent 2021-11-20T18:45:19|received 2021-11-20T22:47:29
2021-20-11 04:50:14 PM|root|INFO|user_id 25523702|order_id 5033602101|saved 2021-11-20 16:50:14.|sent 2021-11-20T18:45:42|received 2021-11-20T22:47:45
2021-20-11 04:55:14 PM|root|INFO|user_id 25523702|order_id 5033609377|saved 2021-11-20 16:55:14.|sent 2021-11-20T18:50:13|received 2021-11-20T22:52:19
2021-20-11 04:55:14 PM|root|INFO|user_id 25523702|order_id 5033612625|saved 2021-11-20 16:55:14.|sent 2021-11-20T18:53:43|received 2021-11-20T22:54:45
2021-20-11 05:00:13 PM|root|INFO|user_id 160190870|order_id 5033613000|saved 2021-11-20 17:00:13.|sent 2021-11-20T18:55:37|received 2021-11-20T22:58:49
2021-20-11 05:00:19 PM|root|INFO|user_id 25523702|order_id 5033626119|saved 2021-11-20 17:00:19.|sent 2021-11-20T18:59:31|received 2021-11-20T22:59:39
2021-20-11 05:00:19 PM|root|INFO|user_id 25523702|order_id 5033624279|saved 2021-11-20 17:00:19.|sent 2021-11-20T18:59:13|received 2021-11-20T22:59:56
2021-20-11 05:05:07 PM|root|INFO|user_id 160190870|order_id 5033628261|saved 2021-11-20 17:05:07.|sent 2021-11-20T19:00:05|received 2021-11-20T23:02:06
2021-20-11 05:05:08 PM|root|INFO|user_id 160190870|order_id 5033635158|saved 2021-11-20 17:05:08.|sent 2021-11-20T19:04:12|received 2021-11-20T23:04:23
2021-20-11 05:10:08 PM|root|INFO|user_id 160190870|order_id 5033638043|saved 2021-11-20 17:10:08.|sent 2021-11-20T19:05:41|received 2021-11-20T23:07:37
2021-20-11 05:10:08 PM|root|INFO|user_id 160190870|order_id 5033636264|saved 2021-11-20 17:10:08.|sent 2021-11-20T19:05:45|received 2021-11-20T23:07:41
2021-20-11 05:10:08 PM|root|INFO|user_id 160190870|order_id 5033640169|saved 2021-11-20 17:10:08.|sent 2021-11-20T19:06:35|received 2021-11-20T23:08:32
2021-20-11 05:10:08 PM|root|INFO|user_id 160190870|order_id 5033637407|saved 2021-11-20 17:10:08.|sent 2021-11-20T19:06:44|received 2021-11-20T23:08:48
2021-20-11 05:10:15 PM|root|INFO|user_id 25523702|order_id 5033631961|saved 2021-11-20 17:10:15.|sent 2021-11-20T19:05:10|received 2021-11-20T23:06:54
2021-20-11 05:15:08 PM|root|INFO|user_id 160190870|order_id 5033642606|saved 2021-11-20 17:15:08.|sent 2021-11-20T19:10:10|received 2021-11-20T23:12:02
2021-20-11 05:15:08 PM|root|INFO|user_id 160190870|order_id 5033476094|saved 2021-11-20 17:15:08.|sent 2021-11-20T17:37:20|received 2021-11-20T23:14:00
2021-20-11 05:15:14 PM|root|INFO|user_id 25523702|order_id 5033647090|saved 2021-11-20 17:15:14.|sent 2021-11-20T19:09:57|received 2021-11-20T23:13:35
2021-20-11 05:20:07 PM|root|INFO|user_id 160190870|order_id 5033650978|saved 2021-11-20 17:20:07.|sent 2021-11-20T19:15:24|received 2021-11-20T23:17:26
2021-20-11 05:20:07 PM|root|INFO|user_id 160190870|order_id 5033650944|saved 2021-11-20 17:20:07.|sent 2021-11-20T19:15:16|received 2021-11-20T23:19:12
2021-20-11 05:20:07 PM|root|INFO|user_id 160190870|order_id 5033657253|saved 2021-11-20 17:20:07.|sent 2021-11-20T19:17:01|received 2021-11-20T23:19:00
2021-20-11 05:20:07 PM|root|INFO|user_id 160190870|order_id 5033664033|saved 2021-11-20 17:20:07.|sent 2021-11-20T19:19:45|received 2021-11-20T23:19:52
2021-20-11 05:20:14 PM|root|INFO|user_id 25523702|order_id 5033652763|saved 2021-11-20 17:20:14.|sent 2021-11-20T19:15:18|received 2021-11-20T23:17:12
2021-20-11 05:25:07 PM|root|INFO|user_id 160190870|order_id 5033664650|saved 2021-11-20 17:25:07.|sent 2021-11-20T19:23:03|received 2021-11-20T23:24:28
2021-20-11 05:25:07 PM|root|INFO|user_id 160190870|order_id 5033668566|saved 2021-11-20 17:25:07.|sent 2021-11-20T19:24:40|received 2021-11-20T23:24:46
2021-20-11 05:25:14 PM|root|INFO|user_id 25523702|order_id 5033664658|saved 2021-11-20 17:25:14.|sent 2021-11-20T19:23:04|received 2021-11-20T23:24:56
2021-20-11 05:30:09 PM|root|INFO|user_id 160190870|order_id 5033671896|saved 2021-11-20 17:30:09.|sent 2021-11-20T19:26:11|received 2021-11-20T23:28:11
2021-20-11 05:35:07 PM|root|INFO|user_id 160190870|order_id 5032820913|saved 2021-11-20 17:35:07.|sent 2021-11-20T12:02:36|received 2021-11-20T23:34:3
2021-20-11 05:40:08 PM|root|INFO|user_id 160190870|order_id 5033688670|saved 2021-11-20 17:40:08.|sent 2021-11-20T19:35:49|received 2021-11-20T23:38:00
2021-20-11 05:40:08 PM|root|INFO|user_id 160190870|order_id 5033694721|saved 2021-11-20 17:40:08.|sent 2021-11-20T19:39:30|received 2021-11-20T23:39:37
2021-20-11 05:40:14 PM|root|INFO|user_id 25523702|order_id 5033691179|saved 2021-11-20 17:40:14.|sent 2021-11-20T19:35:37|received 2021-11-20T23:37:48
2021-20-11 05:40:14 PM|root|INFO|user_id 25523702|order_id 5033686747|saved 2021-11-20 17:40:14.|sent 2021-11-20T19:35:57|received 2021-11-20T23:37:48
2021-20-11 05:40:15 PM|root|INFO|user_id 25523702|order_id 5033689817|saved 2021-11-20 17:40:15.|sent 2021-11-20T19:38:02|received 2021-11-20T23:39:5
2021-20-11 05:40:15 PM|root|INFO|user_id 25523702|order_id 5033693371|saved 2021-11-20 17:40:15.|sent 2021-11-20T19:38:13|received 2021-11-20T23:39:5
2021-20-11 05:45:07 PM|root|INFO|user_id 160190870|order_id 5033696578|saved 2021-11-20 17:45:07.|sent 2021-11-20T19:40:23|received 2021-11-20T23:42:35
2021-20-11 05:45:07 PM|root|INFO|user_id 160190870|order_id 5033698599|saved 2021-11-20 17:45:07.|sent 2021-11-20T19:42:22|received 2021-11-20T23:44:36
2021-20-11 05:45:13 PM|root|INFO|user_id 25523702|order_id 5033703554|saved 2021-11-20 17:45:13.|sent 2021-11-20T19:44:55|received 2021-11-20T23:45:03
2021-20-11 05:50:08 PM|root|INFO|user_id 160190870|order_id 5033703619|saved 2021-11-20 17:50:08.|sent 2021-11-20T19:45:18|received 2021-11-20T23:47:23
2021-20-11 05:50:08 PM|root|INFO|user_id 160190870|order_id 5033708961|saved 2021-11-20 17:50:08.|sent 2021-11-20T19:47:48|received 2021-11-20T23:50:00
2021-20-11 05:50:14 PM|root|INFO|user_id 25523702|order_id 5033706852|saved 2021-11-20 17:50:14.|sent 2021-11-20T19:47:00|received 2021-11-20T23:48:53
2021-20-11 05:50:14 PM|root|INFO|user_id 25523702|order_id 5033707831|saved 2021-11-20 17:50:14.|sent 2021-11-20T19:47:10|received 2021-11-20T23:49:03
2021-20-11 05:55:09 PM|root|INFO|user_id 160190870|order_id 5033722223|saved 2021-11-20 17:55:09.|sent 2021-11-20T19:53:48|received 2021-11-20T23:54:49
2021-20-11 05:55:15 PM|root|INFO|user_id 25523702|order_id 5033719016|saved 2021-11-20 17:55:15.|sent 2021-11-20T19:51:29|received 2021-11-20T23:53:
2021-20-11 05:55:15 PM|root|INFO|user_id 25523702|order_id 5033720096|saved 2021-11-20 17:55:15.|sent 2021-11-20T19:52:06|received 2021-11-20T23:53:56
2021-20-11 05:55:15 PM|root|INFO|user_id 25523702|order_id 5033721320|saved 2021-11-20 17:55:15.|sent 2021-11-20T19:53:26|received 2021-11-20T23:54:56
2021-20-11 06:05:02 PM|root|INFO|user_id 160190870|order_id 5033739345|saved 2021-11-20 18:05:02.|sent 2021-11-20T20:03:43|received 2021-11-21T00:03:49
2021-20-11 06:05:02 PM|root|INFO|user_id 25523702|order_id 5033734657|saved 2021-11-20 18:05:02.|sent 2021-11-20T20:01:15|received 2021-11-21T00:03:03
2021-20-11 06:10:02 PM|root|INFO|user_id 160190870|order_id 5033744150|saved 2021-11-20 18:10:02.|sent 2021-11-20T20:06:20|received 2021-11-21T00:07:54
2021-20-11 06:10:02 PM|root|INFO|user_id 160190870|order_id 5033745149|saved 2021-11-20 18:10:02.|sent 2021-11-20T20:06:43|received 2021-11-21T00:08:47
2021-20-11 06:10:02 PM|root|INFO|user_id 160190870|order_id 5033743396|saved 2021-11-20 18:10:02.|sent 2021-11-20T20:06:52|received 2021-11-21T00:08:38
2021-20-11 06:10:03 PM|root|INFO|user_id 160190870|order_id 5033742637|saved 2021-11-20 18:10:03.|sent 2021-11-20T20:07:28|received 2021-11-21T00:09:35
2021-20-11 06:10:03 PM|root|INFO|user_id 25523702|order_id 5033742077|saved 2021-11-20 18:10:03.|sent 2021-11-20T20:05:17|received 2021-11-21T00:07:20
2021-20-11 06:15:02 PM|root|INFO|user_id 160190870|order_id 5033751433|saved 2021-11-20 18:15:02.|sent 2021-11-20T20:10:51|received 2021-11-21T00:14:09
2021-20-11 06:15:03 PM|root|INFO|user_id 25523702|order_id 5033755293|saved 2021-11-20 18:15:03.|sent 2021-11-20T20:13:39|received 2021-11-21T00:13:47
2021-20-11 06:20:02 PM|root|INFO|user_id 160190870|order_id 5033759504|saved 2021-11-20 18:20:02.|sent 2021-11-20T20:16:31|received 2021-11-21T00:18:30
2021-20-11 06:25:03 PM|root|INFO|user_id 160190870|order_id 5033772208|saved 2021-11-20 18:25:03.|sent 2021-11-20T20:23:56|received 2021-11-21T00:24:02
2021-20-11 06:25:03 PM|root|INFO|user_id 160190870|order_id 5033766940|saved 2021-11-20 18:25:03.|sent 2021-11-20T20:23:29|received 2021-11-21T00:24:3
2021-20-11 06:25:03 PM|root|INFO|user_id 160190870|order_id 5033772123|saved 2021-11-20 18:25:03.|sent 2021-11-20T20:23:34|received 2021-11-21T00:24:40
2021-20-11 06:25:03 PM|root|INFO|user_id 160190870|order_id 5033772207|saved 2021-11-20 18:25:03.|sent 2021-11-20T20:23:56|received 2021-11-21T00:24:35
2021-20-11 06:25:04 PM|root|INFO|user_id 25523702|order_id 5033772204|saved 2021-11-20 18:25:04.|sent 2021-11-20T20:23:55|received 2021-11-21T00:24:33
2021-20-11 06:30:04 PM|root|INFO|user_id 160190870|order_id 5033773544|saved 2021-11-20 18:30:04.|sent 2021-11-20T20:25:33|received 2021-11-21T00:27:23
2021-20-11 06:30:04 PM|root|INFO|user_id 160190870|order_id 5033772572|saved 2021-11-20 18:30:04.|sent 2021-11-20T20:26:16|received 2021-11-21T00:28:05
2021-20-11 06:30:04 PM|root|INFO|user_id 160190870|order_id 5033772570|saved 2021-11-20 18:30:04.|sent 2021-11-20T20:26:16|received 2021-11-21T00:28:33
2021-20-11 06:30:04 PM|root|INFO|user_id 160190870|order_id 5033778109|saved 2021-11-20 18:30:04.|sent 2021-11-20T20:27:25|received 2021-11-21T00:28:34
2021-20-11 06:30:04 PM|root|INFO|user_id 160190870|order_id 5033782345|saved 2021-11-20 18:30:04.|sent 2021-11-20T20:28:57|received 2021-11-21T00:29:06
2021-20-11 06:30:05 PM|root|INFO|user_id 25523702|order_id 5033773408|saved 2021-11-20 18:30:05.|sent 2021-11-20T20:25:03|received 2021-11-21T00:27:01
2021-20-11 06:30:05 PM|root|INFO|user_id 25523702|order_id 5033772831|saved 2021-11-20 18:30:05.|sent 2021-11-20T20:27:25|received 2021-11-21T00:29:50
2021-20-11 06:35:05 PM|root|INFO|user_id 25523702|order_id 5033779866|saved 2021-11-20 18:35:05.|sent 2021-11-20T20:30:32|received 2021-11-21T00:32:21
2021-20-11 06:35:05 PM|root|INFO|user_id 25523702|order_id 5033786560|saved 2021-11-20 18:35:05.|sent 2021-11-20T20:33:03|received 2021-11-21T00:35:03
2021-20-11 06:35:05 PM|root|INFO|user_id 25523702|order_id 5033785697|saved 2021-11-20 18:35:05.|sent 2021-11-20T20:33:28|received 2021-11-21T00:35:03
2021-20-11 06:35:06 PM|root|INFO|user_id 25523702|order_id 5033791002|saved 2021-11-20 18:35:06.|sent 2021-11-20T20:34:13|received 2021-11-21T00:34:51
2021-20-11 06:40:04 PM|root|INFO|user_id 160190870|order_id 5033791990|saved 2021-11-20 18:40:04.|sent 2021-11-20T20:39:24|received 2021-11-21T00:39:30
2021-20-11 06:40:04 PM|root|INFO|user_id 160190870|order_id 5033801122|saved 2021-11-20 18:40:04.|sent 2021-11-20T20:39:24|received 2021-11-21T00:39:30
2021-20-11 06:40:05 PM|root|INFO|user_id 160190870|order_id 5033800202|saved 2021-11-20 18:40:05.|sent 2021-11-20T20:39:28|received 2021-11-21T00:39:36
2021-20-11 06:40:06 PM|root|INFO|user_id 25523702|order_id 5033802114|saved 2021-11-20 18:40:06.|sent 2021-11-20T20:40:01|received 2021-11-21T00:40:03
2021-20-11 06:45:05 PM|root|INFO|user_id 160190870|order_id 5033796984|saved 2021-11-20 18:45:05.|sent 2021-11-20T20:42:23|received 2021-11-21T00:45:0
2021-20-11 06:50:05 PM|root|INFO|user_id 160190870|order_id 5033811795|saved 2021-11-20 18:50:05.|sent 2021-11-20T20:49:18|received 2021-11-21T00:49:25
2021-20-11 06:50:07 PM|root|INFO|user_id 25523702|order_id 5033812949|saved 2021-11-20 18:50:07.|sent 2021-11-20T20:49:50|received 2021-11-21T00:49:5
2021-20-11 06:55:05 PM|root|INFO|user_id 160190870|order_id 5033816226|saved 2021-11-20 18:55:05.|sent 2021-11-20T20:50:43|received 2021-11-21T00:53:10
2021-20-11 06:55:05 PM|root|INFO|user_id 160190870|order_id 5033826216|saved 2021-11-20 18:55:05.|sent 2021-11-20T20:54:43|received 2021-11-21T00:54:49
2021-20-11 06:55:07 PM|root|INFO|user_id 25523702|order_id 5033816160|saved 2021-11-20 18:55:07.|sent 2021-11-20T20:50:19|received 2021-11-21T00:52:0
2021-20-11 06:55:07 PM|root|INFO|user_id 25523702|order_id 5033823188|saved 2021-11-20 18:55:07.|sent 2021-11-20T20:54:37|received 2021-11-21T00:54:43
2021-20-11 07:00:08 PM|root|INFO|user_id 160190870|order_id 5033832022|saved 2021-11-20 19:00:08.|sent 2021-11-20T20:57:52|received 2021-11-21T00:59:47
2021-20-11 07:00:08 PM|root|INFO|user_id 160190870|order_id 5033831054|saved 2021-11-20 19:00:08.|sent 2021-11-20T20:57:57|received 2021-11-21T01:00:00
2021-20-11 07:00:10 PM|root|INFO|user_id 25523702|order_id 5033824381|saved 2021-11-20 19:00:10.|sent 2021-11-20T20:55:11|received 2021-11-21T00:56:57
2021-20-11 07:05:05 PM|root|INFO|user_id 160190870|order_id 5033838111|saved 2021-11-20 19:05:05.|sent 2021-11-20T21:02:06|received 2021-11-21T01:04:07
2021-20-11 07:10:05 PM|root|INFO|user_id 160190870|order_id 5033838989|saved 2021-11-20 19:10:05.|sent 2021-11-20T21:05:20|received 2021-11-21T01:06:57
2021-20-11 07:10:05 PM|root|INFO|user_id 160190870|order_id 5033845537|saved 2021-11-20 19:10:05.|sent 2021-11-20T21:07:26|received 2021-11-21T01:10:01
2021-20-11 07:10:05 PM|root|INFO|user_id 160190870|order_id 5033846208|saved 2021-11-20 19:10:05.|sent 2021-11-20T21:09:12|received 2021-11-21T01:09:18
2021-20-11 07:10:05 PM|root|INFO|user_id 160190870|order_id 5033846207|saved 2021-11-20 19:10:05.|sent 2021-11-20T21:09:12|received 2021-11-21T01:09:1
2021-20-11 07:10:07 PM|root|INFO|user_id 25523702|order_id 5033845859|saved 2021-11-20 19:10:07.|sent 2021-11-20T21:08:44|received 2021-11-21T01:09:57
2021-20-11 07:10:08 PM|root|INFO|user_id 25523702|order_id 5033846108|saved 2021-11-20 19:10:08.|sent 2021-11-20T21:08:41|received 2021-11-21T01:09:4
2021-20-11 07:20:06 PM|root|INFO|user_id 160190870|order_id 5033853616|saved 2021-11-20 19:20:06.|sent 2021-11-20T21:15:15|received 2021-11-21T01:17:23
2021-20-11 07:20:06 PM|root|INFO|user_id 160190870|order_id 5033862261|saved 2021-11-20 19:20:06.|sent 2021-11-20T21:17:57|received 2021-11-21T01:19:55
2021-20-11 07:20:07 PM|root|INFO|user_id 160190870|order_id 5033860640|saved 2021-11-20 19:20:07.|sent 2021-11-20T21:19:13|received 2021-11-21T01:19:33
2021-20-11 07:20:09 PM|root|INFO|user_id 25523702|order_id 5033858826|saved 2021-11-20 19:20:09.|sent 2021-11-20T21:19:28|received 2021-11-21T01:19:40
2021-20-11 07:25:07 PM|root|INFO|user_id 160190870|order_id 5033863862|saved 2021-11-20 19:25:07.|sent 2021-11-20T21:20:45|received 2021-11-21T01:22:52
2021-20-11 07:25:09 PM|root|INFO|user_id 25523702|order_id 5033754962|saved 2021-11-20 19:25:09.|sent 2021-11-20T20:16:07|received 2021-11-21T01:24:41
2021-20-11 07:25:09 PM|root|INFO|user_id 25523702|order_id 5033866826|saved 2021-11-20 19:25:09.|sent 2021-11-20T21:24:01|received 2021-11-21T01:24:08
2021-20-11 07:30:08 PM|root|INFO|user_id 160190870|order_id 5033874336|saved 2021-11-20 19:30:08.|sent 2021-11-20T21:26:19|received 2021-11-21T01:29:36
2021-20-11 07:30:11 PM|root|INFO|user_id 25523702|order_id 5033874046|saved 2021-11-20 19:30:11.|sent 2021-11-20T21:25:06|received 2021-11-21T01:27:13
2021-20-11 07:30:11 PM|root|INFO|user_id 25523702|order_id 5033876620|saved 2021-11-20 19:30:11.|sent 2021-11-20T21:28:31|received 2021-11-21T01:30:07
2021-20-11 07:35:06 PM|root|INFO|user_id 160190870|order_id 5033882967|saved 2021-11-20 19:35:06.|sent 2021-11-20T21:32:59|received 2021-11-21T01:34:10
2021-20-11 07:35:06 PM|root|INFO|user_id 160190870|order_id 5033885158|saved 2021-11-20 19:35:06.|sent 2021-11-20T21:33:16|received 2021-11-21T01:34:41
2021-20-11 07:35:09 PM|root|INFO|user_id 25523702|order_id 5033881197|saved 2021-11-20 19:35:09.|sent 2021-11-20T21:30:04|received 2021-11-21T01:31:14
2021-20-11 07:40:07 PM|root|INFO|user_id 160190870|order_id 5033890052|saved 2021-11-20 19:40:07.|sent 2021-11-20T21:36:32|received 2021-11-21T01:39:00
2021-20-11 07:40:07 PM|root|INFO|user_id 160190870|order_id 5033890051|saved 2021-11-20 19:40:07.|sent 2021-11-20T21:36:32|received 2021-11-21T01:39:00
2021-20-11 07:45:08 PM|root|INFO|user_id 160190870|order_id 5033891852|saved 2021-11-20 19:45:08.|sent 2021-11-20T21:40:22|received 2021-11-21T01:42:47
2021-20-11 07:45:11 PM|root|INFO|user_id 25523702|order_id 5033894736|saved 2021-11-20 19:45:11.|sent 2021-11-20T21:40:10|received 2021-11-21T01:42:09
2021-20-11 07:45:11 PM|root|INFO|user_id 25523702|order_id 5033892867|saved 2021-11-20 19:45:11.|sent 2021-11-20T21:40:18|received 2021-11-21T01:42:26
2021-20-11 07:45:11 PM|root|INFO|user_id 25523702|order_id 5033899261|saved 2021-11-20 19:45:11.|sent 2021-11-20T21:42:24|received 2021-11-21T01:44:29
2021-20-11 07:50:07 PM|root|INFO|user_id 160190870|order_id 5033902351|saved 2021-11-20 19:50:07.|sent 2021-11-20T21:44:31|received 2021-11-21T01:47:14
2021-20-11 07:50:08 PM|root|INFO|user_id 160190870|order_id 5033908286|saved 2021-11-20 19:50:08.|sent 2021-11-20T21:48:48|received 2021-11-21T01:50:0
2021-20-11 07:55:07 PM|root|INFO|user_id 160190870|order_id 5033914001|saved 2021-11-20 19:55:07.|sent 2021-11-20T21:50:46|received 2021-11-21T01:53:03
2021-20-11 08:00:11 PM|root|INFO|user_id 160190870|order_id 5033917443|saved 2021-11-20 20:00:11.|sent 2021-11-20T21:56:16|received 2021-11-21T01:58:55
2021-20-11 08:05:11 PM|root|INFO|user_id 160190870|order_id 5033932157|saved 2021-11-20 20:05:11.|sent 2021-11-20T22:03:42|received 2021-11-21T02:05:0
2021-20-11 08:05:15 PM|root|INFO|user_id 25523702|order_id 5033928221|saved 2021-11-20 20:05:15.|sent 2021-11-20T22:02:28|received 2021-11-21T02:05:04
2021-20-11 08:10:09 PM|root|INFO|user_id 160190870|order_id 5033930863|saved 2021-11-20 20:10:09.|sent 2021-11-20T22:06:27|received 2021-11-21T02:08:41
2021-20-11 08:10:09 PM|root|INFO|user_id 160190870|order_id 5033937072|saved 2021-11-20 20:10:09.|sent 2021-11-20T22:07:22|received 2021-11-21T02:09:03
2021-20-11 08:10:12 PM|root|INFO|user_id 25523702|order_id 5033936396|saved 2021-11-20 20:10:12.|sent 2021-11-20T22:09:21|received 2021-11-21T02:10:01
2021-20-11 08:15:10 PM|root|INFO|user_id 160190870|order_id 5033947030|saved 2021-11-20 20:15:10.|sent 2021-11-20T22:14:22|received 2021-11-21T02:14:5
2021-20-11 08:15:10 PM|root|INFO|user_id 160190870|order_id 5033947034|saved 2021-11-20 20:15:10.|sent 2021-11-20T22:14:23|received 2021-11-21T02:15:
2021-20-11 08:15:15 PM|root|INFO|user_id 25523702|order_id 5033942011|saved 2021-11-20 20:15:15.|sent 2021-11-20T22:11:28|received 2021-11-21T02:13:32
2021-20-11 08:15:15 PM|root|INFO|user_id 25523702|order_id 5033940908|saved 2021-11-20 20:15:15.|sent 2021-11-20T22:13:34|received 2021-11-21T02:15:06
2021-20-11 08:20:08 PM|root|INFO|user_id 160190870|order_id 5033946252|saved 2021-11-20 20:20:08.|sent 2021-11-20T22:14:22|received 2021-11-21T02:16:51
2021-20-11 08:20:09 PM|root|INFO|user_id 160190870|order_id 5033949045|saved 2021-11-20 20:20:09.|sent 2021-11-20T22:16:45|received 2021-11-21T02:18:36
2021-20-11 08:25:13 PM|root|INFO|user_id 25523702|order_id 5033955573|saved 2021-11-20 20:25:13.|sent 2021-11-20T22:23:31|received 2021-11-21T02:25:02
2021-20-11 08:25:13 PM|root|INFO|user_id 25523702|order_id 5033954579|saved 2021-11-20 20:25:13.|sent 2021-11-20T22:23:40|received 2021-11-21T02:25:02
2021-20-11 08:25:13 PM|root|INFO|user_id 25523702|order_id 5033959061|saved 2021-11-20 20:25:13.|sent 2021-11-20T22:23:39|received 2021-11-21T02:25:05
2021-20-11 08:30:16 PM|root|INFO|user_id 160190870|order_id 5033962344|saved 2021-11-20 20:30:16.|sent 2021-11-20T22:28:00|received 2021-11-21T02:29:46
2021-20-11 08:30:20 PM|root|INFO|user_id 25523702|order_id 5033959631|saved 2021-11-20 20:30:20.|sent 2021-11-20T22:27:12|received 2021-11-21T02:29:0
2021-20-11 08:35:08 PM|root|INFO|user_id 160190870|order_id 5033970421|saved 2021-11-20 20:35:08.|sent 2021-11-20T22:33:48|received 2021-11-21T02:33:55
2021-20-11 08:35:13 PM|root|INFO|user_id 25523702|order_id 5033971230|saved 2021-11-20 20:35:13.|sent 2021-11-20T22:33:08|received 2021-11-21T02:35:05
2021-20-11 08:45:09 PM|root|INFO|user_id 160190870|order_id 5033983269|saved 2021-11-20 20:45:09.|sent 2021-11-20T22:43:27|received 2021-11-21T02:44:57
2021-20-11 08:45:09 PM|root|INFO|user_id 160190870|order_id 5033983038|saved 2021-11-20 20:45:09.|sent 2021-11-20T22:42:17|received 2021-11-21T02:44:05
2021-20-11 08:45:09 PM|root|INFO|user_id 160190870|order_id 5033981555|saved 2021-11-20 20:45:09.|sent 2021-11-20T22:44:18|received 2021-11-21T02:44:36
2021-20-11 08:45:09 PM|root|INFO|user_id 160190870|order_id 5033981553|saved 2021-11-20 20:45:09.|sent 2021-11-20T22:44:17|received 2021-11-21T02:44:56
2021-20-11 08:55:12 PM|root|INFO|user_id 25523702|order_id 5033987697|saved 2021-11-20 20:55:12.|sent 2021-11-20T22:50:20|received 2021-11-21T02:52:09
2021-20-11 08:55:13 PM|root|INFO|user_id 25523702|order_id 5033988809|saved 2021-11-20 20:55:13.|sent 2021-11-20T22:52:33|received 2021-11-21T02:54:21
2021-20-11 08:55:13 PM|root|INFO|user_id 25523702|order_id 5033996172|saved 2021-11-20 20:55:13.|sent 2021-11-20T22:53:39|received 2021-11-21T02:54:46
2021-20-11 08:55:13 PM|root|INFO|user_id 25523702|order_id 5033993597|saved 2021-11-20 20:55:13.|sent 2021-11-20T22:53:40|received 2021-11-21T02:54:50
2021-20-11 08:55:13 PM|root|INFO|user_id 25523702|order_id 5033992904|saved 2021-11-20 20:55:13.|sent 2021-11-20T22:54:34|received 2021-11-21T02:54:40
2021-20-11 09:00:12 PM|root|INFO|user_id 160190870|order_id 5034002167|saved 2021-11-20 21:00:12.|sent 2021-11-20T22:58:56|received 2021-11-21T02:59:02
2021-20-11 09:00:12 PM|root|INFO|user_id 160190870|order_id 5033999516|saved 2021-11-20 21:00:12.|sent 2021-11-20T22:58:47|received 2021-11-21T03:00:01
2021-20-11 09:00:12 PM|root|INFO|user_id 160190870|order_id 5033998740|saved 2021-11-20 21:00:12.|sent 2021-11-20T22:58:48|received 2021-11-21T02:59:5
2021-20-11 09:00:12 PM|root|INFO|user_id 160190870|order_id 5033999682|saved 2021-11-20 21:00:12.|sent 2021-11-20T22:59:49|received 2021-11-21T02:59:54
2021-20-11 09:00:17 PM|root|INFO|user_id 25523702|order_id 5034000181|saved 2021-11-20 21:00:17.|sent 2021-11-20T22:57:46|received 2021-11-21T02:59:39
2021-20-11 09:00:18 PM|root|INFO|user_id 25523702|order_id 5034001248|saved 2021-11-20 21:00:18.|sent 2021-11-20T22:59:19|received 2021-11-21T02:59:26
2021-20-11 09:05:08 PM|root|INFO|user_id 160190870|order_id 5034004310|saved 2021-11-20 21:05:08.|sent 2021-11-20T23:00:15|received 2021-11-21T03:02:1
2021-20-11 09:05:08 PM|root|INFO|user_id 160190870|order_id 5034005114|saved 2021-11-20 21:05:08.|sent 2021-11-20T23:01:39|received 2021-11-21T03:03:40
2021-20-11 09:05:08 PM|root|INFO|user_id 160190870|order_id 5034000933|saved 2021-11-20 21:05:08.|sent 2021-11-20T23:03:04|received 2021-11-21T03:04:56
2021-20-11 09:10:10 PM|root|INFO|user_id 160190870|order_id 5034006599|saved 2021-11-20 21:10:10.|sent 2021-11-20T23:06:23|received 2021-11-21T03:08:40
2021-20-11 09:15:12 PM|root|INFO|user_id 25523702|order_id 5034013187|saved 2021-11-20 21:15:12.|sent 2021-11-20T23:10:23|received 2021-11-21T03:12:16
2021-20-11 09:15:12 PM|root|INFO|user_id 25523702|order_id 5034018250|saved 2021-11-20 21:15:12.|sent 2021-11-20T23:13:01|received 2021-11-21T03:14:32
2021-20-11 09:15:13 PM|root|INFO|user_id 25523702|order_id 5034017742|saved 2021-11-20 21:15:13.|sent 2021-11-20T23:15:00|received 2021-11-21T03:15:05
2021-20-11 09:25:14 PM|root|INFO|user_id 25523702|order_id 5034025517|saved 2021-11-20 21:25:14.|sent 2021-11-20T23:23:21|received 2021-11-21T03:25:06
2021-20-11 09:25:14 PM|root|INFO|user_id 25523702|order_id 5034028143|saved 2021-11-20 21:25:14.|sent 2021-11-20T23:23:27|received 2021-11-21T03:24:42
2021-20-11 09:30:10 PM|root|INFO|user_id 160190870|order_id 5034026659|saved 2021-11-20 21:30:09.|sent 2021-11-20T23:25:46|received 2021-11-21T03:27:50
2021-20-11 09:30:10 PM|root|INFO|user_id 160190870|order_id 5034028747|saved 2021-11-20 21:30:10.|sent 2021-11-20T23:27:16|received 2021-11-21T03:29:15
2021-20-11 09:30:16 PM|root|INFO|user_id 25523702|order_id 5034031381|saved 2021-11-20 21:30:16.|sent 2021-11-20T23:28:06|received 2021-11-21T03:30:03
2021-20-11 09:30:16 PM|root|INFO|user_id 25523702|order_id 5034027900|saved 2021-11-20 21:30:16.|sent 2021-11-20T23:28:32|received 2021-11-21T03:30:05
2021-20-11 09:35:09 PM|root|INFO|user_id 160190870|order_id 5034031923|saved 2021-11-20 21:35:09.|sent 2021-11-20T23:32:29|received 2021-11-21T03:34:56
2021-20-11 09:35:15 PM|root|INFO|user_id 25523702|order_id 5034037062|saved 2021-11-20 21:35:15.|sent 2021-11-20T23:31:31|received 2021-11-21T03:33:34
2021-20-11 09:40:07 PM|root|INFO|user_id 160190870|order_id 5034038262|saved 2021-11-20 21:40:07.|sent 2021-11-20T23:35:34|received 2021-11-21T03:39:14
2021-20-11 09:40:07 PM|root|INFO|user_id 160190870|order_id 5034036972|saved 2021-11-20 21:40:07.|sent 2021-11-20T23:36:29|received 2021-11-21T03:38:20
2021-20-11 09:40:07 PM|root|INFO|user_id 160190870|order_id 5033974969|saved 2021-11-20 21:40:07.|sent 2021-11-20T22:40:53|received 2021-11-21T03:39:10
2021-20-11 09:40:08 PM|root|INFO|user_id 160190870|order_id 5034040357|saved 2021-11-20 21:40:08.|sent 2021-11-20T23:37:31|received 2021-11-21T03:39:32
2021-20-11 09:40:08 PM|root|INFO|user_id 160190870|order_id 5034041573|saved 2021-11-20 21:40:08.|sent 2021-11-20T23:39:52|received 2021-11-21T03:40:00
2021-20-11 09:45:08 PM|root|INFO|user_id 160190870|order_id 5034044342|saved 2021-11-20 21:45:08.|sent 2021-11-20T23:42:00|received 2021-11-21T03:43:57
2021-20-11 09:45:14 PM|root|INFO|user_id 25523702|order_id 5034043800|saved 2021-11-20 21:45:14.|sent 2021-11-20T23:42:07|received 2021-11-21T03:44:04
2021-20-11 09:55:07 PM|root|INFO|user_id 160190870|order_id 5034055050|saved 2021-11-20 21:55:07.|sent 2021-11-20T23:50:56|received 2021-11-21T03:52:55
2021-20-11 09:55:07 PM|root|INFO|user_id 160190870|order_id 5034052359|saved 2021-11-20 21:55:07.|sent 2021-11-20T23:51:40|received 2021-11-21T03:53:26
2021-20-11 09:55:07 PM|root|INFO|user_id 160190870|order_id 5034055428|saved 2021-11-20 21:55:07.|sent 2021-11-20T23:53:56|received 2021-11-21T03:54:15
2021-20-11 09:55:07 PM|root|INFO|user_id 160190870|order_id 5034055427|saved 2021-11-20 21:55:07.|sent 2021-11-20T23:53:56|received 2021-11-21T03:54:16
2021-20-11 09:55:08 PM|root|INFO|user_id 160190870|order_id 5034055466|saved 2021-11-20 21:55:08.|sent 2021-11-20T23:54:12|received 2021-11-21T03:54:53
2021-20-11 09:55:13 PM|root|INFO|user_id 25523702|order_id 5034052118|saved 2021-11-20 21:55:13.|sent 2021-11-20T23:50:07|received 2021-11-21T03:52:04
2021-20-11 09:55:13 PM|root|INFO|user_id 25523702|order_id 5034049910|saved 2021-11-20 21:55:13.|sent 2021-11-20T23:50:22|received 2021-11-21T03:52:16
2021-20-11 09:55:13 PM|root|INFO|user_id 25523702|order_id 5034057259|saved 2021-11-20 21:55:13.|sent 2021-11-20T23:53:31|received 2021-11-21T03:54:40
2021-20-11 09:55:13 PM|root|INFO|user_id 25523702|order_id 5034057303|saved 2021-11-20 21:55:13.|sent 2021-11-20T23:53:49|received 2021-11-21T03:55:04
2021-20-11 09:55:14 PM|root|INFO|user_id 25523702|order_id 5034056442|saved 2021-11-20 21:55:14.|sent 2021-11-20T23:54:29|received 2021-11-21T03:54:38
2021-20-11 10:00:13 PM|root|INFO|user_id 160190870|order_id 5034054721|saved 2021-11-20 22:00:13.|sent 2021-11-20T23:56:23|received 2021-11-21T03:58:16
2021-20-11 10:00:13 PM|root|INFO|user_id 160190870|order_id 5034060123|saved 2021-11-20 22:00:13.|sent 2021-11-20T23:58:23|received 2021-11-21T04:00:03
2021-20-11 10:00:19 PM|root|INFO|user_id 25523702|order_id 5034054559|saved 2021-11-20 22:00:19.|sent 2021-11-20T23:55:14|received 2021-11-21T03:59:16
2021-20-11 10:00:19 PM|root|INFO|user_id 25523702|order_id 5034059103|saved 2021-11-20 22:00:19.|sent 2021-11-20T23:57:44|received 2021-11-21T03:59:36
2021-20-11 10:05:08 PM|root|INFO|user_id 160190870|order_id 5034058948|saved 2021-11-20 22:05:08.|sent 2021-11-21T00:04:48|received 2021-11-21T04:04:55
2021-20-11 10:05:14 PM|root|INFO|user_id 25523702|order_id 5034058433|saved 2021-11-20 22:05:14.|sent 2021-11-21T00:00:01|received 2021-11-21T04:02:38
2021-20-11 10:05:14 PM|root|INFO|user_id 25523702|order_id 5034061521|saved 2021-11-20 22:05:14.|sent 2021-11-21T00:02:36|received 2021-11-21T04:04:38
2021-20-11 10:05:14 PM|root|INFO|user_id 25523702|order_id 5034058823|saved 2021-11-20 22:05:14.|sent 2021-11-21T00:03:49|received 2021-11-21T04:04:31
2021-20-11 10:05:14 PM|root|INFO|user_id 25523702|order_id 5034062630|saved 2021-11-20 22:05:14.|sent 2021-11-21T00:04:44|received 2021-11-21T04:04:5
2021-20-11 10:15:07 PM|root|INFO|user_id 160190870|order_id 5034067651|saved 2021-11-20 22:15:07.|sent 2021-11-21T00:12:03|received 2021-11-21T04:14:27
2021-20-11 10:20:08 PM|root|INFO|user_id 160190870|order_id 5034073254|saved 2021-11-20 22:20:08.|sent 2021-11-21T00:16:55|received 2021-11-21T04:18:55
2021-20-11 10:20:14 PM|root|INFO|user_id 25523702|order_id 5034072160|saved 2021-11-20 22:20:14.|sent 2021-11-21T00:15:41|received 2021-11-21T04:19:01
2021-20-11 10:20:14 PM|root|INFO|user_id 25523702|order_id 5033888469|saved 2021-11-20 22:20:14.|sent 2021-11-20T21:35:07|received 2021-11-21T04:20:0
2021-20-11 10:25:07 PM|root|INFO|user_id 160190870|order_id 5034076473|saved 2021-11-20 22:25:07.|sent 2021-11-21T00:20:15|received 2021-11-21T04:22:04
2021-20-11 10:25:07 PM|root|INFO|user_id 160190870|order_id 5034078188|saved 2021-11-20 22:25:07.|sent 2021-11-21T00:19:41|received 2021-11-21T04:22:32
2021-20-11 10:25:07 PM|root|INFO|user_id 160190870|order_id 5034078470|saved 2021-11-20 22:25:07.|sent 2021-11-21T00:22:22|received 2021-11-21T04:24:54
2021-20-11 10:25:07 PM|root|INFO|user_id 160190870|order_id 5034075757|saved 2021-11-20 22:25:07.|sent 2021-11-21T00:22:22|received 2021-11-21T04:24:54
2021-20-11 10:25:13 PM|root|INFO|user_id 25523702|order_id 5034076613|saved 2021-11-20 22:25:13.|sent 2021-11-21T00:21:32|received 2021-11-21T04:23:35
2021-20-11 10:25:13 PM|root|INFO|user_id 25523702|order_id 5034078472|saved 2021-11-20 22:25:13.|sent 2021-11-21T00:22:23|received 2021-11-21T04:24:20
2021-20-11 10:35:07 PM|root|INFO|user_id 160190870|order_id 5034083060|saved 2021-11-20 22:35:07.|sent 2021-11-21T00:25:42|received 2021-11-21T04:27:30
2021-20-11 10:35:08 PM|root|INFO|user_id 160190870|order_id 5034085504|saved 2021-11-20 22:35:08.|sent 2021-11-21T00:32:21|received 2021-11-21T04:34:20
2021-20-11 10:35:08 PM|root|INFO|user_id 160190870|order_id 5034083724|saved 2021-11-20 22:35:08.|sent 2021-11-21T00:32:07|received 2021-11-21T04:34:50
2021-20-11 10:35:13 PM|root|INFO|user_id 25523702|order_id 5034078921|saved 2021-11-20 22:35:13.|sent 2021-11-21T00:26:45|received 2021-11-21T04:28:33
2021-20-11 10:35:13 PM|root|INFO|user_id 25523702|order_id 5034085071|saved 2021-11-20 22:35:13.|sent 2021-11-21T00:28:09|received 2021-11-21T04:30:03
2021-20-11 10:35:13 PM|root|INFO|user_id 25523702|order_id 5034080377|saved 2021-11-20 22:35:13.|sent 2021-11-21T00:28:09|received 2021-11-21T04:30:03
2021-20-11 10:35:13 PM|root|INFO|user_id 25523702|order_id 5034085128|saved 2021-11-20 22:35:13.|sent 2021-11-21T00:28:41|received 2021-11-21T04:30:43
2021-20-11 10:35:14 PM|root|INFO|user_id 25523702|order_id 5034082428|saved 2021-11-20 22:35:14.|sent 2021-11-21T00:28:56|received 2021-11-21T04:30:57
2021-20-11 10:35:14 PM|root|INFO|user_id 25523702|order_id 5034081606|saved 2021-11-20 22:35:14.|sent 2021-11-21T00:30:22|received 2021-11-21T04:32:24
2021-20-11 10:35:14 PM|root|INFO|user_id 25523702|order_id 5034081801|saved 2021-11-20 22:35:14.|sent 2021-11-21T00:32:12|received 2021-11-21T04:34:15
2021-20-11 10:40:08 PM|root|INFO|user_id 160190870|order_id 5034088232|saved 2021-11-20 22:40:08.|sent 2021-11-21T00:36:37|received 2021-11-21T04:38:28
2021-20-11 10:40:08 PM|root|INFO|user_id 160190870|order_id 5034090228|saved 2021-11-20 22:40:08.|sent 2021-11-21T00:37:15|received 2021-11-21T04:38:42
2021-20-11 10:40:14 PM|root|INFO|user_id 25523702|order_id 5034083975|saved 2021-11-20 22:40:14.|sent 2021-11-21T00:34:25|received 2021-11-21T04:39:3
2021-20-11 10:45:13 PM|root|INFO|user_id 25523702|order_id 5034091635|saved 2021-11-20 22:45:13.|sent 2021-11-21T00:42:12|received 2021-11-21T04:44:06
2021-20-11 10:55:13 PM|root|INFO|user_id 25523702|order_id 5034098402|saved 2021-11-20 22:55:13.|sent 2021-11-21T00:50:15|received 2021-11-21T04:52:0
2021-20-11 10:55:13 PM|root|INFO|user_id 25523702|order_id 5034095643|saved 2021-11-20 22:55:13.|sent 2021-11-21T00:51:24|received 2021-11-21T04:53:33
2021-20-11 11:00:15 PM|root|INFO|user_id 25523702|order_id 5034101040|saved 2021-11-20 23:00:15.|sent 2021-11-21T00:55:31|received 2021-11-21T04:57:33
2021-20-11 11:00:16 PM|root|INFO|user_id 25523702|order_id 5034101106|saved 2021-11-20 23:00:16.|sent 2021-11-21T00:56:18|received 2021-11-21T04:59:16
2021-20-11 11:00:16 PM|root|INFO|user_id 25523702|order_id 5034100268|saved 2021-11-20 23:00:16.|sent 2021-11-21T00:57:17|received 2021-11-21T04:59:05
2021-20-11 11:00:16 PM|root|INFO|user_id 25523702|order_id 5034099806|saved 2021-11-20 23:00:16.|sent 2021-11-21T00:56:44|received 2021-11-21T04:59:04
2021-20-11 11:05:07 PM|root|INFO|user_id 160190870|order_id 5034104435|saved 2021-11-20 23:05:07.|sent 2021-11-21T01:02:51|received 2021-11-21T05:04:54
2021-20-11 11:05:13 PM|root|INFO|user_id 25523702|order_id 5034101444|saved 2021-11-20 23:05:13.|sent 2021-11-21T01:00:53|received 2021-11-21T05:04:42
2021-20-11 11:05:13 PM|root|INFO|user_id 25523702|order_id 5034104586|saved 2021-11-20 23:05:13.|sent 2021-11-21T01:04:43|received 2021-11-21T05:04:49
2021-20-11 11:10:07 PM|root|INFO|user_id 160190870|order_id 5034105730|saved 2021-11-20 23:10:07.|sent 2021-11-21T01:06:23|received 2021-11-21T05:09:34
2021-20-11 11:10:07 PM|root|INFO|user_id 160190870|order_id 5034105754|saved 2021-11-20 23:10:07.|sent 2021-11-21T01:06:42|received 2021-11-21T05:08:53
2021-20-11 11:10:07 PM|root|INFO|user_id 160190870|order_id 5034109165|saved 2021-11-20 23:10:07.|sent 2021-11-21T01:09:56|received 2021-11-21T05:10:00
2021-20-11 11:10:13 PM|root|INFO|user_id 25523702|order_id 5034068425|saved 2021-11-20 23:10:13.|sent 2021-11-21T00:10:12|received 2021-11-21T05:07:06
2021-20-11 11:10:13 PM|root|INFO|user_id 25523702|order_id 5034104681|saved 2021-11-20 23:10:13.|sent 2021-11-21T01:05:47|received 2021-11-21T05:09:07
2021-20-11 11:15:08 PM|root|INFO|user_id 160190870|order_id 5034107574|saved 2021-11-20 23:15:08.|sent 2021-11-21T01:13:19|received 2021-11-21T05:14:55
2021-20-11 11:20:13 PM|root|INFO|user_id 25523702|order_id 5034113576|saved 2021-11-20 23:20:13.|sent 2021-11-21T01:19:21|received 2021-11-21T05:19:27
2021-20-11 11:25:13 PM|root|INFO|user_id 25523702|order_id 5034112998|saved 2021-11-20 23:25:13.|sent 2021-11-21T01:23:19|received 2021-11-21T05:25:01
2021-20-11 11:30:14 PM|root|INFO|user_id 25523702|order_id 5034114461|saved 2021-11-20 23:30:14.|sent 2021-11-21T01:26:51|received 2021-11-21T05:28:37
2021-20-11 11:30:14 PM|root|INFO|user_id 25523702|order_id 5034114508|saved 2021-11-20 23:30:14.|sent 2021-11-21T01:27:28|received 2021-11-21T05:29:30
2021-20-11 11:35:07 PM|root|INFO|user_id 160190870|order_id 5034120665|saved 2021-11-20 23:35:07.|sent 2021-11-21T01:34:48|received 2021-11-21T05:34:59
2021-20-11 11:35:07 PM|root|INFO|user_id 160190870|order_id 5034115894|saved 2021-11-20 23:35:07.|sent 2021-11-21T01:34:57|received 2021-11-21T05:35:00
2021-20-11 11:35:13 PM|root|INFO|user_id 25523702|order_id 5034117792|saved 2021-11-20 23:35:13.|sent 2021-11-21T01:33:29|received 2021-11-21T05:35:05
2021-20-11 11:40:08 PM|root|INFO|user_id 160190870|order_id 5034122072|saved 2021-11-20 23:40:08.|sent 2021-11-21T01:37:29|received 2021-11-21T05:39:3
2021-20-11 11:45:07 PM|root|INFO|user_id 160190870|order_id 5034123440|saved 2021-11-20 23:45:07.|sent 2021-11-21T01:43:21|received 2021-11-21T05:43:28
2021-20-11 11:45:13 PM|root|INFO|user_id 25523702|order_id 5034126089|saved 2021-11-20 23:45:13.|sent 2021-11-21T01:40:40|received 2021-11-21T05:42:40
2021-20-11 11:45:13 PM|root|INFO|user_id 25523702|order_id 5034126290|saved 2021-11-20 23:45:13.|sent 2021-11-21T01:43:55|received 2021-11-21T05:44:01
2021-20-11 11:50:07 PM|root|INFO|user_id 160190870|order_id 5034123609|saved 2021-11-20 23:50:07.|sent 2021-11-21T01:46:05|received 2021-11-21T05:48:00
2021-20-11 11:50:13 PM|root|INFO|user_id 25523702|order_id 5034123569|saved 2021-11-20 23:50:13.|sent 2021-11-21T01:45:35|received 2021-11-21T05:47:26
2021-20-11 11:55:08 PM|root|INFO|user_id 160190870|order_id 5034121861|saved 2021-11-20 23:55:08.|sent 2021-11-21T01:50:04|received 2021-11-21T05:52:02
