2021-12-09 12:00:13 AM|root|INFO|user_id 160190870|order_id 4858979533|saved 2021-09-12 00:00:13.|sent 2021-09-12T00:56:07|received 2021-09-12T04:58:12
2021-12-09 12:00:19 AM|root|INFO|user_id 25523702|order_id 4858979514|saved 2021-09-12 00:00:19.|sent 2021-09-12T00:55:52|received 2021-09-12T04:57:41
2021-12-09 12:00:19 AM|root|INFO|user_id 25523702|order_id 4858979605|saved 2021-09-12 00:00:19.|sent 2021-09-12T00:57:04|received 2021-09-12T04:58:55
2021-12-09 12:05:08 AM|root|INFO|user_id 160190870|order_id 4858985073|saved 2021-09-12 00:05:08.|sent 2021-09-12T01:00:06|received 2021-09-12T05:02:36
2021-12-09 12:10:08 AM|root|INFO|user_id 160190870|order_id 4858988056|saved 2021-09-12 00:10:08.|sent 2021-09-12T01:08:08|received 2021-09-12T05:09:48
2021-12-09 12:35:09 AM|root|INFO|user_id 160190870|order_id 4858999024|saved 2021-09-12 00:35:09.|sent 2021-09-12T01:29:07|received 2021-09-12T05:31:35
2021-12-09 12:35:15 AM|root|INFO|user_id 25523702|order_id 4858995316|saved 2021-09-12 00:35:15.|sent 2021-09-12T01:28:15|received 2021-09-12T05:29:33
2021-12-09 12:35:15 AM|root|INFO|user_id 25523702|order_id 4858999246|saved 2021-09-12 00:35:15.|sent 2021-09-12T01:32:42|received 2021-09-12T05:34:27
2021-12-09 12:45:07 AM|root|INFO|user_id 160190870|order_id 4858998567|saved 2021-09-12 00:45:07.|sent 2021-09-12T01:40:07|received 2021-09-12T05:42:13
2021-12-09 12:45:07 AM|root|INFO|user_id 160190870|order_id 4858997644|saved 2021-09-12 00:45:07.|sent 2021-09-12T01:40:06|received 2021-09-12T05:42:39
2021-12-09 12:45:07 AM|root|INFO|user_id 160190870|order_id 4858998823|saved 2021-09-12 00:45:07.|sent 2021-09-12T01:44:37|received 2021-09-12T05:44:42
2021-12-09 12:45:12 AM|root|INFO|user_id 25523702|order_id 4858995964|saved 2021-09-12 00:45:12.|sent 2021-09-12T01:39:50|received 2021-09-12T05:42:10
2021-12-09 12:45:13 AM|root|INFO|user_id 25523702|order_id 4858997716|saved 2021-09-12 00:45:13.|sent 2021-09-12T01:41:00|received 2021-09-12T05:43:05
2021-12-09 12:45:13 AM|root|INFO|user_id 25523702|order_id 4858997715|saved 2021-09-12 00:45:13.|sent 2021-09-12T01:41:00|received 2021-09-12T05:43:27
2021-12-09 12:55:13 AM|root|INFO|user_id 25523702|order_id 4859000587|saved 2021-09-12 00:55:13.|sent 2021-09-12T01:43:25|received 2021-09-12T05:54:34
2021-12-09 12:55:13 AM|root|INFO|user_id 25523702|order_id 4859004377|saved 2021-09-12 00:55:13.|sent 2021-09-12T01:54:26|received 2021-09-12T05:55:0
2021-12-09 01:05:13 AM|root|INFO|user_id 25523702|order_id 4859009220|saved 2021-09-12 01:05:13.|sent 2021-09-12T02:04:57|received 2021-09-12T06:05:02
2021-12-09 01:25:12 AM|root|INFO|user_id 25523702|order_id 4859014211|saved 2021-09-12 01:25:12.|sent 2021-09-12T02:21:07|received 2021-09-12T06:23:09
2021-12-09 01:25:13 AM|root|INFO|user_id 25523702|order_id 4859011533|saved 2021-09-12 01:25:13.|sent 2021-09-12T02:20:35|received 2021-09-12T06:22:55
2021-12-09 01:30:07 AM|root|INFO|user_id 160190870|order_id 4859014432|saved 2021-09-12 01:30:07.|sent 2021-09-12T02:27:06|received 2021-09-12T06:29:05
2021-12-09 01:50:07 AM|root|INFO|user_id 160190870|order_id 4859018336|saved 2021-09-12 01:50:07.|sent 2021-09-12T02:44:24|received 2021-09-12T06:46:36
2021-12-09 01:50:13 AM|root|INFO|user_id 25523702|order_id 4859016694|saved 2021-09-12 01:50:13.|sent 2021-09-12T02:46:48|received 2021-09-12T06:48:37
2021-12-09 01:55:12 AM|root|INFO|user_id 25523702|order_id 4859022020|saved 2021-09-12 01:55:12.|sent 2021-09-12T02:51:09|received 2021-09-12T06:52:47
2021-12-09 01:55:12 AM|root|INFO|user_id 25523702|order_id 4859020493|saved 2021-09-12 01:55:12.|sent 2021-09-12T02:54:04|received 2021-09-12T06:54:11
2021-12-09 02:15:07 AM|root|INFO|user_id 160190870|order_id 4859020894|saved 2021-09-12 02:15:07.|sent 2021-09-12T03:09:43|received 2021-09-12T07:13:05
2021-12-09 02:35:08 AM|root|INFO|user_id 160190870|order_id 4859024559|saved 2021-09-12 02:35:08.|sent 2021-09-12T03:29:36|received 2021-09-12T07:32:29
2021-12-09 02:35:13 AM|root|INFO|user_id 25523702|order_id 4859022912|saved 2021-09-12 02:35:13.|sent 2021-09-12T03:30:35|received 2021-09-12T07:32:20
2021-12-09 02:40:07 AM|root|INFO|user_id 160190870|order_id 4859027530|saved 2021-09-12 02:40:07.|sent 2021-09-12T03:37:05|received 2021-09-12T07:38:52
2021-12-09 02:55:13 AM|root|INFO|user_id 25523702|order_id 4859029378|saved 2021-09-12 02:55:13.|sent 2021-09-12T03:53:46|received 2021-09-12T07:55:05
2021-12-09 03:00:18 AM|root|INFO|user_id 25523702|order_id 4859025972|saved 2021-09-12 03:00:18.|sent 2021-09-12T03:55:59|received 2021-09-12T07:57:5
2021-12-09 03:10:12 AM|root|INFO|user_id 25523702|order_id 4859028984|saved 2021-09-12 03:10:12.|sent 2021-09-12T04:07:47|received 2021-09-12T08:09:46
2021-12-09 03:10:12 AM|root|INFO|user_id 25523702|order_id 4859031368|saved 2021-09-12 03:10:12.|sent 2021-09-12T04:09:04|received 2021-09-12T08:09:11
2021-12-09 03:20:13 AM|root|INFO|user_id 25523702|order_id 4859029743|saved 2021-09-12 03:20:13.|sent 2021-09-12T04:15:21|received 2021-09-12T08:17:37
2021-12-09 03:30:14 AM|root|INFO|user_id 25523702|order_id 4859032525|saved 2021-09-12 03:30:14.|sent 2021-09-12T04:27:09|received 2021-09-12T08:29:53
2021-12-09 04:35:13 AM|root|INFO|user_id 25523702|order_id 4859045014|saved 2021-09-12 04:35:13.|sent 2021-09-12T05:34:04|received 2021-09-12T09:34:17
2021-12-09 05:00:11 AM|root|INFO|user_id 160190870|order_id 4859047548|saved 2021-09-12 05:00:11.|sent 2021-09-12T05:56:06|received 2021-09-12T09:59:36
2021-12-09 05:10:13 AM|root|INFO|user_id 25523702|order_id 4859046680|saved 2021-09-12 05:10:13.|sent 2021-09-12T06:09:42|received 2021-09-12T10:09:5
2021-12-09 06:05:07 AM|root|INFO|user_id 160190870|order_id 4859060903|saved 2021-09-12 06:05:07.|sent 2021-09-12T07:01:25|received 2021-09-12T11:03:36
2021-12-09 06:55:13 AM|root|INFO|user_id 25523702|order_id 4859098354|saved 2021-09-12 06:55:13.|sent 2021-09-12T07:52:55|received 2021-09-12T11:54:51
2021-12-09 07:20:13 AM|root|INFO|user_id 25523702|order_id 4859119130|saved 2021-09-12 07:20:13.|sent 2021-09-12T08:15:23|received 2021-09-12T12:17:15
2021-12-09 07:40:07 AM|root|INFO|user_id 160190870|order_id 4859139733|saved 2021-09-12 07:40:07.|sent 2021-09-12T08:37:08|received 2021-09-12T12:38:52
2021-12-09 07:55:13 AM|root|INFO|user_id 25523702|order_id 4859155943|saved 2021-09-12 07:55:13.|sent 2021-09-12T08:51:30|received 2021-09-12T12:54:29
2021-12-09 08:00:12 AM|root|INFO|user_id 25523702|order_id 4859164053|saved 2021-09-12 08:00:12.|sent 2021-09-12T08:55:28|received 2021-09-12T12:57:35
2021-12-09 08:10:14 AM|root|INFO|user_id 25523702|order_id 4859168850|saved 2021-09-12 08:10:14.|sent 2021-09-12T09:06:07|received 2021-09-12T13:08:08
2021-12-09 08:15:07 AM|root|INFO|user_id 160190870|order_id 4859182549|saved 2021-09-12 08:15:07.|sent 2021-09-12T09:13:16|received 2021-09-12T13:15:00
2021-12-09 08:30:15 AM|root|INFO|user_id 25523702|order_id 4859198490|saved 2021-09-12 08:30:15.|sent 2021-09-12T09:26:45|received 2021-09-12T13:29:15
2021-12-09 08:35:17 AM|root|INFO|user_id 25523702|order_id 4859209109|saved 2021-09-12 08:35:17.|sent 2021-09-12T09:31:34|received 2021-09-12T13:33:46
2021-12-09 08:40:08 AM|root|INFO|user_id 160190870|order_id 4859218355|saved 2021-09-12 08:40:08.|sent 2021-09-12T09:38:41|received 2021-09-12T13:38:47
2021-12-09 08:40:14 AM|root|INFO|user_id 25523702|order_id 4859212605|saved 2021-09-12 08:40:14.|sent 2021-09-12T09:35:34|received 2021-09-12T13:37:40
2021-12-09 08:40:14 AM|root|INFO|user_id 25523702|order_id 4859214107|saved 2021-09-12 08:40:14.|sent 2021-09-12T09:35:27|received 2021-09-12T13:36:3
2021-12-09 08:45:08 AM|root|INFO|user_id 160190870|order_id 4859221622|saved 2021-09-12 08:45:08.|sent 2021-09-12T09:42:22|received 2021-09-12T13:44:38
2021-12-09 08:45:08 AM|root|INFO|user_id 160190870|order_id 4859225116|saved 2021-09-12 08:45:08.|sent 2021-09-12T09:42:10|received 2021-09-12T13:44:38
2021-12-09 08:45:08 AM|root|INFO|user_id 160190870|order_id 4859225117|saved 2021-09-12 08:45:08.|sent 2021-09-12T09:42:10|received 2021-09-12T13:44:41
2021-12-09 08:50:08 AM|root|INFO|user_id 160190870|order_id 4859228935|saved 2021-09-12 08:50:08.|sent 2021-09-12T09:48:04|received 2021-09-12T13:50:00
2021-12-09 09:05:14 AM|root|INFO|user_id 25523702|order_id 4859253802|saved 2021-09-12 09:05:14.|sent 2021-09-12T10:03:28|received 2021-09-12T14:04:56
2021-12-09 09:10:14 AM|root|INFO|user_id 25523702|order_id 4859254904|saved 2021-09-12 09:10:14.|sent 2021-09-12T10:06:30|received 2021-09-12T14:09:22
2021-12-09 09:25:07 AM|root|INFO|user_id 160190870|order_id 4859281984|saved 2021-09-12 09:25:07.|sent 2021-09-12T10:21:57|received 2021-09-12T14:24:57
2021-12-09 09:25:14 AM|root|INFO|user_id 25523702|order_id 4859277981|saved 2021-09-12 09:25:14.|sent 2021-09-12T10:22:09|received 2021-09-12T14:24:13
2021-12-09 09:40:08 AM|root|INFO|user_id 160190870|order_id 4859307710|saved 2021-09-12 09:40:08.|sent 2021-09-12T10:36:35|received 2021-09-12T14:38:28
2021-12-09 09:40:08 AM|root|INFO|user_id 160190870|order_id 4859311662|saved 2021-09-12 09:40:08.|sent 2021-09-12T10:38:23|received 2021-09-12T14:39:2
2021-12-09 09:40:14 AM|root|INFO|user_id 25523702|order_id 4859313119|saved 2021-09-12 09:40:14.|sent 2021-09-12T10:37:54|received 2021-09-12T14:40:03
2021-12-09 09:40:14 AM|root|INFO|user_id 25523702|order_id 4859313605|saved 2021-09-12 09:40:14.|sent 2021-09-12T10:39:32|received 2021-09-12T14:39:40
2021-12-09 09:50:08 AM|root|INFO|user_id 160190870|order_id 4859326926|saved 2021-09-12 09:50:08.|sent 2021-09-12T10:48:19|received 2021-09-12T14:49:48
2021-12-09 09:50:08 AM|root|INFO|user_id 160190870|order_id 4859332204|saved 2021-09-12 09:50:08.|sent 2021-09-12T10:49:03|received 2021-09-12T14:49:10
2021-12-09 09:50:15 AM|root|INFO|user_id 25523702|order_id 4859326473|saved 2021-09-12 09:50:15.|sent 2021-09-12T10:46:47|received 2021-09-12T14:49:39
2021-12-09 10:10:09 AM|root|INFO|user_id 160190870|order_id 4859367525|saved 2021-09-12 10:10:09.|sent 2021-09-12T11:09:40|received 2021-09-12T15:09:48
2021-12-09 10:10:15 AM|root|INFO|user_id 25523702|order_id 4858987042|saved 2021-09-12 10:10:15.|sent 2021-09-12T01:06:10|received 2021-09-12T15:09:38
2021-12-09 10:15:08 AM|root|INFO|user_id 160190870|order_id 4859372366|saved 2021-09-12 10:15:08.|sent 2021-09-12T11:12:31|received 2021-09-12T15:14:17
2021-12-09 10:15:09 AM|root|INFO|user_id 160190870|order_id 4859372642|saved 2021-09-12 10:15:09.|sent 2021-09-12T11:13:31|received 2021-09-12T15:14:56
2021-12-09 10:15:09 AM|root|INFO|user_id 160190870|order_id 4859373720|saved 2021-09-12 10:15:09.|sent 2021-09-12T11:13:49|received 2021-09-12T15:14:55
2021-12-09 10:15:15 AM|root|INFO|user_id 25523702|order_id 4859235355|saved 2021-09-12 10:15:15.|sent 2021-09-12T09:49:36|received 2021-09-12T15:14:11
2021-12-09 10:15:15 AM|root|INFO|user_id 25523702|order_id 4859316222|saved 2021-09-12 10:15:15.|sent 2021-09-12T10:40:15|received 2021-09-12T15:14:40
2021-12-09 10:15:15 AM|root|INFO|user_id 25523702|order_id 4859372862|saved 2021-09-12 10:15:15.|sent 2021-09-12T11:14:17|received 2021-09-12T15:14:26
2021-12-09 10:20:14 AM|root|INFO|user_id 25523702|order_id 4859378803|saved 2021-09-12 10:20:14.|sent 2021-09-12T11:16:47|received 2021-09-12T15:19:38
2021-12-09 10:20:15 AM|root|INFO|user_id 25523702|order_id 4859384636|saved 2021-09-12 10:20:14.|sent 2021-09-12T11:20:03|received 2021-09-12T15:20:06
2021-12-09 10:25:08 AM|root|INFO|user_id 160190870|order_id 4859383737|saved 2021-09-12 10:25:08.|sent 2021-09-12T11:20:05|received 2021-09-12T15:22:14
2021-12-09 10:25:08 AM|root|INFO|user_id 160190870|order_id 4859389566|saved 2021-09-12 10:25:08.|sent 2021-09-12T11:22:57|received 2021-09-12T15:24:34
2021-12-09 10:35:08 AM|root|INFO|user_id 160190870|order_id 4859398475|saved 2021-09-12 10:35:08.|sent 2021-09-12T11:26:15|received 2021-09-12T15:29:18
2021-12-09 10:35:15 AM|root|INFO|user_id 25523702|order_id 4859408614|saved 2021-09-12 10:35:15.|sent 2021-09-12T11:32:50|received 2021-09-12T15:34:52
2021-12-09 10:40:08 AM|root|INFO|user_id 160190870|order_id 4859420159|saved 2021-09-12 10:40:08.|sent 2021-09-12T11:38:11|received 2021-09-12T15:39:59
2021-12-09 10:40:09 AM|root|INFO|user_id 160190870|order_id 4859418967|saved 2021-09-12 10:40:09.|sent 2021-09-12T11:39:54|received 2021-09-12T15:40:01
2021-12-09 10:40:15 AM|root|INFO|user_id 25523702|order_id 4859417566|saved 2021-09-12 10:40:15.|sent 2021-09-12T11:37:17|received 2021-09-12T15:39:26
2021-12-09 10:45:14 AM|root|INFO|user_id 25523702|order_id 4859426448|saved 2021-09-12 10:45:14.|sent 2021-09-12T11:42:13|received 2021-09-12T15:44:14
2021-12-09 10:45:15 AM|root|INFO|user_id 25523702|order_id 4859423367|saved 2021-09-12 10:45:15.|sent 2021-09-12T11:42:00|received 2021-09-12T15:45:01
2021-12-09 10:50:14 AM|root|INFO|user_id 25523702|order_id 4859433035|saved 2021-09-12 10:50:14.|sent 2021-09-12T11:45:11|received 2021-09-12T15:47:00
2021-12-09 10:50:14 AM|root|INFO|user_id 25523702|order_id 4859436063|saved 2021-09-12 10:50:14.|sent 2021-09-12T11:46:56|received 2021-09-12T15:49:08
2021-12-09 10:50:14 AM|root|INFO|user_id 25523702|order_id 4859436449|saved 2021-09-12 10:50:14.|sent 2021-09-12T11:48:10|received 2021-09-12T15:50:00
2021-12-09 10:50:14 AM|root|INFO|user_id 25523702|order_id 4859436450|saved 2021-09-12 10:50:14.|sent 2021-09-12T11:48:10|received 2021-09-12T15:50:05
2021-12-09 10:50:15 AM|root|INFO|user_id 25523702|order_id 4859437943|saved 2021-09-12 10:50:15.|sent 2021-09-12T11:50:05|received 2021-09-12T15:50:07
2021-12-09 10:55:08 AM|root|INFO|user_id 160190870|order_id 4859440859|saved 2021-09-12 10:55:08.|sent 2021-09-12T11:52:41|received 2021-09-12T15:54:54
2021-12-09 10:55:14 AM|root|INFO|user_id 25523702|order_id 4859443580|saved 2021-09-12 10:55:14.|sent 2021-09-12T11:53:15|received 2021-09-12T15:55:00
2021-12-09 11:00:10 AM|root|INFO|user_id 160190870|order_id 4859443954|saved 2021-09-12 11:00:10.|sent 2021-09-12T11:55:23|received 2021-09-12T15:56:31
2021-12-09 11:00:10 AM|root|INFO|user_id 160190870|order_id 4859454123|saved 2021-09-12 11:00:10.|sent 2021-09-12T11:57:01|received 2021-09-12T15:59:01
2021-12-09 11:00:10 AM|root|INFO|user_id 160190870|order_id 4859457623|saved 2021-09-12 11:00:10.|sent 2021-09-12T11:59:44|received 2021-09-12T15:59:52
2021-12-09 11:00:18 AM|root|INFO|user_id 25523702|order_id 4859450726|saved 2021-09-12 11:00:18.|sent 2021-09-12T11:56:04|received 2021-09-12T15:58:21
2021-12-09 11:05:08 AM|root|INFO|user_id 160190870|order_id 4859459833|saved 2021-09-12 11:05:08.|sent 2021-09-12T12:02:27|received 2021-09-12T16:04:13
2021-12-09 11:05:08 AM|root|INFO|user_id 160190870|order_id 4859291733|saved 2021-09-12 11:05:08.|sent 2021-09-12T10:27:00|received 2021-09-12T16:04:
2021-12-09 11:05:14 AM|root|INFO|user_id 25523702|order_id 4859464295|saved 2021-09-12 11:05:14.|sent 2021-09-12T12:02:32|received 2021-09-12T16:05:05
2021-12-09 11:10:09 AM|root|INFO|user_id 160190870|order_id 4859470002|saved 2021-09-12 11:10:09.|sent 2021-09-12T12:06:05|received 2021-09-12T16:07:44
2021-12-09 11:10:15 AM|root|INFO|user_id 25523702|order_id 4859467661|saved 2021-09-12 11:10:15.|sent 2021-09-12T12:05:44|received 2021-09-12T16:07:37
2021-12-09 11:15:13 AM|root|INFO|user_id 25523702|order_id 4859475533|saved 2021-09-12 11:15:13.|sent 2021-09-12T12:09:01|received 2021-09-12T16:13:07
2021-12-09 11:15:13 AM|root|INFO|user_id 25523702|order_id 4859472871|saved 2021-09-12 11:15:13.|sent 2021-09-12T12:11:03|received 2021-09-12T16:12:57
2021-12-09 11:15:13 AM|root|INFO|user_id 25523702|order_id 4859478805|saved 2021-09-12 11:15:13.|sent 2021-09-12T12:12:24|received 2021-09-12T16:14:24
2021-12-09 11:20:08 AM|root|INFO|user_id 160190870|order_id 4859491254|saved 2021-09-12 11:20:08.|sent 2021-09-12T12:17:36|received 2021-09-12T16:19:48
2021-12-09 11:20:14 AM|root|INFO|user_id 25523702|order_id 4859482692|saved 2021-09-12 11:20:14.|sent 2021-09-12T12:15:20|received 2021-09-12T16:17:29
2021-12-09 11:20:15 AM|root|INFO|user_id 25523702|order_id 4859491344|saved 2021-09-12 11:20:15.|sent 2021-09-12T12:17:55|received 2021-09-12T16:19:48
2021-12-09 11:20:15 AM|root|INFO|user_id 25523702|order_id 4859488635|saved 2021-09-12 11:20:15.|sent 2021-09-12T12:18:02|received 2021-09-12T16:19:33
2021-12-09 11:25:07 AM|root|INFO|user_id 160190870|order_id 4859504499|saved 2021-09-12 11:25:07.|sent 2021-09-12T12:24:42|received 2021-09-12T16:24:48
2021-12-09 11:25:14 AM|root|INFO|user_id 25523702|order_id 4859498763|saved 2021-09-12 11:25:14.|sent 2021-09-12T12:23:55|received 2021-09-12T16:24:36
2021-12-09 11:30:08 AM|root|INFO|user_id 160190870|order_id 4859499855|saved 2021-09-12 11:30:08.|sent 2021-09-12T12:26:48|received 2021-09-12T16:28:47
2021-12-09 11:30:08 AM|root|INFO|user_id 160190870|order_id 4859505287|saved 2021-09-12 11:30:08.|sent 2021-09-12T12:26:47|received 2021-09-12T16:29:20
2021-12-09 11:30:08 AM|root|INFO|user_id 160190870|order_id 4859512103|saved 2021-09-12 11:30:08.|sent 2021-09-12T12:29:19|received 2021-09-12T16:29:25
2021-12-09 11:35:07 AM|root|INFO|user_id 160190870|order_id 4859511429|saved 2021-09-12 11:35:07.|sent 2021-09-12T12:29:54|received 2021-09-12T16:33:44
2021-12-09 11:35:07 AM|root|INFO|user_id 160190870|order_id 4859517756|saved 2021-09-12 11:35:07.|sent 2021-09-12T12:34:33|received 2021-09-12T16:34:41
2021-12-09 11:35:13 AM|root|INFO|user_id 25523702|order_id 4859513690|saved 2021-09-12 11:35:13.|sent 2021-09-12T12:31:12|received 2021-09-12T16:33:04
2021-12-09 11:35:13 AM|root|INFO|user_id 25523702|order_id 4859519471|saved 2021-09-12 11:35:13.|sent 2021-09-12T12:33:56|received 2021-09-12T16:34:02
2021-12-09 11:35:13 AM|root|INFO|user_id 25523702|order_id 4859519496|saved 2021-09-12 11:35:13.|sent 2021-09-12T12:33:58|received 2021-09-12T16:34:06
2021-12-09 11:35:13 AM|root|INFO|user_id 25523702|order_id 4859520292|saved 2021-09-12 11:35:13.|sent 2021-09-12T12:34:10|received 2021-09-12T16:34:5
2021-12-09 11:35:14 AM|root|INFO|user_id 25523702|order_id 4859517854|saved 2021-09-12 11:35:14.|sent 2021-09-12T12:34:51|received 2021-09-12T16:34:58
2021-12-09 11:45:08 AM|root|INFO|user_id 160190870|order_id 4859535852|saved 2021-09-12 11:45:08.|sent 2021-09-12T12:44:35|received 2021-09-12T16:44:42
2021-12-09 11:45:14 AM|root|INFO|user_id 25523702|order_id 4859528403|saved 2021-09-12 11:45:14.|sent 2021-09-12T12:39:46|received 2021-09-12T16:42:19
2021-12-09 11:45:14 AM|root|INFO|user_id 25523702|order_id 4859534386|saved 2021-09-12 11:45:14.|sent 2021-09-12T12:42:29|received 2021-09-12T16:44:58
2021-12-09 11:50:08 AM|root|INFO|user_id 160190870|order_id 4859542270|saved 2021-09-12 11:50:08.|sent 2021-09-12T12:45:57|received 2021-09-12T16:47:57
2021-12-09 11:50:08 AM|root|INFO|user_id 160190870|order_id 4859539978|saved 2021-09-12 11:50:08.|sent 2021-09-12T12:47:19|received 2021-09-12T16:49:24
2021-12-09 11:50:08 AM|root|INFO|user_id 160190870|order_id 4859544245|saved 2021-09-12 11:50:08.|sent 2021-09-12T12:46:29|received 2021-09-12T16:49:28
2021-12-09 11:50:08 AM|root|INFO|user_id 160190870|order_id 4859544438|saved 2021-09-12 11:50:08.|sent 2021-09-12T12:47:20|received 2021-09-12T16:49:39
2021-12-09 11:50:08 AM|root|INFO|user_id 160190870|order_id 4859544439|saved 2021-09-12 11:50:08.|sent 2021-09-12T12:47:20|received 2021-09-12T16:49:39
2021-12-09 11:50:08 AM|root|INFO|user_id 160190870|order_id 4859544437|saved 2021-09-12 11:50:08.|sent 2021-09-12T12:47:20|received 2021-09-12T16:49:39
2021-12-09 11:50:15 AM|root|INFO|user_id 25523702|order_id 4859540955|saved 2021-09-12 11:50:15.|sent 2021-09-12T12:47:08|received 2021-09-12T16:49:29
2021-12-09 11:50:15 AM|root|INFO|user_id 25523702|order_id 4859551026|saved 2021-09-12 11:50:15.|sent 2021-09-12T12:49:04|received 2021-09-12T16:50:07
2021-12-09 11:55:15 AM|root|INFO|user_id 25523702|order_id 4859418013|saved 2021-09-12 11:55:15.|sent 2021-09-12T11:36:48|received 2021-09-12T16:54:05
2021-12-09 12:05:08 PM|root|INFO|user_id 160190870|order_id 4858929723|saved 2021-09-12 12:05:08.|sent 2021-09-11T23:48:28|received 2021-09-12T16:58:39
2021-12-09 12:05:08 PM|root|INFO|user_id 160190870|order_id 4859559725|saved 2021-09-12 12:05:08.|sent 2021-09-12T12:56:55|received 2021-09-12T16:58:29
2021-12-09 12:05:08 PM|root|INFO|user_id 160190870|order_id 4859568364|saved 2021-09-12 12:05:08.|sent 2021-09-12T12:59:26|received 2021-09-12T17:04:41
2021-12-09 12:05:14 PM|root|INFO|user_id 25523702|order_id 4859556765|saved 2021-09-12 12:05:14.|sent 2021-09-12T12:56:04|received 2021-09-12T17:00:11
2021-12-09 12:05:14 PM|root|INFO|user_id 25523702|order_id 4859559833|saved 2021-09-12 12:05:14.|sent 2021-09-12T12:57:16|received 2021-09-12T16:59:14
2021-12-09 12:05:14 PM|root|INFO|user_id 25523702|order_id 4859570122|saved 2021-09-12 12:05:14.|sent 2021-09-12T13:00:07|received 2021-09-12T17:01:14
2021-12-09 12:05:14 PM|root|INFO|user_id 25523702|order_id 4859572771|saved 2021-09-12 12:05:14.|sent 2021-09-12T13:03:51|received 2021-09-12T17:05:06
2021-12-09 12:05:14 PM|root|INFO|user_id 25523702|order_id 4859572822|saved 2021-09-12 12:05:14.|sent 2021-09-12T13:04:02|received 2021-09-12T17:04:09
2021-12-09 12:10:10 PM|root|INFO|user_id 160190870|order_id 4859582267|saved 2021-09-12 12:10:10.|sent 2021-09-12T13:08:08|received 2021-09-12T17:10:00
2021-12-09 12:10:16 PM|root|INFO|user_id 25523702|order_id 4859578677|saved 2021-09-12 12:10:16.|sent 2021-09-12T13:07:33|received 2021-09-12T17:10:0
2021-12-09 12:10:16 PM|root|INFO|user_id 25523702|order_id 4859578676|saved 2021-09-12 12:10:16.|sent 2021-09-12T13:07:33|received 2021-09-12T17:10:0
2021-12-09 12:10:16 PM|root|INFO|user_id 25523702|order_id 4859582161|saved 2021-09-12 12:10:16.|sent 2021-09-12T13:07:33|received 2021-09-12T17:10:0
2021-12-09 12:15:08 PM|root|INFO|user_id 160190870|order_id 4858936087|saved 2021-09-12 12:15:08.|sent 2021-09-11T23:50:58|received 2021-09-12T17:12:59
2021-12-09 12:15:08 PM|root|INFO|user_id 160190870|order_id 4859588769|saved 2021-09-12 12:15:08.|sent 2021-09-12T13:12:50|received 2021-09-12T17:14:43
2021-12-09 12:15:08 PM|root|INFO|user_id 160190870|order_id 4859593190|saved 2021-09-12 12:15:08.|sent 2021-09-12T13:12:46|received 2021-09-12T17:14:58
2021-12-09 12:20:08 PM|root|INFO|user_id 160190870|order_id 4859596328|saved 2021-09-12 12:20:08.|sent 2021-09-12T13:15:13|received 2021-09-12T17:17:16
2021-12-09 12:20:08 PM|root|INFO|user_id 160190870|order_id 4858903860|saved 2021-09-12 12:20:08.|sent 2021-09-11T23:21:37|received 2021-09-12T17:19:10
2021-12-09 12:20:08 PM|root|INFO|user_id 160190870|order_id 4859600288|saved 2021-09-12 12:20:08.|sent 2021-09-12T13:18:03|received 2021-09-12T17:19:5
2021-12-09 12:25:07 PM|root|INFO|user_id 160190870|order_id 4859601972|saved 2021-09-12 12:25:07.|sent 2021-09-12T13:21:36|received 2021-09-12T17:23:28
2021-12-09 12:25:14 PM|root|INFO|user_id 25523702|order_id 4859608380|saved 2021-09-12 12:25:14.|sent 2021-09-12T13:21:45|received 2021-09-12T17:23:27
2021-12-09 12:30:15 PM|root|INFO|user_id 25523702|order_id 4859620435|saved 2021-09-12 12:30:15.|sent 2021-09-12T13:28:15|received 2021-09-12T17:29:58
2021-12-09 12:35:14 PM|root|INFO|user_id 25523702|order_id 4859627905|saved 2021-09-12 12:35:14.|sent 2021-09-12T13:33:08|received 2021-09-12T17:35:0
2021-12-09 12:40:08 PM|root|INFO|user_id 160190870|order_id 4859638120|saved 2021-09-12 12:40:08.|sent 2021-09-12T13:37:15|received 2021-09-12T17:39:1
2021-12-09 12:45:14 PM|root|INFO|user_id 25523702|order_id 4859639707|saved 2021-09-12 12:45:14.|sent 2021-09-12T13:40:11|received 2021-09-12T17:42:22
2021-12-09 12:45:14 PM|root|INFO|user_id 25523702|order_id 4859643931|saved 2021-09-12 12:45:14.|sent 2021-09-12T13:42:17|received 2021-09-12T17:44:15
2021-12-09 12:45:15 PM|root|INFO|user_id 25523702|order_id 4859648086|saved 2021-09-12 12:45:15.|sent 2021-09-12T13:42:28|received 2021-09-12T17:45:07
2021-12-09 12:50:08 PM|root|INFO|user_id 160190870|order_id 4859648546|saved 2021-09-12 12:50:08.|sent 2021-09-12T13:44:32|received 2021-09-12T17:47:13
2021-12-09 12:50:08 PM|root|INFO|user_id 160190870|order_id 4859653715|saved 2021-09-12 12:50:08.|sent 2021-09-12T13:45:41|received 2021-09-12T17:47:4
2021-12-09 12:50:14 PM|root|INFO|user_id 25523702|order_id 4859649919|saved 2021-09-12 12:50:14.|sent 2021-09-12T13:45:26|received 2021-09-12T17:47:30
2021-12-09 12:50:14 PM|root|INFO|user_id 25523702|order_id 4859605611|saved 2021-09-12 12:50:14.|sent 2021-09-12T13:19:58|received 2021-09-12T17:48:37
2021-12-09 12:50:14 PM|root|INFO|user_id 25523702|order_id 4859652460|saved 2021-09-12 12:50:14.|sent 2021-09-12T13:45:46|received 2021-09-12T17:49:11
2021-12-09 12:50:14 PM|root|INFO|user_id 25523702|order_id 4859190595|saved 2021-09-12 12:50:14.|sent 2021-09-12T09:19:00|received 2021-09-12T17:49:14
2021-12-09 12:50:14 PM|root|INFO|user_id 25523702|order_id 4859654682|saved 2021-09-12 12:50:14.|sent 2021-09-12T13:47:53|received 2021-09-12T17:50:0
2021-12-09 12:50:15 PM|root|INFO|user_id 25523702|order_id 4859655553|saved 2021-09-12 12:50:15.|sent 2021-09-12T13:48:07|received 2021-09-12T17:49:59
2021-12-09 12:55:14 PM|root|INFO|user_id 25523702|order_id 4859661400|saved 2021-09-12 12:55:14.|sent 2021-09-12T13:50:08|received 2021-09-12T17:51:45
2021-12-09 01:00:21 PM|root|INFO|user_id 25523702|order_id 4859673849|saved 2021-09-12 13:00:21.|sent 2021-09-12T13:58:40|received 2021-09-12T18:00:09
2021-12-09 01:00:21 PM|root|INFO|user_id 25523702|order_id 4859679344|saved 2021-09-12 13:00:21.|sent 2021-09-12T13:59:39|received 2021-09-12T17:59:46
2021-12-09 01:05:08 PM|root|INFO|user_id 160190870|order_id 4859679670|saved 2021-09-12 13:05:08.|sent 2021-09-12T14:00:46|received 2021-09-12T18:02:57
2021-12-09 01:05:15 PM|root|INFO|user_id 25523702|order_id 4859678687|saved 2021-09-12 13:05:15.|sent 2021-09-12T14:00:36|received 2021-09-12T18:02:23
2021-12-09 01:10:09 PM|root|INFO|user_id 160190870|order_id 4859693519|saved 2021-09-12 13:10:09.|sent 2021-09-12T14:07:12|received 2021-09-12T18:09:24
2021-12-09 01:15:08 PM|root|INFO|user_id 160190870|order_id 4859702042|saved 2021-09-12 13:15:08.|sent 2021-09-12T14:10:12|received 2021-09-12T18:12:22
2021-12-09 01:15:08 PM|root|INFO|user_id 160190870|order_id 4859700869|saved 2021-09-12 13:15:08.|sent 2021-09-12T14:11:40|received 2021-09-12T18:14:28
2021-12-09 01:15:08 PM|root|INFO|user_id 160190870|order_id 4859704263|saved 2021-09-12 13:15:08.|sent 2021-09-12T14:12:19|received 2021-09-12T18:14:15
2021-12-09 01:15:14 PM|root|INFO|user_id 25523702|order_id 4859697926|saved 2021-09-12 13:15:14.|sent 2021-09-12T14:11:19|received 2021-09-12T18:13:3
2021-12-09 01:15:14 PM|root|INFO|user_id 25523702|order_id 4859705051|saved 2021-09-12 13:15:14.|sent 2021-09-12T14:12:03|received 2021-09-12T18:14:23
2021-12-09 01:15:14 PM|root|INFO|user_id 25523702|order_id 4859707336|saved 2021-09-12 13:15:14.|sent 2021-09-12T14:13:04|received 2021-09-12T18:15:02
2021-12-09 01:15:14 PM|root|INFO|user_id 25523702|order_id 4859704555|saved 2021-09-12 13:15:14.|sent 2021-09-12T14:13:16|received 2021-09-12T18:15:05
2021-12-09 01:15:14 PM|root|INFO|user_id 25523702|order_id 4859705874|saved 2021-09-12 13:15:14.|sent 2021-09-12T14:14:51|received 2021-09-12T18:14:5
2021-12-09 01:20:11 PM|root|INFO|user_id 160190870|order_id 4859709726|saved 2021-09-12 13:20:11.|sent 2021-09-12T14:16:59|received 2021-09-12T18:18:59
2021-12-09 01:20:11 PM|root|INFO|user_id 160190870|order_id 4859713647|saved 2021-09-12 13:20:11.|sent 2021-09-12T14:17:30|received 2021-09-12T18:19:35
2021-12-09 01:20:18 PM|root|INFO|user_id 25523702|order_id 4859716249|saved 2021-09-12 13:20:18.|sent 2021-09-12T14:19:10|received 2021-09-12T18:19:18
2021-12-09 01:25:17 PM|root|INFO|user_id 25523702|order_id 4859719420|saved 2021-09-12 13:25:17.|sent 2021-09-12T14:21:48|received 2021-09-12T18:24:37
2021-12-09 01:25:17 PM|root|INFO|user_id 25523702|order_id 4859719421|saved 2021-09-12 13:25:17.|sent 2021-09-12T14:21:48|received 2021-09-12T18:24:37
2021-12-09 01:25:17 PM|root|INFO|user_id 25523702|order_id 4859723790|saved 2021-09-12 13:25:17.|sent 2021-09-12T14:24:10|received 2021-09-12T18:24:17
2021-12-09 01:30:16 PM|root|INFO|user_id 25523702|order_id 4859728164|saved 2021-09-12 13:30:16.|sent 2021-09-12T14:25:23|received 2021-09-12T18:27:2
2021-12-09 01:30:16 PM|root|INFO|user_id 25523702|order_id 4859731137|saved 2021-09-12 13:30:16.|sent 2021-09-12T14:25:30|received 2021-09-12T18:27:1
2021-12-09 01:35:08 PM|root|INFO|user_id 160190870|order_id 4859740609|saved 2021-09-12 13:35:08.|sent 2021-09-12T14:33:02|received 2021-09-12T18:34:59
2021-12-09 01:35:08 PM|root|INFO|user_id 160190870|order_id 4859737903|saved 2021-09-12 13:35:08.|sent 2021-09-12T14:32:57|received 2021-09-12T18:34:55
2021-12-09 01:40:08 PM|root|INFO|user_id 160190870|order_id 4859574508|saved 2021-09-12 13:40:08.|sent 2021-09-12T13:03:09|received 2021-09-12T18:37:57
2021-12-09 01:40:08 PM|root|INFO|user_id 160190870|order_id 4859747134|saved 2021-09-12 13:40:08.|sent 2021-09-12T14:34:47|received 2021-09-12T18:37:18
2021-12-09 01:40:08 PM|root|INFO|user_id 160190870|order_id 4859744335|saved 2021-09-12 13:40:08.|sent 2021-09-12T14:35:02|received 2021-09-12T18:37:50
2021-12-09 01:45:09 PM|root|INFO|user_id 160190870|order_id 4859643652|saved 2021-09-12 13:45:09.|sent 2021-09-12T13:41:24|received 2021-09-12T18:44:4
2021-12-09 01:45:15 PM|root|INFO|user_id 25523702|order_id 4859756333|saved 2021-09-12 13:45:15.|sent 2021-09-12T14:39:38|received 2021-09-12T18:42:25
2021-12-09 01:45:16 PM|root|INFO|user_id 25523702|order_id 4859761565|saved 2021-09-12 13:45:16.|sent 2021-09-12T14:43:03|received 2021-09-12T18:44:47
2021-12-09 01:45:16 PM|root|INFO|user_id 25523702|order_id 4859610226|saved 2021-09-12 13:45:16.|sent 2021-09-12T13:22:01|received 2021-09-12T18:45:09
2021-12-09 01:50:08 PM|root|INFO|user_id 160190870|order_id 4859764689|saved 2021-09-12 13:50:08.|sent 2021-09-12T14:46:39|received 2021-09-12T18:48:31
2021-12-09 01:50:08 PM|root|INFO|user_id 160190870|order_id 4859774363|saved 2021-09-12 13:50:08.|sent 2021-09-12T14:49:17|received 2021-09-12T18:49:24
2021-12-09 01:50:15 PM|root|INFO|user_id 25523702|order_id 4859767641|saved 2021-09-12 13:50:15.|sent 2021-09-12T14:46:01|received 2021-09-12T18:48:08
2021-12-09 01:55:08 PM|root|INFO|user_id 160190870|order_id 4859781222|saved 2021-09-12 13:55:08.|sent 2021-09-12T14:53:16|received 2021-09-12T18:54:5
2021-12-09 01:55:08 PM|root|INFO|user_id 160190870|order_id 4859781223|saved 2021-09-12 13:55:08.|sent 2021-09-12T14:53:16|received 2021-09-12T18:54:5
2021-12-09 01:55:08 PM|root|INFO|user_id 160190870|order_id 4859782144|saved 2021-09-12 13:55:08.|sent 2021-09-12T14:53:16|received 2021-09-12T18:54:5
2021-12-09 01:55:08 PM|root|INFO|user_id 160190870|order_id 4859780286|saved 2021-09-12 13:55:08.|sent 2021-09-12T14:53:16|received 2021-09-12T18:54:5
2021-12-09 01:55:08 PM|root|INFO|user_id 160190870|order_id 4859350930|saved 2021-09-12 13:55:08.|sent 2021-09-12T11:01:20|received 2021-09-12T18:54:58
2021-12-09 02:00:13 PM|root|INFO|user_id 160190870|order_id 4859788491|saved 2021-09-12 14:00:13.|sent 2021-09-12T14:58:03|received 2021-09-12T18:59:40
2021-12-09 02:00:13 PM|root|INFO|user_id 160190870|order_id 4858623283|saved 2021-09-12 14:00:13.|sent 2021-09-11T20:06:47|received 2021-09-12T18:59:12
2021-12-09 02:00:20 PM|root|INFO|user_id 25523702|order_id 4859792057|saved 2021-09-12 14:00:20.|sent 2021-09-12T14:57:04|received 2021-09-12T18:58:48
2021-12-09 02:05:10 PM|root|INFO|user_id 160190870|order_id 4859787810|saved 2021-09-12 14:05:10.|sent 2021-09-12T15:00:19|received 2021-09-12T19:02:25
2021-12-09 02:05:16 PM|root|INFO|user_id 25523702|order_id 4859795389|saved 2021-09-12 14:05:16.|sent 2021-09-12T15:01:00|received 2021-09-12T19:03:4
2021-12-09 02:05:16 PM|root|INFO|user_id 25523702|order_id 4859802325|saved 2021-09-12 14:05:16.|sent 2021-09-12T15:03:56|received 2021-09-12T19:04:05
2021-12-09 02:05:16 PM|root|INFO|user_id 25523702|order_id 4859801609|saved 2021-09-12 14:05:16.|sent 2021-09-12T15:04:51|received 2021-09-12T19:04:58
2021-12-09 02:10:21 PM|root|INFO|user_id 25523702|order_id 4859803841|saved 2021-09-12 14:10:21.|sent 2021-09-12T15:06:00|received 2021-09-12T19:07:5
2021-12-09 02:10:22 PM|root|INFO|user_id 25523702|order_id 4859722714|saved 2021-09-12 14:10:22.|sent 2021-09-12T14:23:19|received 2021-09-12T19:09:
2021-12-09 02:15:20 PM|root|INFO|user_id 25523702|order_id 4859813929|saved 2021-09-12 14:15:20.|sent 2021-09-12T15:12:37|received 2021-09-12T19:14:3
2021-12-09 02:20:09 PM|root|INFO|user_id 160190870|order_id 4859820434|saved 2021-09-12 14:20:09.|sent 2021-09-12T15:14:16|received 2021-09-12T19:18:11
2021-12-09 02:20:09 PM|root|INFO|user_id 160190870|order_id 4859829625|saved 2021-09-12 14:20:09.|sent 2021-09-12T15:18:41|received 2021-09-12T19:19:51
2021-12-09 02:25:09 PM|root|INFO|user_id 160190870|order_id 4859840216|saved 2021-09-12 14:25:09.|sent 2021-09-12T15:23:54|received 2021-09-12T19:24:00
2021-12-09 02:25:09 PM|root|INFO|user_id 160190870|order_id 4859832744|saved 2021-09-12 14:25:09.|sent 2021-09-12T15:21:51|received 2021-09-12T19:24:21
2021-12-09 02:25:16 PM|root|INFO|user_id 25523702|order_id 4859831339|saved 2021-09-12 14:25:16.|sent 2021-09-12T15:20:20|received 2021-09-12T19:22:24
2021-12-09 02:40:08 PM|root|INFO|user_id 160190870|order_id 4859861398|saved 2021-09-12 14:40:08.|sent 2021-09-12T15:35:45|received 2021-09-12T19:37:59
2021-12-09 02:40:08 PM|root|INFO|user_id 160190870|order_id 4859859734|saved 2021-09-12 14:40:08.|sent 2021-09-12T15:36:16|received 2021-09-12T19:38:54
2021-12-09 02:40:08 PM|root|INFO|user_id 160190870|order_id 4859862744|saved 2021-09-12 14:40:08.|sent 2021-09-12T15:37:56|received 2021-09-12T19:39:59
2021-12-09 02:40:08 PM|root|INFO|user_id 160190870|order_id 4859867022|saved 2021-09-12 14:40:08.|sent 2021-09-12T15:38:11|received 2021-09-12T19:40:0
2021-12-09 02:40:08 PM|root|INFO|user_id 160190870|order_id 4859866162|saved 2021-09-12 14:40:08.|sent 2021-09-12T15:38:11|received 2021-09-12T19:39:57
2021-12-09 02:40:09 PM|root|INFO|user_id 160190870|order_id 4859861962|saved 2021-09-12 14:40:09.|sent 2021-09-12T15:38:10|received 2021-09-12T19:40:00
2021-12-09 02:40:09 PM|root|INFO|user_id 160190870|order_id 4859867047|saved 2021-09-12 14:40:09.|sent 2021-09-12T15:38:16|received 2021-09-12T19:39:59
2021-12-09 02:40:15 PM|root|INFO|user_id 25523702|order_id 4859860263|saved 2021-09-12 14:40:15.|sent 2021-09-12T15:34:52|received 2021-09-12T19:37:29
2021-12-09 02:45:08 PM|root|INFO|user_id 160190870|order_id 4859871800|saved 2021-09-12 14:45:08.|sent 2021-09-12T15:41:39|received 2021-09-12T19:43:51
2021-12-09 02:45:15 PM|root|INFO|user_id 25523702|order_id 4859635036|saved 2021-09-12 14:45:15.|sent 2021-09-12T13:34:18|received 2021-09-12T19:44:47
2021-12-09 02:45:15 PM|root|INFO|user_id 25523702|order_id 4859874549|saved 2021-09-12 14:45:15.|sent 2021-09-12T15:43:44|received 2021-09-12T19:45:05
2021-12-09 02:45:15 PM|root|INFO|user_id 25523702|order_id 4859879169|saved 2021-09-12 14:45:15.|sent 2021-09-12T15:43:58|received 2021-09-12T19:44:38
2021-12-09 02:50:15 PM|root|INFO|user_id 25523702|order_id 4859883290|saved 2021-09-12 14:50:15.|sent 2021-09-12T15:46:32|received 2021-09-12T19:48:31
2021-12-09 02:50:15 PM|root|INFO|user_id 25523702|order_id 4859885037|saved 2021-09-12 14:50:15.|sent 2021-09-12T15:47:18|received 2021-09-12T19:49:36
2021-12-09 02:55:08 PM|root|INFO|user_id 160190870|order_id 4859889362|saved 2021-09-12 14:55:08.|sent 2021-09-12T15:49:45|received 2021-09-12T19:53:40
2021-12-09 02:55:08 PM|root|INFO|user_id 160190870|order_id 4859888975|saved 2021-09-12 14:55:08.|sent 2021-09-12T15:51:35|received 2021-09-12T19:53:42
2021-12-09 02:55:08 PM|root|INFO|user_id 160190870|order_id 4859896013|saved 2021-09-12 14:55:08.|sent 2021-09-12T15:52:22|received 2021-09-12T19:54:39
2021-12-09 02:55:15 PM|root|INFO|user_id 25523702|order_id 4859890681|saved 2021-09-12 14:55:15.|sent 2021-09-12T15:50:51|received 2021-09-12T19:52:55
2021-12-09 02:55:15 PM|root|INFO|user_id 25523702|order_id 4859888971|saved 2021-09-12 14:55:15.|sent 2021-09-12T15:51:34|received 2021-09-12T19:54:35
2021-12-09 03:00:20 PM|root|INFO|user_id 25523702|order_id 4859897703|saved 2021-09-12 15:00:20.|sent 2021-09-12T15:55:26|received 2021-09-12T19:57:18
2021-12-09 03:00:20 PM|root|INFO|user_id 25523702|order_id 4858634176|saved 2021-09-12 15:00:20.|sent 2021-09-11T20:12:30|received 2021-09-12T19:58:39
2021-12-09 03:00:20 PM|root|INFO|user_id 25523702|order_id 4859902425|saved 2021-09-12 15:00:20.|sent 2021-09-12T15:57:17|received 2021-09-12T19:59:54
2021-12-09 03:00:21 PM|root|INFO|user_id 25523702|order_id 4859035354|saved 2021-09-12 15:00:21.|sent 2021-09-12T04:26:19|received 2021-09-12T20:00:05
2021-12-09 03:05:09 PM|root|INFO|user_id 160190870|order_id 4859916237|saved 2021-09-12 15:05:09.|sent 2021-09-12T16:04:43|received 2021-09-12T20:04:54
2021-12-09 03:05:15 PM|root|INFO|user_id 25523702|order_id 4859904818|saved 2021-09-12 15:05:15.|sent 2021-09-12T16:00:17|received 2021-09-12T20:02:09
2021-12-09 03:05:15 PM|root|INFO|user_id 25523702|order_id 4859856653|saved 2021-09-12 15:05:15.|sent 2021-09-12T15:34:31|received 2021-09-12T20:03:38
2021-12-09 03:05:15 PM|root|INFO|user_id 25523702|order_id 4859920085|saved 2021-09-12 15:05:15.|sent 2021-09-12T16:05:02|received 2021-09-12T20:05:05
2021-12-09 03:10:08 PM|root|INFO|user_id 160190870|order_id 4859920283|saved 2021-09-12 15:10:08.|sent 2021-09-12T16:05:41|received 2021-09-12T20:09:17
2021-12-09 03:10:08 PM|root|INFO|user_id 160190870|order_id 4859918648|saved 2021-09-12 15:10:08.|sent 2021-09-12T16:06:06|received 2021-09-12T20:08:00
2021-12-09 03:10:08 PM|root|INFO|user_id 160190870|order_id 4859924145|saved 2021-09-12 15:10:08.|sent 2021-09-12T16:07:34|received 2021-09-12T20:09:27
2021-12-09 03:10:09 PM|root|INFO|user_id 160190870|order_id 4859922292|saved 2021-09-12 15:10:09.|sent 2021-09-12T16:06:37|received 2021-09-12T20:09:45
2021-12-09 03:15:11 PM|root|INFO|user_id 160190870|order_id 4859929148|saved 2021-09-12 15:15:11.|sent 2021-09-12T16:10:22|received 2021-09-12T20:11:59
2021-12-09 03:15:19 PM|root|INFO|user_id 25523702|order_id 4859932604|saved 2021-09-12 15:15:19.|sent 2021-09-12T16:12:06|received 2021-09-12T20:14:09
2021-12-09 03:15:19 PM|root|INFO|user_id 25523702|order_id 4859929574|saved 2021-09-12 15:15:19.|sent 2021-09-12T16:12:18|received 2021-09-12T20:14:42
2021-12-09 03:15:19 PM|root|INFO|user_id 25523702|order_id 4859936019|saved 2021-09-12 15:15:19.|sent 2021-09-12T16:13:33|received 2021-09-12T20:14:58
2021-12-09 03:15:19 PM|root|INFO|user_id 25523702|order_id 4859758853|saved 2021-09-12 15:15:19.|sent 2021-09-12T14:43:26|received 2021-09-12T20:14:52
2021-12-09 03:20:09 PM|root|INFO|user_id 160190870|order_id 4859626121|saved 2021-09-12 15:20:09.|sent 2021-09-12T13:30:31|received 2021-09-12T20:18:59
2021-12-09 03:25:15 PM|root|INFO|user_id 25523702|order_id 4859948656|saved 2021-09-12 15:25:15.|sent 2021-09-12T16:21:33|received 2021-09-12T20:23:25
2021-12-09 03:25:15 PM|root|INFO|user_id 25523702|order_id 4859951408|saved 2021-09-12 15:25:15.|sent 2021-09-12T16:21:41|received 2021-09-12T20:24:5
2021-12-09 03:30:09 PM|root|INFO|user_id 160190870|order_id 4859959419|saved 2021-09-12 15:30:09.|sent 2021-09-12T16:27:21|received 2021-09-12T20:29:13
2021-12-09 03:30:17 PM|root|INFO|user_id 25523702|order_id 4859954781|saved 2021-09-12 15:30:17.|sent 2021-09-12T16:25:23|received 2021-09-12T20:27:3
2021-12-09 03:35:07 PM|root|INFO|user_id 160190870|order_id 4859974023|saved 2021-09-12 15:35:07.|sent 2021-09-12T16:32:43|received 2021-09-12T20:34:47
2021-12-09 03:35:07 PM|root|INFO|user_id 160190870|order_id 4859976343|saved 2021-09-12 15:35:07.|sent 2021-09-12T16:34:37|received 2021-09-12T20:34:44
2021-12-09 03:35:14 PM|root|INFO|user_id 25523702|order_id 4859962813|saved 2021-09-12 15:35:14.|sent 2021-09-12T16:30:30|received 2021-09-12T20:32:47
2021-12-09 03:35:14 PM|root|INFO|user_id 25523702|order_id 4859969463|saved 2021-09-12 15:35:14.|sent 2021-09-12T16:31:14|received 2021-09-12T20:33:1
2021-12-09 03:35:14 PM|root|INFO|user_id 25523702|order_id 4859964885|saved 2021-09-12 15:35:14.|sent 2021-09-12T16:32:00|received 2021-09-12T20:34:03
2021-12-09 03:35:14 PM|root|INFO|user_id 25523702|order_id 4859923439|saved 2021-09-12 15:35:14.|sent 2021-09-12T16:08:20|received 2021-09-12T20:34:4
2021-12-09 03:40:09 PM|root|INFO|user_id 160190870|order_id 4859979625|saved 2021-09-12 15:40:09.|sent 2021-09-12T16:37:47|received 2021-09-12T20:39:29
2021-12-09 03:40:15 PM|root|INFO|user_id 25523702|order_id 4859915965|saved 2021-09-12 15:40:15.|sent 2021-09-12T16:04:22|received 2021-09-12T20:39:27
2021-12-09 03:45:14 PM|root|INFO|user_id 25523702|order_id 4859983590|saved 2021-09-12 15:45:14.|sent 2021-09-12T16:40:19|received 2021-09-12T20:43:16
2021-12-09 03:45:15 PM|root|INFO|user_id 25523702|order_id 4859992314|saved 2021-09-12 15:45:15.|sent 2021-09-12T16:43:16|received 2021-09-12T20:45:07
2021-12-09 03:45:15 PM|root|INFO|user_id 25523702|order_id 4859993290|saved 2021-09-12 15:45:15.|sent 2021-09-12T16:43:16|received 2021-09-12T20:45:05
2021-12-09 03:55:08 PM|root|INFO|user_id 160190870|order_id 4860005561|saved 2021-09-12 15:55:08.|sent 2021-09-12T16:50:43|received 2021-09-12T20:52:59
2021-12-09 03:55:14 PM|root|INFO|user_id 25523702|order_id 4860007382|saved 2021-09-12 15:55:14.|sent 2021-09-12T16:52:17|received 2021-09-12T20:54:50
2021-12-09 03:55:14 PM|root|INFO|user_id 25523702|order_id 4860014113|saved 2021-09-12 15:55:14.|sent 2021-09-12T16:54:48|received 2021-09-12T20:54:55
2021-12-09 04:00:14 PM|root|INFO|user_id 25523702|order_id 4860023172|saved 2021-09-12 16:00:14.|sent 2021-09-12T16:58:46|received 2021-09-12T20:58:52
2021-12-09 04:05:08 PM|root|INFO|user_id 160190870|order_id 4860035171|saved 2021-09-12 16:05:08.|sent 2021-09-12T17:04:49|received 2021-09-12T21:04:56
2021-12-09 04:05:14 PM|root|INFO|user_id 25523702|order_id 4860025541|saved 2021-09-12 16:05:14.|sent 2021-09-12T17:01:50|received 2021-09-12T21:04:36
2021-12-09 04:05:14 PM|root|INFO|user_id 25523702|order_id 4860031092|saved 2021-09-12 16:05:14.|sent 2021-09-12T17:03:28|received 2021-09-12T21:04:41
2021-12-09 04:05:15 PM|root|INFO|user_id 25523702|order_id 4860036062|saved 2021-09-12 16:05:15.|sent 2021-09-12T17:04:35|received 2021-09-12T21:04:44
2021-12-09 04:10:14 PM|root|INFO|user_id 160190870|order_id 4860031866|saved 2021-09-12 16:10:14.|sent 2021-09-12T17:07:11|received 2021-09-12T21:10:0
2021-12-09 04:10:21 PM|root|INFO|user_id 25523702|order_id 4860036904|saved 2021-09-12 16:10:21.|sent 2021-09-12T17:07:13|received 2021-09-12T21:09:15
2021-12-09 04:15:08 PM|root|INFO|user_id 160190870|order_id 4860039917|saved 2021-09-12 16:15:08.|sent 2021-09-12T17:10:17|received 2021-09-12T21:12:52
2021-12-09 04:15:08 PM|root|INFO|user_id 160190870|order_id 4860044936|saved 2021-09-12 16:15:08.|sent 2021-09-12T17:12:26|received 2021-09-12T21:14:24
2021-12-09 04:15:14 PM|root|INFO|user_id 25523702|order_id 4860043428|saved 2021-09-12 16:15:14.|sent 2021-09-12T17:10:15|received 2021-09-12T21:12:12
2021-12-09 04:15:15 PM|root|INFO|user_id 25523702|order_id 4860042708|saved 2021-09-12 16:15:15.|sent 2021-09-12T17:10:41|received 2021-09-12T21:13:02
2021-12-09 04:15:15 PM|root|INFO|user_id 25523702|order_id 4860055255|saved 2021-09-12 16:15:15.|sent 2021-09-12T17:14:47|received 2021-09-12T21:14:57
2021-12-09 04:15:15 PM|root|INFO|user_id 25523702|order_id 4860053450|saved 2021-09-12 16:15:15.|sent 2021-09-12T17:14:54|received 2021-09-12T21:15:02
2021-12-09 04:20:12 PM|root|INFO|user_id 160190870|order_id 4860052616|saved 2021-09-12 16:20:12.|sent 2021-09-12T17:15:21|received 2021-09-12T21:16:49
2021-12-09 04:20:12 PM|root|INFO|user_id 160190870|order_id 4860059542|saved 2021-09-12 16:20:12.|sent 2021-09-12T17:18:42|received 2021-09-12T21:19:55
2021-12-09 04:20:12 PM|root|INFO|user_id 160190870|order_id 4860061174|saved 2021-09-12 16:20:12.|sent 2021-09-12T17:18:29|received 2021-09-12T21:19:45
2021-12-09 04:20:20 PM|root|INFO|user_id 25523702|order_id 4860052715|saved 2021-09-12 16:20:20.|sent 2021-09-12T17:15:42|received 2021-09-12T21:17:42
2021-12-09 04:20:21 PM|root|INFO|user_id 25523702|order_id 4860049755|saved 2021-09-12 16:20:21.|sent 2021-09-12T17:15:28|received 2021-09-12T21:18:09
2021-12-09 04:20:21 PM|root|INFO|user_id 25523702|order_id 4860060439|saved 2021-09-12 16:20:21.|sent 2021-09-12T17:18:40|received 2021-09-12T21:20:12
2021-12-09 04:25:08 PM|root|INFO|user_id 160190870|order_id 4860072166|saved 2021-09-12 16:25:08.|sent 2021-09-12T17:23:59|received 2021-09-12T21:24:07
2021-12-09 04:25:15 PM|root|INFO|user_id 25523702|order_id 4860064793|saved 2021-09-12 16:25:15.|sent 2021-09-12T17:22:26|received 2021-09-12T21:24:41
2021-12-09 04:35:08 PM|root|INFO|user_id 160190870|order_id 4860071659|saved 2021-09-12 16:35:08.|sent 2021-09-12T17:25:03|received 2021-09-12T21:27:14
2021-12-09 04:35:09 PM|root|INFO|user_id 160190870|order_id 4860079181|saved 2021-09-12 16:35:09.|sent 2021-09-12T17:27:26|received 2021-09-12T21:30:58
2021-12-09 04:35:09 PM|root|INFO|user_id 160190870|order_id 4860081429|saved 2021-09-12 16:35:09.|sent 2021-09-12T17:30:18|received 2021-09-12T21:31:57
2021-12-09 04:35:14 PM|root|INFO|user_id 25523702|order_id 4860070892|saved 2021-09-12 16:35:14.|sent 2021-09-12T17:25:44|received 2021-09-12T21:27:40
2021-12-09 04:35:14 PM|root|INFO|user_id 25523702|order_id 4860079934|saved 2021-09-12 16:35:14.|sent 2021-09-12T17:31:01|received 2021-09-12T21:33:1
2021-12-09 04:35:14 PM|root|INFO|user_id 25523702|order_id 4860082919|saved 2021-09-12 16:35:14.|sent 2021-09-12T17:32:21|received 2021-09-12T21:34:15
2021-12-09 04:35:15 PM|root|INFO|user_id 25523702|order_id 4860087331|saved 2021-09-12 16:35:15.|sent 2021-09-12T17:32:40|received 2021-09-12T21:34:41
2021-12-09 04:35:15 PM|root|INFO|user_id 25523702|order_id 4859943449|saved 2021-09-12 16:35:15.|sent 2021-09-12T16:17:58|received 2021-09-12T21:35:00
2021-12-09 04:40:16 PM|root|INFO|user_id 25523702|order_id 4860087955|saved 2021-09-12 16:40:16.|sent 2021-09-12T17:35:35|received 2021-09-12T21:37:44
2021-12-09 04:45:08 PM|root|INFO|user_id 160190870|order_id 4860108839|saved 2021-09-12 16:45:08.|sent 2021-09-12T17:44:15|received 2021-09-12T21:44:2
2021-12-09 04:45:15 PM|root|INFO|user_id 25523702|order_id 4860099719|saved 2021-09-12 16:45:15.|sent 2021-09-12T17:40:12|received 2021-09-12T21:42:4
2021-12-09 04:50:11 PM|root|INFO|user_id 160190870|order_id 4860117153|saved 2021-09-12 16:50:11.|sent 2021-09-12T17:47:22|received 2021-09-12T21:49:01
2021-12-09 04:50:20 PM|root|INFO|user_id 25523702|order_id 4860115566|saved 2021-09-12 16:50:20.|sent 2021-09-12T17:46:29|received 2021-09-12T21:48:33
2021-12-09 04:55:08 PM|root|INFO|user_id 160190870|order_id 4860120861|saved 2021-09-12 16:55:08.|sent 2021-09-12T17:50:21|received 2021-09-12T21:52:23
2021-12-09 04:55:08 PM|root|INFO|user_id 160190870|order_id 4860131002|saved 2021-09-12 16:55:08.|sent 2021-09-12T17:53:24|received 2021-09-12T21:54:59
2021-12-09 04:55:15 PM|root|INFO|user_id 25523702|order_id 4860133169|saved 2021-09-12 16:55:15.|sent 2021-09-12T17:54:12|received 2021-09-12T21:54:19
2021-12-09 05:00:13 PM|root|INFO|user_id 160190870|order_id 4860133422|saved 2021-09-12 17:00:13.|sent 2021-09-12T17:55:01|received 2021-09-12T21:57:10
2021-12-09 05:00:13 PM|root|INFO|user_id 160190870|order_id 4860139528|saved 2021-09-12 17:00:13.|sent 2021-09-12T17:59:47|received 2021-09-12T21:59:54
2021-12-09 05:00:20 PM|root|INFO|user_id 25523702|order_id 4860138171|saved 2021-09-12 17:00:20.|sent 2021-09-12T17:57:01|received 2021-09-12T22:00:12
2021-12-09 05:05:15 PM|root|INFO|user_id 25523702|order_id 4860143130|saved 2021-09-12 17:05:15.|sent 2021-09-12T17:59:32|received 2021-09-12T22:02:4
2021-12-09 05:05:16 PM|root|INFO|user_id 25523702|order_id 4860141405|saved 2021-09-12 17:05:16.|sent 2021-09-12T18:00:15|received 2021-09-12T22:02:56
2021-12-09 05:05:16 PM|root|INFO|user_id 25523702|order_id 4859852849|saved 2021-09-12 17:05:16.|sent 2021-09-12T15:31:57|received 2021-09-12T22:04:42
2021-12-09 05:10:09 PM|root|INFO|user_id 160190870|order_id 4860155809|saved 2021-09-12 17:10:09.|sent 2021-09-12T18:07:25|received 2021-09-12T22:09:56
2021-12-09 05:15:08 PM|root|INFO|user_id 160190870|order_id 4860167562|saved 2021-09-12 17:15:08.|sent 2021-09-12T18:12:15|received 2021-09-12T22:14:3
2021-12-09 05:15:08 PM|root|INFO|user_id 160190870|order_id 4860149878|saved 2021-09-12 17:15:08.|sent 2021-09-12T18:04:28|received 2021-09-12T22:14:5
2021-12-09 05:15:14 PM|root|INFO|user_id 25523702|order_id 4860168255|saved 2021-09-12 17:15:14.|sent 2021-09-12T18:11:43|received 2021-09-12T22:13:30
2021-12-09 05:15:14 PM|root|INFO|user_id 25523702|order_id 4860168207|saved 2021-09-12 17:15:14.|sent 2021-09-12T18:11:29|received 2021-09-12T22:14:11
2021-12-09 05:15:14 PM|root|INFO|user_id 25523702|order_id 4860164361|saved 2021-09-12 17:15:14.|sent 2021-09-12T18:11:41|received 2021-09-12T22:13:0
2021-12-09 05:15:14 PM|root|INFO|user_id 25523702|order_id 4860170177|saved 2021-09-12 17:15:14.|sent 2021-09-12T18:11:42|received 2021-09-12T22:14:19
2021-12-09 05:15:14 PM|root|INFO|user_id 25523702|order_id 4860170176|saved 2021-09-12 17:15:14.|sent 2021-09-12T18:11:42|received 2021-09-12T22:14:19
2021-12-09 05:15:14 PM|root|INFO|user_id 25523702|order_id 4860164629|saved 2021-09-12 17:15:14.|sent 2021-09-12T18:12:45|received 2021-09-12T22:14:30
2021-12-09 05:20:09 PM|root|INFO|user_id 160190870|order_id 4860176910|saved 2021-09-12 17:20:09.|sent 2021-09-12T18:18:38|received 2021-09-12T22:19:43
2021-12-09 05:20:17 PM|root|INFO|user_id 25523702|order_id 4860181773|saved 2021-09-12 17:20:17.|sent 2021-09-12T18:18:54|received 2021-09-12T22:19:0
2021-12-09 05:20:17 PM|root|INFO|user_id 25523702|order_id 4860185034|saved 2021-09-12 17:20:17.|sent 2021-09-12T18:19:13|received 2021-09-12T22:19:20
2021-12-09 05:25:10 PM|root|INFO|user_id 160190870|order_id 4860186722|saved 2021-09-12 17:25:10.|sent 2021-09-12T18:21:07|received 2021-09-12T22:24:24
2021-12-09 05:25:10 PM|root|INFO|user_id 160190870|order_id 4860190814|saved 2021-09-12 17:25:10.|sent 2021-09-12T18:24:09|received 2021-09-12T22:24:16
2021-12-09 05:25:10 PM|root|INFO|user_id 160190870|order_id 4860189989|saved 2021-09-12 17:25:10.|sent 2021-09-12T18:24:13|received 2021-09-12T22:24:19
2021-12-09 05:25:18 PM|root|INFO|user_id 25523702|order_id 4860195117|saved 2021-09-12 17:25:18.|sent 2021-09-12T18:24:06|received 2021-09-12T22:25:08
2021-12-09 05:30:09 PM|root|INFO|user_id 160190870|order_id 4860195318|saved 2021-09-12 17:30:09.|sent 2021-09-12T18:24:54|received 2021-09-12T22:27:44
2021-12-09 05:30:18 PM|root|INFO|user_id 25523702|order_id 4860202437|saved 2021-09-12 17:30:18.|sent 2021-09-12T18:29:16|received 2021-09-12T22:29:57
2021-12-09 05:35:09 PM|root|INFO|user_id 160190870|order_id 4860207505|saved 2021-09-12 17:35:09.|sent 2021-09-12T18:31:21|received 2021-09-12T22:33:11
2021-12-09 05:35:15 PM|root|INFO|user_id 25523702|order_id 4860202618|saved 2021-09-12 17:35:15.|sent 2021-09-12T18:29:57|received 2021-09-12T22:33:10
2021-12-09 05:45:15 PM|root|INFO|user_id 25523702|order_id 4860234374|saved 2021-09-12 17:45:15.|sent 2021-09-12T18:42:16|received 2021-09-12T22:44:56
2021-12-09 05:45:15 PM|root|INFO|user_id 25523702|order_id 4860236441|saved 2021-09-12 17:45:15.|sent 2021-09-12T18:44:51|received 2021-09-12T22:44:58
2021-12-09 05:50:10 PM|root|INFO|user_id 160190870|order_id 4860246611|saved 2021-09-12 17:50:10.|sent 2021-09-12T18:49:54|received 2021-09-12T22:50:00
2021-12-09 05:50:10 PM|root|INFO|user_id 160190870|order_id 4860248332|saved 2021-09-12 17:50:10.|sent 2021-09-12T18:48:44|received 2021-09-12T22:50:00
2021-12-09 05:50:20 PM|root|INFO|user_id 25523702|order_id 4860237634|saved 2021-09-12 17:50:20.|sent 2021-09-12T18:45:56|received 2021-09-12T22:47:43
2021-12-09 05:50:20 PM|root|INFO|user_id 25523702|order_id 4860242987|saved 2021-09-12 17:50:20.|sent 2021-09-12T18:47:12|received 2021-09-12T22:49:04
2021-12-09 05:55:09 PM|root|INFO|user_id 160190870|order_id 4860251560|saved 2021-09-12 17:55:09.|sent 2021-09-12T18:50:43|received 2021-09-12T22:52:3
2021-12-09 05:55:15 PM|root|INFO|user_id 25523702|order_id 4860252262|saved 2021-09-12 17:55:15.|sent 2021-09-12T18:50:16|received 2021-09-12T22:52:17
2021-12-09 05:55:15 PM|root|INFO|user_id 25523702|order_id 4860252405|saved 2021-09-12 17:55:15.|sent 2021-09-12T18:50:40|received 2021-09-12T22:53:16
2021-12-09 05:55:15 PM|root|INFO|user_id 25523702|order_id 4860244302|saved 2021-09-12 17:55:15.|sent 2021-09-12T18:47:10|received 2021-09-12T22:53:19
2021-12-09 05:55:15 PM|root|INFO|user_id 25523702|order_id 4860261269|saved 2021-09-12 17:55:15.|sent 2021-09-12T18:55:02|received 2021-09-12T22:55:07
2021-12-09 06:00:13 PM|root|INFO|user_id 160190870|order_id 4860271363|saved 2021-09-12 18:00:13.|sent 2021-09-12T18:58:55|received 2021-09-12T22:59:01
2021-12-09 06:00:21 PM|root|INFO|user_id 25523702|order_id 4860262247|saved 2021-09-12 18:00:21.|sent 2021-09-12T18:55:29|received 2021-09-12T22:57:30
2021-12-09 06:00:21 PM|root|INFO|user_id 25523702|order_id 4860167361|saved 2021-09-12 18:00:21.|sent 2021-09-12T18:11:42|received 2021-09-12T22:58:29
2021-12-09 06:05:09 PM|root|INFO|user_id 160190870|order_id 4860281413|saved 2021-09-12 18:05:09.|sent 2021-09-12T19:03:51|received 2021-09-12T23:04:54
2021-12-09 06:05:16 PM|root|INFO|user_id 25523702|order_id 4860276471|saved 2021-09-12 18:05:16.|sent 2021-09-12T19:01:23|received 2021-09-12T23:03:30
2021-12-09 06:05:16 PM|root|INFO|user_id 25523702|order_id 4860275185|saved 2021-09-12 18:05:16.|sent 2021-09-12T19:00:14|received 2021-09-12T23:04:18
2021-12-09 06:10:09 PM|root|INFO|user_id 160190870|order_id 4860283496|saved 2021-09-12 18:10:09.|sent 2021-09-12T19:04:40|received 2021-09-12T23:06:55
2021-12-09 06:10:09 PM|root|INFO|user_id 160190870|order_id 4860289144|saved 2021-09-12 18:10:09.|sent 2021-09-12T19:06:30|received 2021-09-12T23:08:32
2021-12-09 06:10:09 PM|root|INFO|user_id 160190870|order_id 4860293493|saved 2021-09-12 18:10:09.|sent 2021-09-12T19:09:04|received 2021-09-12T23:09:12
2021-12-09 06:10:16 PM|root|INFO|user_id 25523702|order_id 4860288327|saved 2021-09-12 18:10:16.|sent 2021-09-12T19:06:25|received 2021-09-12T23:07:4
2021-12-09 06:10:16 PM|root|INFO|user_id 25523702|order_id 4860292124|saved 2021-09-12 18:10:16.|sent 2021-09-12T19:07:37|received 2021-09-12T23:09:44
2021-12-09 06:15:23 PM|root|INFO|user_id 25523702|order_id 4860303479|saved 2021-09-12 18:15:23.|sent 2021-09-12T19:12:45|received 2021-09-12T23:15:12
2021-12-09 06:15:23 PM|root|INFO|user_id 25523702|order_id 4860300915|saved 2021-09-12 18:15:23.|sent 2021-09-12T19:13:20|received 2021-09-12T23:15:03
2021-12-09 06:20:09 PM|root|INFO|user_id 160190870|order_id 4860311983|saved 2021-09-12 18:20:09.|sent 2021-09-12T19:18:18|received 2021-09-12T23:19:54
2021-12-09 06:20:17 PM|root|INFO|user_id 25523702|order_id 4860317192|saved 2021-09-12 18:20:17.|sent 2021-09-12T19:18:48|received 2021-09-12T23:18:54
2021-12-09 06:30:10 PM|root|INFO|user_id 25523702|order_id 4860337432|saved 2021-09-12 18:30:10.|sent 2021-09-12T19:27:42|received 2021-09-12T23:29:50
2021-12-09 06:35:10 PM|root|INFO|user_id 160190870|order_id 4860343281|saved 2021-09-12 18:35:10.|sent 2021-09-12T19:30:45|received 2021-09-12T23:33:03
2021-12-09 06:35:10 PM|root|INFO|user_id 160190870|order_id 4860346645|saved 2021-09-12 18:35:10.|sent 2021-09-12T19:32:33|received 2021-09-12T23:34:48
2021-12-09 06:35:10 PM|root|INFO|user_id 160190870|order_id 4860343811|saved 2021-09-12 18:35:10.|sent 2021-09-12T19:32:33|received 2021-09-12T23:34:48
2021-12-09 06:35:10 PM|root|INFO|user_id 160190870|order_id 4860342832|saved 2021-09-12 18:35:10.|sent 2021-09-12T19:32:32|received 2021-09-12T23:34:54
2021-12-09 06:35:18 PM|root|INFO|user_id 25523702|order_id 4860343265|saved 2021-09-12 18:35:18.|sent 2021-09-12T19:30:40|received 2021-09-12T23:32:48
2021-12-09 06:35:19 PM|root|INFO|user_id 25523702|order_id 4860347125|saved 2021-09-12 18:35:19.|sent 2021-09-12T19:31:55|received 2021-09-12T23:33:51
2021-12-09 06:35:19 PM|root|INFO|user_id 25523702|order_id 4860345866|saved 2021-09-12 18:35:19.|sent 2021-09-12T19:32:18|received 2021-09-12T23:34:50
2021-12-09 06:35:19 PM|root|INFO|user_id 25523702|order_id 4859654417|saved 2021-09-12 18:35:19.|sent 2021-09-12T13:47:03|received 2021-09-12T23:34:17
2021-12-09 06:40:09 PM|root|INFO|user_id 160190870|order_id 4860356939|saved 2021-09-12 18:40:09.|sent 2021-09-12T19:37:26|received 2021-09-12T23:39:56
2021-12-09 06:40:16 PM|root|INFO|user_id 25523702|order_id 4860362159|saved 2021-09-12 18:40:16.|sent 2021-09-12T19:38:04|received 2021-09-12T23:39:47
2021-12-09 06:45:08 PM|root|INFO|user_id 160190870|order_id 4860367562|saved 2021-09-12 18:45:08.|sent 2021-09-12T19:41:38|received 2021-09-12T23:44:18
2021-12-09 06:45:08 PM|root|INFO|user_id 160190870|order_id 4860370247|saved 2021-09-12 18:45:08.|sent 2021-09-12T19:42:05|received 2021-09-12T23:44:08
2021-12-09 06:45:15 PM|root|INFO|user_id 25523702|order_id 4860374213|saved 2021-09-12 18:45:15.|sent 2021-09-12T19:43:23|received 2021-09-12T23:45:02
2021-12-09 06:45:15 PM|root|INFO|user_id 25523702|order_id 4860372737|saved 2021-09-12 18:45:15.|sent 2021-09-12T19:44:03|received 2021-09-12T23:44:15
2021-12-09 06:50:10 PM|root|INFO|user_id 160190870|order_id 4860377896|saved 2021-09-12 18:50:10.|sent 2021-09-12T19:46:52|received 2021-09-12T23:49:30
2021-12-09 06:50:10 PM|root|INFO|user_id 160190870|order_id 4860384935|saved 2021-09-12 18:50:10.|sent 2021-09-12T19:49:58|received 2021-09-12T23:50:02
2021-12-09 06:50:16 PM|root|INFO|user_id 25523702|order_id 4860375803|saved 2021-09-12 18:50:16.|sent 2021-09-12T19:45:21|received 2021-09-12T23:47:16
2021-12-09 06:50:16 PM|root|INFO|user_id 25523702|order_id 4860377321|saved 2021-09-12 18:50:16.|sent 2021-09-12T19:45:33|received 2021-09-12T23:47:31
2021-12-09 06:50:17 PM|root|INFO|user_id 25523702|order_id 4860378724|saved 2021-09-12 18:50:16.|sent 2021-09-12T19:47:17|received 2021-09-12T23:49:0
2021-12-09 06:50:17 PM|root|INFO|user_id 25523702|order_id 4860380763|saved 2021-09-12 18:50:17.|sent 2021-09-12T19:47:19|received 2021-09-12T23:49:32
2021-12-09 06:50:17 PM|root|INFO|user_id 25523702|order_id 4860377594|saved 2021-09-12 18:50:17.|sent 2021-09-12T19:46:10|received 2021-09-12T23:49:58
2021-12-09 06:50:17 PM|root|INFO|user_id 25523702|order_id 4860307505|saved 2021-09-12 18:50:17.|sent 2021-09-12T19:15:27|received 2021-09-12T23:50:02
2021-12-09 06:50:17 PM|root|INFO|user_id 25523702|order_id 4860378917|saved 2021-09-12 18:50:17.|sent 2021-09-12T19:47:57|received 2021-09-12T23:49:51
2021-12-09 06:50:17 PM|root|INFO|user_id 25523702|order_id 4860384655|saved 2021-09-12 18:50:17.|sent 2021-09-12T19:49:12|received 2021-09-12T23:49:19
2021-12-09 06:55:09 PM|root|INFO|user_id 160190870|order_id 4860389636|saved 2021-09-12 18:55:09.|sent 2021-09-12T19:51:27|received 2021-09-12T23:54:41
2021-12-09 06:55:09 PM|root|INFO|user_id 160190870|order_id 4860389635|saved 2021-09-12 18:55:09.|sent 2021-09-12T19:51:27|received 2021-09-12T23:54:41
2021-12-09 06:55:09 PM|root|INFO|user_id 160190870|order_id 4860386839|saved 2021-09-12 18:55:09.|sent 2021-09-12T19:51:27|received 2021-09-12T23:54:41
2021-12-09 06:55:15 PM|root|INFO|user_id 25523702|order_id 4860388684|saved 2021-09-12 18:55:15.|sent 2021-09-12T19:50:09|received 2021-09-12T23:54:35
2021-12-09 06:55:16 PM|root|INFO|user_id 25523702|order_id 4860391718|saved 2021-09-12 18:55:16.|sent 2021-09-12T19:51:59|received 2021-09-12T23:54:16
2021-12-09 06:55:16 PM|root|INFO|user_id 25523702|order_id 4860393625|saved 2021-09-12 18:55:16.|sent 2021-09-12T19:52:45|received 2021-09-12T23:54:20
2021-12-09 06:55:16 PM|root|INFO|user_id 25523702|order_id 4860399095|saved 2021-09-12 18:55:16.|sent 2021-09-12T19:53:35|received 2021-09-12T23:54:49
2021-12-09 07:05:01 PM|root|INFO|user_id 160190870|order_id 4860413124|saved 2021-09-12 19:05:01.|sent 2021-09-12T20:00:09|received 2021-09-13T00:02:12
2021-12-09 07:05:01 PM|root|INFO|user_id 160190870|order_id 4860407944|saved 2021-09-12 19:05:01.|sent 2021-09-12T20:00:09|received 2021-09-13T00:02:12
2021-12-09 07:10:02 PM|root|INFO|user_id 160190870|order_id 4860426927|saved 2021-09-12 19:10:02.|sent 2021-09-12T20:07:18|received 2021-09-13T00:09:
2021-12-09 07:10:03 PM|root|INFO|user_id 160190870|order_id 4860432676|saved 2021-09-12 19:10:03.|sent 2021-09-12T20:09:22|received 2021-09-13T00:09:28
2021-12-09 07:10:03 PM|root|INFO|user_id 25523702|order_id 4860432041|saved 2021-09-12 19:10:03.|sent 2021-09-12T20:07:37|received 2021-09-13T00:09:51
2021-12-09 07:15:02 PM|root|INFO|user_id 160190870|order_id 4860442264|saved 2021-09-12 19:15:02.|sent 2021-09-12T20:12:18|received 2021-09-13T00:14:33
2021-12-09 07:15:02 PM|root|INFO|user_id 160190870|order_id 4860443168|saved 2021-09-12 19:15:02.|sent 2021-09-12T20:12:35|received 2021-09-13T00:14:5
2021-12-09 07:15:02 PM|root|INFO|user_id 25523702|order_id 4860438044|saved 2021-09-12 19:15:02.|sent 2021-09-12T20:10:50|received 2021-09-13T00:12:48
2021-12-09 07:15:02 PM|root|INFO|user_id 25523702|order_id 4860442855|saved 2021-09-12 19:15:02.|sent 2021-09-12T20:13:50|received 2021-09-13T00:13:57
2021-12-09 07:20:03 PM|root|INFO|user_id 160190870|order_id 4860443988|saved 2021-09-12 19:20:03.|sent 2021-09-12T20:15:29|received 2021-09-13T00:17:55
2021-12-09 07:20:03 PM|root|INFO|user_id 25523702|order_id 4860453243|saved 2021-09-12 19:20:03.|sent 2021-09-12T20:17:22|received 2021-09-13T00:19:18
2021-12-09 07:25:03 PM|root|INFO|user_id 160190870|order_id 4860461439|saved 2021-09-12 19:25:03.|sent 2021-09-12T20:20:38|received 2021-09-13T00:23:04
2021-12-09 07:25:03 PM|root|INFO|user_id 160190870|order_id 4860459851|saved 2021-09-12 19:25:03.|sent 2021-09-12T20:22:07|received 2021-09-13T00:24:25
2021-12-09 07:25:03 PM|root|INFO|user_id 160190870|order_id 4860467743|saved 2021-09-12 19:25:03.|sent 2021-09-12T20:23:56|received 2021-09-13T00:24:0
2021-12-09 07:25:03 PM|root|INFO|user_id 160190870|order_id 4860466800|saved 2021-09-12 19:25:03.|sent 2021-09-12T20:24:07|received 2021-09-13T00:24:15
2021-12-09 07:25:04 PM|root|INFO|user_id 25523702|order_id 4860457854|saved 2021-09-12 19:25:04.|sent 2021-09-12T20:20:51|received 2021-09-13T00:23:22
2021-12-09 07:25:04 PM|root|INFO|user_id 25523702|order_id 4860469331|saved 2021-09-12 19:25:04.|sent 2021-09-12T20:23:55|received 2021-09-13T00:25:01
2021-12-09 07:25:04 PM|root|INFO|user_id 25523702|order_id 4860467876|saved 2021-09-12 19:25:04.|sent 2021-09-12T20:24:19|received 2021-09-13T00:24:28
2021-12-09 07:25:04 PM|root|INFO|user_id 25523702|order_id 4860467969|saved 2021-09-12 19:25:04.|sent 2021-09-12T20:24:38|received 2021-09-13T00:24:45
2021-12-09 07:25:04 PM|root|INFO|user_id 25523702|order_id 4860472113|saved 2021-09-12 19:25:04.|sent 2021-09-12T20:24:58|received 2021-09-13T00:25:01
2021-12-09 07:30:03 PM|root|INFO|user_id 160190870|order_id 4860470574|saved 2021-09-12 19:30:03.|sent 2021-09-12T20:25:16|received 2021-09-13T00:27:29
2021-12-09 07:30:04 PM|root|INFO|user_id 160190870|order_id 4860479387|saved 2021-09-12 19:30:04.|sent 2021-09-12T20:28:13|received 2021-09-13T00:29:40
2021-12-09 07:30:05 PM|root|INFO|user_id 25523702|order_id 4860472233|saved 2021-09-12 19:30:05.|sent 2021-09-12T20:25:14|received 2021-09-13T00:27:30
2021-12-09 07:30:05 PM|root|INFO|user_id 25523702|order_id 4860465874|saved 2021-09-12 19:30:05.|sent 2021-09-12T20:25:27|received 2021-09-13T00:28:47
2021-12-09 07:30:06 PM|root|INFO|user_id 25523702|order_id 4860473495|saved 2021-09-12 19:30:06.|sent 2021-09-12T20:27:27|received 2021-09-13T00:29:29
2021-12-09 07:35:06 PM|root|INFO|user_id 25523702|order_id 4860485756|saved 2021-09-12 19:35:06.|sent 2021-09-12T20:31:37|received 2021-09-13T00:33:29
2021-12-09 07:35:06 PM|root|INFO|user_id 25523702|order_id 4860489794|saved 2021-09-12 19:35:06.|sent 2021-09-12T20:34:18|received 2021-09-13T00:34:29
2021-12-09 07:40:03 PM|root|INFO|user_id 160190870|order_id 4860496657|saved 2021-09-12 19:40:03.|sent 2021-09-12T20:36:32|received 2021-09-13T00:38:52
2021-12-09 07:40:05 PM|root|INFO|user_id 25523702|order_id 4860503347|saved 2021-09-12 19:40:05.|sent 2021-09-12T20:38:21|received 2021-09-13T00:39:53
2021-12-09 07:45:08 PM|root|INFO|user_id 25523702|order_id 4860510115|saved 2021-09-12 19:45:08.|sent 2021-09-12T20:40:51|received 2021-09-13T00:43:15
2021-12-09 07:50:04 PM|root|INFO|user_id 160190870|order_id 4860523319|saved 2021-09-12 19:50:04.|sent 2021-09-12T20:47:07|received 2021-09-13T00:49:20
2021-12-09 07:55:03 PM|root|INFO|user_id 160190870|order_id 4860526744|saved 2021-09-12 19:55:03.|sent 2021-09-12T20:50:43|received 2021-09-13T00:52:3
2021-12-09 07:55:03 PM|root|INFO|user_id 160190870|order_id 4860536357|saved 2021-09-12 19:55:03.|sent 2021-09-12T20:52:59|received 2021-09-13T00:54:56
2021-12-09 07:55:05 PM|root|INFO|user_id 25523702|order_id 4860445350|saved 2021-09-12 19:55:05.|sent 2021-09-12T20:14:23|received 2021-09-13T00:53:21
2021-12-09 07:55:06 PM|root|INFO|user_id 25523702|order_id 4860530847|saved 2021-09-12 19:55:06.|sent 2021-09-12T20:51:06|received 2021-09-13T00:53:17
2021-12-09 08:00:08 PM|root|INFO|user_id 160190870|order_id 4860541882|saved 2021-09-12 20:00:08.|sent 2021-09-12T20:56:16|received 2021-09-13T00:58:18
2021-12-09 08:00:08 PM|root|INFO|user_id 160190870|order_id 4860548063|saved 2021-09-12 20:00:08.|sent 2021-09-12T20:56:45|received 2021-09-13T00:59:27
2021-12-09 08:00:08 PM|root|INFO|user_id 160190870|order_id 4860547463|saved 2021-09-12 20:00:08.|sent 2021-09-12T20:57:28|received 2021-09-13T00:59:32
2021-12-09 08:00:10 PM|root|INFO|user_id 25523702|order_id 4860547395|saved 2021-09-12 20:00:10.|sent 2021-09-12T20:57:14|received 2021-09-13T00:59:2
2021-12-09 08:00:10 PM|root|INFO|user_id 25523702|order_id 4860546675|saved 2021-09-12 20:00:10.|sent 2021-09-12T20:58:21|received 2021-09-13T01:00:04
2021-12-09 08:05:06 PM|root|INFO|user_id 160190870|order_id 4860550705|saved 2021-09-12 20:05:06.|sent 2021-09-12T21:00:27|received 2021-09-13T01:02:40
2021-12-09 08:05:06 PM|root|INFO|user_id 160190870|order_id 4860559483|saved 2021-09-12 20:05:06.|sent 2021-09-12T21:03:20|received 2021-09-13T01:05:00
2021-12-09 08:05:07 PM|root|INFO|user_id 160190870|order_id 4860566037|saved 2021-09-12 20:05:07.|sent 2021-09-12T21:04:49|received 2021-09-13T01:04:56
2021-12-09 08:10:05 PM|root|INFO|user_id 160190870|order_id 4860569316|saved 2021-09-12 20:10:05.|sent 2021-09-12T21:07:06|received 2021-09-13T01:09:11
2021-12-09 08:10:08 PM|root|INFO|user_id 25523702|order_id 4860566788|saved 2021-09-12 20:10:08.|sent 2021-09-12T21:06:59|received 2021-09-13T01:09:01
2021-12-09 08:10:08 PM|root|INFO|user_id 25523702|order_id 4860573747|saved 2021-09-12 20:10:08.|sent 2021-09-12T21:09:37|received 2021-09-13T01:09:44
2021-12-09 08:15:08 PM|root|INFO|user_id 25523702|order_id 4860580488|saved 2021-09-12 20:15:08.|sent 2021-09-12T21:12:36|received 2021-09-13T01:14:35
2021-12-09 08:15:08 PM|root|INFO|user_id 25523702|order_id 4860578907|saved 2021-09-12 20:15:08.|sent 2021-09-12T21:12:41|received 2021-09-13T01:14:3
2021-12-09 08:20:06 PM|root|INFO|user_id 160190870|order_id 4860587990|saved 2021-09-12 20:20:06.|sent 2021-09-12T21:17:47|received 2021-09-13T01:19:55
2021-12-09 08:20:10 PM|root|INFO|user_id 25523702|order_id 4860591135|saved 2021-09-12 20:20:10.|sent 2021-09-12T21:16:29|received 2021-09-13T01:18:3
2021-12-09 08:25:06 PM|root|INFO|user_id 160190870|order_id 4860598771|saved 2021-09-12 20:25:06.|sent 2021-09-12T21:20:51|received 2021-09-13T01:22:41
2021-12-09 08:25:07 PM|root|INFO|user_id 160190870|order_id 4860604047|saved 2021-09-12 20:25:07.|sent 2021-09-12T21:21:35|received 2021-09-13T01:23:41
2021-12-09 08:25:07 PM|root|INFO|user_id 160190870|order_id 4860599843|saved 2021-09-12 20:25:07.|sent 2021-09-12T21:22:31|received 2021-09-13T01:24:37
2021-12-09 08:25:07 PM|root|INFO|user_id 160190870|order_id 4860604928|saved 2021-09-12 20:25:07.|sent 2021-09-12T21:24:09|received 2021-09-13T01:24:22
2021-12-09 08:25:10 PM|root|INFO|user_id 25523702|order_id 4860599201|saved 2021-09-12 20:25:10.|sent 2021-09-12T21:20:42|received 2021-09-13T01:22:36
2021-12-09 08:25:11 PM|root|INFO|user_id 25523702|order_id 4860607360|saved 2021-09-12 20:25:11.|sent 2021-09-12T21:24:02|received 2021-09-13T01:24:1
2021-12-09 08:25:11 PM|root|INFO|user_id 25523702|order_id 4860600906|saved 2021-09-12 20:25:11.|sent 2021-09-12T21:23:45|received 2021-09-13T01:24:58
2021-12-09 08:35:06 PM|root|INFO|user_id 160190870|order_id 4860623044|saved 2021-09-12 20:35:06.|sent 2021-09-12T21:30:15|received 2021-09-13T01:32:29
2021-12-09 08:35:06 PM|root|INFO|user_id 160190870|order_id 4860623734|saved 2021-09-12 20:35:06.|sent 2021-09-12T21:32:17|received 2021-09-13T01:34:38
2021-12-09 08:35:06 PM|root|INFO|user_id 160190870|order_id 4860627525|saved 2021-09-12 20:35:06.|sent 2021-09-12T21:33:22|received 2021-09-13T01:34:43
2021-12-09 08:35:10 PM|root|INFO|user_id 25523702|order_id 4860609325|saved 2021-09-12 20:35:10.|sent 2021-09-12T21:25:41|received 2021-09-13T01:28:39
2021-12-09 08:35:10 PM|root|INFO|user_id 25523702|order_id 4860615237|saved 2021-09-12 20:35:10.|sent 2021-09-12T21:27:02|received 2021-09-13T01:28:55
2021-12-09 08:35:11 PM|root|INFO|user_id 25523702|order_id 4860616251|saved 2021-09-12 20:35:11.|sent 2021-09-12T21:28:01|received 2021-09-13T01:30:13
2021-12-09 08:40:12 PM|root|INFO|user_id 25523702|order_id 4860633303|saved 2021-09-12 20:40:12.|sent 2021-09-12T21:35:39|received 2021-09-13T01:38:00
2021-12-09 08:50:06 PM|root|INFO|user_id 160190870|order_id 4860649844|saved 2021-09-12 20:50:06.|sent 2021-09-12T21:45:58|received 2021-09-13T01:48:56
2021-12-09 08:50:07 PM|root|INFO|user_id 160190870|order_id 4860657064|saved 2021-09-12 20:50:07.|sent 2021-09-12T21:46:34|received 2021-09-13T01:48:30
2021-12-09 08:50:07 PM|root|INFO|user_id 160190870|order_id 4860656247|saved 2021-09-12 20:50:07.|sent 2021-09-12T21:47:00|received 2021-09-13T01:49:01
2021-12-09 08:50:13 PM|root|INFO|user_id 25523702|order_id 4860650923|saved 2021-09-12 20:50:13.|sent 2021-09-12T21:46:46|received 2021-09-13T01:49:10
2021-12-09 08:50:13 PM|root|INFO|user_id 25523702|order_id 4860661679|saved 2021-09-12 20:50:13.|sent 2021-09-12T21:49:46|received 2021-09-13T01:49:55
2021-12-09 08:55:06 PM|root|INFO|user_id 160190870|order_id 4860663920|saved 2021-09-12 20:55:06.|sent 2021-09-12T21:51:50|received 2021-09-13T01:54:03
2021-12-09 08:55:06 PM|root|INFO|user_id 160190870|order_id 4860665805|saved 2021-09-12 20:55:06.|sent 2021-09-12T21:52:09|received 2021-09-13T01:54:01
2021-12-09 09:00:10 PM|root|INFO|user_id 160190870|order_id 4860678866|saved 2021-09-12 21:00:10.|sent 2021-09-12T21:58:25|received 2021-09-13T01:59:47
2021-12-09 09:00:14 PM|root|INFO|user_id 25523702|order_id 4860673964|saved 2021-09-12 21:00:14.|sent 2021-09-12T21:56:44|received 2021-09-13T01:58:57
2021-12-09 09:00:14 PM|root|INFO|user_id 25523702|order_id 4860676629|saved 2021-09-12 21:00:14.|sent 2021-09-12T21:57:13|received 2021-09-13T01:59:11
2021-12-09 09:05:08 PM|root|INFO|user_id 160190870|order_id 4860682657|saved 2021-09-12 21:05:08.|sent 2021-09-12T22:00:27|received 2021-09-13T02:02:28
2021-12-09 09:05:08 PM|root|INFO|user_id 160190870|order_id 4860683949|saved 2021-09-12 21:05:08.|sent 2021-09-12T22:02:14|received 2021-09-13T02:04:0
2021-12-09 09:05:13 PM|root|INFO|user_id 25523702|order_id 4860690110|saved 2021-09-12 21:05:13.|sent 2021-09-12T22:02:15|received 2021-09-13T02:04:57
2021-12-09 09:05:14 PM|root|INFO|user_id 25523702|order_id 4860690500|saved 2021-09-12 21:05:14.|sent 2021-09-12T22:03:25|received 2021-09-13T02:05:04
2021-12-09 09:05:14 PM|root|INFO|user_id 25523702|order_id 4860689971|saved 2021-09-12 21:05:14.|sent 2021-09-12T22:04:27|received 2021-09-13T02:04:35
2021-12-09 09:10:08 PM|root|INFO|user_id 160190870|order_id 4860691898|saved 2021-09-12 21:10:08.|sent 2021-09-12T22:05:52|received 2021-09-13T02:09:1
2021-12-09 09:10:09 PM|root|INFO|user_id 160190870|order_id 4860697620|saved 2021-09-12 21:10:09.|sent 2021-09-12T22:06:59|received 2021-09-13T02:09:0
2021-12-09 09:10:14 PM|root|INFO|user_id 25523702|order_id 4860692967|saved 2021-09-12 21:10:14.|sent 2021-09-12T22:06:50|received 2021-09-13T02:10:00
2021-12-09 09:10:14 PM|root|INFO|user_id 25523702|order_id 4860697892|saved 2021-09-12 21:10:14.|sent 2021-09-12T22:07:52|received 2021-09-13T02:10:01
2021-12-09 09:15:07 PM|root|INFO|user_id 160190870|order_id 4860709032|saved 2021-09-12 21:15:07.|sent 2021-09-12T22:11:33|received 2021-09-13T02:13:19
2021-12-09 09:15:13 PM|root|INFO|user_id 25523702|order_id 4860706332|saved 2021-09-12 21:15:13.|sent 2021-09-12T22:11:50|received 2021-09-13T02:13:59
2021-12-09 09:20:08 PM|root|INFO|user_id 160190870|order_id 4860716099|saved 2021-09-12 21:20:08.|sent 2021-09-12T22:15:18|received 2021-09-13T02:17:40
2021-12-09 09:20:08 PM|root|INFO|user_id 160190870|order_id 4860713608|saved 2021-09-12 21:20:08.|sent 2021-09-12T22:16:45|received 2021-09-13T02:19:03
2021-12-09 09:20:08 PM|root|INFO|user_id 160190870|order_id 4860716604|saved 2021-09-12 21:20:08.|sent 2021-09-12T22:17:13|received 2021-09-13T02:19:02
2021-12-09 09:20:08 PM|root|INFO|user_id 160190870|order_id 4860713802|saved 2021-09-12 21:20:08.|sent 2021-09-12T22:17:25|received 2021-09-13T02:19:16
2021-12-09 09:20:14 PM|root|INFO|user_id 25523702|order_id 4860713598|saved 2021-09-12 21:20:14.|sent 2021-09-12T22:16:42|received 2021-09-13T02:18:52
2021-12-09 09:25:08 PM|root|INFO|user_id 160190870|order_id 4860722595|saved 2021-09-12 21:25:08.|sent 2021-09-12T22:20:38|received 2021-09-13T02:21:5
2021-12-09 09:25:08 PM|root|INFO|user_id 160190870|order_id 4860729380|saved 2021-09-12 21:25:08.|sent 2021-09-12T22:23:19|received 2021-09-13T02:24:57
2021-12-09 09:25:15 PM|root|INFO|user_id 25523702|order_id 4860719761|saved 2021-09-12 21:25:15.|sent 2021-09-12T22:20:10|received 2021-09-13T02:21:14
2021-12-09 09:25:15 PM|root|INFO|user_id 25523702|order_id 4860722738|saved 2021-09-12 21:25:15.|sent 2021-09-12T22:21:09|received 2021-09-13T02:23:02
2021-12-09 09:25:15 PM|root|INFO|user_id 25523702|order_id 4860729190|saved 2021-09-12 21:25:15.|sent 2021-09-12T22:22:37|received 2021-09-13T02:24:57
2021-12-09 09:25:15 PM|root|INFO|user_id 25523702|order_id 4860724803|saved 2021-09-12 21:25:15.|sent 2021-09-12T22:22:11|received 2021-09-13T02:25:07
2021-12-09 09:25:15 PM|root|INFO|user_id 25523702|order_id 4860730188|saved 2021-09-12 21:25:15.|sent 2021-09-12T22:23:35|received 2021-09-13T02:25:03
2021-12-09 09:30:08 PM|root|INFO|user_id 160190870|order_id 4860734381|saved 2021-09-12 21:30:08.|sent 2021-09-12T22:26:26|received 2021-09-13T02:28:30
2021-12-09 09:30:08 PM|root|INFO|user_id 160190870|order_id 4860740274|saved 2021-09-12 21:30:08.|sent 2021-09-12T22:29:28|received 2021-09-13T02:29:35
2021-12-09 09:35:09 PM|root|INFO|user_id 160190870|order_id 4860739643|saved 2021-09-12 21:35:09.|sent 2021-09-12T22:30:34|received 2021-09-13T02:32:37
2021-12-09 09:35:15 PM|root|INFO|user_id 25523702|order_id 4860739695|saved 2021-09-12 21:35:15.|sent 2021-09-12T22:30:44|received 2021-09-13T02:32:33
2021-12-09 09:35:15 PM|root|INFO|user_id 25523702|order_id 4860742621|saved 2021-09-12 21:35:15.|sent 2021-09-12T22:31:00|received 2021-09-13T02:32:58
2021-12-09 09:35:15 PM|root|INFO|user_id 25523702|order_id 4860740929|saved 2021-09-12 21:35:15.|sent 2021-09-12T22:31:43|received 2021-09-13T02:33:35
2021-12-09 09:40:08 PM|root|INFO|user_id 160190870|order_id 4860753329|saved 2021-09-12 21:40:08.|sent 2021-09-12T22:37:41|received 2021-09-13T02:39:54
2021-12-09 09:40:08 PM|root|INFO|user_id 160190870|order_id 4860759099|saved 2021-09-12 21:40:08.|sent 2021-09-12T22:39:47|received 2021-09-13T02:39:56
2021-12-09 09:40:14 PM|root|INFO|user_id 25523702|order_id 4860752129|saved 2021-09-12 21:40:14.|sent 2021-09-12T22:36:04|received 2021-09-13T02:38:12
2021-12-09 09:40:14 PM|root|INFO|user_id 25523702|order_id 4860754369|saved 2021-09-12 21:40:14.|sent 2021-09-12T22:37:14|received 2021-09-13T02:39:17
2021-12-09 09:40:15 PM|root|INFO|user_id 25523702|order_id 4860756239|saved 2021-09-12 21:40:15.|sent 2021-09-12T22:38:34|received 2021-09-13T02:40:04
2021-12-09 09:40:15 PM|root|INFO|user_id 25523702|order_id 4860753561|saved 2021-09-12 21:40:15.|sent 2021-09-12T22:38:56|received 2021-09-13T02:39:37
2021-12-09 09:45:07 PM|root|INFO|user_id 160190870|order_id 4860757858|saved 2021-09-12 21:45:07.|sent 2021-09-12T22:40:25|received 2021-09-13T02:42:14
2021-12-09 09:45:07 PM|root|INFO|user_id 160190870|order_id 4860762882|saved 2021-09-12 21:45:07.|sent 2021-09-12T22:44:38|received 2021-09-13T02:44:44
2021-12-09 09:45:14 PM|root|INFO|user_id 25523702|order_id 4860753839|saved 2021-09-12 21:45:14.|sent 2021-09-12T22:40:07|received 2021-09-13T02:41:12
2021-12-09 09:45:14 PM|root|INFO|user_id 25523702|order_id 4860762609|saved 2021-09-12 21:45:14.|sent 2021-09-12T22:43:33|received 2021-09-13T02:45:01
2021-12-09 09:50:10 PM|root|INFO|user_id 160190870|order_id 4860765788|saved 2021-09-12 21:50:10.|sent 2021-09-12T22:46:27|received 2021-09-13T02:48:28
2021-12-09 09:50:10 PM|root|INFO|user_id 160190870|order_id 4860775268|saved 2021-09-12 21:50:10.|sent 2021-09-12T22:48:43|received 2021-09-13T02:49:4
2021-12-09 09:55:07 PM|root|INFO|user_id 160190870|order_id 4860772779|saved 2021-09-12 21:55:07.|sent 2021-09-12T22:50:29|received 2021-09-13T02:52:47
2021-12-09 09:55:08 PM|root|INFO|user_id 160190870|order_id 4860778195|saved 2021-09-12 21:55:08.|sent 2021-09-12T22:51:39|received 2021-09-13T02:53:35
2021-12-09 09:55:08 PM|root|INFO|user_id 160190870|order_id 4860781475|saved 2021-09-12 21:55:08.|sent 2021-09-12T22:53:34|received 2021-09-13T02:54:51
2021-12-09 09:55:08 PM|root|INFO|user_id 160190870|order_id 4860783537|saved 2021-09-12 21:55:08.|sent 2021-09-12T22:54:46|received 2021-09-13T02:54:54
2021-12-09 09:55:14 PM|root|INFO|user_id 25523702|order_id 4860776787|saved 2021-09-12 21:55:14.|sent 2021-09-12T22:51:44|received 2021-09-13T02:54:52
2021-12-09 10:00:12 PM|root|INFO|user_id 160190870|order_id 4860784176|saved 2021-09-12 22:00:12.|sent 2021-09-12T22:55:52|received 2021-09-13T02:58:00
2021-12-09 10:00:12 PM|root|INFO|user_id 160190870|order_id 4860785753|saved 2021-09-12 22:00:12.|sent 2021-09-12T22:58:18|received 2021-09-13T02:59:58
2021-12-09 10:00:18 PM|root|INFO|user_id 25523702|order_id 4860785996|saved 2021-09-12 22:00:18.|sent 2021-09-12T22:59:23|received 2021-09-13T02:59:30
2021-12-09 10:00:18 PM|root|INFO|user_id 25523702|order_id 4860790361|saved 2021-09-12 22:00:18.|sent 2021-09-12T22:58:49|received 2021-09-13T02:59:59
2021-12-09 10:05:08 PM|root|INFO|user_id 160190870|order_id 4860794623|saved 2021-09-12 22:05:08.|sent 2021-09-12T23:02:54|received 2021-09-13T03:04:57
2021-12-09 10:05:14 PM|root|INFO|user_id 25523702|order_id 4860796933|saved 2021-09-12 22:05:14.|sent 2021-09-12T23:04:48|received 2021-09-13T03:04:57
2021-12-09 10:10:14 PM|root|INFO|user_id 25523702|order_id 4860806148|saved 2021-09-12 22:10:14.|sent 2021-09-12T23:09:12|received 2021-09-13T03:09:18
2021-12-09 10:15:08 PM|root|INFO|user_id 160190870|order_id 4860808424|saved 2021-09-12 22:15:08.|sent 2021-09-12T23:11:53|received 2021-09-13T03:14:3
2021-12-09 10:15:14 PM|root|INFO|user_id 25523702|order_id 4860814207|saved 2021-09-12 22:15:14.|sent 2021-09-12T23:13:56|received 2021-09-13T03:15:04
2021-12-09 10:15:14 PM|root|INFO|user_id 25523702|order_id 4860812275|saved 2021-09-12 22:15:14.|sent 2021-09-12T23:14:16|received 2021-09-13T03:14:24
2021-12-09 10:20:08 PM|root|INFO|user_id 160190870|order_id 4860811869|saved 2021-09-12 22:20:08.|sent 2021-09-12T23:16:44|received 2021-09-13T03:18:34
2021-12-09 10:20:08 PM|root|INFO|user_id 160190870|order_id 4860820056|saved 2021-09-12 22:20:08.|sent 2021-09-12T23:18:01|received 2021-09-13T03:20:00
2021-12-09 10:20:15 PM|root|INFO|user_id 25523702|order_id 4860815339|saved 2021-09-12 22:20:15.|sent 2021-09-12T23:16:18|received 2021-09-13T03:18:08
2021-12-09 10:25:08 PM|root|INFO|user_id 160190870|order_id 4860820769|saved 2021-09-12 22:25:08.|sent 2021-09-12T23:21:19|received 2021-09-13T03:23:57
2021-12-09 10:25:08 PM|root|INFO|user_id 160190870|order_id 4860822604|saved 2021-09-12 22:25:08.|sent 2021-09-12T23:22:25|received 2021-09-13T03:24:13
2021-12-09 10:25:08 PM|root|INFO|user_id 160190870|order_id 4860828016|saved 2021-09-12 22:25:08.|sent 2021-09-12T23:22:57|received 2021-09-13T03:24:59
2021-12-09 10:25:08 PM|root|INFO|user_id 160190870|order_id 4860826098|saved 2021-09-12 22:25:08.|sent 2021-09-12T23:22:59|received 2021-09-13T03:24:57
2021-12-09 10:25:08 PM|root|INFO|user_id 160190870|order_id 4860825521|saved 2021-09-12 22:25:08.|sent 2021-09-12T23:24:56|received 2021-09-13T03:24:58
2021-12-09 10:25:14 PM|root|INFO|user_id 25523702|order_id 4860819666|saved 2021-09-12 22:25:14.|sent 2021-09-12T23:20:54|received 2021-09-13T03:22:58
2021-12-09 10:25:14 PM|root|INFO|user_id 25523702|order_id 4860824037|saved 2021-09-12 22:25:14.|sent 2021-09-12T23:21:23|received 2021-09-13T03:23:11
2021-12-09 10:25:14 PM|root|INFO|user_id 25523702|order_id 4860820868|saved 2021-09-12 22:25:14.|sent 2021-09-12T23:21:52|received 2021-09-13T03:24:04
2021-12-09 10:25:14 PM|root|INFO|user_id 25523702|order_id 4860823321|saved 2021-09-12 22:25:14.|sent 2021-09-12T23:22:51|received 2021-09-13T03:25:01
2021-12-09 10:25:14 PM|root|INFO|user_id 25523702|order_id 4860826399|saved 2021-09-12 22:25:14.|sent 2021-09-12T23:24:22|received 2021-09-13T03:24:31
2021-12-09 10:30:08 PM|root|INFO|user_id 160190870|order_id 4860826688|saved 2021-09-12 22:30:08.|sent 2021-09-12T23:25:49|received 2021-09-13T03:28:18
2021-12-09 10:30:08 PM|root|INFO|user_id 160190870|order_id 4860833160|saved 2021-09-12 22:30:08.|sent 2021-09-12T23:28:04|received 2021-09-13T03:30:01
2021-12-09 10:30:14 PM|root|INFO|user_id 25523702|order_id 4860829432|saved 2021-09-12 22:30:14.|sent 2021-09-12T23:26:30|received 2021-09-13T03:28:32
2021-12-09 10:30:14 PM|root|INFO|user_id 25523702|order_id 4860826952|saved 2021-09-12 22:30:14.|sent 2021-09-12T23:27:09|received 2021-09-13T03:29:14
2021-12-09 10:30:14 PM|root|INFO|user_id 25523702|order_id 4860829932|saved 2021-09-12 22:30:14.|sent 2021-09-12T23:28:58|received 2021-09-13T03:29:04
2021-12-09 10:35:08 PM|root|INFO|user_id 160190870|order_id 4860833767|saved 2021-09-12 22:35:08.|sent 2021-09-12T23:31:04|received 2021-09-13T03:33:17
2021-12-09 10:40:08 PM|root|INFO|user_id 160190870|order_id 4860840904|saved 2021-09-12 22:40:08.|sent 2021-09-12T23:37:05|received 2021-09-13T03:39:04
2021-12-09 10:40:08 PM|root|INFO|user_id 160190870|order_id 4860843726|saved 2021-09-12 22:40:08.|sent 2021-09-12T23:38:35|received 2021-09-13T03:39:48
2021-12-09 10:40:14 PM|root|INFO|user_id 25523702|order_id 4860846147|saved 2021-09-12 22:40:14.|sent 2021-09-12T23:38:25|received 2021-09-13T03:40:06
2021-12-09 10:45:07 PM|root|INFO|user_id 160190870|order_id 4860847445|saved 2021-09-12 22:45:07.|sent 2021-09-12T23:40:36|received 2021-09-13T03:42:39
2021-12-09 10:45:07 PM|root|INFO|user_id 160190870|order_id 4860846828|saved 2021-09-12 22:45:07.|sent 2021-09-12T23:42:13|received 2021-09-13T03:44:26
2021-12-09 10:45:07 PM|root|INFO|user_id 160190870|order_id 4860853011|saved 2021-09-12 22:45:07.|sent 2021-09-12T23:43:17|received 2021-09-13T03:44:52
2021-12-09 10:45:07 PM|root|INFO|user_id 160190870|order_id 4860856110|saved 2021-09-12 22:45:07.|sent 2021-09-12T23:44:28|received 2021-09-13T03:44:34
2021-12-09 10:45:13 PM|root|INFO|user_id 25523702|order_id 4860848735|saved 2021-09-12 22:45:13.|sent 2021-09-12T23:42:07|received 2021-09-13T03:44:10
2021-12-09 10:45:13 PM|root|INFO|user_id 25523702|order_id 4860847724|saved 2021-09-12 22:45:13.|sent 2021-09-12T23:42:07|received 2021-09-13T03:44:19
2021-12-09 10:45:13 PM|root|INFO|user_id 25523702|order_id 4860850767|saved 2021-09-12 22:45:13.|sent 2021-09-12T23:44:32|received 2021-09-13T03:44:39
2021-12-09 10:45:13 PM|root|INFO|user_id 25523702|order_id 4860856172|saved 2021-09-12 22:45:13.|sent 2021-09-12T23:44:47|received 2021-09-13T03:44:54
2021-12-09 10:50:08 PM|root|INFO|user_id 160190870|order_id 4860856219|saved 2021-09-12 22:50:08.|sent 2021-09-12T23:45:04|received 2021-09-13T03:47:25
2021-12-09 10:50:08 PM|root|INFO|user_id 160190870|order_id 4860854283|saved 2021-09-12 22:50:08.|sent 2021-09-12T23:45:09|received 2021-09-13T03:48:
2021-12-09 10:50:08 PM|root|INFO|user_id 160190870|order_id 4860853385|saved 2021-09-12 22:50:08.|sent 2021-09-12T23:45:31|received 2021-09-13T03:47:4
2021-12-09 10:50:08 PM|root|INFO|user_id 160190870|order_id 4860855980|saved 2021-09-12 22:50:08.|sent 2021-09-12T23:49:09|received 2021-09-13T03:49:
2021-12-09 10:50:14 PM|root|INFO|user_id 25523702|order_id 4860853988|saved 2021-09-12 22:50:14.|sent 2021-09-12T23:49:13|received 2021-09-13T03:49:22
2021-12-09 10:55:10 PM|root|INFO|user_id 160190870|order_id 4860862229|saved 2021-09-12 22:55:10.|sent 2021-09-12T23:50:58|received 2021-09-13T03:52:28
2021-12-09 10:55:10 PM|root|INFO|user_id 160190870|order_id 4860862243|saved 2021-09-12 22:55:10.|sent 2021-09-12T23:51:02|received 2021-09-13T03:53:25
2021-12-09 10:55:10 PM|root|INFO|user_id 160190870|order_id 4860863449|saved 2021-09-12 22:55:10.|sent 2021-09-12T23:52:09|received 2021-09-13T03:54:04
2021-12-09 10:55:16 PM|root|INFO|user_id 25523702|order_id 4860863432|saved 2021-09-12 22:55:16.|sent 2021-09-12T23:52:03|received 2021-09-13T03:54:15
2021-12-09 11:00:13 PM|root|INFO|user_id 160190870|order_id 4860868149|saved 2021-09-12 23:00:13.|sent 2021-09-12T23:56:23|received 2021-09-13T03:59:49
2021-12-09 11:00:14 PM|root|INFO|user_id 160190870|order_id 4860807539|saved 2021-09-12 23:00:14.|sent 2021-09-12T23:10:57|received 2021-09-13T03:59:45
2021-12-09 11:00:19 PM|root|INFO|user_id 25523702|order_id 4860865784|saved 2021-09-12 23:00:19.|sent 2021-09-12T23:58:18|received 2021-09-13T03:59:23
2021-12-09 11:00:19 PM|root|INFO|user_id 25523702|order_id 4860867522|saved 2021-09-12 23:00:19.|sent 2021-09-12T23:58:15|received 2021-09-13T04:00:01
2021-12-09 11:00:20 PM|root|INFO|user_id 25523702|order_id 4860867668|saved 2021-09-12 23:00:20.|sent 2021-09-12T23:58:57|received 2021-09-13T04:00:09
2021-12-09 11:05:07 PM|root|INFO|user_id 160190870|order_id 4860872019|saved 2021-09-12 23:05:07.|sent 2021-09-12T23:59:40|received 2021-09-13T04:02:30
2021-12-09 11:05:07 PM|root|INFO|user_id 160190870|order_id 4860867906|saved 2021-09-12 23:05:07.|sent 2021-09-13T00:00:22|received 2021-09-13T04:02:27
2021-12-09 11:05:07 PM|root|INFO|user_id 160190870|order_id 4860868697|saved 2021-09-12 23:05:07.|sent 2021-09-12T23:59:59|received 2021-09-13T04:04:4
2021-12-09 11:05:14 PM|root|INFO|user_id 25523702|order_id 4860874531|saved 2021-09-12 23:05:14.|sent 2021-09-13T00:03:47|received 2021-09-13T04:05:01
2021-12-09 11:05:14 PM|root|INFO|user_id 25523702|order_id 4860876389|saved 2021-09-12 23:05:14.|sent 2021-09-13T00:05:00|received 2021-09-13T04:05:05
2021-12-09 11:10:08 PM|root|INFO|user_id 160190870|order_id 4860875586|saved 2021-09-12 23:10:08.|sent 2021-09-13T00:06:00|received 2021-09-13T04:07:49
2021-12-09 11:10:08 PM|root|INFO|user_id 160190870|order_id 4860876862|saved 2021-09-12 23:10:08.|sent 2021-09-13T00:08:18|received 2021-09-13T04:09:55
2021-12-09 11:10:08 PM|root|INFO|user_id 160190870|order_id 4860880374|saved 2021-09-12 23:10:08.|sent 2021-09-13T00:08:01|received 2021-09-13T04:09:18
2021-12-09 11:10:08 PM|root|INFO|user_id 160190870|order_id 4860883013|saved 2021-09-12 23:10:08.|sent 2021-09-13T00:09:25|received 2021-09-13T04:09:39
2021-12-09 11:10:13 PM|root|INFO|user_id 25523702|order_id 4860877419|saved 2021-09-12 23:10:13.|sent 2021-09-13T00:05:25|received 2021-09-13T04:07:31
2021-12-09 11:10:14 PM|root|INFO|user_id 25523702|order_id 4860876611|saved 2021-09-12 23:10:14.|sent 2021-09-13T00:06:26|received 2021-09-13T04:08:32
2021-12-09 11:10:14 PM|root|INFO|user_id 25523702|order_id 4860877960|saved 2021-09-12 23:10:14.|sent 2021-09-13T00:09:38|received 2021-09-13T04:09:44
2021-12-09 11:15:07 PM|root|INFO|user_id 160190870|order_id 4860881496|saved 2021-09-12 23:15:07.|sent 2021-09-13T00:09:45|received 2021-09-13T04:12:58
2021-12-09 11:15:07 PM|root|INFO|user_id 160190870|order_id 4860884100|saved 2021-09-12 23:15:07.|sent 2021-09-13T00:10:44|received 2021-09-13T04:13:53
2021-12-09 11:15:07 PM|root|INFO|user_id 160190870|order_id 4860888260|saved 2021-09-12 23:15:07.|sent 2021-09-13T00:14:49|received 2021-09-13T04:14:56
2021-12-09 11:15:13 PM|root|INFO|user_id 25523702|order_id 4860882183|saved 2021-09-12 23:15:13.|sent 2021-09-13T00:10:17|received 2021-09-13T04:12:26
2021-12-09 11:15:13 PM|root|INFO|user_id 25523702|order_id 4860883702|saved 2021-09-12 23:15:13.|sent 2021-09-13T00:14:36|received 2021-09-13T04:14:42
2021-12-09 11:20:08 PM|root|INFO|user_id 160190870|order_id 4860882942|saved 2021-09-12 23:20:08.|sent 2021-09-13T00:15:51|received 2021-09-13T04:17:31
2021-12-09 11:20:08 PM|root|INFO|user_id 160190870|order_id 4860889052|saved 2021-09-12 23:20:08.|sent 2021-09-13T00:16:42|received 2021-09-13T04:18:32
2021-12-09 11:20:08 PM|root|INFO|user_id 160190870|order_id 4860665576|saved 2021-09-12 23:20:08.|sent 2021-09-12T21:51:30|received 2021-09-13T04:18:52
2021-12-09 11:20:14 PM|root|INFO|user_id 25523702|order_id 4860885813|saved 2021-09-12 23:20:14.|sent 2021-09-13T00:16:23|received 2021-09-13T04:19:43
2021-12-09 11:25:07 PM|root|INFO|user_id 160190870|order_id 4860894699|saved 2021-09-12 23:25:07.|sent 2021-09-13T00:24:33|received 2021-09-13T04:24:39
2021-12-09 11:25:13 PM|root|INFO|user_id 25523702|order_id 4860895643|saved 2021-09-12 23:25:13.|sent 2021-09-13T00:23:46|received 2021-09-13T04:24:50
2021-12-09 11:25:13 PM|root|INFO|user_id 25523702|order_id 4860894614|saved 2021-09-12 23:25:13.|sent 2021-09-13T00:23:47|received 2021-09-13T04:25:06
2021-12-09 11:30:08 PM|root|INFO|user_id 160190870|order_id 4860894872|saved 2021-09-12 23:30:08.|sent 2021-09-13T00:25:52|received 2021-09-13T04:27:49
2021-12-09 11:30:08 PM|root|INFO|user_id 160190870|order_id 4860900274|saved 2021-09-12 23:30:08.|sent 2021-09-13T00:27:24|received 2021-09-13T04:29:30
2021-12-09 11:30:14 PM|root|INFO|user_id 25523702|order_id 4860897299|saved 2021-09-12 23:30:14.|sent 2021-09-13T00:26:10|received 2021-09-13T04:27:59
2021-12-09 11:30:14 PM|root|INFO|user_id 25523702|order_id 4860900201|saved 2021-09-12 23:30:14.|sent 2021-09-13T00:26:54|received 2021-09-13T04:29:07
2021-12-09 11:35:07 PM|root|INFO|user_id 160190870|order_id 4860901978|saved 2021-09-12 23:35:07.|sent 2021-09-13T00:33:41|received 2021-09-13T04:34:43
2021-12-09 11:40:13 PM|root|INFO|user_id 25523702|order_id 4860905407|saved 2021-09-12 23:40:13.|sent 2021-09-13T00:36:28|received 2021-09-13T04:38:30
2021-12-09 11:45:07 PM|root|INFO|user_id 160190870|order_id 4860905810|saved 2021-09-12 23:45:07.|sent 2021-09-13T00:40:26|received 2021-09-13T04:41:5
2021-12-09 11:45:07 PM|root|INFO|user_id 160190870|order_id 4860912194|saved 2021-09-12 23:45:07.|sent 2021-09-13T00:43:04|received 2021-09-13T04:44:57
2021-12-09 11:45:12 PM|root|INFO|user_id 25523702|order_id 4860906755|saved 2021-09-12 23:45:12.|sent 2021-09-13T00:40:29|received 2021-09-13T04:42:28
2021-12-09 11:45:13 PM|root|INFO|user_id 25523702|order_id 4860908890|saved 2021-09-12 23:45:13.|sent 2021-09-13T00:40:34|received 2021-09-13T04:43:07
2021-12-09 11:45:13 PM|root|INFO|user_id 25523702|order_id 4860909873|saved 2021-09-12 23:45:13.|sent 2021-09-13T00:43:36|received 2021-09-13T04:45:02
2021-12-09 11:50:07 PM|root|INFO|user_id 160190870|order_id 4860915473|saved 2021-09-12 23:50:07.|sent 2021-09-13T00:48:12|received 2021-09-13T04:49:55
2021-12-09 11:50:13 PM|root|INFO|user_id 25523702|order_id 4860910824|saved 2021-09-12 23:50:13.|sent 2021-09-13T00:44:43|received 2021-09-13T04:47:12
2021-12-09 11:50:13 PM|root|INFO|user_id 25523702|order_id 4860916214|saved 2021-09-12 23:50:13.|sent 2021-09-13T00:46:54|received 2021-09-13T04:49:49
2021-12-09 11:55:07 PM|root|INFO|user_id 160190870|order_id 4860913889|saved 2021-09-12 23:55:07.|sent 2021-09-13T00:50:29|received 2021-09-13T04:52:47
2021-12-09 11:55:13 PM|root|INFO|user_id 25523702|order_id 4860919224|saved 2021-09-12 23:55:13.|sent 2021-09-13T00:50:54|received 2021-09-13T04:53:32
